Log file open, 12/09/22 13:23:16
LogWindows: Failed to load 'aqProf.dll' (GetLastError=126)
LogWindows: File 'aqProf.dll' does not exist
LogWindows: Failed to load 'VtuneApi.dll' (GetLastError=126)
LogWindows: File 'VtuneApi.dll' does not exist
LogWindows: Failed to load 'VtuneApi32e.dll' (GetLastError=126)
LogWindows: File 'VtuneApi32e.dll' does not exist
LogConsoleResponse: Display: Failed to find resolution value strings in scalability ini. Falling back to default.
LogConsoleResponse: Display: Failed to find resolution value strings in scalability ini. Falling back to default.
LogInit: Display: Running engine for game: EscapeKart
LogPlatformFile: Not using cached read wrapper
LogTaskGraph: Started task graph with 5 named threads and 71 total threads with 3 sets of task threads.
LogStats: Stats thread started at 0.350511
LogICUInternationalization: ICU TimeZone Detection - Raw Offset: +1:00, Platform Override: ''
LogInit: Display: Loading text-based GConfig....
LogPluginManager: Mounting plugin MeshPainting
LogPluginManager: Mounting plugin XGEController
LogPluginManager: Mounting plugin Paper2D
LogPluginManager: Mounting plugin AISupport
LogPluginManager: Mounting plugin EnvironmentQueryEditor
LogPluginManager: Mounting plugin LightPropagationVolume
LogPluginManager: Mounting plugin LiveLink
LogPluginManager: Mounting plugin OodleData
LogPluginManager: Mounting plugin OodleNetwork
LogPluginManager: Mounting plugin CryptoKeys
LogPluginManager: Mounting plugin DataValidation
LogPluginManager: Mounting plugin CurveEditorTools
LogPluginManager: Mounting plugin AssetManagerEditor
LogPluginManager: Mounting plugin FacialAnimation
LogPluginManager: Mounting plugin GeometryMode
LogPluginManager: Mounting plugin MaterialAnalyzer
LogPluginManager: Mounting plugin MobileLauncherProfileWizard
LogPluginManager: Mounting plugin PluginBrowser
LogPluginManager: Mounting plugin GameplayTagsEditor
LogPluginManager: Mounting plugin DatasmithContent
LogPluginManager: Mounting plugin MacGraphicsSwitching
LogPluginManager: Mounting plugin SpeedTreeImporter
LogPluginManager: Mounting plugin VariantManagerContent
LogPluginManager: Mounting plugin GameplayCameras
LogPluginManager: Mounting plugin CameraShakePreviewer
LogPluginManager: Mounting plugin AnimationSharing
LogPluginManager: Mounting plugin CLionSourceCodeAccess
LogPluginManager: Mounting plugin AutomationUtils
LogPluginManager: Mounting plugin AlembicImporter
LogPluginManager: Mounting plugin ChaosEditor
LogPluginManager: Mounting plugin ChaosCloth
LogPluginManager: Mounting plugin ChaosClothEditor
LogPluginManager: Mounting plugin ChaosSolverPlugin
LogPluginManager: Mounting plugin ChaosNiagara
LogPluginManager: Mounting plugin BackChannel
LogPluginManager: Mounting plugin CodeLiteSourceCodeAccess
LogPluginManager: Mounting plugin GeometryCache
LogPluginManager: Mounting plugin GitSourceControl
LogPluginManager: Mounting plugin GeometryProcessing
LogPluginManager: Mounting plugin KDevelopSourceCodeAccess
LogPluginManager: Mounting plugin CharacterAI
LogPluginManager: Mounting plugin NullSourceCodeAccess
LogPluginManager: Mounting plugin MagicLeap
LogPluginManager: Mounting plugin PerforceSourceControl
LogPluginManager: Mounting plugin LuminPlatformFeatures
LogPluginManager: Mounting plugin PixWinPlugin
LogPluginManager: Mounting plugin PlasticSourceControl
LogPluginManager: Mounting plugin GeometryCollectionPlugin
LogPluginManager: Mounting plugin PluginUtils
LogPluginManager: Mounting plugin MagicLeapLightEstimation
LogPluginManager: Mounting plugin Niagara
LogPluginManager: Mounting plugin PropertyAccessNode
LogPluginManager: Mounting plugin SubversionSourceControl
LogPluginManager: Mounting plugin RiderSourceCodeAccess
LogPluginManager: Mounting plugin TextureFormatOodle
LogPluginManager: Mounting plugin XCodeSourceCodeAccess
LogPluginManager: Mounting plugin VisualStudioCodeSourceCodeAccess
LogPluginManager: Mounting plugin UObjectPlugin
LogPluginManager: Mounting plugin PlatformCrypto
LogPluginManager: Mounting plugin PlanarCut
LogPluginManager: Mounting plugin MagicLeapMedia
LogPluginManager: Mounting plugin VisualStudioSourceCodeAccess
LogPluginManager: Mounting plugin AndroidMedia
LogPluginManager: Mounting plugin OpenImageDenoise
LogPluginManager: Mounting plugin ProxyLODPlugin
LogPluginManager: Mounting plugin MotoSynth
LogPluginManager: Mounting plugin PythonScriptPlugin
LogPluginManager: Mounting plugin AvfMedia
LogPluginManager: Mounting plugin SkeletalReduction
LogPluginManager: Mounting plugin MagicLeapPassableWorld
LogPluginManager: Mounting plugin MLSDK
LogPluginManager: Mounting plugin ImgMedia
LogPluginManager: Mounting plugin MediaCompositing
LogPluginManager: Mounting plugin WebMMedia
LogPluginManager: Mounting plugin WmfMedia
LogPluginManager: Mounting plugin MatineeToLevelSequence
LogPluginManager: Mounting plugin LevelSequenceEditor
LogPluginManager: Mounting plugin TemplateSequence
LogPluginManager: Mounting plugin TcpMessaging
LogPluginManager: Mounting plugin ActorSequence
LogPluginManager: Mounting plugin OnlineSubsystem
LogPluginManager: Mounting plugin MediaPlayerEditor
LogPluginManager: Mounting plugin UdpMessaging
LogPluginManager: Mounting plugin OnlineSubsystemNull
LogPluginManager: Mounting plugin ActorLayerUtilities
LogPluginManager: Mounting plugin LauncherChunkInstaller
LogPluginManager: Mounting plugin AndroidDeviceProfileSelector
LogPluginManager: Mounting plugin AndroidPermission
LogPluginManager: Mounting plugin AppleImageUtils
LogPluginManager: Mounting plugin ArchVisCharacter
LogPluginManager: Mounting plugin AssetTags
LogPluginManager: Mounting plugin AndroidMoviePlayer
LogPluginManager: Mounting plugin AudioCapture
LogPluginManager: Mounting plugin CableComponent
LogPluginManager: Mounting plugin OnlineSubsystemUtils
LogPluginManager: Mounting plugin EditableMesh
LogPluginManager: Mounting plugin ExampleDeviceProfileSelector
LogPluginManager: Mounting plugin AppleMoviePlayer
LogPluginManager: Mounting plugin GoogleCloudMessaging
LogPluginManager: Mounting plugin GooglePAD
LogPluginManager: Mounting plugin ChunkDownloader
LogPluginManager: Mounting plugin CustomMeshComponent
LogPluginManager: Mounting plugin IOSDeviceProfileSelector
LogPluginManager: Mounting plugin LinuxDeviceProfileSelector
LogPluginManager: Mounting plugin AudioSynesthesia
LogPluginManager: Mounting plugin LocationServicesBPLibrary
LogPluginManager: Mounting plugin MobilePatchingUtils
LogPluginManager: Mounting plugin OpenXR
LogPluginManager: Mounting plugin OpenXRHandTracking
LogPluginManager: Mounting plugin OpenXREyeTracker
LogPluginManager: Mounting plugin PostSplashScreen
LogPluginManager: Mounting plugin SoundFields
LogPluginManager: Mounting plugin RuntimePhysXCooking
LogPluginManager: Mounting plugin PropertyAccessEditor
LogPluginManager: Mounting plugin ScreenshotTools
LogPluginManager: Mounting plugin PhysXVehicles
LogPluginManager: Mounting plugin SignificanceManager
LogPluginManager: Mounting plugin ProceduralMeshComponent
LogPluginManager: Mounting plugin Synthesis
LogPluginManager: Mounting plugin WindowsMoviePlayer
LogPluginManager: Mounting plugin WebMMoviePlayer
LogPluginManager: Mounting plugin Takes
LogPluginManager: Mounting plugin ContentBrowserAssetDataSource
LogPluginManager: Mounting plugin ContentBrowserClassDataSource
LogPluginManager: Mounting plugin ContentBrowserFileDataSource
LogPluginManager: Mounting plugin OnlineSubsystemGooglePlay
LogPluginManager: Mounting plugin OnlineSubsystemIOS
LogPluginManager: Mounting plugin OculusVR
PixWinPlugin: PIX capture plugin failed to initialize! Check that the process is launched from PIX.
LogInit: Using libcurl 7.55.1-DEV
LogInit:  - built for x86_64-pc-win32
LogInit:  - supports SSL with OpenSSL/1.1.1
LogInit:  - supports HTTP deflate (compression) using libz 1.2.8
LogInit:  - other features:
LogInit:      CURL_VERSION_SSL
LogInit:      CURL_VERSION_LIBZ
LogInit:      CURL_VERSION_IPV6
LogInit:      CURL_VERSION_ASYNCHDNS
LogInit:      CURL_VERSION_LARGEFILE
LogInit:      CURL_VERSION_IDN
LogInit:  CurlRequestOptions (configurable via config and command line):
LogInit:  - bVerifyPeer = true  - Libcurl will verify peer certificate
LogInit:  - bUseHttpProxy = false  - Libcurl will NOT use HTTP proxy
LogInit:  - bDontReuseConnections = false  - Libcurl will reuse connections
LogInit:  - MaxHostConnections = 16  - Libcurl will limit the number of connections to a host
LogInit:  - LocalHostAddr = Default
LogInit:  - BufferSize = 65536
LogOnline: OSS: Creating online subsystem instance for: NULL
LogInit: WinSock: version 1.1 (2.2), MaxSocks=32767, MaxUdp=65467
LogOnline: OSS: TryLoadSubsystemAndSetDefault: Loaded subsystem for module [NULL]
LogOculusPluginWrapper: OculusPlugin initialized successfully
LogHMD: Failed initializing OVRPlugin 1.59.0
LogInit: Build: ++UE4+Release-4.27-CL-18319896
LogInit: Engine Version: 4.27.2-18319896+++UE4+Release-4.27
LogInit: Compatible Engine Version: 4.27.0-17155196+++UE4+Release-4.27
LogInit: Net CL: 17155196
LogInit: OS: Windows 10 (Release 2009) (), CPU: AMD Ryzen 9 3900X 12-Core Processor            , GPU: NVIDIA GeForce RTX 3090
LogInit: Compiled (64-bit): Nov 30 2021 07:12:08
LogInit: Compiled with Visual C++: 19.24.28315.00
LogInit: Build Configuration: Development
LogInit: Branch Name: ++UE4+Release-4.27
LogInit: Command Line:  -skipcompile
LogInit: Base Directory: D:/EPIC/UE_4.27/Engine/Binaries/Win64/
LogInit: Allocator: TBB
LogInit: Installed Engine Build: 1
LogDevObjectVersion: Number of dev versions registered: 29
LogDevObjectVersion:   Dev-Blueprints (B0D832E4-1F89-4F0D-ACCF-7EB736FD4AA2): 10
LogDevObjectVersion:   Dev-Build (E1C64328-A22C-4D53-A36C-8E866417BD8C): 0
LogDevObjectVersion:   Dev-Core (375EC13C-06E4-48FB-B500-84F0262A717E): 4
LogDevObjectVersion:   Dev-Editor (E4B068ED-F494-42E9-A231-DA0B2E46BB41): 40
LogDevObjectVersion:   Dev-Framework (CFFC743F-43B0-4480-9391-14DF171D2073): 37
LogDevObjectVersion:   Dev-Mobile (B02B49B5-BB20-44E9-A304-32B752E40360): 3
LogDevObjectVersion:   Dev-Networking (A4E4105C-59A1-49B5-A7C5-40C4547EDFEE): 0
LogDevObjectVersion:   Dev-Online (39C831C9-5AE6-47DC-9A44-9C173E1C8E7C): 0
LogDevObjectVersion:   Dev-Physics (78F01B33-EBEA-4F98-B9B4-84EACCB95AA2): 14
LogDevObjectVersion:   Dev-Platform (6631380F-2D4D-43E0-8009-CF276956A95A): 0
LogDevObjectVersion:   Dev-Rendering (12F88B9F-8875-4AFC-A67C-D90C383ABD29): 45
LogDevObjectVersion:   Dev-Sequencer (7B5AE74C-D270-4C10-A958-57980B212A5A): 13
LogDevObjectVersion:   Dev-VR (D7296918-1DD6-4BDD-9DE2-64A83CC13884): 3
LogDevObjectVersion:   Dev-LoadTimes (C2A15278-BFE7-4AFE-6C17-90FF531DF755): 1
LogDevObjectVersion:   Private-Geometry (6EACA3D4-40EC-4CC1-B786-8BED09428FC5): 3
LogDevObjectVersion:   Dev-AnimPhys (29E575DD-E0A3-4627-9D10-D276232CDCEA): 17
LogDevObjectVersion:   Dev-Anim (AF43A65D-7FD3-4947-9873-3E8ED9C1BB05): 15
LogDevObjectVersion:   Dev-ReflectionCapture (6B266CEC-1EC7-4B8F-A30B-E4D90942FC07): 1
LogDevObjectVersion:   Dev-Automation (0DF73D61-A23F-47EA-B727-89E90C41499A): 1
LogDevObjectVersion:   FortniteMain (601D1886-AC64-4F84-AA16-D3DE0DEAC7D6): 47
LogDevObjectVersion:   FortniteRelease (E7086368-6B23-4C58-8439-1B7016265E91): 1
LogDevObjectVersion:   Dev-Enterprise (9DFFBCD6-494F-0158-E221-12823C92A888): 10
LogDevObjectVersion:   Dev-Niagara (F2AED0AC-9AFE-416F-8664-AA7FFA26D6FC): 1
LogDevObjectVersion:   Dev-Destruction (174F1F0B-B4C6-45A5-B13F-2EE8D0FB917D): 10
LogDevObjectVersion:   Dev-Physics-Ext (35F94A83-E258-406C-A318-09F59610247C): 41
LogDevObjectVersion:   Dev-PhysicsMaterial-Chaos (B68FC16E-8B1B-42E2-B453-215C058844FE): 1
LogDevObjectVersion:   Dev-CineCamera (B2E18506-4273-CFC2-A54E-F4BB758BBA07): 1
LogDevObjectVersion:   Dev-VirtualProduction (64F58936-FD1B-42BA-BA96-7289D5D0FA4E): 1
LogDevObjectVersion:   Dev-MediaFramework (6F0ED827-A609-4895-9C91-998D90180EA4): 2
LogInit: Presizing for max 25165824 objects, including 0 objects not considered by GC, pre-allocating 0 bytes for permanent pool.
LogConfig: Applying CVar settings from Section [/Script/Engine.StreamingSettings] File [D:/Unreal Projects/EscapeKart/Saved/Config/Windows/Engine.ini]
LogConfig: Setting CVar [[s.MinBulkDataSizeForAsyncLoading:131072]]
LogConfig: Setting CVar [[s.AsyncLoadingThreadEnabled:0]]
LogConfig: Setting CVar [[s.EventDrivenLoaderEnabled:1]]
LogConfig: Setting CVar [[s.WarnIfTimeLimitExceeded:0]]
LogConfig: Setting CVar [[s.TimeLimitExceededMultiplier:1.5]]
LogConfig: Setting CVar [[s.TimeLimitExceededMinTime:0.005]]
LogConfig: Setting CVar [[s.UseBackgroundLevelStreaming:1]]
LogConfig: Setting CVar [[s.PriorityAsyncLoadingExtraTime:15.0]]
LogConfig: Setting CVar [[s.LevelStreamingActorsUpdateTimeLimit:5.0]]
LogConfig: Setting CVar [[s.PriorityLevelStreamingActorsUpdateExtraTime:5.0]]
LogConfig: Setting CVar [[s.LevelStreamingComponentsRegistrationGranularity:10]]
LogConfig: Setting CVar [[s.UnregisterComponentsTimeLimit:1.0]]
LogConfig: Setting CVar [[s.LevelStreamingComponentsUnregistrationGranularity:5]]
LogConfig: Setting CVar [[s.FlushStreamingOnExit:1]]
LogInit: Object subsystem initialized
LogConfig: Setting CVar [[con.DebugEarlyDefault:1]]
LogConfig: Setting CVar [[r.setres:1280x720]]
[2022.12.09-12.23.17:128][  0]LogConfig: Setting CVar [[r.VSync:0]]
[2022.12.09-12.23.17:128][  0]LogConfig: Setting CVar [[r.RHICmdBypass:0]]
[2022.12.09-12.23.17:128][  0]LogConfig: Applying CVar settings from Section [/Script/Engine.RendererSettings] File [D:/Unreal Projects/EscapeKart/Saved/Config/Windows/Engine.ini]
[2022.12.09-12.23.17:128][  0]LogConfig: Setting CVar [[r.GPUCrashDebugging:0]]
[2022.12.09-12.23.17:128][  0]LogConfig: Applying CVar settings from Section [/Script/Engine.RendererOverrideSettings] File [D:/Unreal Projects/EscapeKart/Saved/Config/Windows/Engine.ini]
[2022.12.09-12.23.17:128][  0]LogConfig: Applying CVar settings from Section [/Script/Engine.StreamingSettings] File [D:/Unreal Projects/EscapeKart/Saved/Config/Windows/Engine.ini]
[2022.12.09-12.23.17:129][  0]LogConfig: Setting CVar [[s.MinBulkDataSizeForAsyncLoading:131072]]
[2022.12.09-12.23.17:129][  0]LogConfig: Setting CVar [[s.AsyncLoadingThreadEnabled:0]]
[2022.12.09-12.23.17:129][  0]LogConfig: Setting CVar [[s.EventDrivenLoaderEnabled:1]]
[2022.12.09-12.23.17:129][  0]LogConfig: Setting CVar [[s.WarnIfTimeLimitExceeded:0]]
[2022.12.09-12.23.17:129][  0]LogConfig: Setting CVar [[s.TimeLimitExceededMultiplier:1.5]]
[2022.12.09-12.23.17:129][  0]LogConfig: Setting CVar [[s.TimeLimitExceededMinTime:0.005]]
[2022.12.09-12.23.17:129][  0]LogConfig: Setting CVar [[s.UseBackgroundLevelStreaming:1]]
[2022.12.09-12.23.17:129][  0]LogConfig: Setting CVar [[s.PriorityAsyncLoadingExtraTime:15.0]]
[2022.12.09-12.23.17:129][  0]LogConfig: Setting CVar [[s.LevelStreamingActorsUpdateTimeLimit:5.0]]
[2022.12.09-12.23.17:129][  0]LogConfig: Setting CVar [[s.PriorityLevelStreamingActorsUpdateExtraTime:5.0]]
[2022.12.09-12.23.17:129][  0]LogConfig: Setting CVar [[s.LevelStreamingComponentsRegistrationGranularity:10]]
[2022.12.09-12.23.17:129][  0]LogConfig: Setting CVar [[s.UnregisterComponentsTimeLimit:1.0]]
[2022.12.09-12.23.17:129][  0]LogConfig: Setting CVar [[s.LevelStreamingComponentsUnregistrationGranularity:5]]
[2022.12.09-12.23.17:129][  0]LogConfig: Setting CVar [[s.FlushStreamingOnExit:1]]
[2022.12.09-12.23.17:130][  0]LogConfig: Applying CVar settings from Section [/Script/Engine.GarbageCollectionSettings] File [D:/Unreal Projects/EscapeKart/Saved/Config/Windows/Engine.ini]
[2022.12.09-12.23.17:130][  0]LogConfig: Setting CVar [[gc.MaxObjectsNotConsideredByGC:1]]
[2022.12.09-12.23.17:130][  0]LogConfig: Setting CVar [[gc.SizeOfPermanentObjectPool:0]]
[2022.12.09-12.23.17:130][  0]LogConfig: Setting CVar [[gc.FlushStreamingOnGC:0]]
[2022.12.09-12.23.17:130][  0]LogConfig: Setting CVar [[gc.NumRetriesBeforeForcingGC:10]]
[2022.12.09-12.23.17:130][  0]LogConfig: Setting CVar [[gc.AllowParallelGC:1]]
[2022.12.09-12.23.17:130][  0]LogConfig: Setting CVar [[gc.TimeBetweenPurgingPendingKillObjects:61.1]]
[2022.12.09-12.23.17:130][  0]LogConfig: Setting CVar [[gc.MaxObjectsInEditor:25165824]]
[2022.12.09-12.23.17:130][  0]LogConfig: Setting CVar [[gc.IncrementalBeginDestroyEnabled:1]]
[2022.12.09-12.23.17:130][  0]LogConfig: Setting CVar [[gc.CreateGCClusters:1]]
[2022.12.09-12.23.17:130][  0]LogConfig: Setting CVar [[gc.MinGCClusterSize:5]]
[2022.12.09-12.23.17:131][  0]LogConfig: Setting CVar [[gc.ActorClusteringEnabled:0]]
[2022.12.09-12.23.17:131][  0]LogConfig: Setting CVar [[gc.BlueprintClusteringEnabled:0]]
[2022.12.09-12.23.17:131][  0]LogConfig: Setting CVar [[gc.UseDisregardForGCOnDedicatedServers:0]]
[2022.12.09-12.23.17:131][  0]LogConfig: Setting CVar [[gc.MultithreadedDestructionEnabled:1]]
[2022.12.09-12.23.17:131][  0]LogConfig: Applying CVar settings from Section [/Script/Engine.NetworkSettings] File [D:/Unreal Projects/EscapeKart/Saved/Config/Windows/Engine.ini]
[2022.12.09-12.23.17:131][  0]LogConfig: Applying CVar settings from Section [/Script/UnrealEd.CookerSettings] File [D:/Unreal Projects/EscapeKart/Saved/Config/Windows/Engine.ini]
[2022.12.09-12.23.17:157][  0]LogConfig: Applying CVar settings from Section [ViewDistanceQuality@3] File [D:/Unreal Projects/EscapeKart/Saved/Config/Windows/Scalability.ini]
[2022.12.09-12.23.17:157][  0]LogConfig: Setting CVar [[r.SkeletalMeshLODBias:0]]
[2022.12.09-12.23.17:158][  0]LogConfig: Setting CVar [[r.ViewDistanceScale:1.0]]
[2022.12.09-12.23.17:158][  0]LogConfig: Applying CVar settings from Section [AntiAliasingQuality@3] File [D:/Unreal Projects/EscapeKart/Saved/Config/Windows/Scalability.ini]
[2022.12.09-12.23.17:158][  0]LogConfig: Setting CVar [[r.PostProcessAAQuality:4]]
[2022.12.09-12.23.17:158][  0]LogConfig: Applying CVar settings from Section [ShadowQuality@3] File [D:/Unreal Projects/EscapeKart/Saved/Config/Windows/Scalability.ini]
[2022.12.09-12.23.17:158][  0]LogConfig: Setting CVar [[r.LightFunctionQuality:1]]
[2022.12.09-12.23.17:158][  0]LogConfig: Setting CVar [[r.ShadowQuality:5]]
[2022.12.09-12.23.17:158][  0]LogConfig: Setting CVar [[r.Shadow.CSM.MaxCascades:10]]
[2022.12.09-12.23.17:158][  0]LogConfig: Setting CVar [[r.Shadow.MaxResolution:2048]]
[2022.12.09-12.23.17:158][  0]LogConfig: Setting CVar [[r.Shadow.MaxCSMResolution:2048]]
[2022.12.09-12.23.17:158][  0]LogConfig: Setting CVar [[r.Shadow.RadiusThreshold:0.01]]
[2022.12.09-12.23.17:158][  0]LogConfig: Setting CVar [[r.Shadow.DistanceScale:1.0]]
[2022.12.09-12.23.17:158][  0]LogConfig: Setting CVar [[r.Shadow.CSM.TransitionScale:1.0]]
[2022.12.09-12.23.17:158][  0]LogConfig: Setting CVar [[r.Shadow.PreShadowResolutionFactor:1.0]]
[2022.12.09-12.23.17:158][  0]LogConfig: Setting CVar [[r.DistanceFieldShadowing:1]]
[2022.12.09-12.23.17:159][  0]LogConfig: Setting CVar [[r.DistanceFieldAO:1]]
[2022.12.09-12.23.17:159][  0]LogConfig: Setting CVar [[r.AOQuality:2]]
[2022.12.09-12.23.17:159][  0]LogConfig: Setting CVar [[r.VolumetricFog:1]]
[2022.12.09-12.23.17:159][  0]LogConfig: Setting CVar [[r.VolumetricFog.GridPixelSize:8]]
[2022.12.09-12.23.17:159][  0]LogConfig: Setting CVar [[r.VolumetricFog.GridSizeZ:128]]
[2022.12.09-12.23.17:159][  0]LogConfig: Setting CVar [[r.VolumetricFog.HistoryMissSupersampleCount:4]]
[2022.12.09-12.23.17:159][  0]LogConfig: Setting CVar [[r.LightMaxDrawDistanceScale:1]]
[2022.12.09-12.23.17:159][  0]LogConfig: Setting CVar [[r.CapsuleShadows:1]]
[2022.12.09-12.23.17:159][  0]LogConfig: Applying CVar settings from Section [PostProcessQuality@3] File [D:/Unreal Projects/EscapeKart/Saved/Config/Windows/Scalability.ini]
[2022.12.09-12.23.17:159][  0]LogConfig: Setting CVar [[r.MotionBlurQuality:4]]
[2022.12.09-12.23.17:159][  0]LogConfig: Setting CVar [[r.AmbientOcclusionMipLevelFactor:0.4]]
[2022.12.09-12.23.17:159][  0]LogConfig: Setting CVar [[r.AmbientOcclusionMaxQuality:100]]
[2022.12.09-12.23.17:159][  0]LogConfig: Setting CVar [[r.AmbientOcclusionLevels:-1]]
[2022.12.09-12.23.17:160][  0]LogConfig: Setting CVar [[r.AmbientOcclusionRadiusScale:1.0]]
[2022.12.09-12.23.17:160][  0]LogConfig: Setting CVar [[r.DepthOfFieldQuality:2]]
[2022.12.09-12.23.17:160][  0]LogConfig: Setting CVar [[r.RenderTargetPoolMin:400]]
[2022.12.09-12.23.17:160][  0]LogConfig: Setting CVar [[r.LensFlareQuality:2]]
[2022.12.09-12.23.17:160][  0]LogConfig: Setting CVar [[r.SceneColorFringeQuality:1]]
[2022.12.09-12.23.17:160][  0]LogConfig: Setting CVar [[r.EyeAdaptationQuality:2]]
[2022.12.09-12.23.17:160][  0]LogConfig: Setting CVar [[r.BloomQuality:5]]
[2022.12.09-12.23.17:160][  0]LogConfig: Setting CVar [[r.FastBlurThreshold:100]]
[2022.12.09-12.23.17:160][  0]LogConfig: Setting CVar [[r.Upscale.Quality:3]]
[2022.12.09-12.23.17:160][  0]LogConfig: Setting CVar [[r.Tonemapper.GrainQuantization:1]]
[2022.12.09-12.23.17:160][  0]LogConfig: Setting CVar [[r.LightShaftQuality:1]]
[2022.12.09-12.23.17:161][  0]LogConfig: Setting CVar [[r.Filter.SizeScale:1]]
[2022.12.09-12.23.17:161][  0]LogConfig: Setting CVar [[r.Tonemapper.Quality:5]]
[2022.12.09-12.23.17:161][  0]LogConfig: Setting CVar [[r.DOF.Gather.AccumulatorQuality:1        ; higher gathering accumulator quality]]
[2022.12.09-12.23.17:161][  0]LogConfig: Setting CVar [[r.DOF.Gather.PostfilterMethod:1          ; Median3x3 postfilering method]]
[2022.12.09-12.23.17:161][  0]LogConfig: Setting CVar [[r.DOF.Gather.EnableBokehSettings:0       ; no bokeh simulation when gathering]]
[2022.12.09-12.23.17:161][  0]LogConfig: Setting CVar [[r.DOF.Gather.RingCount:4                 ; medium number of samples when gathering]]
[2022.12.09-12.23.17:161][  0]LogConfig: Setting CVar [[r.DOF.Scatter.ForegroundCompositing:1    ; additive foreground scattering]]
[2022.12.09-12.23.17:161][  0]LogConfig: Setting CVar [[r.DOF.Scatter.BackgroundCompositing:2    ; additive background scattering]]
[2022.12.09-12.23.17:161][  0]LogConfig: Setting CVar [[r.DOF.Scatter.EnableBokehSettings:1      ; bokeh simulation when scattering]]
[2022.12.09-12.23.17:161][  0]LogConfig: Setting CVar [[r.DOF.Scatter.MaxSpriteRatio:0.1         ; only a maximum of 10% of scattered bokeh]]
[2022.12.09-12.23.17:161][  0]LogConfig: Setting CVar [[r.DOF.Recombine.Quality:1                ; cheap slight out of focus]]
[2022.12.09-12.23.17:161][  0]LogConfig: Setting CVar [[r.DOF.Recombine.EnableBokehSettings:0    ; no bokeh simulation on slight out of focus]]
[2022.12.09-12.23.17:162][  0]LogConfig: Setting CVar [[r.DOF.TemporalAAQuality:1                ; more stable temporal accumulation]]
[2022.12.09-12.23.17:162][  0]LogConfig: Setting CVar [[r.DOF.Kernel.MaxForegroundRadius:0.025]]
[2022.12.09-12.23.17:162][  0]LogConfig: Setting CVar [[r.DOF.Kernel.MaxBackgroundRadius:0.025]]
[2022.12.09-12.23.17:162][  0]LogConfig: Applying CVar settings from Section [TextureQuality@3] File [D:/Unreal Projects/EscapeKart/Saved/Config/Windows/Scalability.ini]
[2022.12.09-12.23.17:162][  0]LogConfig: Setting CVar [[r.Streaming.MipBias:0]]
[2022.12.09-12.23.17:162][  0]LogConfig: Setting CVar [[r.Streaming.AmortizeCPUToGPUCopy:0]]
[2022.12.09-12.23.17:162][  0]LogConfig: Setting CVar [[r.Streaming.MaxNumTexturesToStreamPerFrame:0]]
[2022.12.09-12.23.17:162][  0]LogConfig: Setting CVar [[r.Streaming.Boost:1]]
[2022.12.09-12.23.17:162][  0]LogConfig: Setting CVar [[r.MaxAnisotropy:8]]
[2022.12.09-12.23.17:162][  0]LogConfig: Setting CVar [[r.VT.MaxAnisotropy:8]]
[2022.12.09-12.23.17:162][  0]LogConfig: Setting CVar [[r.Streaming.LimitPoolSizeToVRAM:0]]
[2022.12.09-12.23.17:163][  0]LogConfig: Setting CVar [[r.Streaming.PoolSize:1000]]
[2022.12.09-12.23.17:163][  0]LogConfig: Setting CVar [[r.Streaming.MaxEffectiveScreenSize:0]]
[2022.12.09-12.23.17:163][  0]LogConfig: Applying CVar settings from Section [EffectsQuality@3] File [D:/Unreal Projects/EscapeKart/Saved/Config/Windows/Scalability.ini]
[2022.12.09-12.23.17:163][  0]LogConfig: Setting CVar [[r.TranslucencyLightingVolumeDim:64]]
[2022.12.09-12.23.17:163][  0]LogConfig: Setting CVar [[r.RefractionQuality:2]]
[2022.12.09-12.23.17:163][  0]LogConfig: Setting CVar [[r.SSR.Quality:3]]
[2022.12.09-12.23.17:163][  0]LogConfig: Setting CVar [[r.SSR.HalfResSceneColor:0]]
[2022.12.09-12.23.17:163][  0]LogConfig: Setting CVar [[r.SceneColorFormat:4]]
[2022.12.09-12.23.17:163][  0]LogConfig: Setting CVar [[r.DetailMode:2]]
[2022.12.09-12.23.17:163][  0]LogConfig: Setting CVar [[r.TranslucencyVolumeBlur:1]]
[2022.12.09-12.23.17:163][  0]LogConfig: Setting CVar [[r.MaterialQualityLevel:1 ; High quality]]
[2022.12.09-12.23.17:164][  0]LogConfig: Setting CVar [[r.AnisotropicMaterials:1]]
[2022.12.09-12.23.17:164][  0]LogConfig: Setting CVar [[r.SSS.Scale:1]]
[2022.12.09-12.23.17:164][  0]LogConfig: Setting CVar [[r.SSS.SampleSet:2]]
[2022.12.09-12.23.17:164][  0]LogConfig: Setting CVar [[r.SSS.Quality:1]]
[2022.12.09-12.23.17:164][  0]LogConfig: Setting CVar [[r.SSS.HalfRes:0]]
[2022.12.09-12.23.17:164][  0]LogConfig: Setting CVar [[r.SSGI.Quality:3]]
[2022.12.09-12.23.17:164][  0]LogConfig: Setting CVar [[r.EmitterSpawnRateScale:1.0]]
[2022.12.09-12.23.17:164][  0]LogConfig: Setting CVar [[r.ParticleLightQuality:2]]
[2022.12.09-12.23.17:164][  0]LogConfig: Setting CVar [[r.SkyAtmosphere.AerialPerspectiveLUT.FastApplyOnOpaque:1 ; Always have FastSkyLUT 1 in this case to avoid wrong sky]]
[2022.12.09-12.23.17:164][  0]LogConfig: Setting CVar [[r.SkyAtmosphere.AerialPerspectiveLUT.SampleCountMaxPerSlice:4]]
[2022.12.09-12.23.17:164][  0]LogConfig: Setting CVar [[r.SkyAtmosphere.AerialPerspectiveLUT.DepthResolution:16.0]]
[2022.12.09-12.23.17:164][  0]LogConfig: Setting CVar [[r.SkyAtmosphere.FastSkyLUT:1]]
[2022.12.09-12.23.17:164][  0]LogConfig: Setting CVar [[r.SkyAtmosphere.FastSkyLUT.SampleCountMin:4.0]]
[2022.12.09-12.23.17:165][  0]LogConfig: Setting CVar [[r.SkyAtmosphere.FastSkyLUT.SampleCountMax:128.0]]
[2022.12.09-12.23.17:165][  0]LogConfig: Setting CVar [[r.SkyAtmosphere.SampleCountMin:4.0]]
[2022.12.09-12.23.17:165][  0]LogConfig: Setting CVar [[r.SkyAtmosphere.SampleCountMax:128.0]]
[2022.12.09-12.23.17:165][  0]LogConfig: Setting CVar [[r.SkyAtmosphere.TransmittanceLUT.UseSmallFormat:0]]
[2022.12.09-12.23.17:165][  0]LogConfig: Setting CVar [[r.SkyAtmosphere.TransmittanceLUT.SampleCount:10.0]]
[2022.12.09-12.23.17:165][  0]LogConfig: Setting CVar [[r.SkyAtmosphere.MultiScatteringLUT.SampleCount:15.0]]
[2022.12.09-12.23.17:165][  0]LogConfig: Setting CVar [[r.SkyLight.RealTimeReflectionCapture:1]]
[2022.12.09-12.23.17:165][  0]LogConfig: Applying CVar settings from Section [FoliageQuality@3] File [D:/Unreal Projects/EscapeKart/Saved/Config/Windows/Scalability.ini]
[2022.12.09-12.23.17:165][  0]LogConfig: Setting CVar [[foliage.DensityScale:1.0]]
[2022.12.09-12.23.17:165][  0]LogConfig: Setting CVar [[grass.DensityScale:1.0]]
[2022.12.09-12.23.17:165][  0]LogConfig: Applying CVar settings from Section [ShadingQuality@3] File [D:/Unreal Projects/EscapeKart/Saved/Config/Windows/Scalability.ini]
[2022.12.09-12.23.17:165][  0]LogConfig: Setting CVar [[r.HairStrands.SkyLighting.IntegrationType:2]]
[2022.12.09-12.23.17:165][  0]LogConfig: Setting CVar [[r.HairStrands.SkyAO.SampleCount:4]]
[2022.12.09-12.23.17:166][  0]LogConfig: Setting CVar [[r.HairStrands.Visibility.MSAA.SamplePerPixel:4]]
[2022.12.09-12.23.17:166][  0]LogInit: Selected Device Profile: [Windows]
[2022.12.09-12.23.17:166][  0]LogInit: Applying CVar settings loaded from the selected device profile: [Windows]
[2022.12.09-12.23.17:166][  0]LogHAL: Display: Platform has ~ 16 GB [17085210624 / 17179869184 / 16], which maps to Larger [LargestMinGB=32, LargerMinGB=12, DefaultMinGB=8, SmallerMinGB=6, SmallestMinGB=0)
[2022.12.09-12.23.17:166][  0]LogInit: Going up to parent DeviceProfile []
[2022.12.09-12.23.17:166][  0]LogConfig: Applying CVar settings from Section [ViewDistanceQuality@3] File [D:/Unreal Projects/EscapeKart/Saved/Config/Windows/Scalability.ini]
[2022.12.09-12.23.17:166][  0]LogConfig: Setting CVar [[r.SkeletalMeshLODBias:0]]
[2022.12.09-12.23.17:166][  0]LogConfig: Setting CVar [[r.ViewDistanceScale:1.0]]
[2022.12.09-12.23.17:166][  0]LogConfig: Applying CVar settings from Section [AntiAliasingQuality@3] File [D:/Unreal Projects/EscapeKart/Saved/Config/Windows/Scalability.ini]
[2022.12.09-12.23.17:166][  0]LogConfig: Setting CVar [[r.PostProcessAAQuality:4]]
[2022.12.09-12.23.17:166][  0]LogConfig: Applying CVar settings from Section [ShadowQuality@3] File [D:/Unreal Projects/EscapeKart/Saved/Config/Windows/Scalability.ini]
[2022.12.09-12.23.17:166][  0]LogConfig: Setting CVar [[r.LightFunctionQuality:1]]
[2022.12.09-12.23.17:166][  0]LogConfig: Setting CVar [[r.ShadowQuality:5]]
[2022.12.09-12.23.17:167][  0]LogConfig: Setting CVar [[r.Shadow.CSM.MaxCascades:10]]
[2022.12.09-12.23.17:167][  0]LogConfig: Setting CVar [[r.Shadow.MaxResolution:2048]]
[2022.12.09-12.23.17:167][  0]LogConfig: Setting CVar [[r.Shadow.MaxCSMResolution:2048]]
[2022.12.09-12.23.17:167][  0]LogConfig: Setting CVar [[r.Shadow.RadiusThreshold:0.01]]
[2022.12.09-12.23.17:167][  0]LogConfig: Setting CVar [[r.Shadow.DistanceScale:1.0]]
[2022.12.09-12.23.17:167][  0]LogConfig: Setting CVar [[r.Shadow.CSM.TransitionScale:1.0]]
[2022.12.09-12.23.17:167][  0]LogConfig: Setting CVar [[r.Shadow.PreShadowResolutionFactor:1.0]]
[2022.12.09-12.23.17:167][  0]LogConfig: Setting CVar [[r.DistanceFieldShadowing:1]]
[2022.12.09-12.23.17:167][  0]LogConfig: Setting CVar [[r.DistanceFieldAO:1]]
[2022.12.09-12.23.17:167][  0]LogConfig: Setting CVar [[r.AOQuality:2]]
[2022.12.09-12.23.17:167][  0]LogConfig: Setting CVar [[r.VolumetricFog:1]]
[2022.12.09-12.23.17:167][  0]LogConfig: Setting CVar [[r.VolumetricFog.GridPixelSize:8]]
[2022.12.09-12.23.17:167][  0]LogConfig: Setting CVar [[r.VolumetricFog.GridSizeZ:128]]
[2022.12.09-12.23.17:167][  0]LogConfig: Setting CVar [[r.VolumetricFog.HistoryMissSupersampleCount:4]]
[2022.12.09-12.23.17:167][  0]LogConfig: Setting CVar [[r.LightMaxDrawDistanceScale:1]]
[2022.12.09-12.23.17:168][  0]LogConfig: Setting CVar [[r.CapsuleShadows:1]]
[2022.12.09-12.23.17:168][  0]LogConfig: Applying CVar settings from Section [PostProcessQuality@3] File [D:/Unreal Projects/EscapeKart/Saved/Config/Windows/Scalability.ini]
[2022.12.09-12.23.17:168][  0]LogConfig: Setting CVar [[r.MotionBlurQuality:4]]
[2022.12.09-12.23.17:168][  0]LogConfig: Setting CVar [[r.AmbientOcclusionMipLevelFactor:0.4]]
[2022.12.09-12.23.17:168][  0]LogConfig: Setting CVar [[r.AmbientOcclusionMaxQuality:100]]
[2022.12.09-12.23.17:168][  0]LogConfig: Setting CVar [[r.AmbientOcclusionLevels:-1]]
[2022.12.09-12.23.17:168][  0]LogConfig: Setting CVar [[r.AmbientOcclusionRadiusScale:1.0]]
[2022.12.09-12.23.17:168][  0]LogConfig: Setting CVar [[r.DepthOfFieldQuality:2]]
[2022.12.09-12.23.17:168][  0]LogConfig: Setting CVar [[r.RenderTargetPoolMin:400]]
[2022.12.09-12.23.17:168][  0]LogConfig: Setting CVar [[r.LensFlareQuality:2]]
[2022.12.09-12.23.17:168][  0]LogConfig: Setting CVar [[r.SceneColorFringeQuality:1]]
[2022.12.09-12.23.17:168][  0]LogConfig: Setting CVar [[r.EyeAdaptationQuality:2]]
[2022.12.09-12.23.17:168][  0]LogConfig: Setting CVar [[r.BloomQuality:5]]
[2022.12.09-12.23.17:169][  0]LogConfig: Setting CVar [[r.FastBlurThreshold:100]]
[2022.12.09-12.23.17:169][  0]LogConfig: Setting CVar [[r.Upscale.Quality:3]]
[2022.12.09-12.23.17:169][  0]LogConfig: Setting CVar [[r.Tonemapper.GrainQuantization:1]]
[2022.12.09-12.23.17:169][  0]LogConfig: Setting CVar [[r.LightShaftQuality:1]]
[2022.12.09-12.23.17:169][  0]LogConfig: Setting CVar [[r.Filter.SizeScale:1]]
[2022.12.09-12.23.17:169][  0]LogConfig: Setting CVar [[r.Tonemapper.Quality:5]]
[2022.12.09-12.23.17:169][  0]LogConfig: Setting CVar [[r.DOF.Gather.AccumulatorQuality:1        ; higher gathering accumulator quality]]
[2022.12.09-12.23.17:169][  0]LogConfig: Setting CVar [[r.DOF.Gather.PostfilterMethod:1          ; Median3x3 postfilering method]]
[2022.12.09-12.23.17:169][  0]LogConfig: Setting CVar [[r.DOF.Gather.EnableBokehSettings:0       ; no bokeh simulation when gathering]]
[2022.12.09-12.23.17:169][  0]LogConfig: Setting CVar [[r.DOF.Gather.RingCount:4                 ; medium number of samples when gathering]]
[2022.12.09-12.23.17:169][  0]LogConfig: Setting CVar [[r.DOF.Scatter.ForegroundCompositing:1    ; additive foreground scattering]]
[2022.12.09-12.23.17:169][  0]LogConfig: Setting CVar [[r.DOF.Scatter.BackgroundCompositing:2    ; additive background scattering]]
[2022.12.09-12.23.17:170][  0]LogConfig: Setting CVar [[r.DOF.Scatter.EnableBokehSettings:1      ; bokeh simulation when scattering]]
[2022.12.09-12.23.17:170][  0]LogConfig: Setting CVar [[r.DOF.Scatter.MaxSpriteRatio:0.1         ; only a maximum of 10% of scattered bokeh]]
[2022.12.09-12.23.17:170][  0]LogConfig: Setting CVar [[r.DOF.Recombine.Quality:1                ; cheap slight out of focus]]
[2022.12.09-12.23.17:170][  0]LogConfig: Setting CVar [[r.DOF.Recombine.EnableBokehSettings:0    ; no bokeh simulation on slight out of focus]]
[2022.12.09-12.23.17:170][  0]LogConfig: Setting CVar [[r.DOF.TemporalAAQuality:1                ; more stable temporal accumulation]]
[2022.12.09-12.23.17:170][  0]LogConfig: Setting CVar [[r.DOF.Kernel.MaxForegroundRadius:0.025]]
[2022.12.09-12.23.17:170][  0]LogConfig: Setting CVar [[r.DOF.Kernel.MaxBackgroundRadius:0.025]]
[2022.12.09-12.23.17:170][  0]LogConfig: Applying CVar settings from Section [TextureQuality@3] File [D:/Unreal Projects/EscapeKart/Saved/Config/Windows/Scalability.ini]
[2022.12.09-12.23.17:170][  0]LogConfig: Setting CVar [[r.Streaming.MipBias:0]]
[2022.12.09-12.23.17:170][  0]LogConfig: Setting CVar [[r.Streaming.AmortizeCPUToGPUCopy:0]]
[2022.12.09-12.23.17:170][  0]LogConfig: Setting CVar [[r.Streaming.MaxNumTexturesToStreamPerFrame:0]]
[2022.12.09-12.23.17:170][  0]LogConfig: Setting CVar [[r.Streaming.Boost:1]]
[2022.12.09-12.23.17:171][  0]LogConfig: Setting CVar [[r.MaxAnisotropy:8]]
[2022.12.09-12.23.17:171][  0]LogConfig: Setting CVar [[r.VT.MaxAnisotropy:8]]
[2022.12.09-12.23.17:171][  0]LogConfig: Setting CVar [[r.Streaming.LimitPoolSizeToVRAM:0]]
[2022.12.09-12.23.17:171][  0]LogConfig: Setting CVar [[r.Streaming.PoolSize:1000]]
[2022.12.09-12.23.17:171][  0]LogConfig: Setting CVar [[r.Streaming.MaxEffectiveScreenSize:0]]
[2022.12.09-12.23.17:171][  0]LogConfig: Applying CVar settings from Section [EffectsQuality@3] File [D:/Unreal Projects/EscapeKart/Saved/Config/Windows/Scalability.ini]
[2022.12.09-12.23.17:171][  0]LogConfig: Setting CVar [[r.TranslucencyLightingVolumeDim:64]]
[2022.12.09-12.23.17:171][  0]LogConfig: Setting CVar [[r.RefractionQuality:2]]
[2022.12.09-12.23.17:171][  0]LogConfig: Setting CVar [[r.SSR.Quality:3]]
[2022.12.09-12.23.17:171][  0]LogConfig: Setting CVar [[r.SSR.HalfResSceneColor:0]]
[2022.12.09-12.23.17:171][  0]LogConfig: Setting CVar [[r.SceneColorFormat:4]]
[2022.12.09-12.23.17:171][  0]LogConfig: Setting CVar [[r.DetailMode:2]]
[2022.12.09-12.23.17:172][  0]LogConfig: Setting CVar [[r.TranslucencyVolumeBlur:1]]
[2022.12.09-12.23.17:172][  0]LogConfig: Setting CVar [[r.MaterialQualityLevel:1 ; High quality]]
[2022.12.09-12.23.17:172][  0]LogConfig: Setting CVar [[r.AnisotropicMaterials:1]]
[2022.12.09-12.23.17:172][  0]LogConfig: Setting CVar [[r.SSS.Scale:1]]
[2022.12.09-12.23.17:172][  0]LogConfig: Setting CVar [[r.SSS.SampleSet:2]]
[2022.12.09-12.23.17:172][  0]LogConfig: Setting CVar [[r.SSS.Quality:1]]
[2022.12.09-12.23.17:172][  0]LogConfig: Setting CVar [[r.SSS.HalfRes:0]]
[2022.12.09-12.23.17:172][  0]LogConfig: Setting CVar [[r.SSGI.Quality:3]]
[2022.12.09-12.23.17:172][  0]LogConfig: Setting CVar [[r.EmitterSpawnRateScale:1.0]]
[2022.12.09-12.23.17:172][  0]LogConfig: Setting CVar [[r.ParticleLightQuality:2]]
[2022.12.09-12.23.17:172][  0]LogConfig: Setting CVar [[r.SkyAtmosphere.AerialPerspectiveLUT.FastApplyOnOpaque:1 ; Always have FastSkyLUT 1 in this case to avoid wrong sky]]
[2022.12.09-12.23.17:172][  0]LogConfig: Setting CVar [[r.SkyAtmosphere.AerialPerspectiveLUT.SampleCountMaxPerSlice:4]]
[2022.12.09-12.23.17:172][  0]LogConfig: Setting CVar [[r.SkyAtmosphere.AerialPerspectiveLUT.DepthResolution:16.0]]
[2022.12.09-12.23.17:173][  0]LogConfig: Setting CVar [[r.SkyAtmosphere.FastSkyLUT:1]]
[2022.12.09-12.23.17:173][  0]LogConfig: Setting CVar [[r.SkyAtmosphere.FastSkyLUT.SampleCountMin:4.0]]
[2022.12.09-12.23.17:173][  0]LogConfig: Setting CVar [[r.SkyAtmosphere.FastSkyLUT.SampleCountMax:128.0]]
[2022.12.09-12.23.17:173][  0]LogConfig: Setting CVar [[r.SkyAtmosphere.SampleCountMin:4.0]]
[2022.12.09-12.23.17:173][  0]LogConfig: Setting CVar [[r.SkyAtmosphere.SampleCountMax:128.0]]
[2022.12.09-12.23.17:173][  0]LogConfig: Setting CVar [[r.SkyAtmosphere.TransmittanceLUT.UseSmallFormat:0]]
[2022.12.09-12.23.17:173][  0]LogConfig: Setting CVar [[r.SkyAtmosphere.TransmittanceLUT.SampleCount:10.0]]
[2022.12.09-12.23.17:173][  0]LogConfig: Setting CVar [[r.SkyAtmosphere.MultiScatteringLUT.SampleCount:15.0]]
[2022.12.09-12.23.17:173][  0]LogConfig: Setting CVar [[r.SkyLight.RealTimeReflectionCapture:1]]
[2022.12.09-12.23.17:173][  0]LogConfig: Applying CVar settings from Section [FoliageQuality@3] File [D:/Unreal Projects/EscapeKart/Saved/Config/Windows/Scalability.ini]
[2022.12.09-12.23.17:173][  0]LogConfig: Setting CVar [[foliage.DensityScale:1.0]]
[2022.12.09-12.23.17:173][  0]LogConfig: Setting CVar [[grass.DensityScale:1.0]]
[2022.12.09-12.23.17:173][  0]LogConfig: Applying CVar settings from Section [ShadingQuality@3] File [D:/Unreal Projects/EscapeKart/Saved/Config/Windows/Scalability.ini]
[2022.12.09-12.23.17:174][  0]LogConfig: Setting CVar [[r.HairStrands.SkyLighting.IntegrationType:2]]
[2022.12.09-12.23.17:174][  0]LogConfig: Setting CVar [[r.HairStrands.SkyAO.SampleCount:4]]
[2022.12.09-12.23.17:174][  0]LogConfig: Setting CVar [[r.HairStrands.Visibility.MSAA.SamplePerPixel:4]]
[2022.12.09-12.23.17:174][  0]LogConfig: Applying CVar settings from Section [Startup] File [../../../Engine/Config/ConsoleVariables.ini]
[2022.12.09-12.23.17:174][  0]LogConfig: Setting CVar [[net.UseAdaptiveNetUpdateFrequency:0]]
[2022.12.09-12.23.17:174][  0]LogConfig: Setting CVar [[p.chaos.AllowCreatePhysxBodies:1]]
[2022.12.09-12.23.17:174][  0]LogConfig: Setting CVar [[fx.SkipVectorVMBackendOptimizations:1]]
[2022.12.09-12.23.17:174][  0]LogConfig: Applying CVar settings from Section [ConsoleVariables] File [D:/Unreal Projects/EscapeKart/Saved/Config/Windows/Engine.ini]
[2022.12.09-12.23.17:174][  0]LogConfig: Applying CVar settings from Section [ConsoleVariables] File [D:/Unreal Projects/EscapeKart/Saved/Config/Windows/Editor.ini]
[2022.12.09-12.23.17:175][  0]LogInit: Computer: R9-3090
[2022.12.09-12.23.17:175][  0]LogInit: User: mathi
[2022.12.09-12.23.17:175][  0]LogInit: CPU Page size=4096, Cores=12
[2022.12.09-12.23.17:175][  0]LogInit: High frequency timer resolution =10.000000 MHz
[2022.12.09-12.23.17:175][  0]LogMemory: Memory total: Physical=15.9GB (16GB approx)
[2022.12.09-12.23.17:175][  0]LogMemory: Platform Memory Stats for Windows
[2022.12.09-12.23.17:175][  0]LogMemory: Process Physical Memory: 150.01 MB used, 150.01 MB peak
[2022.12.09-12.23.17:175][  0]LogMemory: Process Virtual Memory: 131.88 MB used, 131.88 MB peak
[2022.12.09-12.23.17:175][  0]LogMemory: Physical Memory: 11923.77 MB used,  4369.96 MB free, 16293.73 MB total
[2022.12.09-12.23.17:175][  0]LogMemory: Virtual Memory: 134197784.00 MB used,  19946.98 MB free, 134217728.00 MB total
[2022.12.09-12.23.17:185][  0]LogWindows: WindowsPlatformFeatures enabled
[2022.12.09-12.23.17:276][  0]LogInit: Physics initialised using underlying interface: PhysX
[2022.12.09-12.23.17:277][  0]LogInit: Using OS detected language (en-US).
[2022.12.09-12.23.17:277][  0]LogInit: Using OS detected locale (en-150).
[2022.12.09-12.23.17:278][  0]LogTextLocalizationManager: No specific localization for 'en-US' exists, so the 'en' localization will be used.
[2022.12.09-12.23.17:439][  0]LogInit: Setting process to per monitor DPI aware
[2022.12.09-12.23.17:476][  0]LogWindowsTextInputMethodSystem: Display: IME system deactivated.
[2022.12.09-12.23.17:493][  0]LogSlate: New Slate User Created.  User Index 0, Is Virtual User: 0
[2022.12.09-12.23.17:493][  0]LogSlate: Slate User Registered.  User Index 0, Is Virtual User: 0
[2022.12.09-12.23.17:583][  0]LogD3D11RHI: Loaded GFSDK_Aftermath_Lib.x64.dll
[2022.12.09-12.23.17:616][  0]LogHMD: Optional extension XR_VARJO_quad_views is not available
[2022.12.09-12.23.17:616][  0]LogHMD: Warning: Required extension XR_EXT_eye_gaze_interaction is not available
[2022.12.09-12.23.17:616][  0]LogHMD: Could not enable all required OpenXR extensions for OpenXREyeTracker on current system. This plugin will be loaded but ignored, but will be enabled on a target platform that supports the required extension.
[2022.12.09-12.23.19:172][  0]LogD3D11RHI: D3D11 min allowed feature level: 11_0
[2022.12.09-12.23.19:172][  0]LogD3D11RHI: D3D11 max allowed feature level: 11_0
[2022.12.09-12.23.19:173][  0]LogD3D11RHI: D3D11 adapters:
[2022.12.09-12.23.19:293][  0]LogD3D11RHI:    0. 'NVIDIA GeForce RTX 3090' (Feature Level 11_0)
[2022.12.09-12.23.19:293][  0]LogD3D11RHI:       24340/0/8146 MB DedicatedVideo/DedicatedSystem/SharedSystem, Outputs:1, VendorId:0x10de
[2022.12.09-12.23.19:298][  0]LogD3D11RHI:    1. 'Microsoft Basic Render Driver' (Feature Level 11_0)
[2022.12.09-12.23.19:298][  0]LogD3D11RHI:       0/0/8146 MB DedicatedVideo/DedicatedSystem/SharedSystem, Outputs:0, VendorId:0x1414
[2022.12.09-12.23.19:299][  0]LogD3D11RHI: Chosen D3D11 Adapter:
[2022.12.09-12.23.19:299][  0]LogD3D11RHI:     Description : NVIDIA GeForce RTX 3090
[2022.12.09-12.23.19:299][  0]LogD3D11RHI:     VendorId    : 10de
[2022.12.09-12.23.19:299][  0]LogD3D11RHI:     DeviceId    : 2204
[2022.12.09-12.23.19:299][  0]LogD3D11RHI:     SubSysId    : 87af1043
[2022.12.09-12.23.19:299][  0]LogD3D11RHI:     Revision    : 00a1
[2022.12.09-12.23.19:299][  0]LogD3D11RHI:     DedicatedVideoMemory : 25522339840 bytes
[2022.12.09-12.23.19:299][  0]LogD3D11RHI:     DedicatedSystemMemory : 0 bytes
[2022.12.09-12.23.19:299][  0]LogD3D11RHI:     SharedSystemMemory : 8542605312 bytes
[2022.12.09-12.23.19:300][  0]LogD3D11RHI:     AdapterLuid : 0 80948
[2022.12.09-12.23.19:312][  0]LogD3D11RHI: Creating new Direct3DDevice
[2022.12.09-12.23.19:313][  0]LogD3D11RHI:     GPU DeviceId: 0x2204 (for the marketing name, search the web for "GPU Device Id")
[2022.12.09-12.23.19:313][  0]LogWindows: EnumDisplayDevices:
[2022.12.09-12.23.19:313][  0]LogWindows:    0. 'NVIDIA GeForce RTX 3090' (P:1 D:1)
[2022.12.09-12.23.19:313][  0]LogWindows:    1. 'NVIDIA GeForce RTX 3090' (P:0 D:0)
[2022.12.09-12.23.19:314][  0]LogWindows:    2. 'NVIDIA GeForce RTX 3090' (P:0 D:0)
[2022.12.09-12.23.19:314][  0]LogWindows:    3. 'NVIDIA GeForce RTX 3090' (P:0 D:0)
[2022.12.09-12.23.19:314][  0]LogWindows: DebugString: FoundDriverCount:4 
[2022.12.09-12.23.19:315][  0]LogD3D11RHI:     Adapter Name: NVIDIA GeForce RTX 3090
[2022.12.09-12.23.19:315][  0]LogD3D11RHI:   Driver Version: 526.98 (internal:31.0.15.2698, unified:526.98)
[2022.12.09-12.23.19:315][  0]LogD3D11RHI:      Driver Date: 11-13-2022
[2022.12.09-12.23.19:315][  0]LogRHI: Texture pool is 17038 MB (70% of 24340 MB)
[2022.12.09-12.23.19:315][  0]LogD3D11RHI: Creating D3DDevice using adapter:
[2022.12.09-12.23.19:315][  0]LogD3D11RHI:     Description : NVIDIA GeForce RTX 3090
[2022.12.09-12.23.19:315][  0]LogD3D11RHI:     VendorId    : 10de
[2022.12.09-12.23.19:315][  0]LogD3D11RHI:     DeviceId    : 2204
[2022.12.09-12.23.19:315][  0]LogD3D11RHI:     SubSysId    : 87af1043
[2022.12.09-12.23.19:315][  0]LogD3D11RHI:     Revision    : 00a1
[2022.12.09-12.23.19:315][  0]LogD3D11RHI:     DedicatedVideoMemory : 25522339840 bytes
[2022.12.09-12.23.19:315][  0]LogD3D11RHI:     DedicatedSystemMemory : 0 bytes
[2022.12.09-12.23.19:316][  0]LogD3D11RHI:     SharedSystemMemory : 8542605312 bytes
[2022.12.09-12.23.19:316][  0]LogD3D11RHI:     AdapterLuid : 0 80948
[2022.12.09-12.23.19:381][  0]LogD3D11RHI: RHI has support for 64 bit atomics
[2022.12.09-12.23.19:381][  0]LogD3D11RHI: Async texture creation enabled
[2022.12.09-12.23.19:382][  0]LogD3D11RHI: Array index from any shader is supported
[2022.12.09-12.23.19:383][  0]LogD3D11RHI: HDR output is supported on display 0 (NvId: 0x80061081).
[2022.12.09-12.23.19:408][  0]LogD3D11RHI: GPU Timing Frequency: 1000.000000 (Debug: 2 2)
[2022.12.09-12.23.19:434][  0]LogRHI: GeForceNow SDK initialized: 1
[2022.12.09-12.23.19:670][  0]LogTargetPlatformManager: Display: Loaded TargetPlatform 'AllDesktop'
[2022.12.09-12.23.19:691][  0]LogTargetPlatformManager: Display: Loaded TargetPlatform 'Android'
[2022.12.09-12.23.19:691][  0]LogTargetPlatformManager: Display: Loaded TargetPlatform 'Android_ASTC'
[2022.12.09-12.23.19:691][  0]LogTargetPlatformManager: Display: Loaded TargetPlatform 'Android_DXT'
[2022.12.09-12.23.19:691][  0]LogTargetPlatformManager: Display: Loaded TargetPlatform 'Android_ETC2'
[2022.12.09-12.23.19:691][  0]LogTargetPlatformManager: Display: Loaded TargetPlatform 'AndroidClient'
[2022.12.09-12.23.19:692][  0]LogTargetPlatformManager: Display: Loaded TargetPlatform 'Android_ASTCClient'
[2022.12.09-12.23.19:692][  0]LogTargetPlatformManager: Display: Loaded TargetPlatform 'Android_DXTClient'
[2022.12.09-12.23.19:692][  0]LogTargetPlatformManager: Display: Loaded TargetPlatform 'Android_ETC2Client'
[2022.12.09-12.23.19:692][  0]LogTargetPlatformManager: Display: Loaded TargetPlatform 'Android_Multi'
[2022.12.09-12.23.19:692][  0]LogTargetPlatformManager: Display: Loaded TargetPlatform 'Android_MultiClient'
[2022.12.09-12.23.19:715][  0]LogTargetPlatformManager: Display: Loaded TargetPlatform 'IOSClient'
[2022.12.09-12.23.19:715][  0]LogTargetPlatformManager: Display: Loaded TargetPlatform 'IOS'
[2022.12.09-12.23.19:724][  0]LogTargetPlatformManager: Display: Loaded TargetPlatform 'Linux'
[2022.12.09-12.23.19:729][  0]LogTargetPlatformManager: Display: Loaded TargetPlatform 'LinuxNoEditor'
[2022.12.09-12.23.19:735][  0]LogTargetPlatformManager: Display: Loaded TargetPlatform 'LinuxClient'
[2022.12.09-12.23.19:740][  0]LogTargetPlatformManager: Display: Loaded TargetPlatform 'LinuxServer'
[2022.12.09-12.23.19:748][  0]LogTargetPlatformManager: Display: Loaded TargetPlatform 'LinuxAArch64NoEditor'
[2022.12.09-12.23.19:754][  0]LogTargetPlatformManager: Display: Loaded TargetPlatform 'LinuxAArch64Client'
[2022.12.09-12.23.19:759][  0]LogTargetPlatformManager: Display: Loaded TargetPlatform 'LinuxAArch64Server'
[2022.12.09-12.23.19:780][  0]LogTargetPlatformManager: Display: Loaded TargetPlatform 'Lumin'
[2022.12.09-12.23.19:780][  0]LogTargetPlatformManager: Display: Loaded TargetPlatform 'LuminClient'
[2022.12.09-12.23.19:788][  0]LogTargetPlatformManager: Display: Loaded TargetPlatform 'MacNoEditor'
[2022.12.09-12.23.19:795][  0]LogTargetPlatformManager: Display: Loaded TargetPlatform 'Mac'
[2022.12.09-12.23.19:800][  0]LogTargetPlatformManager: Display: Loaded TargetPlatform 'MacClient'
[2022.12.09-12.23.19:805][  0]LogTargetPlatformManager: Display: Loaded TargetPlatform 'MacServer'
[2022.12.09-12.23.19:814][  0]LogTargetPlatformManager: Display: Loaded TargetPlatform 'TVOSClient'
[2022.12.09-12.23.19:814][  0]LogTargetPlatformManager: Display: Loaded TargetPlatform 'TVOS'
[2022.12.09-12.23.19:822][  0]LogTargetPlatformManager: Display: Loaded TargetPlatform 'WindowsNoEditor'
[2022.12.09-12.23.19:828][  0]LogTargetPlatformManager: Display: Loaded TargetPlatform 'Windows'
[2022.12.09-12.23.19:833][  0]LogTargetPlatformManager: Display: Loaded TargetPlatform 'WindowsClient'
[2022.12.09-12.23.19:838][  0]LogTargetPlatformManager: Display: Loaded TargetPlatform 'WindowsServer'
[2022.12.09-12.23.19:838][  0]LogTargetPlatformManager: Display: Building Assets For Windows
[2022.12.09-12.23.19:848][  0]LogAudioDebug: Display: Lib vorbis DLL was dynamically loaded.
[2022.12.09-12.23.19:883][  0]LogTextureFormatOodle: Display: Oodle Texture 2.9.0 init RDO Off
[2022.12.09-12.23.19:926][  0]LogRendererCore: Ray tracing is disabled. Reason: r.RayTracing=0.
[2022.12.09-12.23.19:926][  0]LogShaderCompilers: Guid format shader working directory is 4 characters bigger than the processId version (../../../../../Unreal Projects/EscapeKart/Intermediate/Shaders/WorkingDirectory/19888/).
[2022.12.09-12.23.19:926][  0]LogShaderCompilers: Cleaned the shader compiler working directory 'C:/Users/mathi/AppData/Local/Temp/UnrealShaderWorkingDir/08BB595F4A0E787957F9FFBA7801C2A6/'.
[2022.12.09-12.23.19:927][  0]LogXGEController: Cannot use XGE Controller as Incredibuild is not installed on this machine.
[2022.12.09-12.23.19:927][  0]LogShaderCompilers: Cannot use XGE Shader Compiler as Incredibuild is not installed on this machine.
[2022.12.09-12.23.19:927][  0]LogShaderCompilers: Display: Using Local Shader Compiler.
[2022.12.09-12.23.20:505][  0]LogDerivedDataCache: Display: Max Cache Size: 512 MB
[2022.12.09-12.23.20:550][  0]LogDerivedDataCache: Loaded boot cache 0.04s 94MB C:/Users/mathi/AppData/Local/UnrealEngine/4.27/DerivedDataCache/Boot.ddc.
[2022.12.09-12.23.20:550][  0]LogDerivedDataCache: Display: Loaded Boot cache: C:/Users/mathi/AppData/Local/UnrealEngine/4.27/DerivedDataCache/Boot.ddc
[2022.12.09-12.23.20:550][  0]LogDerivedDataCache: FDerivedDataBackendGraph:  Pak pak cache file ../../../../../Unreal Projects/EscapeKart/DerivedDataCache/DDC.ddp not found, will not use a pak cache.
[2022.12.09-12.23.20:551][  0]LogDerivedDataCache: Unable to find inner node Pak for hierarchical cache Hierarchy.
[2022.12.09-12.23.20:551][  0]LogDerivedDataCache: FDerivedDataBackendGraph:  CompressedPak pak cache file ../../../../../Unreal Projects/EscapeKart/DerivedDataCache/Compressed.ddp not found, will not use a pak cache.
[2022.12.09-12.23.20:551][  0]LogDerivedDataCache: Unable to find inner node CompressedPak for hierarchical cache Hierarchy.
[2022.12.09-12.23.20:569][  0]LogDerivedDataCache: Display: Pak cache opened for reading ../../../Engine/DerivedDataCache/Compressed.ddp.
[2022.12.09-12.23.20:569][  0]LogDerivedDataCache: FDerivedDataBackendGraph:  EnterprisePak pak cache file ../../../Enterprise/DerivedDataCache/Compressed.ddp not found, will not use a pak cache.
[2022.12.09-12.23.20:569][  0]LogDerivedDataCache: Unable to find inner node EnterprisePak for hierarchical cache Hierarchy.
[2022.12.09-12.23.20:574][  0]LogDerivedDataCache: Speed tests for C:/Users/mathi/AppData/Local/UnrealEngine/Common/DerivedDataCache took 0.01 seconds
[2022.12.09-12.23.20:575][  0]LogDerivedDataCache: Display: Performance to C:/Users/mathi/AppData/Local/UnrealEngine/Common/DerivedDataCache: Latency=0.02ms. RandomReadSpeed=1280.03MBs, RandomWriteSpeed=222.94MBs. Assigned SpeedClass 'Local'
[2022.12.09-12.23.20:577][  0]LogDerivedDataCache: Using Local data cache path C:/Users/mathi/AppData/Local/UnrealEngine/Common/DerivedDataCache: Writable
[2022.12.09-12.23.20:577][  0]LogDerivedDataCache: Shared data cache path not found in *engine.ini, will not use an Shared cache.
[2022.12.09-12.23.20:577][  0]LogDerivedDataCache: Unable to find inner node Shared for hierarchical cache Hierarchy.
[2022.12.09-12.23.20:625][  0]LogSlate: Using FreeType 2.10.0
[2022.12.09-12.23.20:625][  0]LogSlate: SlateFontServices - WITH_FREETYPE: 1, WITH_HARFBUZZ: 1
[2022.12.09-12.23.20:652][  0]LogAssetRegistry: FAssetRegistry took 0.0046 seconds to start up
[2022.12.09-12.23.20:873][  0]LogInit: Selected Device Profile: [Windows]
[2022.12.09-12.23.20:873][  0]LogInit: Active device profile: [000001DF74764E00][000001DF726C2A40 49] Windows
[2022.12.09-12.23.20:874][  0]LogInit: Profiles: [000001DF74764E00][000001DF726C2A40 49] Windows, [000001DF7474E900][000001DF6C284BC0 49] WindowsNoEditor, [000001DF74765D00][000001DF6C288D40 49] WindowsServer, [000001DF7474F700][000001DF6D8E0EC0 49] WindowsClient, [000001DF74766A00][000001DF6D8E5040 49] IOS, [000001DF7474FD00][000001DF6D8F31C0 49] iPadAir, [000001DF74765500][000001DF6D8F7340 49] iPadAir2, [000001DF746D9200][000001DF6D8E9600 49] IPadPro, [000001DF746D9300][000001DF6D8FB640 49] iPadAir3, [000001DF7474CC00][000001DF6D90B7C0 49] iPadAir4, [000001DF746D9F00][000001DF73731940 49] iPadMini2, [000001DF7474F500][000001DF6C28DAC0 49] iPadMini3, [000001DF746DA900][000001DF750C40C0 49] iPadMini4, [000001DF7474CF00][000001DF750C8240 49] iPadMini5, [000001DF7470CC00][000001DF738CE500 49] iPhone6, [000001DF7470CD00][000001DF750CC540 49] iPodTouch6, [000001DF74766700][000001DF738D2780 49] iPhone7, [000001DF74766900][000001DF6C2807C0 49] iPodTouch7, [000001DF746D9100][000001DF738D6900 49] iPhone5S, [000001DF74766C00][000001DF738DEA80 49] iPhone6Plus, [000001DF746DBF00][000001DF739F8C00 49] iPhone6S, [000001DF746D8100][000001DF6D914D80 49] iPhone6SPlus, [000001DF7470CB00][000001DF6D910F00 49] iPhone7Plus, [000001DF746DA100][000001DF73B2B080 49] iPhoneSE, [000001DF7470E900][000001DF726C9200 49] iPhone8, [000001DF746DA200][000001DF703F3380 49] iPhone8Plus, [000001DF7470FB00][000001DF703F7500 49] iPhoneX, [000001DF746DA300][000001DF73B03680 49] iPhoneXS, [000001DF7470CF00][000001DF73B07800 49] iPhoneXSMax, [000001DF74766F00][000001DF73B0B980 49] iPhoneXR, [000001DF7470D700][000001DF73B0FB00 49] iPhone11, [000001DF74766E00][000001DF73B12100 49] iPhone11Pro, [000001DF7470D900][000001DF73B16280 49] iPhone11ProMax, [000001DF74765200][000001DF73B1A400 49] iPhoneSE2, [000001DF7470FD00][000001DF73B1E580 49] iPhone12Mini, [000001DF74764B00][000001DF73B22700 49] iPhone12, [000001DF7470DD00][000001DF738DA840 49] iPhone12Pro, [000001DF74765400][000001DF73B26980 49] iPhone12ProMax, [000001DF7470F700][000001DF74FE4AC0 49] iPadPro105, [000001DF74765B00][000001DF74FECC40 49] iPadPro129, [000001DF7470C700][000001DF74FF0DC0 49] iPadPro97, [000001DF74765300][000001DF74FF4F40 49] iPadPro2_129, [000001DF7470D200][000001DF74FF90C0 49] iPad5, [000001DF74767F00][000001DF74FFD240 49] iPad6, [000001DF7470FA00][000001DF750013C0 49] iPad7, [000001DF74765900][000001DF75005540 49] iPad8, [000001DF7470D400][000001DF750096C0 49] iPadPro11, [000001DF74767500][000001DF7500D840 49] iPadPro2_11, [000001DF7470E300][000001DF750119C0 49] iPadPro3_129, [000001DF74764F00][000001DF75015B40 49] iPadPro4_129, [000001DF7470D100][000001DF75018140 49] AppleTV, [000001DF74767600][000001DF7501C2C0 49] AppleTV4K, [000001DF7470C600][000001DF75020440 49] TVOS, [000001DF74767900][000001DF738E25C0 49] Mac, [000001DF7470F200][000001DF738E6740 49] MacClient, [000001DF74767B00][000001DF738EA8C0 49] MacNoEditor, [000001DF7470D300][000001DF74FE8A00 49] MacServer, [000001DF74766400][000001DF738EEB40 49] Linux, [000001DF7470E000][000001DF738F2C80 49] LinuxAArch64, [000001DF74767E00][000001DF738F6DC0 49] LinuxNoEditor, [000001DF7470F100][000001DF738FEF40 49] LinuxAArch64NoEditor, [000001DF74767200][000001DF739030C0 49] LinuxClient, [000001DF7470E800][000001DF73907240 49] LinuxAArch64Client, [000001DF74764400][000001DF7390B3C0 49] LinuxServer, [000001DF7470C400][000001DF7390F540 49] LinuxAArch64Server, [000001DF74765100][000001DF739136C0 49] Android, [000001DF7470E700][000001DF73917840 49] Android_Low, [000001DF74764800][000001DF7391B9C0 49] Android_Mid, [000001DF7470C300][000001DF7391FB40 49] Android_High, [000001DF74765C00][000001DF73922140 49] Android_Default, [000001DF7470F600][000001DF739262C0 49] Android_Adreno4xx, [000001DF74766100][000001DF7392A440 49] Android_Adreno5xx_Low, [000001DF7470C900][000001DF7392E5C0 49] Android_Adreno5xx, [000001DF74765F00][000001DF73932740 49] Android_Adreno6xx, [000001DF7470DB00][000001DF739368C0 49] Android_Adreno6xx_Vulkan, [000001DF74766B00][000001DF73740A40 49] Android_Mali_T6xx, [000001DF746D9900][000001DF738FAB80 49] Android_Mali_T7xx, [000001DF7474F600][000001DF73744CC0 49] Android_Mali_T8xx, [000001DF746DBC00][000001DF73748E00 49] Android_Mali_G71, [000001DF7474D700][000001DF7374CF40 49] Android_Mali_G72, [000001DF746DB900][000001DF737550C0 49] Android_Mali_G72_Vulkan, [000001DF7474E700][000001DF73759240 49] Android_Mali_G76, [000001DF746D9A00][000001DF7375D3C0 49] Android_Mali_G76_Vulkan, [000001DF7474C400][000001DF73761540 49] Android_Mali_G77, [000001DF746DB500][000001DF737656C0 49] Android_Mali_G77_Vulkan, [000001DF7474E500][000001DF73769840 49] Android_Mali_G78, [000001DF746D9000][000001DF7376D9C0 49] Android_Mali_G78_Vulkan, [000001DF7474E800][000001DF73771B40 49] Android_Mali_G710, [000001DF746D9500][000001DF73774140 49] Android_Mali_G710_Vulkan, [000001DF7474FA00][000001DF737782C0 49] Android_Vulkan_SM5, [000001DF746D9800][000001DF7377C440 49] Android_PowerVR_G6xxx, [000001DF7474F400][000001DF737805C0 49] Android_PowerVR_GT7xxx, [000001DF746D9B00][000001DF73784740 49] Android_PowerVR_GE8xxx, [000001DF7474FF00][000001DF737888C0 49] Android_PowerVR_GM9xxx, [000001DF746D9E00][000001DF7378CA40 49] Android_PowerVR_GM9xxx_Vulkan, [000001DF7474DB00][000001DF73790BC0 49] Android_TegraK1, [000001DF746DBB00][000001DF73794D40 49] Android_Unknown_Vulkan, [000001DF7474D100][000001DF73750E80 49] Lumin, [000001DF746D8600][000001DF73798FC0 49] Lumin_Desktop, [000001DF7470E200][000001DF6C1F5100 49] HoloLens, 
[2022.12.09-12.23.20:988][  0]LogMeshReduction: Using QuadricMeshReduction for automatic static mesh reduction
[2022.12.09-12.23.20:988][  0]LogMeshReduction: Using SimplygonMeshReduction for automatic skeletal mesh reduction
[2022.12.09-12.23.20:988][  0]LogMeshReduction: Using ProxyLODMeshReduction for automatic mesh merging
[2022.12.09-12.23.20:989][  0]LogMeshReduction: No distributed automatic mesh merging module available
[2022.12.09-12.23.20:989][  0]LogMeshMerging: No distributed automatic mesh merging module available
[2022.12.09-12.23.21:006][  0]LogNetVersion: EscapeKart 1.0.0, NetCL: 17155196, EngineNetVer: 17, GameNetVer: 0 (Checksum: 3997712291)
[2022.12.09-12.23.21:329][  0]LogTexture: Default maximum texture size for cubemaps generated from long-lat sources has been changed from 512 to unlimited. In order to preserve old behaiour for '/Engine/MapTemplates/Sky/DaylightAmbientCubemap.DaylightAmbientCubemap', its maximum texture size has been explicitly set to 512.
[2022.12.09-12.23.21:378][  0]LogHMD: PokeAHoleMaterial loaded successfully
[2022.12.09-12.23.21:384][  0]LogUObjectArray: 17075 objects as part of root set at end of initial load.
[2022.12.09-12.23.21:384][  0]LogUObjectAllocator: 4275792 out of 0 bytes used by permanent object pool.
[2022.12.09-12.23.21:384][  0]LogUObjectArray: CloseDisregardForGC: 0/0 objects in disregard for GC pool
[2022.12.09-12.23.21:772][  0]LogNiagaraDebuggerClient: Niagara Debugger Client Initialized | Session: 4705375546630EA4297C24969BBBA602 | Instance: 9C86061446838F4374CA9D963586C4D1 (R9-3090-19888).
[2022.12.09-12.23.21:816][  0]LogPython: Using Python 3.7.7
[2022.12.09-12.23.22:277][  0]LogTcpMessaging: Initializing TcpMessaging bridge
[2022.12.09-12.23.22:289][  0]LogUdpMessaging: Initializing bridge on interface 0.0.0.0:0 to multicast group 230.0.0.1:6666.
[2022.12.09-12.23.22:676][  0]SourceControl: Source control is disabled
[2022.12.09-12.23.22:676][  0]SourceControl: Source control is disabled
[2022.12.09-12.23.22:690][  0]SourceControl: Source control is disabled
[2022.12.09-12.23.22:694][  0]SourceControl: Source control is disabled
[2022.12.09-12.23.22:714][  0]SourceControl: Source control is disabled
[2022.12.09-12.23.22:722][  0]LogUProjectInfo: Found projects:
[2022.12.09-12.23.22:739][  0]LogOpenImageDenoise: OIDN starting up
[2022.12.09-12.23.22:790][  0]LogAndroidPermission: UAndroidPermissionCallbackProxy::GetInstance
[2022.12.09-12.23.22:819][  0]LogAudioCaptureCore: Display: No Audio Capture implementations found. Audio input will be silent.
[2022.12.09-12.23.22:819][  0]LogAudioCaptureCore: Display: No Audio Capture implementations found. Audio input will be silent.
[2022.12.09-12.23.22:944][  0]LogCollectionManager: Loaded 0 collections in 0.000607 seconds
[2022.12.09-12.23.22:974][  0]LogFileCache: Scanning file cache for directory 'D:/Unreal Projects/EscapeKart/Saved/Collections/' took 0.00s
[2022.12.09-12.23.22:974][  0]LogFileCache: Scanning file cache for directory 'D:/Unreal Projects/EscapeKart/Content/Developers/mathi/Collections/' took 0.00s
[2022.12.09-12.23.22:974][  0]LogFileCache: Scanning file cache for directory 'D:/Unreal Projects/EscapeKart/Content/Collections/' took 0.00s
[2022.12.09-12.23.22:974][  0]LogOcInput: OculusInput pre-init called
[2022.12.09-12.23.23:189][  0]LogEngine: Initializing Engine...
[2022.12.09-12.23.23:191][  0]LogStats: UGameplayTagsManager::InitializeManager -  0.000 s
[2022.12.09-12.23.23:280][  0]LogInit: Initializing FReadOnlyCVARCache
[2022.12.09-12.23.23:291][  0]LogAIModule: Creating AISystem for world Untitled
[2022.12.09-12.23.23:300][  0]LogAudio: Display: Initializing Audio Device Manager...
[2022.12.09-12.23.23:305][  0]LogAudio: Display: Loading Default Audio Settings Objects...
[2022.12.09-12.23.23:305][  0]LogAudio: Display: No default SoundConcurrencyObject specified (or failed to load).
[2022.12.09-12.23.23:306][  0]LogAudio: Display: Audio Device Manager Initialized
[2022.12.09-12.23.23:306][  0]LogAudio: Display: Creating Audio Device:                 Id: 1, Scope: Shared, Realtime: True
[2022.12.09-12.23.23:306][  0]LogAudioMixer: Display: Audio Mixer Platform Settings:
[2022.12.09-12.23.23:306][  0]LogAudioMixer: Display: 	Sample Rate:						  48000
[2022.12.09-12.23.23:307][  0]LogAudioMixer: Display: 	Callback Buffer Frame Size Requested: 1024
[2022.12.09-12.23.23:307][  0]LogAudioMixer: Display: 	Callback Buffer Frame Size To Use:	  1024
[2022.12.09-12.23.23:307][  0]LogAudioMixer: Display: 	Number of buffers to queue:			  2
[2022.12.09-12.23.23:307][  0]LogAudioMixer: Display: 	Max Channels (voices):				  32
[2022.12.09-12.23.23:307][  0]LogAudioMixer: Display: 	Number of Async Source Workers:		  0
[2022.12.09-12.23.23:307][  0]LogAudio: Display: AudioDevice MaxSources: 32
[2022.12.09-12.23.23:308][  0]LogAudio: Display: Audio Spatialization Plugin: None (built-in).
[2022.12.09-12.23.23:308][  0]LogAudio: Display: Audio Reverb Plugin: None (built-in).
[2022.12.09-12.23.23:308][  0]LogAudio: Display: Audio Occlusion Plugin: None (built-in).
[2022.12.09-12.23.23:308][  0]LogAudioMixer: Display: Initializing audio mixer.
[2022.12.09-12.23.23:323][  0]LogAudioMixer: Display: 0: FrontLeft
[2022.12.09-12.23.23:323][  0]LogAudioMixer: Display: 1: FrontRight
[2022.12.09-12.23.23:370][  0]LogAudioMixer: Display: Using Audio Device Speakers (Razer Nommo Pro)
[2022.12.09-12.23.23:371][  0]LogAudioMixer: Display: Initializing Sound Submixes...
[2022.12.09-12.23.23:372][  0]LogAudioMixer: Display: Creating Master Submix 'MasterSubmixDefault'
[2022.12.09-12.23.23:373][  0]LogAudioMixer: Display: Creating Master Submix 'MasterReverbSubmixDefault'
[2022.12.09-12.23.23:373][  0]LogAudioMixer: Display: Creating Master Submix 'MasterEQSubmixDefault'
[2022.12.09-12.23.23:374][  0]LogAudioMixer: FMixerPlatformXAudio2::StartAudioStream() called
[2022.12.09-12.23.23:374][  0]LogAudioMixer: Display: Output buffers initialized: Frames=1024, Channels=2, Samples=2048
[2022.12.09-12.23.23:376][  0]LogAudioMixer: Display: Starting AudioMixerPlatformInterface::RunInternal()
[2022.12.09-12.23.23:376][  0]LogAudioMixer: Display: FMixerPlatformXAudio2::SubmitBuffer() called for the first time
[2022.12.09-12.23.23:376][  0]LogInit: FAudioDevice initialized.
[2022.12.09-12.23.23:376][  0]LogAudio: Display: Audio Device (ID: 1) registered with world 'Untitled'.
[2022.12.09-12.23.23:376][  0]LogNetVersion: Set ProjectVersion to 1.0.0.0. Version Checksum will be recalculated on next use.
[2022.12.09-12.23.23:431][  0]LogDerivedDataCache: Saved boot cache 0.05s 94MB C:/Users/mathi/AppData/Local/UnrealEngine/4.27/DerivedDataCache/Boot.ddc.
[2022.12.09-12.23.23:433][  0]LogInit: Texture streaming: Enabled
[2022.12.09-12.23.23:449][  0]LogAnalytics: Display: [UEEditor.Rocket.Release] APIServer = https://datarouter.ol.epicgames.com/. AppVersion = 4.27.2-18319896+++UE4+Release-4.27
[2022.12.09-12.23.23:453][  0]LogEngineSessionManager: EngineSessionManager initialized
[2022.12.09-12.23.23:453][  0]LogEditorSessionSummary: Verbose: Initializing EditorSessionSummaryWriter for editor session tracking
[2022.12.09-12.23.23:455][  0]LogEditorSessionSummary: EditorSessionSummaryWriter initialized
[2022.12.09-12.23.23:473][  0]LogInit: Transaction tracking system initialized
[2022.12.09-12.23.23:500][  0]BlueprintLog: New page: Editor Load
[2022.12.09-12.23.23:571][  0]LocalizationService: Localization service is disabled
[2022.12.09-12.23.23:598][  0]TimingProfiler: Initialize
[2022.12.09-12.23.23:598][  0]TimingProfiler: OnSessionChanged
[2022.12.09-12.23.23:598][  0]LoadingProfiler: Initialize
[2022.12.09-12.23.23:598][  0]LoadingProfiler: OnSessionChanged
[2022.12.09-12.23.23:598][  0]NetworkingProfiler: Initialize
[2022.12.09-12.23.23:599][  0]NetworkingProfiler: OnSessionChanged
[2022.12.09-12.23.23:599][  0]MemoryProfiler: Initialize
[2022.12.09-12.23.23:599][  0]MemoryProfiler: OnSessionChanged
[2022.12.09-12.23.23:728][  0]LogCook: Display: CookSettings for Memory: MemoryMaxUsedVirtual 0MiB, MemoryMaxUsedPhysical 16384MiB, MemoryMinFreeVirtual 0MiB, MemoryMinFreePhysical 1024MiB
[2022.12.09-12.23.23:728][  0]LogCook: Display: Mobile HDR setting 1
[2022.12.09-12.23.23:950][  0]LogFileCache: Scanning file cache for directory 'D:/Unreal Projects/EscapeKart/Content/' took 0.01s
[2022.12.09-12.23.23:950][  0]LogInit: Display: Engine is initialized. Leaving FEngineLoop::Init()
[2022.12.09-12.23.23:952][  0]SourceControl: Source control is disabled
[2022.12.09-12.23.23:953][  0]LogUnrealEdMisc: Loading editor; pre map load, took 8.069
[2022.12.09-12.23.23:953][  0]Cmd: MAP LOAD FILE="../../../../../Unreal Projects/EscapeKart/Content/StarterContent/Maps/Minimal_Default.umap" TEMPLATE=0 SHOWPROGRESS=1 FEATURELEVEL=3
[2022.12.09-12.23.23:953][  0]LightingResults: New page: Lighting Build
[2022.12.09-12.23.23:954][  0]LogWorld: UWorld::CleanupWorld for Untitled, bSessionEnded=true, bCleanupResources=true
[2022.12.09-12.23.23:955][  0]LogSlate: InvalidateAllWidgets triggered.  All widgets were invalidated
[2022.12.09-12.23.23:955][  0]MapCheck: New page: Map Check
[2022.12.09-12.23.23:955][  0]LightingResults: New page: Lighting Build
[2022.12.09-12.23.23:978][  0]LogAudio: Display: Audio Device unregistered from world 'None'.
[2022.12.09-12.23.23:983][  0]LogUObjectHash: Compacting FUObjectHashTables data took   0.79ms
[2022.12.09-12.23.24:250][  0]LogAudio: Display: Audio Device (ID: 1) registered with world 'Minimal_Default'.
[2022.12.09-12.23.24:251][  0]LogAIModule: Creating AISystem for world Minimal_Default
[2022.12.09-12.23.24:261][  0]LogEditorServer: Finished looking for orphan Actors (0.000 secs)
[2022.12.09-12.23.24:278][  0]LogUObjectHash: Compacting FUObjectHashTables data took   0.87ms
[2022.12.09-12.23.24:279][  0]Cmd: MAP CHECKDEP NOCLEARLOG
[2022.12.09-12.23.24:280][  0]MapCheck: Map check complete: 0 Error(s), 0 Warning(s), took 0.113ms to complete.
[2022.12.09-12.23.24:280][  0]LogFileHelpers: Loading map 'Minimal_Default' took 0.327
[2022.12.09-12.23.24:282][  0]LogUnrealEdMisc: Total Editor Startup Time, took 8.398
[2022.12.09-12.23.24:420][  0]LogSlate: Updating window title bar state: overlay mode, drag disabled, window buttons hidden, title bar hidden
[2022.12.09-12.23.24:426][  0]LogSlate: Updating window title bar state: overlay mode, drag disabled, window buttons hidden, title bar hidden
[2022.12.09-12.23.24:432][  0]LogSlate: Updating window title bar state: overlay mode, drag disabled, window buttons hidden, title bar hidden
[2022.12.09-12.23.24:439][  0]LogSlate: Updating window title bar state: overlay mode, drag disabled, window buttons hidden, title bar hidden
[2022.12.09-12.23.24:452][  0]LogNativeClassHierarchy: Verbose: Native class hierarchy populated in 0.0102 seconds. Added 3816 classes and 923 folders.
[2022.12.09-12.23.24:455][  0]LogNativeClassHierarchy: Verbose: Native class hierarchy updated for 'WidgetCarousel' in 0.0003 seconds. Added 0 classes and 0 folders.
[2022.12.09-12.23.24:456][  0]LogPakFile: PakFile PrimaryIndexSize=187
[2022.12.09-12.23.24:456][  0]LogPakFile: PakFile PathHashIndexSize=101
[2022.12.09-12.23.24:456][  0]LogPakFile: PakFile FullDirectoryIndexSize=148
[2022.12.09-12.23.24:456][  0]LogShaderLibrary: Display: ShaderCodeLibraryPakFileMountedCallback: PakFile 'D:/EPIC/UE_4.27/FeaturePacks/FP_FirstPerson.upack' (chunk index -1, root 'root:/') mounted
[2022.12.09-12.23.24:457][  0]LogShaderLibrary: Display: ShaderCodeLibraryPakFileMountedCallback: pending pak file info (ChunkID:-1 Root:root:/ File:D:/EPIC/UE_4.27/FeaturePacks/FP_FirstPerson.upack)
[2022.12.09-12.23.24:457][  0]LogPakFile: OnPakFileMounted2Time == 0.000334
[2022.12.09-12.23.24:457][  0]LogPakFile: PakFile PrimaryIndexSize=189
[2022.12.09-12.23.24:457][  0]LogPakFile: PakFile PathHashIndexSize=101
[2022.12.09-12.23.24:458][  0]LogPakFile: PakFile FullDirectoryIndexSize=152
[2022.12.09-12.23.24:458][  0]LogShaderLibrary: Display: ShaderCodeLibraryPakFileMountedCallback: PakFile 'D:/EPIC/UE_4.27/FeaturePacks/FP_FirstPersonBP.upack' (chunk index -1, root 'root:/') mounted
[2022.12.09-12.23.24:458][  0]LogShaderLibrary: Display: ShaderCodeLibraryPakFileMountedCallback: pending pak file info (ChunkID:-1 Root:root:/ File:D:/EPIC/UE_4.27/FeaturePacks/FP_FirstPersonBP.upack)
[2022.12.09-12.23.24:458][  0]LogPakFile: OnPakFileMounted2Time == 0.000258
[2022.12.09-12.23.24:458][  0]LogPakFile: PakFile PrimaryIndexSize=191
[2022.12.09-12.23.24:459][  0]LogPakFile: PakFile PathHashIndexSize=101
[2022.12.09-12.23.24:459][  0]LogPakFile: PakFile FullDirectoryIndexSize=160
[2022.12.09-12.23.24:459][  0]LogShaderLibrary: Display: ShaderCodeLibraryPakFileMountedCallback: PakFile 'D:/EPIC/UE_4.27/FeaturePacks/MobileStarterContent.upack' (chunk index -1, root 'root:/') mounted
[2022.12.09-12.23.24:459][  0]LogShaderLibrary: Display: ShaderCodeLibraryPakFileMountedCallback: pending pak file info (ChunkID:-1 Root:root:/ File:D:/EPIC/UE_4.27/FeaturePacks/MobileStarterContent.upack)
[2022.12.09-12.23.24:459][  0]LogPakFile: OnPakFileMounted2Time == 0.000227
[2022.12.09-12.23.24:460][  0]LogPakFile: PakFile PrimaryIndexSize=185
[2022.12.09-12.23.24:460][  0]LogPakFile: PakFile PathHashIndexSize=101
[2022.12.09-12.23.24:460][  0]LogPakFile: PakFile FullDirectoryIndexSize=148
[2022.12.09-12.23.24:460][  0]LogShaderLibrary: Display: ShaderCodeLibraryPakFileMountedCallback: PakFile 'D:/EPIC/UE_4.27/FeaturePacks/StarterContent.upack' (chunk index -1, root 'root:/') mounted
[2022.12.09-12.23.24:460][  0]LogShaderLibrary: Display: ShaderCodeLibraryPakFileMountedCallback: pending pak file info (ChunkID:-1 Root:root:/ File:D:/EPIC/UE_4.27/FeaturePacks/StarterContent.upack)
[2022.12.09-12.23.24:460][  0]LogPakFile: OnPakFileMounted2Time == 0.000237
[2022.12.09-12.23.24:461][  0]LogPakFile: PakFile PrimaryIndexSize=190
[2022.12.09-12.23.24:461][  0]LogPakFile: PakFile PathHashIndexSize=101
[2022.12.09-12.23.24:461][  0]LogPakFile: PakFile FullDirectoryIndexSize=154
[2022.12.09-12.23.24:461][  0]LogShaderLibrary: Display: ShaderCodeLibraryPakFileMountedCallback: PakFile 'D:/EPIC/UE_4.27/FeaturePacks/TP_2DSideScroller.upack' (chunk index -1, root 'root:/') mounted
[2022.12.09-12.23.24:461][  0]LogShaderLibrary: Display: ShaderCodeLibraryPakFileMountedCallback: pending pak file info (ChunkID:-1 Root:root:/ File:D:/EPIC/UE_4.27/FeaturePacks/TP_2DSideScroller.upack)
[2022.12.09-12.23.24:461][  0]LogPakFile: OnPakFileMounted2Time == 0.000247
[2022.12.09-12.23.24:462][  0]LogPakFile: PakFile PrimaryIndexSize=192
[2022.12.09-12.23.24:462][  0]LogPakFile: PakFile PathHashIndexSize=101
[2022.12.09-12.23.24:462][  0]LogPakFile: PakFile FullDirectoryIndexSize=158
[2022.12.09-12.23.24:462][  0]LogShaderLibrary: Display: ShaderCodeLibraryPakFileMountedCallback: PakFile 'D:/EPIC/UE_4.27/FeaturePacks/TP_2DSideScrollerBP.upack' (chunk index -1, root 'root:/') mounted
[2022.12.09-12.23.24:462][  0]LogShaderLibrary: Display: ShaderCodeLibraryPakFileMountedCallback: pending pak file info (ChunkID:-1 Root:root:/ File:D:/EPIC/UE_4.27/FeaturePacks/TP_2DSideScrollerBP.upack)
[2022.12.09-12.23.24:462][  0]LogPakFile: OnPakFileMounted2Time == 0.000194
[2022.12.09-12.23.24:462][  0]LogPakFile: PakFile PrimaryIndexSize=182
[2022.12.09-12.23.24:462][  0]LogPakFile: PakFile PathHashIndexSize=101
[2022.12.09-12.23.24:462][  0]LogPakFile: PakFile FullDirectoryIndexSize=138
[2022.12.09-12.23.24:463][  0]LogShaderLibrary: Display: ShaderCodeLibraryPakFileMountedCallback: PakFile 'D:/EPIC/UE_4.27/FeaturePacks/TP_Flying.upack' (chunk index -1, root 'root:/') mounted
[2022.12.09-12.23.24:463][  0]LogShaderLibrary: Display: ShaderCodeLibraryPakFileMountedCallback: pending pak file info (ChunkID:-1 Root:root:/ File:D:/EPIC/UE_4.27/FeaturePacks/TP_Flying.upack)
[2022.12.09-12.23.24:463][  0]LogPakFile: OnPakFileMounted2Time == 0.000210
[2022.12.09-12.23.24:464][  0]LogPakFile: PakFile PrimaryIndexSize=184
[2022.12.09-12.23.24:464][  0]LogPakFile: PakFile PathHashIndexSize=101
[2022.12.09-12.23.24:464][  0]LogPakFile: PakFile FullDirectoryIndexSize=142
[2022.12.09-12.23.24:464][  0]LogShaderLibrary: Display: ShaderCodeLibraryPakFileMountedCallback: PakFile 'D:/EPIC/UE_4.27/FeaturePacks/TP_FlyingBP.upack' (chunk index -1, root 'root:/') mounted
[2022.12.09-12.23.24:464][  0]LogShaderLibrary: Display: ShaderCodeLibraryPakFileMountedCallback: pending pak file info (ChunkID:-1 Root:root:/ File:D:/EPIC/UE_4.27/FeaturePacks/TP_FlyingBP.upack)
[2022.12.09-12.23.24:464][  0]LogPakFile: OnPakFileMounted2Time == 0.000273
[2022.12.09-12.23.24:465][  0]LogPakFile: PakFile PrimaryIndexSize=188
[2022.12.09-12.23.24:465][  0]LogPakFile: PakFile PathHashIndexSize=101
[2022.12.09-12.23.24:465][  0]LogPakFile: PakFile FullDirectoryIndexSize=150
[2022.12.09-12.23.24:465][  0]LogShaderLibrary: Display: ShaderCodeLibraryPakFileMountedCallback: PakFile 'D:/EPIC/UE_4.27/FeaturePacks/TP_HandheldARBP.upack' (chunk index -1, root 'root:/') mounted
[2022.12.09-12.23.24:465][  0]LogShaderLibrary: Display: ShaderCodeLibraryPakFileMountedCallback: pending pak file info (ChunkID:-1 Root:root:/ File:D:/EPIC/UE_4.27/FeaturePacks/TP_HandheldARBP.upack)
[2022.12.09-12.23.24:465][  0]LogPakFile: OnPakFileMounted2Time == 0.000207
[2022.12.09-12.23.24:466][  0]LogPakFile: PakFile PrimaryIndexSize=182
[2022.12.09-12.23.24:466][  0]LogPakFile: PakFile PathHashIndexSize=101
[2022.12.09-12.23.24:466][  0]LogPakFile: PakFile FullDirectoryIndexSize=138
[2022.12.09-12.23.24:466][  0]LogShaderLibrary: Display: ShaderCodeLibraryPakFileMountedCallback: PakFile 'D:/EPIC/UE_4.27/FeaturePacks/TP_Puzzle.upack' (chunk index -1, root 'root:/') mounted
[2022.12.09-12.23.24:466][  0]LogShaderLibrary: Display: ShaderCodeLibraryPakFileMountedCallback: pending pak file info (ChunkID:-1 Root:root:/ File:D:/EPIC/UE_4.27/FeaturePacks/TP_Puzzle.upack)
[2022.12.09-12.23.24:467][  0]LogPakFile: OnPakFileMounted2Time == 0.000247
[2022.12.09-12.23.24:467][  0]LogPakFile: PakFile PrimaryIndexSize=184
[2022.12.09-12.23.24:467][  0]LogPakFile: PakFile PathHashIndexSize=101
[2022.12.09-12.23.24:467][  0]LogPakFile: PakFile FullDirectoryIndexSize=142
[2022.12.09-12.23.24:467][  0]LogShaderLibrary: Display: ShaderCodeLibraryPakFileMountedCallback: PakFile 'D:/EPIC/UE_4.27/FeaturePacks/TP_PuzzleBP.upack' (chunk index -1, root 'root:/') mounted
[2022.12.09-12.23.24:468][  0]LogShaderLibrary: Display: ShaderCodeLibraryPakFileMountedCallback: pending pak file info (ChunkID:-1 Root:root:/ File:D:/EPIC/UE_4.27/FeaturePacks/TP_PuzzleBP.upack)
[2022.12.09-12.23.24:468][  0]LogPakFile: OnPakFileMounted2Time == 0.000231
[2022.12.09-12.23.24:468][  0]LogPakFile: PakFile PrimaryIndexSize=183
[2022.12.09-12.23.24:468][  0]LogPakFile: PakFile PathHashIndexSize=101
[2022.12.09-12.23.24:468][  0]LogPakFile: PakFile FullDirectoryIndexSize=140
[2022.12.09-12.23.24:468][  0]LogShaderLibrary: Display: ShaderCodeLibraryPakFileMountedCallback: PakFile 'D:/EPIC/UE_4.27/FeaturePacks/TP_Rolling.upack' (chunk index -1, root 'root:/') mounted
[2022.12.09-12.23.24:469][  0]LogShaderLibrary: Display: ShaderCodeLibraryPakFileMountedCallback: pending pak file info (ChunkID:-1 Root:root:/ File:D:/EPIC/UE_4.27/FeaturePacks/TP_Rolling.upack)
[2022.12.09-12.23.24:469][  0]LogPakFile: OnPakFileMounted2Time == 0.000209
[2022.12.09-12.23.24:469][  0]LogPakFile: PakFile PrimaryIndexSize=185
[2022.12.09-12.23.24:469][  0]LogPakFile: PakFile PathHashIndexSize=101
[2022.12.09-12.23.24:469][  0]LogPakFile: PakFile FullDirectoryIndexSize=144
[2022.12.09-12.23.24:469][  0]LogShaderLibrary: Display: ShaderCodeLibraryPakFileMountedCallback: PakFile 'D:/EPIC/UE_4.27/FeaturePacks/TP_RollingBP.upack' (chunk index -1, root 'root:/') mounted
[2022.12.09-12.23.24:470][  0]LogShaderLibrary: Display: ShaderCodeLibraryPakFileMountedCallback: pending pak file info (ChunkID:-1 Root:root:/ File:D:/EPIC/UE_4.27/FeaturePacks/TP_RollingBP.upack)
[2022.12.09-12.23.24:470][  0]LogPakFile: OnPakFileMounted2Time == 0.000270
[2022.12.09-12.23.24:470][  0]LogPakFile: PakFile PrimaryIndexSize=188
[2022.12.09-12.23.24:470][  0]LogPakFile: PakFile PathHashIndexSize=101
[2022.12.09-12.23.24:470][  0]LogPakFile: PakFile FullDirectoryIndexSize=150
[2022.12.09-12.23.24:471][  0]LogShaderLibrary: Display: ShaderCodeLibraryPakFileMountedCallback: PakFile 'D:/EPIC/UE_4.27/FeaturePacks/TP_SideScroller.upack' (chunk index -1, root 'root:/') mounted
[2022.12.09-12.23.24:471][  0]LogShaderLibrary: Display: ShaderCodeLibraryPakFileMountedCallback: pending pak file info (ChunkID:-1 Root:root:/ File:D:/EPIC/UE_4.27/FeaturePacks/TP_SideScroller.upack)
[2022.12.09-12.23.24:471][  0]LogPakFile: OnPakFileMounted2Time == 0.000258
[2022.12.09-12.23.24:471][  0]LogPakFile: PakFile PrimaryIndexSize=190
[2022.12.09-12.23.24:471][  0]LogPakFile: PakFile PathHashIndexSize=101
[2022.12.09-12.23.24:471][  0]LogPakFile: PakFile FullDirectoryIndexSize=154
[2022.12.09-12.23.24:472][  0]LogShaderLibrary: Display: ShaderCodeLibraryPakFileMountedCallback: PakFile 'D:/EPIC/UE_4.27/FeaturePacks/TP_SideScrollerBP.upack' (chunk index -1, root 'root:/') mounted
[2022.12.09-12.23.24:472][  0]LogShaderLibrary: Display: ShaderCodeLibraryPakFileMountedCallback: pending pak file info (ChunkID:-1 Root:root:/ File:D:/EPIC/UE_4.27/FeaturePacks/TP_SideScrollerBP.upack)
[2022.12.09-12.23.24:472][  0]LogPakFile: OnPakFileMounted2Time == 0.000305
[2022.12.09-12.23.24:472][  0]LogPakFile: PakFile PrimaryIndexSize=187
[2022.12.09-12.23.24:472][  0]LogPakFile: PakFile PathHashIndexSize=101
[2022.12.09-12.23.24:472][  0]LogPakFile: PakFile FullDirectoryIndexSize=148
[2022.12.09-12.23.24:472][  0]LogShaderLibrary: Display: ShaderCodeLibraryPakFileMountedCallback: PakFile 'D:/EPIC/UE_4.27/FeaturePacks/TP_ThirdPerson.upack' (chunk index -1, root 'root:/') mounted
[2022.12.09-12.23.24:472][  0]LogShaderLibrary: Display: ShaderCodeLibraryPakFileMountedCallback: pending pak file info (ChunkID:-1 Root:root:/ File:D:/EPIC/UE_4.27/FeaturePacks/TP_ThirdPerson.upack)
[2022.12.09-12.23.24:472][  0]LogPakFile: OnPakFileMounted2Time == 0.000192
[2022.12.09-12.23.24:473][  0]LogPakFile: PakFile PrimaryIndexSize=189
[2022.12.09-12.23.24:473][  0]LogPakFile: PakFile PathHashIndexSize=101
[2022.12.09-12.23.24:473][  0]LogPakFile: PakFile FullDirectoryIndexSize=152
[2022.12.09-12.23.24:474][  0]LogShaderLibrary: Display: ShaderCodeLibraryPakFileMountedCallback: PakFile 'D:/EPIC/UE_4.27/FeaturePacks/TP_ThirdPersonBP.upack' (chunk index -1, root 'root:/') mounted
[2022.12.09-12.23.24:474][  0]LogShaderLibrary: Display: ShaderCodeLibraryPakFileMountedCallback: pending pak file info (ChunkID:-1 Root:root:/ File:D:/EPIC/UE_4.27/FeaturePacks/TP_ThirdPersonBP.upack)
[2022.12.09-12.23.24:474][  0]LogPakFile: OnPakFileMounted2Time == 0.000237
[2022.12.09-12.23.24:474][  0]LogPakFile: PakFile PrimaryIndexSize=183
[2022.12.09-12.23.24:474][  0]LogPakFile: PakFile PathHashIndexSize=101
[2022.12.09-12.23.24:474][  0]LogPakFile: PakFile FullDirectoryIndexSize=140
[2022.12.09-12.23.24:474][  0]LogShaderLibrary: Display: ShaderCodeLibraryPakFileMountedCallback: PakFile 'D:/EPIC/UE_4.27/FeaturePacks/TP_TopDown.upack' (chunk index -1, root 'root:/') mounted
[2022.12.09-12.23.24:475][  0]LogShaderLibrary: Display: ShaderCodeLibraryPakFileMountedCallback: pending pak file info (ChunkID:-1 Root:root:/ File:D:/EPIC/UE_4.27/FeaturePacks/TP_TopDown.upack)
[2022.12.09-12.23.24:475][  0]LogPakFile: OnPakFileMounted2Time == 0.000281
[2022.12.09-12.23.24:475][  0]LogPakFile: PakFile PrimaryIndexSize=185
[2022.12.09-12.23.24:475][  0]LogPakFile: PakFile PathHashIndexSize=101
[2022.12.09-12.23.24:475][  0]LogPakFile: PakFile FullDirectoryIndexSize=144
[2022.12.09-12.23.24:476][  0]LogShaderLibrary: Display: ShaderCodeLibraryPakFileMountedCallback: PakFile 'D:/EPIC/UE_4.27/FeaturePacks/TP_TopDownBP.upack' (chunk index -1, root 'root:/') mounted
[2022.12.09-12.23.24:476][  0]LogShaderLibrary: Display: ShaderCodeLibraryPakFileMountedCallback: pending pak file info (ChunkID:-1 Root:root:/ File:D:/EPIC/UE_4.27/FeaturePacks/TP_TopDownBP.upack)
[2022.12.09-12.23.24:476][  0]LogPakFile: OnPakFileMounted2Time == 0.000297
[2022.12.09-12.23.24:476][  0]LogPakFile: PakFile PrimaryIndexSize=185
[2022.12.09-12.23.24:476][  0]LogPakFile: PakFile PathHashIndexSize=101
[2022.12.09-12.23.24:477][  0]LogPakFile: PakFile FullDirectoryIndexSize=144
[2022.12.09-12.23.24:477][  0]LogShaderLibrary: Display: ShaderCodeLibraryPakFileMountedCallback: PakFile 'D:/EPIC/UE_4.27/FeaturePacks/TP_TwinStick.upack' (chunk index -1, root 'root:/') mounted
[2022.12.09-12.23.24:477][  0]LogShaderLibrary: Display: ShaderCodeLibraryPakFileMountedCallback: pending pak file info (ChunkID:-1 Root:root:/ File:D:/EPIC/UE_4.27/FeaturePacks/TP_TwinStick.upack)
[2022.12.09-12.23.24:477][  0]LogPakFile: OnPakFileMounted2Time == 0.000279
[2022.12.09-12.23.24:477][  0]LogPakFile: PakFile PrimaryIndexSize=187
[2022.12.09-12.23.24:477][  0]LogPakFile: PakFile PathHashIndexSize=101
[2022.12.09-12.23.24:478][  0]LogPakFile: PakFile FullDirectoryIndexSize=148
[2022.12.09-12.23.24:478][  0]LogShaderLibrary: Display: ShaderCodeLibraryPakFileMountedCallback: PakFile 'D:/EPIC/UE_4.27/FeaturePacks/TP_TwinStickBP.upack' (chunk index -1, root 'root:/') mounted
[2022.12.09-12.23.24:478][  0]LogShaderLibrary: Display: ShaderCodeLibraryPakFileMountedCallback: pending pak file info (ChunkID:-1 Root:root:/ File:D:/EPIC/UE_4.27/FeaturePacks/TP_TwinStickBP.upack)
[2022.12.09-12.23.24:478][  0]LogPakFile: OnPakFileMounted2Time == 0.000253
[2022.12.09-12.23.24:478][  0]LogPakFile: PakFile PrimaryIndexSize=183
[2022.12.09-12.23.24:479][  0]LogPakFile: PakFile PathHashIndexSize=101
[2022.12.09-12.23.24:479][  0]LogPakFile: PakFile FullDirectoryIndexSize=140
[2022.12.09-12.23.24:479][  0]LogShaderLibrary: Display: ShaderCodeLibraryPakFileMountedCallback: PakFile 'D:/EPIC/UE_4.27/FeaturePacks/TP_Vehicle.upack' (chunk index -1, root 'root:/') mounted
[2022.12.09-12.23.24:479][  0]LogShaderLibrary: Display: ShaderCodeLibraryPakFileMountedCallback: pending pak file info (ChunkID:-1 Root:root:/ File:D:/EPIC/UE_4.27/FeaturePacks/TP_Vehicle.upack)
[2022.12.09-12.23.24:479][  0]LogPakFile: OnPakFileMounted2Time == 0.000187
[2022.12.09-12.23.24:479][  0]LogPakFile: PakFile PrimaryIndexSize=186
[2022.12.09-12.23.24:479][  0]LogPakFile: PakFile PathHashIndexSize=101
[2022.12.09-12.23.24:479][  0]LogPakFile: PakFile FullDirectoryIndexSize=146
[2022.12.09-12.23.24:479][  0]LogShaderLibrary: Display: ShaderCodeLibraryPakFileMountedCallback: PakFile 'D:/EPIC/UE_4.27/FeaturePacks/TP_VehicleAdv.upack' (chunk index -1, root 'root:/') mounted
[2022.12.09-12.23.24:479][  0]LogShaderLibrary: Display: ShaderCodeLibraryPakFileMountedCallback: pending pak file info (ChunkID:-1 Root:root:/ File:D:/EPIC/UE_4.27/FeaturePacks/TP_VehicleAdv.upack)
[2022.12.09-12.23.24:479][  0]LogPakFile: OnPakFileMounted2Time == 0.000223
[2022.12.09-12.23.24:480][  0]LogPakFile: PakFile PrimaryIndexSize=188
[2022.12.09-12.23.24:481][  0]LogPakFile: PakFile PathHashIndexSize=101
[2022.12.09-12.23.24:481][  0]LogPakFile: PakFile FullDirectoryIndexSize=150
[2022.12.09-12.23.24:481][  0]LogShaderLibrary: Display: ShaderCodeLibraryPakFileMountedCallback: PakFile 'D:/EPIC/UE_4.27/FeaturePacks/TP_VehicleAdvBP.upack' (chunk index -1, root 'root:/') mounted
[2022.12.09-12.23.24:481][  0]LogShaderLibrary: Display: ShaderCodeLibraryPakFileMountedCallback: pending pak file info (ChunkID:-1 Root:root:/ File:D:/EPIC/UE_4.27/FeaturePacks/TP_VehicleAdvBP.upack)
[2022.12.09-12.23.24:481][  0]LogPakFile: OnPakFileMounted2Time == 0.000226
[2022.12.09-12.23.24:482][  0]LogPakFile: PakFile PrimaryIndexSize=185
[2022.12.09-12.23.24:482][  0]LogPakFile: PakFile PathHashIndexSize=101
[2022.12.09-12.23.24:482][  0]LogPakFile: PakFile FullDirectoryIndexSize=144
[2022.12.09-12.23.24:482][  0]LogShaderLibrary: Display: ShaderCodeLibraryPakFileMountedCallback: PakFile 'D:/EPIC/UE_4.27/FeaturePacks/TP_VehicleBP.upack' (chunk index -1, root 'root:/') mounted
[2022.12.09-12.23.24:482][  0]LogShaderLibrary: Display: ShaderCodeLibraryPakFileMountedCallback: pending pak file info (ChunkID:-1 Root:root:/ File:D:/EPIC/UE_4.27/FeaturePacks/TP_VehicleBP.upack)
[2022.12.09-12.23.24:482][  0]LogPakFile: OnPakFileMounted2Time == 0.000254
[2022.12.09-12.23.24:482][  0]LogPakFile: PakFile PrimaryIndexSize=192
[2022.12.09-12.23.24:482][  0]LogPakFile: PakFile PathHashIndexSize=101
[2022.12.09-12.23.24:482][  0]LogPakFile: PakFile FullDirectoryIndexSize=158
[2022.12.09-12.23.24:482][  0]LogShaderLibrary: Display: ShaderCodeLibraryPakFileMountedCallback: PakFile 'D:/EPIC/UE_4.27/FeaturePacks/TP_VirtualRealityBP.upack' (chunk index -1, root 'root:/') mounted
[2022.12.09-12.23.24:483][  0]LogShaderLibrary: Display: ShaderCodeLibraryPakFileMountedCallback: pending pak file info (ChunkID:-1 Root:root:/ File:D:/EPIC/UE_4.27/FeaturePacks/TP_VirtualRealityBP.upack)
[2022.12.09-12.23.24:483][  0]LogPakFile: OnPakFileMounted2Time == 0.000275
[2022.12.09-12.23.24:509][  0]LogNativeClassHierarchy: Verbose: Native class hierarchy updated for 'AddContentDialog' in 0.0003 seconds. Added 0 classes and 0 folders.
[2022.12.09-12.23.24:510][  0]LogNativeClassHierarchy: Verbose: Native class hierarchy updated for 'SceneOutliner' in 0.0002 seconds. Added 2 classes and 0 folders.
[2022.12.09-12.23.24:539][  0]LogNativeClassHierarchy: Verbose: Native class hierarchy updated for 'HierarchicalLODOutliner' in 0.0003 seconds. Added 0 classes and 0 folders.
[2022.12.09-12.23.24:540][  0]LogLoad: (Engine Initialization) Total time: 8.66 seconds
[2022.12.09-12.23.24:540][  0]LogLoad: (Engine Initialization) Total Blueprint compile time: 0.00 seconds
[2022.12.09-12.23.24:588][  0]LogAssetRegistry: Asset discovery search completed in 3.9396 seconds
[2022.12.09-12.23.24:592][  0]LogCollectionManager: Fixed up redirectors for 0 collections in 0.000003 seconds (updated 0 objects)
[2022.12.09-12.23.24:594][  0]LogContentStreaming: Texture pool size now 1000 MB
[2022.12.09-12.23.24:601][  0]LogSlate: Took 0.000143 seconds to synchronously load lazily loaded font '../../../Engine/Content/Slate/Fonts/Roboto-Regular.ttf' (155K)
[2022.12.09-12.23.24:602][  0]LogSlate: Took 0.000090 seconds to synchronously load lazily loaded font '../../../Engine/Content/Editor/Slate/Fonts/FontAwesome.ttf' (139K)
[2022.12.09-12.23.24:604][  0]LogSlate: Took 0.000149 seconds to synchronously load lazily loaded font '../../../Engine/Content/Slate/Fonts/Roboto-Bold.ttf' (160K)
[2022.12.09-12.23.24:681][  1]LogRenderer: Reallocating scene render targets to support 1016x360 Format 10 NumSamples 1 (Frame:1).
[2022.12.09-12.23.24:922][  6]LogRenderer: Reallocating scene render targets to support 1016x512 Format 10 NumSamples 1 (Frame:3).
[2022.12.09-12.23.30:594][572]LogRenderer: Reallocating scene render targets to support 1520x1292 Format 10 NumSamples 1 (Frame:574).
[2022.12.09-12.23.32:805][706]LogTemp: Repeating last play command: Selected Viewport
[2022.12.09-12.23.32:811][706]LogPlayLevel: PlayLevel: No blueprints needed recompiling
[2022.12.09-12.23.32:811][706]PIE: New page: PIE session: Minimal_Default (9 Dec 2022, 14:23:32)
[2022.12.09-12.23.32:813][706]LogOnline: OSS: Creating online subsystem instance for: NULL
[2022.12.09-12.23.32:816][706]LogOnline: OSS: TryLoadSubsystemAndSetDefault: Loaded subsystem for module [NULL]
[2022.12.09-12.23.32:816][706]LogPlayLevel: Creating play world package: /Game/StarterContent/Maps/UEDPIE_0_Minimal_Default
[2022.12.09-12.23.32:820][706]LogPlayLevel: PIE: StaticDuplicateObject took: (0.003276s)
[2022.12.09-12.23.32:820][706]LogAIModule: Creating AISystem for world Minimal_Default
[2022.12.09-12.23.32:821][706]LogPlayLevel: PIE: World Init took: (0.001291s)
[2022.12.09-12.23.32:822][706]LogPlayLevel: PIE: Created PIE world by copying editor world from /Game/StarterContent/Maps/Minimal_Default.Minimal_Default to /Game/StarterContent/Maps/UEDPIE_0_Minimal_Default.Minimal_Default (0.005138s)
[2022.12.09-12.23.32:827][706]LogUObjectHash: Compacting FUObjectHashTables data took   0.66ms
[2022.12.09-12.23.32:828][706]LogAudio: Display: Creating Audio Device:                 Id: 2, Scope: Unique, Realtime: True
[2022.12.09-12.23.32:828][706]LogAudioMixer: Display: Audio Mixer Platform Settings:
[2022.12.09-12.23.32:828][706]LogAudioMixer: Display: 	Sample Rate:						  48000
[2022.12.09-12.23.32:828][706]LogAudioMixer: Display: 	Callback Buffer Frame Size Requested: 1024
[2022.12.09-12.23.32:828][706]LogAudioMixer: Display: 	Callback Buffer Frame Size To Use:	  1024
[2022.12.09-12.23.32:829][706]LogAudioMixer: Display: 	Number of buffers to queue:			  2
[2022.12.09-12.23.32:829][706]LogAudioMixer: Display: 	Max Channels (voices):				  32
[2022.12.09-12.23.32:829][706]LogAudioMixer: Display: 	Number of Async Source Workers:		  0
[2022.12.09-12.23.32:829][706]LogAudio: Display: AudioDevice MaxSources: 32
[2022.12.09-12.23.32:829][706]LogAudio: Display: Audio Spatialization Plugin: None (built-in).
[2022.12.09-12.23.32:830][706]LogAudio: Display: Audio Reverb Plugin: None (built-in).
[2022.12.09-12.23.32:830][706]LogAudio: Display: Audio Occlusion Plugin: None (built-in).
[2022.12.09-12.23.32:830][706]LogAudioMixer: Display: Initializing audio mixer.
[2022.12.09-12.23.32:834][706]LogAudioMixer: Display: 0: FrontLeft
[2022.12.09-12.23.32:835][706]LogAudioMixer: Display: 1: FrontRight
[2022.12.09-12.23.32:844][706]LogAudioMixer: Display: Using Audio Device Speakers (Razer Nommo Pro)
[2022.12.09-12.23.32:844][706]LogAudioMixer: Display: Initializing Sound Submixes...
[2022.12.09-12.23.32:844][706]LogAudioMixer: Display: Creating Master Submix 'MasterSubmixDefault'
[2022.12.09-12.23.32:844][706]LogAudioMixer: Display: Creating Master Submix 'MasterReverbSubmixDefault'
[2022.12.09-12.23.32:845][706]LogAudioMixer: Display: Creating Master Submix 'MasterEQSubmixDefault'
[2022.12.09-12.23.32:845][706]LogAudioMixer: FMixerPlatformXAudio2::StartAudioStream() called
[2022.12.09-12.23.32:845][706]LogAudioMixer: Display: Output buffers initialized: Frames=1024, Channels=2, Samples=2048
[2022.12.09-12.23.32:848][706]LogAudioMixer: Display: Starting AudioMixerPlatformInterface::RunInternal()
[2022.12.09-12.23.32:848][706]LogAudioMixer: Display: FMixerPlatformXAudio2::SubmitBuffer() called for the first time
[2022.12.09-12.23.32:848][706]LogInit: FAudioDevice initialized.
[2022.12.09-12.23.32:848][706]LogAudio: Display: Audio Device (ID: 2) registered with world 'Minimal_Default'.
[2022.12.09-12.23.32:861][706]LogLoad: Game class is 'GameModeBase'
[2022.12.09-12.23.32:862][706]LogWorld: Bringing World /Game/StarterContent/Maps/UEDPIE_0_Minimal_Default.Minimal_Default up for play (max tick rate 0) at 2022.12.09-13.23.32
[2022.12.09-12.23.32:863][706]LogWorld: Bringing up level for play took: 0.001363
[2022.12.09-12.23.32:863][706]LogOnline: OSS: Creating online subsystem instance for: :Context_3
[2022.12.09-12.23.32:867][706]LogNativeClassHierarchy: Verbose: Native class hierarchy updated for 'MovieSceneCapture' in 0.0004 seconds. Added 20 classes and 0 folders.
[2022.12.09-12.23.32:868][706]PIE: Server logged in
[2022.12.09-12.23.32:870][706]PIE: Play in editor total start time 0.06 seconds.
[2022.12.09-12.23.35:725][ 40]LogSlate: Updating window title bar state: overlay mode, drag disabled, window buttons hidden, title bar hidden
[2022.12.09-12.23.35:725][ 40]LogWorld: BeginTearingDown for /Game/StarterContent/Maps/UEDPIE_0_Minimal_Default
[2022.12.09-12.23.35:726][ 40]LogWorld: UWorld::CleanupWorld for Minimal_Default, bSessionEnded=true, bCleanupResources=true
[2022.12.09-12.23.35:726][ 40]LogSlate: InvalidateAllWidgets triggered.  All widgets were invalidated
[2022.12.09-12.23.35:736][ 40]LogPlayLevel: Display: Shutting down PIE online subsystems
[2022.12.09-12.23.35:738][ 40]LogSlate: InvalidateAllWidgets triggered.  All widgets were invalidated
[2022.12.09-12.23.35:742][ 40]LogAudio: Display: Audio Device unregistered from world 'None'.
[2022.12.09-12.23.35:742][ 40]LogAudioMixer: FMixerPlatformXAudio2::StopAudioStream() called
[2022.12.09-12.23.35:744][ 40]LogAudioMixer: FMixerPlatformXAudio2::StopAudioStream() called
[2022.12.09-12.23.35:747][ 40]LogSlate: Updating window title bar state: overlay mode, drag disabled, window buttons hidden, title bar hidden
[2022.12.09-12.23.35:749][ 40]LogUObjectHash: Compacting FUObjectHashTables data took   0.64ms
[2022.12.09-12.23.35:802][ 42]LogPlayLevel: Display: Destroying online subsystem :Context_3
