Log file open, 12/09/22 13:22:44
LogWindows: Failed to load 'aqProf.dll' (GetLastError=126)
LogWindows: File 'aqProf.dll' does not exist
LogWindows: Failed to load 'VtuneApi.dll' (GetLastError=126)
LogWindows: File 'VtuneApi.dll' does not exist
LogWindows: Failed to load 'VtuneApi32e.dll' (GetLastError=126)
LogWindows: File 'VtuneApi32e.dll' does not exist
LogConsoleResponse: Display: Failed to find resolution value strings in scalability ini. Falling back to default.
LogConsoleResponse: Display: Failed to find resolution value strings in scalability ini. Falling back to default.
LogInit: Display: Running engine for game: EscapeKart
LogPlatformFile: Not using cached read wrapper
LogTaskGraph: Started task graph with 5 named threads and 71 total threads with 3 sets of task threads.
LogStats: Stats thread started at 0.338922
LogICUInternationalization: ICU TimeZone Detection - Raw Offset: +1:00, Platform Override: ''
LogInit: Display: Loading text-based GConfig....
LogPluginManager: Mounting plugin MeshPainting
LogPluginManager: Mounting plugin XGEController
LogPluginManager: Mounting plugin Paper2D
LogPluginManager: Mounting plugin AISupport
LogPluginManager: Mounting plugin EnvironmentQueryEditor
LogPluginManager: Mounting plugin CameraShakePreviewer
LogPluginManager: Mounting plugin LightPropagationVolume
LogPluginManager: Mounting plugin GameplayCameras
LogPluginManager: Mounting plugin LiveLink
LogPluginManager: Mounting plugin AnimationSharing
LogPluginManager: Mounting plugin GitSourceControl
LogPluginManager: Mounting plugin CodeLiteSourceCodeAccess
LogPluginManager: Mounting plugin CLionSourceCodeAccess
LogPluginManager: Mounting plugin PerforceSourceControl
LogPluginManager: Mounting plugin PixWinPlugin
LogPluginManager: Mounting plugin PluginUtils
LogPluginManager: Mounting plugin PlasticSourceControl
LogPluginManager: Mounting plugin PropertyAccessNode
LogPluginManager: Mounting plugin KDevelopSourceCodeAccess
LogPluginManager: Mounting plugin NullSourceCodeAccess
LogPluginManager: Mounting plugin TextureFormatOodle
LogPluginManager: Mounting plugin XCodeSourceCodeAccess
LogPluginManager: Mounting plugin VisualStudioCodeSourceCodeAccess
LogPluginManager: Mounting plugin SubversionSourceControl
LogPluginManager: Mounting plugin RiderSourceCodeAccess
LogPluginManager: Mounting plugin OodleData
LogPluginManager: Mounting plugin DatasmithContent
LogPluginManager: Mounting plugin OodleNetwork
LogPluginManager: Mounting plugin AssetManagerEditor
LogPluginManager: Mounting plugin VariantManagerContent
LogPluginManager: Mounting plugin UObjectPlugin
LogPluginManager: Mounting plugin Niagara
LogPluginManager: Mounting plugin VisualStudioSourceCodeAccess
LogPluginManager: Mounting plugin AlembicImporter
LogPluginManager: Mounting plugin ChaosClothEditor
LogPluginManager: Mounting plugin ChaosCloth
LogPluginManager: Mounting plugin AutomationUtils
LogPluginManager: Mounting plugin ChaosNiagara
LogPluginManager: Mounting plugin ChaosSolverPlugin
LogPluginManager: Mounting plugin BackChannel
LogPluginManager: Mounting plugin MagicLeap
LogPluginManager: Mounting plugin MagicLeapLightEstimation
LogPluginManager: Mounting plugin MagicLeapPassableWorld
LogPluginManager: Mounting plugin MagicLeapMedia
LogPluginManager: Mounting plugin ChaosEditor
LogPluginManager: Mounting plugin UdpMessaging
LogPluginManager: Mounting plugin MLSDK
LogPluginManager: Mounting plugin CryptoKeys
LogPluginManager: Mounting plugin GameplayTagsEditor
LogPluginManager: Mounting plugin MacGraphicsSwitching
LogPluginManager: Mounting plugin ActorSequence
LogPluginManager: Mounting plugin TcpMessaging
LogPluginManager: Mounting plugin LuminPlatformFeatures
LogPluginManager: Mounting plugin GeometryMode
LogPluginManager: Mounting plugin SpeedTreeImporter
LogPluginManager: Mounting plugin MobileLauncherProfileWizard
LogPluginManager: Mounting plugin FacialAnimation
LogPluginManager: Mounting plugin PluginBrowser
LogPluginManager: Mounting plugin MaterialAnalyzer
LogPluginManager: Mounting plugin LevelSequenceEditor
LogPluginManager: Mounting plugin CurveEditorTools
LogPluginManager: Mounting plugin TemplateSequence
LogPluginManager: Mounting plugin MatineeToLevelSequence
LogPluginManager: Mounting plugin OnlineSubsystem
LogPluginManager: Mounting plugin OnlineSubsystemNull
LogPluginManager: Mounting plugin DataValidation
LogPluginManager: Mounting plugin OnlineSubsystemUtils
LogPluginManager: Mounting plugin ActorLayerUtilities
LogPluginManager: Mounting plugin AndroidMedia
LogPluginManager: Mounting plugin AndroidDeviceProfileSelector
LogPluginManager: Mounting plugin AndroidPermission
LogPluginManager: Mounting plugin AndroidMoviePlayer
LogPluginManager: Mounting plugin AppleImageUtils
LogPluginManager: Mounting plugin AppleMoviePlayer
LogPluginManager: Mounting plugin AssetTags
LogPluginManager: Mounting plugin AvfMedia
LogPluginManager: Mounting plugin ArchVisCharacter
LogPluginManager: Mounting plugin AudioSynesthesia
LogPluginManager: Mounting plugin AudioCapture
LogPluginManager: Mounting plugin CableComponent
LogPluginManager: Mounting plugin CustomMeshComponent
LogPluginManager: Mounting plugin ChunkDownloader
LogPluginManager: Mounting plugin EditableMesh
LogPluginManager: Mounting plugin ExampleDeviceProfileSelector
LogPluginManager: Mounting plugin ImgMedia
LogPluginManager: Mounting plugin LauncherChunkInstaller
LogPluginManager: Mounting plugin MediaCompositing
LogPluginManager: Mounting plugin MediaPlayerEditor
LogPluginManager: Mounting plugin WebMMedia
LogPluginManager: Mounting plugin WmfMedia
LogPluginManager: Mounting plugin ScreenshotTools
LogPluginManager: Mounting plugin GoogleCloudMessaging
LogPluginManager: Mounting plugin GooglePAD
LogPluginManager: Mounting plugin IOSDeviceProfileSelector
LogPluginManager: Mounting plugin LinuxDeviceProfileSelector
LogPluginManager: Mounting plugin LocationServicesBPLibrary
LogPluginManager: Mounting plugin MobilePatchingUtils
LogPluginManager: Mounting plugin OpenXR
LogPluginManager: Mounting plugin OpenXREyeTracker
LogPluginManager: Mounting plugin OpenXRHandTracking
LogPluginManager: Mounting plugin PhysXVehicles
LogPluginManager: Mounting plugin PostSplashScreen
LogPluginManager: Mounting plugin ProceduralMeshComponent
LogPluginManager: Mounting plugin PropertyAccessEditor
LogPluginManager: Mounting plugin RuntimePhysXCooking
LogPluginManager: Mounting plugin SignificanceManager
LogPluginManager: Mounting plugin SoundFields
LogPluginManager: Mounting plugin Synthesis
LogPluginManager: Mounting plugin Takes
LogPluginManager: Mounting plugin WebMMoviePlayer
LogPluginManager: Mounting plugin CharacterAI
LogPluginManager: Mounting plugin WindowsMoviePlayer
LogPluginManager: Mounting plugin GeometryCache
LogPluginManager: Mounting plugin GeometryCollectionPlugin
LogPluginManager: Mounting plugin GeometryProcessing
LogPluginManager: Mounting plugin OpenImageDenoise
LogPluginManager: Mounting plugin MotoSynth
LogPluginManager: Mounting plugin PlanarCut
LogPluginManager: Mounting plugin PlatformCrypto
LogPluginManager: Mounting plugin ProxyLODPlugin
LogPluginManager: Mounting plugin PythonScriptPlugin
LogPluginManager: Mounting plugin SkeletalReduction
LogPluginManager: Mounting plugin ContentBrowserAssetDataSource
LogPluginManager: Mounting plugin ContentBrowserClassDataSource
LogPluginManager: Mounting plugin ContentBrowserFileDataSource
LogPluginManager: Mounting plugin OnlineSubsystemIOS
LogPluginManager: Mounting plugin OnlineSubsystemGooglePlay
LogPluginManager: Mounting plugin OculusVR
PixWinPlugin: PIX capture plugin failed to initialize! Check that the process is launched from PIX.
LogInit: Using libcurl 7.55.1-DEV
LogInit:  - built for x86_64-pc-win32
LogInit:  - supports SSL with OpenSSL/1.1.1
LogInit:  - supports HTTP deflate (compression) using libz 1.2.8
LogInit:  - other features:
LogInit:      CURL_VERSION_SSL
LogInit:      CURL_VERSION_LIBZ
LogInit:      CURL_VERSION_IPV6
LogInit:      CURL_VERSION_ASYNCHDNS
LogInit:      CURL_VERSION_LARGEFILE
LogInit:      CURL_VERSION_IDN
LogInit:  CurlRequestOptions (configurable via config and command line):
LogInit:  - bVerifyPeer = true  - Libcurl will verify peer certificate
LogInit:  - bUseHttpProxy = false  - Libcurl will NOT use HTTP proxy
LogInit:  - bDontReuseConnections = false  - Libcurl will reuse connections
LogInit:  - MaxHostConnections = 16  - Libcurl will limit the number of connections to a host
LogInit:  - LocalHostAddr = Default
LogInit:  - BufferSize = 65536
LogOnline: OSS: Creating online subsystem instance for: NULL
LogInit: WinSock: version 1.1 (2.2), MaxSocks=32767, MaxUdp=65467
LogOnline: OSS: TryLoadSubsystemAndSetDefault: Loaded subsystem for module [NULL]
LogOculusPluginWrapper: OculusPlugin initialized successfully
LogHMD: Failed initializing OVRPlugin 1.59.0
LogInit: Build: ++UE4+Release-4.27-CL-18319896
LogInit: Engine Version: 4.27.2-18319896+++UE4+Release-4.27
LogInit: Compatible Engine Version: 4.27.0-17155196+++UE4+Release-4.27
LogInit: Net CL: 17155196
LogInit: OS: Windows 10 (Release 2009) (), CPU: AMD Ryzen 9 3900X 12-Core Processor            , GPU: NVIDIA GeForce RTX 3090
LogInit: Compiled (64-bit): Nov 30 2021 07:12:08
LogInit: Compiled with Visual C++: 19.24.28315.00
LogInit: Build Configuration: Development
LogInit: Branch Name: ++UE4+Release-4.27
LogInit: Command Line:  -skipcompile
LogInit: Base Directory: D:/EPIC/UE_4.27/Engine/Binaries/Win64/
LogInit: Allocator: TBB
LogInit: Installed Engine Build: 1
LogDevObjectVersion: Number of dev versions registered: 29
LogDevObjectVersion:   Dev-Blueprints (B0D832E4-1F89-4F0D-ACCF-7EB736FD4AA2): 10
LogDevObjectVersion:   Dev-Build (E1C64328-A22C-4D53-A36C-8E866417BD8C): 0
LogDevObjectVersion:   Dev-Core (375EC13C-06E4-48FB-B500-84F0262A717E): 4
LogDevObjectVersion:   Dev-Editor (E4B068ED-F494-42E9-A231-DA0B2E46BB41): 40
LogDevObjectVersion:   Dev-Framework (CFFC743F-43B0-4480-9391-14DF171D2073): 37
LogDevObjectVersion:   Dev-Mobile (B02B49B5-BB20-44E9-A304-32B752E40360): 3
LogDevObjectVersion:   Dev-Networking (A4E4105C-59A1-49B5-A7C5-40C4547EDFEE): 0
LogDevObjectVersion:   Dev-Online (39C831C9-5AE6-47DC-9A44-9C173E1C8E7C): 0
LogDevObjectVersion:   Dev-Physics (78F01B33-EBEA-4F98-B9B4-84EACCB95AA2): 14
LogDevObjectVersion:   Dev-Platform (6631380F-2D4D-43E0-8009-CF276956A95A): 0
LogDevObjectVersion:   Dev-Rendering (12F88B9F-8875-4AFC-A67C-D90C383ABD29): 45
LogDevObjectVersion:   Dev-Sequencer (7B5AE74C-D270-4C10-A958-57980B212A5A): 13
LogDevObjectVersion:   Dev-VR (D7296918-1DD6-4BDD-9DE2-64A83CC13884): 3
LogDevObjectVersion:   Dev-LoadTimes (C2A15278-BFE7-4AFE-6C17-90FF531DF755): 1
LogDevObjectVersion:   Private-Geometry (6EACA3D4-40EC-4CC1-B786-8BED09428FC5): 3
LogDevObjectVersion:   Dev-AnimPhys (29E575DD-E0A3-4627-9D10-D276232CDCEA): 17
LogDevObjectVersion:   Dev-Anim (AF43A65D-7FD3-4947-9873-3E8ED9C1BB05): 15
LogDevObjectVersion:   Dev-ReflectionCapture (6B266CEC-1EC7-4B8F-A30B-E4D90942FC07): 1
LogDevObjectVersion:   Dev-Automation (0DF73D61-A23F-47EA-B727-89E90C41499A): 1
LogDevObjectVersion:   FortniteMain (601D1886-AC64-4F84-AA16-D3DE0DEAC7D6): 47
LogDevObjectVersion:   FortniteRelease (E7086368-6B23-4C58-8439-1B7016265E91): 1
LogDevObjectVersion:   Dev-Enterprise (9DFFBCD6-494F-0158-E221-12823C92A888): 10
LogDevObjectVersion:   Dev-Niagara (F2AED0AC-9AFE-416F-8664-AA7FFA26D6FC): 1
LogDevObjectVersion:   Dev-Destruction (174F1F0B-B4C6-45A5-B13F-2EE8D0FB917D): 10
LogDevObjectVersion:   Dev-Physics-Ext (35F94A83-E258-406C-A318-09F59610247C): 41
LogDevObjectVersion:   Dev-PhysicsMaterial-Chaos (B68FC16E-8B1B-42E2-B453-215C058844FE): 1
LogDevObjectVersion:   Dev-CineCamera (B2E18506-4273-CFC2-A54E-F4BB758BBA07): 1
LogDevObjectVersion:   Dev-VirtualProduction (64F58936-FD1B-42BA-BA96-7289D5D0FA4E): 1
LogDevObjectVersion:   Dev-MediaFramework (6F0ED827-A609-4895-9C91-998D90180EA4): 2
LogInit: Presizing for max 25165824 objects, including 0 objects not considered by GC, pre-allocating 0 bytes for permanent pool.
LogConfig: Applying CVar settings from Section [/Script/Engine.StreamingSettings] File [D:/Unreal Projects/EscapeKart/Saved/Config/Windows/Engine.ini]
LogConfig: Setting CVar [[s.MinBulkDataSizeForAsyncLoading:131072]]
LogConfig: Setting CVar [[s.AsyncLoadingThreadEnabled:0]]
LogConfig: Setting CVar [[s.EventDrivenLoaderEnabled:1]]
LogConfig: Setting CVar [[s.WarnIfTimeLimitExceeded:0]]
LogConfig: Setting CVar [[s.TimeLimitExceededMultiplier:1.5]]
LogConfig: Setting CVar [[s.TimeLimitExceededMinTime:0.005]]
LogConfig: Setting CVar [[s.UseBackgroundLevelStreaming:1]]
LogConfig: Setting CVar [[s.PriorityAsyncLoadingExtraTime:15.0]]
LogConfig: Setting CVar [[s.LevelStreamingActorsUpdateTimeLimit:5.0]]
LogConfig: Setting CVar [[s.PriorityLevelStreamingActorsUpdateExtraTime:5.0]]
LogConfig: Setting CVar [[s.LevelStreamingComponentsRegistrationGranularity:10]]
LogConfig: Setting CVar [[s.UnregisterComponentsTimeLimit:1.0]]
LogConfig: Setting CVar [[s.LevelStreamingComponentsUnregistrationGranularity:5]]
LogConfig: Setting CVar [[s.FlushStreamingOnExit:1]]
LogInit: Object subsystem initialized
LogConfig: Setting CVar [[con.DebugEarlyDefault:1]]
LogConfig: Setting CVar [[r.setres:1280x720]]
[2022.12.09-12.22.45:585][  0]LogConfig: Setting CVar [[r.VSync:0]]
[2022.12.09-12.22.45:585][  0]LogConfig: Setting CVar [[r.RHICmdBypass:0]]
[2022.12.09-12.22.45:585][  0]LogConfig: Applying CVar settings from Section [/Script/Engine.RendererSettings] File [D:/Unreal Projects/EscapeKart/Saved/Config/Windows/Engine.ini]
[2022.12.09-12.22.45:585][  0]LogConfig: Setting CVar [[r.GPUCrashDebugging:0]]
[2022.12.09-12.22.45:585][  0]LogConfig: Applying CVar settings from Section [/Script/Engine.RendererOverrideSettings] File [D:/Unreal Projects/EscapeKart/Saved/Config/Windows/Engine.ini]
[2022.12.09-12.22.45:585][  0]LogConfig: Applying CVar settings from Section [/Script/Engine.StreamingSettings] File [D:/Unreal Projects/EscapeKart/Saved/Config/Windows/Engine.ini]
[2022.12.09-12.22.45:585][  0]LogConfig: Setting CVar [[s.MinBulkDataSizeForAsyncLoading:131072]]
[2022.12.09-12.22.45:585][  0]LogConfig: Setting CVar [[s.AsyncLoadingThreadEnabled:0]]
[2022.12.09-12.22.45:585][  0]LogConfig: Setting CVar [[s.EventDrivenLoaderEnabled:1]]
[2022.12.09-12.22.45:585][  0]LogConfig: Setting CVar [[s.WarnIfTimeLimitExceeded:0]]
[2022.12.09-12.22.45:586][  0]LogConfig: Setting CVar [[s.TimeLimitExceededMultiplier:1.5]]
[2022.12.09-12.22.45:586][  0]LogConfig: Setting CVar [[s.TimeLimitExceededMinTime:0.005]]
[2022.12.09-12.22.45:586][  0]LogConfig: Setting CVar [[s.UseBackgroundLevelStreaming:1]]
[2022.12.09-12.22.45:586][  0]LogConfig: Setting CVar [[s.PriorityAsyncLoadingExtraTime:15.0]]
[2022.12.09-12.22.45:586][  0]LogConfig: Setting CVar [[s.LevelStreamingActorsUpdateTimeLimit:5.0]]
[2022.12.09-12.22.45:586][  0]LogConfig: Setting CVar [[s.PriorityLevelStreamingActorsUpdateExtraTime:5.0]]
[2022.12.09-12.22.45:586][  0]LogConfig: Setting CVar [[s.LevelStreamingComponentsRegistrationGranularity:10]]
[2022.12.09-12.22.45:586][  0]LogConfig: Setting CVar [[s.UnregisterComponentsTimeLimit:1.0]]
[2022.12.09-12.22.45:586][  0]LogConfig: Setting CVar [[s.LevelStreamingComponentsUnregistrationGranularity:5]]
[2022.12.09-12.22.45:586][  0]LogConfig: Setting CVar [[s.FlushStreamingOnExit:1]]
[2022.12.09-12.22.45:586][  0]LogConfig: Applying CVar settings from Section [/Script/Engine.GarbageCollectionSettings] File [D:/Unreal Projects/EscapeKart/Saved/Config/Windows/Engine.ini]
[2022.12.09-12.22.45:586][  0]LogConfig: Setting CVar [[gc.MaxObjectsNotConsideredByGC:1]]
[2022.12.09-12.22.45:586][  0]LogConfig: Setting CVar [[gc.SizeOfPermanentObjectPool:0]]
[2022.12.09-12.22.45:587][  0]LogConfig: Setting CVar [[gc.FlushStreamingOnGC:0]]
[2022.12.09-12.22.45:587][  0]LogConfig: Setting CVar [[gc.NumRetriesBeforeForcingGC:10]]
[2022.12.09-12.22.45:587][  0]LogConfig: Setting CVar [[gc.AllowParallelGC:1]]
[2022.12.09-12.22.45:587][  0]LogConfig: Setting CVar [[gc.TimeBetweenPurgingPendingKillObjects:61.1]]
[2022.12.09-12.22.45:587][  0]LogConfig: Setting CVar [[gc.MaxObjectsInEditor:25165824]]
[2022.12.09-12.22.45:587][  0]LogConfig: Setting CVar [[gc.IncrementalBeginDestroyEnabled:1]]
[2022.12.09-12.22.45:587][  0]LogConfig: Setting CVar [[gc.CreateGCClusters:1]]
[2022.12.09-12.22.45:587][  0]LogConfig: Setting CVar [[gc.MinGCClusterSize:5]]
[2022.12.09-12.22.45:587][  0]LogConfig: Setting CVar [[gc.ActorClusteringEnabled:0]]
[2022.12.09-12.22.45:587][  0]LogConfig: Setting CVar [[gc.BlueprintClusteringEnabled:0]]
[2022.12.09-12.22.45:587][  0]LogConfig: Setting CVar [[gc.UseDisregardForGCOnDedicatedServers:0]]
[2022.12.09-12.22.45:587][  0]LogConfig: Setting CVar [[gc.MultithreadedDestructionEnabled:1]]
[2022.12.09-12.22.45:587][  0]LogConfig: Applying CVar settings from Section [/Script/Engine.NetworkSettings] File [D:/Unreal Projects/EscapeKart/Saved/Config/Windows/Engine.ini]
[2022.12.09-12.22.45:588][  0]LogConfig: Applying CVar settings from Section [/Script/UnrealEd.CookerSettings] File [D:/Unreal Projects/EscapeKart/Saved/Config/Windows/Engine.ini]
[2022.12.09-12.22.45:627][  0]LogConfig: Applying CVar settings from Section [ViewDistanceQuality@3] File [D:/Unreal Projects/EscapeKart/Saved/Config/Windows/Scalability.ini]
[2022.12.09-12.22.45:627][  0]LogConfig: Setting CVar [[r.SkeletalMeshLODBias:0]]
[2022.12.09-12.22.45:627][  0]LogConfig: Setting CVar [[r.ViewDistanceScale:1.0]]
[2022.12.09-12.22.45:628][  0]LogConfig: Applying CVar settings from Section [AntiAliasingQuality@3] File [D:/Unreal Projects/EscapeKart/Saved/Config/Windows/Scalability.ini]
[2022.12.09-12.22.45:628][  0]LogConfig: Setting CVar [[r.PostProcessAAQuality:4]]
[2022.12.09-12.22.45:628][  0]LogConfig: Applying CVar settings from Section [ShadowQuality@3] File [D:/Unreal Projects/EscapeKart/Saved/Config/Windows/Scalability.ini]
[2022.12.09-12.22.45:628][  0]LogConfig: Setting CVar [[r.LightFunctionQuality:1]]
[2022.12.09-12.22.45:628][  0]LogConfig: Setting CVar [[r.ShadowQuality:5]]
[2022.12.09-12.22.45:628][  0]LogConfig: Setting CVar [[r.Shadow.CSM.MaxCascades:10]]
[2022.12.09-12.22.45:628][  0]LogConfig: Setting CVar [[r.Shadow.MaxResolution:2048]]
[2022.12.09-12.22.45:628][  0]LogConfig: Setting CVar [[r.Shadow.MaxCSMResolution:2048]]
[2022.12.09-12.22.45:628][  0]LogConfig: Setting CVar [[r.Shadow.RadiusThreshold:0.01]]
[2022.12.09-12.22.45:628][  0]LogConfig: Setting CVar [[r.Shadow.DistanceScale:1.0]]
[2022.12.09-12.22.45:629][  0]LogConfig: Setting CVar [[r.Shadow.CSM.TransitionScale:1.0]]
[2022.12.09-12.22.45:629][  0]LogConfig: Setting CVar [[r.Shadow.PreShadowResolutionFactor:1.0]]
[2022.12.09-12.22.45:629][  0]LogConfig: Setting CVar [[r.DistanceFieldShadowing:1]]
[2022.12.09-12.22.45:629][  0]LogConfig: Setting CVar [[r.DistanceFieldAO:1]]
[2022.12.09-12.22.45:629][  0]LogConfig: Setting CVar [[r.AOQuality:2]]
[2022.12.09-12.22.45:629][  0]LogConfig: Setting CVar [[r.VolumetricFog:1]]
[2022.12.09-12.22.45:629][  0]LogConfig: Setting CVar [[r.VolumetricFog.GridPixelSize:8]]
[2022.12.09-12.22.45:629][  0]LogConfig: Setting CVar [[r.VolumetricFog.GridSizeZ:128]]
[2022.12.09-12.22.45:629][  0]LogConfig: Setting CVar [[r.VolumetricFog.HistoryMissSupersampleCount:4]]
[2022.12.09-12.22.45:629][  0]LogConfig: Setting CVar [[r.LightMaxDrawDistanceScale:1]]
[2022.12.09-12.22.45:629][  0]LogConfig: Setting CVar [[r.CapsuleShadows:1]]
[2022.12.09-12.22.45:629][  0]LogConfig: Applying CVar settings from Section [PostProcessQuality@3] File [D:/Unreal Projects/EscapeKart/Saved/Config/Windows/Scalability.ini]
[2022.12.09-12.22.45:629][  0]LogConfig: Setting CVar [[r.MotionBlurQuality:4]]
[2022.12.09-12.22.45:630][  0]LogConfig: Setting CVar [[r.AmbientOcclusionMipLevelFactor:0.4]]
[2022.12.09-12.22.45:630][  0]LogConfig: Setting CVar [[r.AmbientOcclusionMaxQuality:100]]
[2022.12.09-12.22.45:630][  0]LogConfig: Setting CVar [[r.AmbientOcclusionLevels:-1]]
[2022.12.09-12.22.45:630][  0]LogConfig: Setting CVar [[r.AmbientOcclusionRadiusScale:1.0]]
[2022.12.09-12.22.45:630][  0]LogConfig: Setting CVar [[r.DepthOfFieldQuality:2]]
[2022.12.09-12.22.45:630][  0]LogConfig: Setting CVar [[r.RenderTargetPoolMin:400]]
[2022.12.09-12.22.45:630][  0]LogConfig: Setting CVar [[r.LensFlareQuality:2]]
[2022.12.09-12.22.45:630][  0]LogConfig: Setting CVar [[r.SceneColorFringeQuality:1]]
[2022.12.09-12.22.45:630][  0]LogConfig: Setting CVar [[r.EyeAdaptationQuality:2]]
[2022.12.09-12.22.45:630][  0]LogConfig: Setting CVar [[r.BloomQuality:5]]
[2022.12.09-12.22.45:631][  0]LogConfig: Setting CVar [[r.FastBlurThreshold:100]]
[2022.12.09-12.22.45:631][  0]LogConfig: Setting CVar [[r.Upscale.Quality:3]]
[2022.12.09-12.22.45:631][  0]LogConfig: Setting CVar [[r.Tonemapper.GrainQuantization:1]]
[2022.12.09-12.22.45:631][  0]LogConfig: Setting CVar [[r.LightShaftQuality:1]]
[2022.12.09-12.22.45:631][  0]LogConfig: Setting CVar [[r.Filter.SizeScale:1]]
[2022.12.09-12.22.45:631][  0]LogConfig: Setting CVar [[r.Tonemapper.Quality:5]]
[2022.12.09-12.22.45:631][  0]LogConfig: Setting CVar [[r.DOF.Gather.AccumulatorQuality:1        ; higher gathering accumulator quality]]
[2022.12.09-12.22.45:631][  0]LogConfig: Setting CVar [[r.DOF.Gather.PostfilterMethod:1          ; Median3x3 postfilering method]]
[2022.12.09-12.22.45:631][  0]LogConfig: Setting CVar [[r.DOF.Gather.EnableBokehSettings:0       ; no bokeh simulation when gathering]]
[2022.12.09-12.22.45:631][  0]LogConfig: Setting CVar [[r.DOF.Gather.RingCount:4                 ; medium number of samples when gathering]]
[2022.12.09-12.22.45:631][  0]LogConfig: Setting CVar [[r.DOF.Scatter.ForegroundCompositing:1    ; additive foreground scattering]]
[2022.12.09-12.22.45:631][  0]LogConfig: Setting CVar [[r.DOF.Scatter.BackgroundCompositing:2    ; additive background scattering]]
[2022.12.09-12.22.45:631][  0]LogConfig: Setting CVar [[r.DOF.Scatter.EnableBokehSettings:1      ; bokeh simulation when scattering]]
[2022.12.09-12.22.45:631][  0]LogConfig: Setting CVar [[r.DOF.Scatter.MaxSpriteRatio:0.1         ; only a maximum of 10% of scattered bokeh]]
[2022.12.09-12.22.45:632][  0]LogConfig: Setting CVar [[r.DOF.Recombine.Quality:1                ; cheap slight out of focus]]
[2022.12.09-12.22.45:632][  0]LogConfig: Setting CVar [[r.DOF.Recombine.EnableBokehSettings:0    ; no bokeh simulation on slight out of focus]]
[2022.12.09-12.22.45:632][  0]LogConfig: Setting CVar [[r.DOF.TemporalAAQuality:1                ; more stable temporal accumulation]]
[2022.12.09-12.22.45:632][  0]LogConfig: Setting CVar [[r.DOF.Kernel.MaxForegroundRadius:0.025]]
[2022.12.09-12.22.45:632][  0]LogConfig: Setting CVar [[r.DOF.Kernel.MaxBackgroundRadius:0.025]]
[2022.12.09-12.22.45:632][  0]LogConfig: Applying CVar settings from Section [TextureQuality@3] File [D:/Unreal Projects/EscapeKart/Saved/Config/Windows/Scalability.ini]
[2022.12.09-12.22.45:632][  0]LogConfig: Setting CVar [[r.Streaming.MipBias:0]]
[2022.12.09-12.22.45:632][  0]LogConfig: Setting CVar [[r.Streaming.AmortizeCPUToGPUCopy:0]]
[2022.12.09-12.22.45:632][  0]LogConfig: Setting CVar [[r.Streaming.MaxNumTexturesToStreamPerFrame:0]]
[2022.12.09-12.22.45:632][  0]LogConfig: Setting CVar [[r.Streaming.Boost:1]]
[2022.12.09-12.22.45:632][  0]LogConfig: Setting CVar [[r.MaxAnisotropy:8]]
[2022.12.09-12.22.45:632][  0]LogConfig: Setting CVar [[r.VT.MaxAnisotropy:8]]
[2022.12.09-12.22.45:633][  0]LogConfig: Setting CVar [[r.Streaming.LimitPoolSizeToVRAM:0]]
[2022.12.09-12.22.45:633][  0]LogConfig: Setting CVar [[r.Streaming.PoolSize:1000]]
[2022.12.09-12.22.45:633][  0]LogConfig: Setting CVar [[r.Streaming.MaxEffectiveScreenSize:0]]
[2022.12.09-12.22.45:633][  0]LogConfig: Applying CVar settings from Section [EffectsQuality@3] File [D:/Unreal Projects/EscapeKart/Saved/Config/Windows/Scalability.ini]
[2022.12.09-12.22.45:633][  0]LogConfig: Setting CVar [[r.TranslucencyLightingVolumeDim:64]]
[2022.12.09-12.22.45:633][  0]LogConfig: Setting CVar [[r.RefractionQuality:2]]
[2022.12.09-12.22.45:633][  0]LogConfig: Setting CVar [[r.SSR.Quality:3]]
[2022.12.09-12.22.45:633][  0]LogConfig: Setting CVar [[r.SSR.HalfResSceneColor:0]]
[2022.12.09-12.22.45:633][  0]LogConfig: Setting CVar [[r.SceneColorFormat:4]]
[2022.12.09-12.22.45:633][  0]LogConfig: Setting CVar [[r.DetailMode:2]]
[2022.12.09-12.22.45:633][  0]LogConfig: Setting CVar [[r.TranslucencyVolumeBlur:1]]
[2022.12.09-12.22.45:633][  0]LogConfig: Setting CVar [[r.MaterialQualityLevel:1 ; High quality]]
[2022.12.09-12.22.45:633][  0]LogConfig: Setting CVar [[r.AnisotropicMaterials:1]]
[2022.12.09-12.22.45:633][  0]LogConfig: Setting CVar [[r.SSS.Scale:1]]
[2022.12.09-12.22.45:634][  0]LogConfig: Setting CVar [[r.SSS.SampleSet:2]]
[2022.12.09-12.22.45:634][  0]LogConfig: Setting CVar [[r.SSS.Quality:1]]
[2022.12.09-12.22.45:634][  0]LogConfig: Setting CVar [[r.SSS.HalfRes:0]]
[2022.12.09-12.22.45:634][  0]LogConfig: Setting CVar [[r.SSGI.Quality:3]]
[2022.12.09-12.22.45:634][  0]LogConfig: Setting CVar [[r.EmitterSpawnRateScale:1.0]]
[2022.12.09-12.22.45:634][  0]LogConfig: Setting CVar [[r.ParticleLightQuality:2]]
[2022.12.09-12.22.45:634][  0]LogConfig: Setting CVar [[r.SkyAtmosphere.AerialPerspectiveLUT.FastApplyOnOpaque:1 ; Always have FastSkyLUT 1 in this case to avoid wrong sky]]
[2022.12.09-12.22.45:634][  0]LogConfig: Setting CVar [[r.SkyAtmosphere.AerialPerspectiveLUT.SampleCountMaxPerSlice:4]]
[2022.12.09-12.22.45:634][  0]LogConfig: Setting CVar [[r.SkyAtmosphere.AerialPerspectiveLUT.DepthResolution:16.0]]
[2022.12.09-12.22.45:634][  0]LogConfig: Setting CVar [[r.SkyAtmosphere.FastSkyLUT:1]]
[2022.12.09-12.22.45:634][  0]LogConfig: Setting CVar [[r.SkyAtmosphere.FastSkyLUT.SampleCountMin:4.0]]
[2022.12.09-12.22.45:634][  0]LogConfig: Setting CVar [[r.SkyAtmosphere.FastSkyLUT.SampleCountMax:128.0]]
[2022.12.09-12.22.45:634][  0]LogConfig: Setting CVar [[r.SkyAtmosphere.SampleCountMin:4.0]]
[2022.12.09-12.22.45:635][  0]LogConfig: Setting CVar [[r.SkyAtmosphere.SampleCountMax:128.0]]
[2022.12.09-12.22.45:635][  0]LogConfig: Setting CVar [[r.SkyAtmosphere.TransmittanceLUT.UseSmallFormat:0]]
[2022.12.09-12.22.45:635][  0]LogConfig: Setting CVar [[r.SkyAtmosphere.TransmittanceLUT.SampleCount:10.0]]
[2022.12.09-12.22.45:635][  0]LogConfig: Setting CVar [[r.SkyAtmosphere.MultiScatteringLUT.SampleCount:15.0]]
[2022.12.09-12.22.45:635][  0]LogConfig: Setting CVar [[r.SkyLight.RealTimeReflectionCapture:1]]
[2022.12.09-12.22.45:635][  0]LogConfig: Applying CVar settings from Section [FoliageQuality@3] File [D:/Unreal Projects/EscapeKart/Saved/Config/Windows/Scalability.ini]
[2022.12.09-12.22.45:635][  0]LogConfig: Setting CVar [[foliage.DensityScale:1.0]]
[2022.12.09-12.22.45:635][  0]LogConfig: Setting CVar [[grass.DensityScale:1.0]]
[2022.12.09-12.22.45:635][  0]LogConfig: Applying CVar settings from Section [ShadingQuality@3] File [D:/Unreal Projects/EscapeKart/Saved/Config/Windows/Scalability.ini]
[2022.12.09-12.22.45:635][  0]LogConfig: Setting CVar [[r.HairStrands.SkyLighting.IntegrationType:2]]
[2022.12.09-12.22.45:635][  0]LogConfig: Setting CVar [[r.HairStrands.SkyAO.SampleCount:4]]
[2022.12.09-12.22.45:635][  0]LogConfig: Setting CVar [[r.HairStrands.Visibility.MSAA.SamplePerPixel:4]]
[2022.12.09-12.22.45:635][  0]LogInit: Selected Device Profile: [Windows]
[2022.12.09-12.22.45:636][  0]LogInit: Applying CVar settings loaded from the selected device profile: [Windows]
[2022.12.09-12.22.45:636][  0]LogHAL: Display: Platform has ~ 16 GB [17085210624 / 17179869184 / 16], which maps to Larger [LargestMinGB=32, LargerMinGB=12, DefaultMinGB=8, SmallerMinGB=6, SmallestMinGB=0)
[2022.12.09-12.22.45:636][  0]LogInit: Going up to parent DeviceProfile []
[2022.12.09-12.22.45:636][  0]LogConfig: Applying CVar settings from Section [ViewDistanceQuality@3] File [D:/Unreal Projects/EscapeKart/Saved/Config/Windows/Scalability.ini]
[2022.12.09-12.22.45:636][  0]LogConfig: Setting CVar [[r.SkeletalMeshLODBias:0]]
[2022.12.09-12.22.45:636][  0]LogConfig: Setting CVar [[r.ViewDistanceScale:1.0]]
[2022.12.09-12.22.45:636][  0]LogConfig: Applying CVar settings from Section [AntiAliasingQuality@3] File [D:/Unreal Projects/EscapeKart/Saved/Config/Windows/Scalability.ini]
[2022.12.09-12.22.45:636][  0]LogConfig: Setting CVar [[r.PostProcessAAQuality:4]]
[2022.12.09-12.22.45:636][  0]LogConfig: Applying CVar settings from Section [ShadowQuality@3] File [D:/Unreal Projects/EscapeKart/Saved/Config/Windows/Scalability.ini]
[2022.12.09-12.22.45:636][  0]LogConfig: Setting CVar [[r.LightFunctionQuality:1]]
[2022.12.09-12.22.45:636][  0]LogConfig: Setting CVar [[r.ShadowQuality:5]]
[2022.12.09-12.22.45:637][  0]LogConfig: Setting CVar [[r.Shadow.CSM.MaxCascades:10]]
[2022.12.09-12.22.45:637][  0]LogConfig: Setting CVar [[r.Shadow.MaxResolution:2048]]
[2022.12.09-12.22.45:637][  0]LogConfig: Setting CVar [[r.Shadow.MaxCSMResolution:2048]]
[2022.12.09-12.22.45:637][  0]LogConfig: Setting CVar [[r.Shadow.RadiusThreshold:0.01]]
[2022.12.09-12.22.45:637][  0]LogConfig: Setting CVar [[r.Shadow.DistanceScale:1.0]]
[2022.12.09-12.22.45:637][  0]LogConfig: Setting CVar [[r.Shadow.CSM.TransitionScale:1.0]]
[2022.12.09-12.22.45:637][  0]LogConfig: Setting CVar [[r.Shadow.PreShadowResolutionFactor:1.0]]
[2022.12.09-12.22.45:637][  0]LogConfig: Setting CVar [[r.DistanceFieldShadowing:1]]
[2022.12.09-12.22.45:637][  0]LogConfig: Setting CVar [[r.DistanceFieldAO:1]]
[2022.12.09-12.22.45:637][  0]LogConfig: Setting CVar [[r.AOQuality:2]]
[2022.12.09-12.22.45:637][  0]LogConfig: Setting CVar [[r.VolumetricFog:1]]
[2022.12.09-12.22.45:637][  0]LogConfig: Setting CVar [[r.VolumetricFog.GridPixelSize:8]]
[2022.12.09-12.22.45:637][  0]LogConfig: Setting CVar [[r.VolumetricFog.GridSizeZ:128]]
[2022.12.09-12.22.45:637][  0]LogConfig: Setting CVar [[r.VolumetricFog.HistoryMissSupersampleCount:4]]
[2022.12.09-12.22.45:638][  0]LogConfig: Setting CVar [[r.LightMaxDrawDistanceScale:1]]
[2022.12.09-12.22.45:638][  0]LogConfig: Setting CVar [[r.CapsuleShadows:1]]
[2022.12.09-12.22.45:638][  0]LogConfig: Applying CVar settings from Section [PostProcessQuality@3] File [D:/Unreal Projects/EscapeKart/Saved/Config/Windows/Scalability.ini]
[2022.12.09-12.22.45:638][  0]LogConfig: Setting CVar [[r.MotionBlurQuality:4]]
[2022.12.09-12.22.45:638][  0]LogConfig: Setting CVar [[r.AmbientOcclusionMipLevelFactor:0.4]]
[2022.12.09-12.22.45:638][  0]LogConfig: Setting CVar [[r.AmbientOcclusionMaxQuality:100]]
[2022.12.09-12.22.45:638][  0]LogConfig: Setting CVar [[r.AmbientOcclusionLevels:-1]]
[2022.12.09-12.22.45:638][  0]LogConfig: Setting CVar [[r.AmbientOcclusionRadiusScale:1.0]]
[2022.12.09-12.22.45:638][  0]LogConfig: Setting CVar [[r.DepthOfFieldQuality:2]]
[2022.12.09-12.22.45:638][  0]LogConfig: Setting CVar [[r.RenderTargetPoolMin:400]]
[2022.12.09-12.22.45:638][  0]LogConfig: Setting CVar [[r.LensFlareQuality:2]]
[2022.12.09-12.22.45:638][  0]LogConfig: Setting CVar [[r.SceneColorFringeQuality:1]]
[2022.12.09-12.22.45:638][  0]LogConfig: Setting CVar [[r.EyeAdaptationQuality:2]]
[2022.12.09-12.22.45:638][  0]LogConfig: Setting CVar [[r.BloomQuality:5]]
[2022.12.09-12.22.45:638][  0]LogConfig: Setting CVar [[r.FastBlurThreshold:100]]
[2022.12.09-12.22.45:639][  0]LogConfig: Setting CVar [[r.Upscale.Quality:3]]
[2022.12.09-12.22.45:639][  0]LogConfig: Setting CVar [[r.Tonemapper.GrainQuantization:1]]
[2022.12.09-12.22.45:639][  0]LogConfig: Setting CVar [[r.LightShaftQuality:1]]
[2022.12.09-12.22.45:639][  0]LogConfig: Setting CVar [[r.Filter.SizeScale:1]]
[2022.12.09-12.22.45:639][  0]LogConfig: Setting CVar [[r.Tonemapper.Quality:5]]
[2022.12.09-12.22.45:639][  0]LogConfig: Setting CVar [[r.DOF.Gather.AccumulatorQuality:1        ; higher gathering accumulator quality]]
[2022.12.09-12.22.45:639][  0]LogConfig: Setting CVar [[r.DOF.Gather.PostfilterMethod:1          ; Median3x3 postfilering method]]
[2022.12.09-12.22.45:639][  0]LogConfig: Setting CVar [[r.DOF.Gather.EnableBokehSettings:0       ; no bokeh simulation when gathering]]
[2022.12.09-12.22.45:639][  0]LogConfig: Setting CVar [[r.DOF.Gather.RingCount:4                 ; medium number of samples when gathering]]
[2022.12.09-12.22.45:639][  0]LogConfig: Setting CVar [[r.DOF.Scatter.ForegroundCompositing:1    ; additive foreground scattering]]
[2022.12.09-12.22.45:639][  0]LogConfig: Setting CVar [[r.DOF.Scatter.BackgroundCompositing:2    ; additive background scattering]]
[2022.12.09-12.22.45:639][  0]LogConfig: Setting CVar [[r.DOF.Scatter.EnableBokehSettings:1      ; bokeh simulation when scattering]]
[2022.12.09-12.22.45:639][  0]LogConfig: Setting CVar [[r.DOF.Scatter.MaxSpriteRatio:0.1         ; only a maximum of 10% of scattered bokeh]]
[2022.12.09-12.22.45:640][  0]LogConfig: Setting CVar [[r.DOF.Recombine.Quality:1                ; cheap slight out of focus]]
[2022.12.09-12.22.45:640][  0]LogConfig: Setting CVar [[r.DOF.Recombine.EnableBokehSettings:0    ; no bokeh simulation on slight out of focus]]
[2022.12.09-12.22.45:640][  0]LogConfig: Setting CVar [[r.DOF.TemporalAAQuality:1                ; more stable temporal accumulation]]
[2022.12.09-12.22.45:640][  0]LogConfig: Setting CVar [[r.DOF.Kernel.MaxForegroundRadius:0.025]]
[2022.12.09-12.22.45:640][  0]LogConfig: Setting CVar [[r.DOF.Kernel.MaxBackgroundRadius:0.025]]
[2022.12.09-12.22.45:640][  0]LogConfig: Applying CVar settings from Section [TextureQuality@3] File [D:/Unreal Projects/EscapeKart/Saved/Config/Windows/Scalability.ini]
[2022.12.09-12.22.45:640][  0]LogConfig: Setting CVar [[r.Streaming.MipBias:0]]
[2022.12.09-12.22.45:640][  0]LogConfig: Setting CVar [[r.Streaming.AmortizeCPUToGPUCopy:0]]
[2022.12.09-12.22.45:640][  0]LogConfig: Setting CVar [[r.Streaming.MaxNumTexturesToStreamPerFrame:0]]
[2022.12.09-12.22.45:640][  0]LogConfig: Setting CVar [[r.Streaming.Boost:1]]
[2022.12.09-12.22.45:640][  0]LogConfig: Setting CVar [[r.MaxAnisotropy:8]]
[2022.12.09-12.22.45:640][  0]LogConfig: Setting CVar [[r.VT.MaxAnisotropy:8]]
[2022.12.09-12.22.45:641][  0]LogConfig: Setting CVar [[r.Streaming.LimitPoolSizeToVRAM:0]]
[2022.12.09-12.22.45:641][  0]LogConfig: Setting CVar [[r.Streaming.PoolSize:1000]]
[2022.12.09-12.22.45:641][  0]LogConfig: Setting CVar [[r.Streaming.MaxEffectiveScreenSize:0]]
[2022.12.09-12.22.45:641][  0]LogConfig: Applying CVar settings from Section [EffectsQuality@3] File [D:/Unreal Projects/EscapeKart/Saved/Config/Windows/Scalability.ini]
[2022.12.09-12.22.45:641][  0]LogConfig: Setting CVar [[r.TranslucencyLightingVolumeDim:64]]
[2022.12.09-12.22.45:641][  0]LogConfig: Setting CVar [[r.RefractionQuality:2]]
[2022.12.09-12.22.45:641][  0]LogConfig: Setting CVar [[r.SSR.Quality:3]]
[2022.12.09-12.22.45:641][  0]LogConfig: Setting CVar [[r.SSR.HalfResSceneColor:0]]
[2022.12.09-12.22.45:641][  0]LogConfig: Setting CVar [[r.SceneColorFormat:4]]
[2022.12.09-12.22.45:641][  0]LogConfig: Setting CVar [[r.DetailMode:2]]
[2022.12.09-12.22.45:641][  0]LogConfig: Setting CVar [[r.TranslucencyVolumeBlur:1]]
[2022.12.09-12.22.45:641][  0]LogConfig: Setting CVar [[r.MaterialQualityLevel:1 ; High quality]]
[2022.12.09-12.22.45:641][  0]LogConfig: Setting CVar [[r.AnisotropicMaterials:1]]
[2022.12.09-12.22.45:641][  0]LogConfig: Setting CVar [[r.SSS.Scale:1]]
[2022.12.09-12.22.45:642][  0]LogConfig: Setting CVar [[r.SSS.SampleSet:2]]
[2022.12.09-12.22.45:642][  0]LogConfig: Setting CVar [[r.SSS.Quality:1]]
[2022.12.09-12.22.45:642][  0]LogConfig: Setting CVar [[r.SSS.HalfRes:0]]
[2022.12.09-12.22.45:642][  0]LogConfig: Setting CVar [[r.SSGI.Quality:3]]
[2022.12.09-12.22.45:642][  0]LogConfig: Setting CVar [[r.EmitterSpawnRateScale:1.0]]
[2022.12.09-12.22.45:642][  0]LogConfig: Setting CVar [[r.ParticleLightQuality:2]]
[2022.12.09-12.22.45:642][  0]LogConfig: Setting CVar [[r.SkyAtmosphere.AerialPerspectiveLUT.FastApplyOnOpaque:1 ; Always have FastSkyLUT 1 in this case to avoid wrong sky]]
[2022.12.09-12.22.45:642][  0]LogConfig: Setting CVar [[r.SkyAtmosphere.AerialPerspectiveLUT.SampleCountMaxPerSlice:4]]
[2022.12.09-12.22.45:642][  0]LogConfig: Setting CVar [[r.SkyAtmosphere.AerialPerspectiveLUT.DepthResolution:16.0]]
[2022.12.09-12.22.45:642][  0]LogConfig: Setting CVar [[r.SkyAtmosphere.FastSkyLUT:1]]
[2022.12.09-12.22.45:642][  0]LogConfig: Setting CVar [[r.SkyAtmosphere.FastSkyLUT.SampleCountMin:4.0]]
[2022.12.09-12.22.45:642][  0]LogConfig: Setting CVar [[r.SkyAtmosphere.FastSkyLUT.SampleCountMax:128.0]]
[2022.12.09-12.22.45:642][  0]LogConfig: Setting CVar [[r.SkyAtmosphere.SampleCountMin:4.0]]
[2022.12.09-12.22.45:643][  0]LogConfig: Setting CVar [[r.SkyAtmosphere.SampleCountMax:128.0]]
[2022.12.09-12.22.45:643][  0]LogConfig: Setting CVar [[r.SkyAtmosphere.TransmittanceLUT.UseSmallFormat:0]]
[2022.12.09-12.22.45:643][  0]LogConfig: Setting CVar [[r.SkyAtmosphere.TransmittanceLUT.SampleCount:10.0]]
[2022.12.09-12.22.45:643][  0]LogConfig: Setting CVar [[r.SkyAtmosphere.MultiScatteringLUT.SampleCount:15.0]]
[2022.12.09-12.22.45:643][  0]LogConfig: Setting CVar [[r.SkyLight.RealTimeReflectionCapture:1]]
[2022.12.09-12.22.45:643][  0]LogConfig: Applying CVar settings from Section [FoliageQuality@3] File [D:/Unreal Projects/EscapeKart/Saved/Config/Windows/Scalability.ini]
[2022.12.09-12.22.45:643][  0]LogConfig: Setting CVar [[foliage.DensityScale:1.0]]
[2022.12.09-12.22.45:643][  0]LogConfig: Setting CVar [[grass.DensityScale:1.0]]
[2022.12.09-12.22.45:643][  0]LogConfig: Applying CVar settings from Section [ShadingQuality@3] File [D:/Unreal Projects/EscapeKart/Saved/Config/Windows/Scalability.ini]
[2022.12.09-12.22.45:643][  0]LogConfig: Setting CVar [[r.HairStrands.SkyLighting.IntegrationType:2]]
[2022.12.09-12.22.45:643][  0]LogConfig: Setting CVar [[r.HairStrands.SkyAO.SampleCount:4]]
[2022.12.09-12.22.45:643][  0]LogConfig: Setting CVar [[r.HairStrands.Visibility.MSAA.SamplePerPixel:4]]
[2022.12.09-12.22.45:643][  0]LogConfig: Applying CVar settings from Section [Startup] File [../../../Engine/Config/ConsoleVariables.ini]
[2022.12.09-12.22.45:644][  0]LogConfig: Setting CVar [[net.UseAdaptiveNetUpdateFrequency:0]]
[2022.12.09-12.22.45:644][  0]LogConfig: Setting CVar [[p.chaos.AllowCreatePhysxBodies:1]]
[2022.12.09-12.22.45:644][  0]LogConfig: Setting CVar [[fx.SkipVectorVMBackendOptimizations:1]]
[2022.12.09-12.22.45:644][  0]LogConfig: Applying CVar settings from Section [ConsoleVariables] File [D:/Unreal Projects/EscapeKart/Saved/Config/Windows/Engine.ini]
[2022.12.09-12.22.45:644][  0]LogConfig: Applying CVar settings from Section [ConsoleVariables] File [D:/Unreal Projects/EscapeKart/Saved/Config/Windows/Editor.ini]
[2022.12.09-12.22.45:644][  0]LogInit: Computer: R9-3090
[2022.12.09-12.22.45:644][  0]LogInit: User: mathi
[2022.12.09-12.22.45:644][  0]LogInit: CPU Page size=4096, Cores=12
[2022.12.09-12.22.45:644][  0]LogInit: High frequency timer resolution =10.000000 MHz
[2022.12.09-12.22.45:645][  0]LogMemory: Memory total: Physical=15.9GB (16GB approx)
[2022.12.09-12.22.45:645][  0]LogMemory: Platform Memory Stats for Windows
[2022.12.09-12.22.45:645][  0]LogMemory: Process Physical Memory: 150.29 MB used, 150.29 MB peak
[2022.12.09-12.22.45:645][  0]LogMemory: Process Virtual Memory: 128.48 MB used, 128.48 MB peak
[2022.12.09-12.22.45:645][  0]LogMemory: Physical Memory: 11766.30 MB used,  4527.43 MB free, 16293.73 MB total
[2022.12.09-12.22.45:645][  0]LogMemory: Virtual Memory: 134197656.00 MB used,  20069.96 MB free, 134217728.00 MB total
[2022.12.09-12.22.45:655][  0]LogWindows: WindowsPlatformFeatures enabled
[2022.12.09-12.22.45:750][  0]LogInit: Physics initialised using underlying interface: PhysX
[2022.12.09-12.22.45:751][  0]LogInit: Using OS detected language (en-US).
[2022.12.09-12.22.45:751][  0]LogInit: Using OS detected locale (en-150).
[2022.12.09-12.22.45:753][  0]LogTextLocalizationManager: No specific localization for 'en-US' exists, so the 'en' localization will be used.
[2022.12.09-12.22.45:987][  0]LogInit: Setting process to per monitor DPI aware
[2022.12.09-12.22.46:060][  0]LogWindowsTextInputMethodSystem: Display: IME system deactivated.
[2022.12.09-12.22.46:082][  0]LogSlate: New Slate User Created.  User Index 0, Is Virtual User: 0
[2022.12.09-12.22.46:082][  0]LogSlate: Slate User Registered.  User Index 0, Is Virtual User: 0
[2022.12.09-12.22.46:188][  0]LogD3D11RHI: Loaded GFSDK_Aftermath_Lib.x64.dll
[2022.12.09-12.22.46:232][  0]LogHMD: Optional extension XR_VARJO_quad_views is not available
[2022.12.09-12.22.46:232][  0]LogHMD: Warning: Required extension XR_EXT_eye_gaze_interaction is not available
[2022.12.09-12.22.46:232][  0]LogHMD: Could not enable all required OpenXR extensions for OpenXREyeTracker on current system. This plugin will be loaded but ignored, but will be enabled on a target platform that supports the required extension.
[2022.12.09-12.22.47:827][  0]LogD3D11RHI: D3D11 min allowed feature level: 11_0
[2022.12.09-12.22.47:827][  0]LogD3D11RHI: D3D11 max allowed feature level: 11_0
[2022.12.09-12.22.47:827][  0]LogD3D11RHI: D3D11 adapters:
[2022.12.09-12.22.47:946][  0]LogD3D11RHI:    0. 'NVIDIA GeForce RTX 3090' (Feature Level 11_0)
[2022.12.09-12.22.47:947][  0]LogD3D11RHI:       24340/0/8146 MB DedicatedVideo/DedicatedSystem/SharedSystem, Outputs:1, VendorId:0x10de
[2022.12.09-12.22.47:952][  0]LogD3D11RHI:    1. 'Microsoft Basic Render Driver' (Feature Level 11_0)
[2022.12.09-12.22.47:952][  0]LogD3D11RHI:       0/0/8146 MB DedicatedVideo/DedicatedSystem/SharedSystem, Outputs:0, VendorId:0x1414
[2022.12.09-12.22.47:952][  0]LogD3D11RHI: Chosen D3D11 Adapter:
[2022.12.09-12.22.47:952][  0]LogD3D11RHI:     Description : NVIDIA GeForce RTX 3090
[2022.12.09-12.22.47:952][  0]LogD3D11RHI:     VendorId    : 10de
[2022.12.09-12.22.47:952][  0]LogD3D11RHI:     DeviceId    : 2204
[2022.12.09-12.22.47:952][  0]LogD3D11RHI:     SubSysId    : 87af1043
[2022.12.09-12.22.47:952][  0]LogD3D11RHI:     Revision    : 00a1
[2022.12.09-12.22.47:953][  0]LogD3D11RHI:     DedicatedVideoMemory : 25522339840 bytes
[2022.12.09-12.22.47:953][  0]LogD3D11RHI:     DedicatedSystemMemory : 0 bytes
[2022.12.09-12.22.47:953][  0]LogD3D11RHI:     SharedSystemMemory : 8542605312 bytes
[2022.12.09-12.22.47:953][  0]LogD3D11RHI:     AdapterLuid : 0 80948
[2022.12.09-12.22.47:967][  0]LogD3D11RHI: Creating new Direct3DDevice
[2022.12.09-12.22.47:967][  0]LogD3D11RHI:     GPU DeviceId: 0x2204 (for the marketing name, search the web for "GPU Device Id")
[2022.12.09-12.22.47:967][  0]LogWindows: EnumDisplayDevices:
[2022.12.09-12.22.47:967][  0]LogWindows:    0. 'NVIDIA GeForce RTX 3090' (P:1 D:1)
[2022.12.09-12.22.47:968][  0]LogWindows:    1. 'NVIDIA GeForce RTX 3090' (P:0 D:0)
[2022.12.09-12.22.47:968][  0]LogWindows:    2. 'NVIDIA GeForce RTX 3090' (P:0 D:0)
[2022.12.09-12.22.47:968][  0]LogWindows:    3. 'NVIDIA GeForce RTX 3090' (P:0 D:0)
[2022.12.09-12.22.47:969][  0]LogWindows: DebugString: FoundDriverCount:4 
[2022.12.09-12.22.47:969][  0]LogD3D11RHI:     Adapter Name: NVIDIA GeForce RTX 3090
[2022.12.09-12.22.47:969][  0]LogD3D11RHI:   Driver Version: 526.98 (internal:31.0.15.2698, unified:526.98)
[2022.12.09-12.22.47:969][  0]LogD3D11RHI:      Driver Date: 11-13-2022
[2022.12.09-12.22.47:969][  0]LogRHI: Texture pool is 17038 MB (70% of 24340 MB)
[2022.12.09-12.22.47:969][  0]LogD3D11RHI: Creating D3DDevice using adapter:
[2022.12.09-12.22.47:969][  0]LogD3D11RHI:     Description : NVIDIA GeForce RTX 3090
[2022.12.09-12.22.47:969][  0]LogD3D11RHI:     VendorId    : 10de
[2022.12.09-12.22.47:969][  0]LogD3D11RHI:     DeviceId    : 2204
[2022.12.09-12.22.47:970][  0]LogD3D11RHI:     SubSysId    : 87af1043
[2022.12.09-12.22.47:970][  0]LogD3D11RHI:     Revision    : 00a1
[2022.12.09-12.22.47:970][  0]LogD3D11RHI:     DedicatedVideoMemory : 25522339840 bytes
[2022.12.09-12.22.47:970][  0]LogD3D11RHI:     DedicatedSystemMemory : 0 bytes
[2022.12.09-12.22.47:970][  0]LogD3D11RHI:     SharedSystemMemory : 8542605312 bytes
[2022.12.09-12.22.47:970][  0]LogD3D11RHI:     AdapterLuid : 0 80948
[2022.12.09-12.22.48:043][  0]LogD3D11RHI: RHI has support for 64 bit atomics
[2022.12.09-12.22.48:043][  0]LogD3D11RHI: Async texture creation enabled
[2022.12.09-12.22.48:044][  0]LogD3D11RHI: Array index from any shader is supported
[2022.12.09-12.22.48:045][  0]LogD3D11RHI: HDR output is supported on display 0 (NvId: 0x80061081).
[2022.12.09-12.22.48:074][  0]LogD3D11RHI: GPU Timing Frequency: 1000.000000 (Debug: 2 2)
[2022.12.09-12.22.48:097][  0]LogRHI: GeForceNow SDK initialized: 1
[2022.12.09-12.22.48:321][  0]LogTargetPlatformManager: Display: Loaded TargetPlatform 'AllDesktop'
[2022.12.09-12.22.48:340][  0]LogTargetPlatformManager: Display: Loaded TargetPlatform 'Android'
[2022.12.09-12.22.48:340][  0]LogTargetPlatformManager: Display: Loaded TargetPlatform 'Android_ASTC'
[2022.12.09-12.22.48:340][  0]LogTargetPlatformManager: Display: Loaded TargetPlatform 'Android_DXT'
[2022.12.09-12.22.48:340][  0]LogTargetPlatformManager: Display: Loaded TargetPlatform 'Android_ETC2'
[2022.12.09-12.22.48:340][  0]LogTargetPlatformManager: Display: Loaded TargetPlatform 'AndroidClient'
[2022.12.09-12.22.48:341][  0]LogTargetPlatformManager: Display: Loaded TargetPlatform 'Android_ASTCClient'
[2022.12.09-12.22.48:341][  0]LogTargetPlatformManager: Display: Loaded TargetPlatform 'Android_DXTClient'
[2022.12.09-12.22.48:341][  0]LogTargetPlatformManager: Display: Loaded TargetPlatform 'Android_ETC2Client'
[2022.12.09-12.22.48:341][  0]LogTargetPlatformManager: Display: Loaded TargetPlatform 'Android_Multi'
[2022.12.09-12.22.48:341][  0]LogTargetPlatformManager: Display: Loaded TargetPlatform 'Android_MultiClient'
[2022.12.09-12.22.48:362][  0]LogTargetPlatformManager: Display: Loaded TargetPlatform 'IOSClient'
[2022.12.09-12.22.48:362][  0]LogTargetPlatformManager: Display: Loaded TargetPlatform 'IOS'
[2022.12.09-12.22.48:371][  0]LogTargetPlatformManager: Display: Loaded TargetPlatform 'Linux'
[2022.12.09-12.22.48:377][  0]LogTargetPlatformManager: Display: Loaded TargetPlatform 'LinuxNoEditor'
[2022.12.09-12.22.48:384][  0]LogTargetPlatformManager: Display: Loaded TargetPlatform 'LinuxClient'
[2022.12.09-12.22.48:389][  0]LogTargetPlatformManager: Display: Loaded TargetPlatform 'LinuxServer'
[2022.12.09-12.22.48:397][  0]LogTargetPlatformManager: Display: Loaded TargetPlatform 'LinuxAArch64NoEditor'
[2022.12.09-12.22.48:402][  0]LogTargetPlatformManager: Display: Loaded TargetPlatform 'LinuxAArch64Client'
[2022.12.09-12.22.48:407][  0]LogTargetPlatformManager: Display: Loaded TargetPlatform 'LinuxAArch64Server'
[2022.12.09-12.22.48:427][  0]LogTargetPlatformManager: Display: Loaded TargetPlatform 'Lumin'
[2022.12.09-12.22.48:427][  0]LogTargetPlatformManager: Display: Loaded TargetPlatform 'LuminClient'
[2022.12.09-12.22.48:435][  0]LogTargetPlatformManager: Display: Loaded TargetPlatform 'MacNoEditor'
[2022.12.09-12.22.48:441][  0]LogTargetPlatformManager: Display: Loaded TargetPlatform 'Mac'
[2022.12.09-12.22.48:446][  0]LogTargetPlatformManager: Display: Loaded TargetPlatform 'MacClient'
[2022.12.09-12.22.48:451][  0]LogTargetPlatformManager: Display: Loaded TargetPlatform 'MacServer'
[2022.12.09-12.22.48:461][  0]LogTargetPlatformManager: Display: Loaded TargetPlatform 'TVOSClient'
[2022.12.09-12.22.48:461][  0]LogTargetPlatformManager: Display: Loaded TargetPlatform 'TVOS'
[2022.12.09-12.22.48:469][  0]LogTargetPlatformManager: Display: Loaded TargetPlatform 'WindowsNoEditor'
[2022.12.09-12.22.48:474][  0]LogTargetPlatformManager: Display: Loaded TargetPlatform 'Windows'
[2022.12.09-12.22.48:479][  0]LogTargetPlatformManager: Display: Loaded TargetPlatform 'WindowsClient'
[2022.12.09-12.22.48:484][  0]LogTargetPlatformManager: Display: Loaded TargetPlatform 'WindowsServer'
[2022.12.09-12.22.48:484][  0]LogTargetPlatformManager: Display: Building Assets For Windows
[2022.12.09-12.22.48:494][  0]LogAudioDebug: Display: Lib vorbis DLL was dynamically loaded.
[2022.12.09-12.22.48:531][  0]LogTextureFormatOodle: Display: Oodle Texture 2.9.0 init RDO Off
[2022.12.09-12.22.48:574][  0]LogRendererCore: Ray tracing is disabled. Reason: r.RayTracing=0.
[2022.12.09-12.22.48:575][  0]LogShaderCompilers: Guid format shader working directory is 4 characters bigger than the processId version (../../../../../Unreal Projects/EscapeKart/Intermediate/Shaders/WorkingDirectory/26268/).
[2022.12.09-12.22.48:575][  0]LogShaderCompilers: Cleaned the shader compiler working directory 'C:/Users/mathi/AppData/Local/Temp/UnrealShaderWorkingDir/AAF164D64D525058D22B6291E0025D88/'.
[2022.12.09-12.22.48:575][  0]LogXGEController: Cannot use XGE Controller as Incredibuild is not installed on this machine.
[2022.12.09-12.22.48:575][  0]LogShaderCompilers: Cannot use XGE Shader Compiler as Incredibuild is not installed on this machine.
[2022.12.09-12.22.48:575][  0]LogShaderCompilers: Display: Using Local Shader Compiler.
[2022.12.09-12.22.49:164][  0]LogDerivedDataCache: Display: Max Cache Size: 512 MB
[2022.12.09-12.22.49:214][  0]LogDerivedDataCache: Loaded boot cache 0.05s 94MB C:/Users/mathi/AppData/Local/UnrealEngine/4.27/DerivedDataCache/Boot.ddc.
[2022.12.09-12.22.49:215][  0]LogDerivedDataCache: Display: Loaded Boot cache: C:/Users/mathi/AppData/Local/UnrealEngine/4.27/DerivedDataCache/Boot.ddc
[2022.12.09-12.22.49:215][  0]LogDerivedDataCache: FDerivedDataBackendGraph:  Pak pak cache file ../../../../../Unreal Projects/EscapeKart/DerivedDataCache/DDC.ddp not found, will not use a pak cache.
[2022.12.09-12.22.49:215][  0]LogDerivedDataCache: Unable to find inner node Pak for hierarchical cache Hierarchy.
[2022.12.09-12.22.49:215][  0]LogDerivedDataCache: FDerivedDataBackendGraph:  CompressedPak pak cache file ../../../../../Unreal Projects/EscapeKart/DerivedDataCache/Compressed.ddp not found, will not use a pak cache.
[2022.12.09-12.22.49:215][  0]LogDerivedDataCache: Unable to find inner node CompressedPak for hierarchical cache Hierarchy.
[2022.12.09-12.22.49:231][  0]LogDerivedDataCache: Display: Pak cache opened for reading ../../../Engine/DerivedDataCache/Compressed.ddp.
[2022.12.09-12.22.49:232][  0]LogDerivedDataCache: FDerivedDataBackendGraph:  EnterprisePak pak cache file ../../../Enterprise/DerivedDataCache/Compressed.ddp not found, will not use a pak cache.
[2022.12.09-12.22.49:232][  0]LogDerivedDataCache: Unable to find inner node EnterprisePak for hierarchical cache Hierarchy.
[2022.12.09-12.22.49:239][  0]LogDerivedDataCache: Speed tests for C:/Users/mathi/AppData/Local/UnrealEngine/Common/DerivedDataCache took 0.01 seconds
[2022.12.09-12.22.49:239][  0]LogDerivedDataCache: Display: Performance to C:/Users/mathi/AppData/Local/UnrealEngine/Common/DerivedDataCache: Latency=0.02ms. RandomReadSpeed=1583.26MBs, RandomWriteSpeed=161.86MBs. Assigned SpeedClass 'Local'
[2022.12.09-12.22.49:241][  0]LogDerivedDataCache: Using Local data cache path C:/Users/mathi/AppData/Local/UnrealEngine/Common/DerivedDataCache: Writable
[2022.12.09-12.22.49:241][  0]LogDerivedDataCache: Shared data cache path not found in *engine.ini, will not use an Shared cache.
[2022.12.09-12.22.49:241][  0]LogDerivedDataCache: Unable to find inner node Shared for hierarchical cache Hierarchy.
[2022.12.09-12.22.49:281][  0]LogSlate: Using FreeType 2.10.0
[2022.12.09-12.22.49:282][  0]LogSlate: SlateFontServices - WITH_FREETYPE: 1, WITH_HARFBUZZ: 1
[2022.12.09-12.22.49:307][  0]LogAssetRegistry: FAssetRegistry took 0.0058 seconds to start up
[2022.12.09-12.22.49:515][  0]LogInit: Selected Device Profile: [Windows]
[2022.12.09-12.22.49:515][  0]LogInit: Active device profile: [000001C9DF11CE00][000001C9DD5283C0 49] Windows
[2022.12.09-12.22.49:515][  0]LogInit: Profiles: [000001C9DF11CE00][000001C9DD5283C0 49] Windows, [000001C9DF11A900][000001C9E00A6500 49] WindowsNoEditor, [000001C9DF11DD00][000001C9E00AA640 49] WindowsServer, [000001C9DF11B700][000001C9D814A780 49] WindowsClient, [000001C9DF11EA00][000001C9D7628900 49] IOS, [000001C9DF11BD00][000001C9DFE2EA80 49] iPadAir, [000001C9DF11D500][000001C9DFE32C00 49] iPadAir2, [000001C9DF06D200][000001C9DF95AEC0 49] IPadPro, [000001C9DF06D300][000001C9DF94AF00 49] iPadAir3, [000001C9DF118C00][000001C9DF963080 49] iPadAir4, [000001C9DF06DF00][000001C9D7B57200 49] iPadMini2, [000001C9DF11B500][000001C9D7B8B380 49] iPadMini3, [000001C9DF06E900][000001C9D7B9B500 49] iPadMini4, [000001C9DF118F00][000001C9D7BAF680 49] iPadMini5, [000001C9DF0C0C00][000001C9D7BB7940 49] iPhone6, [000001C9DF0C0D00][000001C9D7BB3980 49] iPodTouch6, [000001C9DF11E700][000001C9D7BBE0C0 49] iPhone7, [000001C9DF11E900][000001C9D7BBA100 49] iPodTouch7, [000001C9DF06D100][000001C9D7BC2280 49] iPhone5S, [000001C9DF11EC00][000001C9D7BC6400 49] iPhone6Plus, [000001C9DF06FF00][000001C9D7624540 49] iPhone6S, [000001C9DF06C100][000001C9D7BCA680 49] iPhone6SPlus, [000001C9DF0C0B00][000001C9D7BCE7C0 49] iPhone7Plus, [000001C9DF06E100][000001C9D7BD2900 49] iPhoneSE, [000001C9DF0C2900][000001C9D7BDAA80 49] iPhone8, [000001C9DF06E200][000001C9D7BDEC00 49] iPhone8Plus, [000001C9DF0C3B00][000001C9D7BE8D80 49] iPhoneX, [000001C9DF06E300][000001C9D7BECF00 49] iPhoneXS, [000001C9DF0C0F00][000001C9D7BF1080 49] iPhoneXSMax, [000001C9DF11EF00][000001C9DF937200 49] iPhoneXR, [000001C9DF0C1700][000001C9DF93B380 49] iPhone11, [000001C9DF11EE00][000001C9DF93F500 49] iPhone11Pro, [000001C9DF0C1900][000001C9DF943680 49] iPhone11ProMax, [000001C9DF11D200][000001C9DFC79800 49] iPhoneSE2, [000001C9DF0C3D00][000001C9DFC7D980 49] iPhone12Mini, [000001C9DF11CB00][000001C9DFC8BB00 49] iPhone12, [000001C9DF0C1D00][000001C9DFC8E100 49] iPhone12Pro, [000001C9DF11D400][000001C9DFC92280 49] iPhone12ProMax, [000001C9DF0C3700][000001C9DF946400 49] iPadPro105, [000001C9DF11DB00][000001C9DFC96580 49] iPadPro129, [000001C9DF0C0700][000001C9DFC9A700 49] iPadPro97, [000001C9DF11D300][000001C9D7BD6840 49] iPadPro2_129, [000001C9DF0C1200][000001C9DFC80980 49] iPad5, [000001C9DF11FF00][000001C9D7C00AC0 49] iPad6, [000001C9DF0C3A00][000001C9D7C08C40 49] iPad7, [000001C9DF11D900][000001C9D7C0CDC0 49] iPad8, [000001C9DF0C1400][000001C9D7C10F40 49] iPadPro11, [000001C9DF11F500][000001C9D81230C0 49] iPadPro2_11, [000001C9DF0C2300][000001C9D8127240 49] iPadPro3_129, [000001C9DF11CF00][000001C9D812B3C0 49] iPadPro4_129, [000001C9DF0C1100][000001C9DF94F540 49] AppleTV, [000001C9DF11F600][000001C9DFE3B6C0 49] AppleTV4K, [000001C9DF0C0600][000001C9DFE37840 49] TVOS, [000001C9DF11F900][000001C9DFE2B9C0 49] Mac, [000001C9DF0C3200][000001C9D7621B40 49] MacClient, [000001C9DF11FB00][000001C9E00A2140 49] MacNoEditor, [000001C9DF0C1300][000001C9D81462C0 49] MacServer, [000001C9DF11E400][000001C9D812E440 49] Linux, [000001C9DF0C2000][000001C9D81325C0 49] LinuxAArch64, [000001C9DF11FE00][000001C9D8136740 49] LinuxNoEditor, [000001C9DF0C3100][000001C9D813A8C0 49] LinuxAArch64NoEditor, [000001C9DF11F200][000001C9D7C04A00 49] LinuxClient, [000001C9DF0C2800][000001C9D813EB40 49] LinuxAArch64Client, [000001C9DF11C400][000001C9D8142C80 49] LinuxServer, [000001C9DF0C0400][000001C9DD4F8DC0 49] LinuxAArch64Server, [000001C9DF11D100][000001C9DD500F40 49] Android, [000001C9DF0C2700][000001C9DD5050C0 49] Android_Low, [000001C9DF11C800][000001C9DD509240 49] Android_Mid, [000001C9DF0C0300][000001C9DD50D3C0 49] Android_High, [000001C9DF11DC00][000001C9DD511540 49] Android_Default, [000001C9DF0C3600][000001C9DD5156C0 49] Android_Adreno4xx, [000001C9DF11E100][000001C9DD519840 49] Android_Adreno5xx_Low, [000001C9DF0C0900][000001C9DD51D9C0 49] Android_Adreno5xx, [000001C9DF11DF00][000001C9E0497B40 49] Android_Adreno6xx, [000001C9DF0C1B00][000001C9E049A140 49] Android_Adreno6xx_Vulkan, [000001C9DF11EB00][000001C9E049E2C0 49] Android_Mali_T6xx, [000001C9DF06D900][000001C9E04A2440 49] Android_Mali_T7xx, [000001C9DF11B600][000001C9E04A65C0 49] Android_Mali_T8xx, [000001C9DF06FC00][000001C9E04AA740 49] Android_Mali_G71, [000001C9DF119700][000001C9E04AE8C0 49] Android_Mali_G72, [000001C9DF06F900][000001C9E04B2A40 49] Android_Mali_G72_Vulkan, [000001C9DF11A700][000001C9DD4FCB80 49] Android_Mali_G76, [000001C9DF06DA00][000001C9E04B6CC0 49] Android_Mali_G76_Vulkan, [000001C9DF118400][000001C9E04BAE00 49] Android_Mali_G77, [000001C9DF06F500][000001C9DFDEEF40 49] Android_Mali_G77_Vulkan, [000001C9DF11A500][000001C9DFDF70C0 49] Android_Mali_G78, [000001C9DF06D000][000001C9DFDFB240 49] Android_Mali_G78_Vulkan, [000001C9DF11A800][000001C9DFDFF3C0 49] Android_Mali_G710, [000001C9DF06D500][000001C9DFE03540 49] Android_Mali_G710_Vulkan, [000001C9DF11BA00][000001C9DFE076C0 49] Android_Vulkan_SM5, [000001C9DF06D800][000001C9DFE0B840 49] Android_PowerVR_G6xxx, [000001C9DF11B400][000001C9DFE0F9C0 49] Android_PowerVR_GT7xxx, [000001C9DF06DB00][000001C9DFE13B40 49] Android_PowerVR_GE8xxx, [000001C9DF11BF00][000001C9DFE16140 49] Android_PowerVR_GM9xxx, [000001C9DF06DE00][000001C9DFE1A2C0 49] Android_PowerVR_GM9xxx_Vulkan, [000001C9DF119B00][000001C9DFE1E440 49] Android_TegraK1, [000001C9DF06FB00][000001C9DFE225C0 49] Android_Unknown_Vulkan, [000001C9DF119100][000001C9DFE26740 49] Lumin, [000001C9DF06C600][000001C9DF9FA8C0 49] Lumin_Desktop, [000001C9DF0C2200][000001C9DF9FEA40 49] HoloLens, 
[2022.12.09-12.22.49:633][  0]LogMeshReduction: Using QuadricMeshReduction for automatic static mesh reduction
[2022.12.09-12.22.49:633][  0]LogMeshReduction: Using SimplygonMeshReduction for automatic skeletal mesh reduction
[2022.12.09-12.22.49:633][  0]LogMeshReduction: Using ProxyLODMeshReduction for automatic mesh merging
[2022.12.09-12.22.49:633][  0]LogMeshReduction: No distributed automatic mesh merging module available
[2022.12.09-12.22.49:633][  0]LogMeshMerging: No distributed automatic mesh merging module available
[2022.12.09-12.22.49:653][  0]LogNetVersion: EscapeKart 1.0.0, NetCL: 17155196, EngineNetVer: 17, GameNetVer: 0 (Checksum: 3997712291)
[2022.12.09-12.22.49:981][  0]LogTexture: Default maximum texture size for cubemaps generated from long-lat sources has been changed from 512 to unlimited. In order to preserve old behaiour for '/Engine/MapTemplates/Sky/DaylightAmbientCubemap.DaylightAmbientCubemap', its maximum texture size has been explicitly set to 512.
[2022.12.09-12.22.50:033][  0]LogHMD: PokeAHoleMaterial loaded successfully
[2022.12.09-12.22.50:039][  0]LogUObjectArray: 17075 objects as part of root set at end of initial load.
[2022.12.09-12.22.50:040][  0]LogUObjectAllocator: 4275792 out of 0 bytes used by permanent object pool.
[2022.12.09-12.22.50:040][  0]LogUObjectArray: CloseDisregardForGC: 0/0 objects in disregard for GC pool
[2022.12.09-12.22.50:322][  0]LogNiagaraDebuggerClient: Niagara Debugger Client Initialized | Session: 43F856CF4703D51A3EB6F09AD284A9E2 | Instance: CED1698040FF857B783E60B0C9825E98 (R9-3090-26268).
[2022.12.09-12.22.50:446][  0]LogUdpMessaging: Initializing bridge on interface 0.0.0.0:0 to multicast group 230.0.0.1:6666.
[2022.12.09-12.22.50:468][  0]LogTcpMessaging: Initializing TcpMessaging bridge
[2022.12.09-12.22.50:548][  0]LogPython: Using Python 3.7.7
[2022.12.09-12.22.51:123][  0]SourceControl: Source control is disabled
[2022.12.09-12.22.51:123][  0]SourceControl: Source control is disabled
[2022.12.09-12.22.51:133][  0]SourceControl: Source control is disabled
[2022.12.09-12.22.51:141][  0]SourceControl: Source control is disabled
[2022.12.09-12.22.51:145][  0]LogUProjectInfo: Found projects:
[2022.12.09-12.22.51:149][  0]SourceControl: Source control is disabled
[2022.12.09-12.22.51:401][  0]LogAndroidPermission: UAndroidPermissionCallbackProxy::GetInstance
[2022.12.09-12.22.51:432][  0]LogAudioCaptureCore: Display: No Audio Capture implementations found. Audio input will be silent.
[2022.12.09-12.22.51:432][  0]LogAudioCaptureCore: Display: No Audio Capture implementations found. Audio input will be silent.
[2022.12.09-12.22.51:600][  0]LogOpenImageDenoise: OIDN starting up
[2022.12.09-12.22.51:622][  0]LogCollectionManager: Loaded 0 collections in 0.000731 seconds
[2022.12.09-12.22.51:648][  0]LogFileCache: Scanning file cache for directory 'D:/Unreal Projects/EscapeKart/Saved/Collections/' took 0.00s
[2022.12.09-12.22.51:648][  0]LogFileCache: Scanning file cache for directory 'D:/Unreal Projects/EscapeKart/Content/Developers/mathi/Collections/' took 0.00s
[2022.12.09-12.22.51:648][  0]LogFileCache: Scanning file cache for directory 'D:/Unreal Projects/EscapeKart/Content/Collections/' took 0.00s
[2022.12.09-12.22.51:648][  0]LogOcInput: OculusInput pre-init called
[2022.12.09-12.22.51:866][  0]LogEngine: Initializing Engine...
[2022.12.09-12.22.51:868][  0]LogStats: UGameplayTagsManager::InitializeManager -  0.000 s
[2022.12.09-12.22.51:968][  0]LogInit: Initializing FReadOnlyCVARCache
[2022.12.09-12.22.51:979][  0]LogAIModule: Creating AISystem for world Untitled
[2022.12.09-12.22.51:992][  0]LogAudio: Display: Initializing Audio Device Manager...
[2022.12.09-12.22.51:997][  0]LogAudio: Display: Loading Default Audio Settings Objects...
[2022.12.09-12.22.51:998][  0]LogAudio: Display: No default SoundConcurrencyObject specified (or failed to load).
[2022.12.09-12.22.51:998][  0]LogAudio: Display: Audio Device Manager Initialized
[2022.12.09-12.22.51:998][  0]LogAudio: Display: Creating Audio Device:                 Id: 1, Scope: Shared, Realtime: True
[2022.12.09-12.22.51:998][  0]LogAudioMixer: Display: Audio Mixer Platform Settings:
[2022.12.09-12.22.51:999][  0]LogAudioMixer: Display: 	Sample Rate:						  48000
[2022.12.09-12.22.51:999][  0]LogAudioMixer: Display: 	Callback Buffer Frame Size Requested: 1024
[2022.12.09-12.22.51:999][  0]LogAudioMixer: Display: 	Callback Buffer Frame Size To Use:	  1024
[2022.12.09-12.22.51:999][  0]LogAudioMixer: Display: 	Number of buffers to queue:			  2
[2022.12.09-12.22.51:999][  0]LogAudioMixer: Display: 	Max Channels (voices):				  32
[2022.12.09-12.22.51:999][  0]LogAudioMixer: Display: 	Number of Async Source Workers:		  0
[2022.12.09-12.22.51:999][  0]LogAudio: Display: AudioDevice MaxSources: 32
[2022.12.09-12.22.52:000][  0]LogAudio: Display: Audio Spatialization Plugin: None (built-in).
[2022.12.09-12.22.52:000][  0]LogAudio: Display: Audio Reverb Plugin: None (built-in).
[2022.12.09-12.22.52:000][  0]LogAudio: Display: Audio Occlusion Plugin: None (built-in).
[2022.12.09-12.22.52:000][  0]LogAudioMixer: Display: Initializing audio mixer.
[2022.12.09-12.22.52:017][  0]LogAudioMixer: Display: 0: FrontLeft
[2022.12.09-12.22.52:017][  0]LogAudioMixer: Display: 1: FrontRight
[2022.12.09-12.22.52:075][  0]LogAudioMixer: Display: Using Audio Device Speakers (Razer Nommo Pro)
[2022.12.09-12.22.52:077][  0]LogAudioMixer: Display: Initializing Sound Submixes...
[2022.12.09-12.22.52:079][  0]LogAudioMixer: Display: Creating Master Submix 'MasterSubmixDefault'
[2022.12.09-12.22.52:079][  0]LogAudioMixer: Display: Creating Master Submix 'MasterReverbSubmixDefault'
[2022.12.09-12.22.52:080][  0]LogAudioMixer: Display: Creating Master Submix 'MasterEQSubmixDefault'
[2022.12.09-12.22.52:081][  0]LogAudioMixer: FMixerPlatformXAudio2::StartAudioStream() called
[2022.12.09-12.22.52:081][  0]LogAudioMixer: Display: Output buffers initialized: Frames=1024, Channels=2, Samples=2048
[2022.12.09-12.22.52:083][  0]LogAudioMixer: Display: Starting AudioMixerPlatformInterface::RunInternal()
[2022.12.09-12.22.52:083][  0]LogAudioMixer: Display: FMixerPlatformXAudio2::SubmitBuffer() called for the first time
[2022.12.09-12.22.52:083][  0]LogInit: FAudioDevice initialized.
[2022.12.09-12.22.52:083][  0]LogAudio: Display: Audio Device (ID: 1) registered with world 'Untitled'.
[2022.12.09-12.22.52:084][  0]LogNetVersion: Set ProjectVersion to 1.0.0.0. Version Checksum will be recalculated on next use.
[2022.12.09-12.22.52:140][  0]LogDerivedDataCache: Saved boot cache 0.06s 94MB C:/Users/mathi/AppData/Local/UnrealEngine/4.27/DerivedDataCache/Boot.ddc.
[2022.12.09-12.22.52:141][  0]LogInit: Texture streaming: Enabled
[2022.12.09-12.22.52:158][  0]LogAnalytics: Display: [UEEditor.Rocket.Release] APIServer = https://datarouter.ol.epicgames.com/. AppVersion = 4.27.2-18319896+++UE4+Release-4.27
[2022.12.09-12.22.52:163][  0]LogEngineSessionManager: EngineSessionManager initialized
[2022.12.09-12.22.52:164][  0]LogEngineSessionManager: EngineSessionManager sent abnormal shutdown report. Type=Debugger, SessionId={44348063-41FE-2631-8147-CE8341F4CF33}
[2022.12.09-12.22.52:164][  0]LogEngineSessionManager: EngineSessionManager sent abnormal shutdown report. Type=Debugger, SessionId={B538040C-4F01-5BD2-FF31-6997952A94D7}
[2022.12.09-12.22.52:164][  0]LogEngineSessionManager: EngineSessionManager sent abnormal shutdown report. Type=Debugger, SessionId={D57ADA52-4CBF-65FA-2211-0F82C7203424}
[2022.12.09-12.22.52:164][  0]LogEditorSessionSummary: Verbose: Initializing EditorSessionSummaryWriter for editor session tracking
[2022.12.09-12.22.52:165][  0]LogEditorSessionSummary: EditorSessionSummaryWriter initialized
[2022.12.09-12.22.52:186][  0]LogInit: Transaction tracking system initialized
[2022.12.09-12.22.52:213][  0]BlueprintLog: New page: Editor Load
[2022.12.09-12.22.52:283][  0]LocalizationService: Localization service is disabled
[2022.12.09-12.22.52:311][  0]TimingProfiler: Initialize
[2022.12.09-12.22.52:311][  0]TimingProfiler: OnSessionChanged
[2022.12.09-12.22.52:311][  0]LoadingProfiler: Initialize
[2022.12.09-12.22.52:312][  0]LoadingProfiler: OnSessionChanged
[2022.12.09-12.22.52:312][  0]NetworkingProfiler: Initialize
[2022.12.09-12.22.52:312][  0]NetworkingProfiler: OnSessionChanged
[2022.12.09-12.22.52:312][  0]MemoryProfiler: Initialize
[2022.12.09-12.22.52:312][  0]MemoryProfiler: OnSessionChanged
[2022.12.09-12.22.52:443][  0]LogCook: Display: CookSettings for Memory: MemoryMaxUsedVirtual 0MiB, MemoryMaxUsedPhysical 16384MiB, MemoryMinFreeVirtual 0MiB, MemoryMinFreePhysical 1024MiB
[2022.12.09-12.22.52:444][  0]LogCook: Display: Mobile HDR setting 1
[2022.12.09-12.22.52:673][  0]LogFileCache: Scanning file cache for directory 'D:/Unreal Projects/EscapeKart/Content/' took 0.01s
[2022.12.09-12.22.52:673][  0]LogInit: Display: Engine is initialized. Leaving FEngineLoop::Init()
[2022.12.09-12.22.52:676][  0]SourceControl: Source control is disabled
[2022.12.09-12.22.52:676][  0]LogUnrealEdMisc: Loading editor; pre map load, took 8.672
[2022.12.09-12.22.52:676][  0]Cmd: MAP LOAD FILE="../../../../../Unreal Projects/EscapeKart/Content/StarterContent/Maps/Minimal_Default.umap" TEMPLATE=0 SHOWPROGRESS=1 FEATURELEVEL=3
[2022.12.09-12.22.52:676][  0]LightingResults: New page: Lighting Build
[2022.12.09-12.22.52:678][  0]LogWorld: UWorld::CleanupWorld for Untitled, bSessionEnded=true, bCleanupResources=true
[2022.12.09-12.22.52:678][  0]LogSlate: InvalidateAllWidgets triggered.  All widgets were invalidated
[2022.12.09-12.22.52:678][  0]MapCheck: New page: Map Check
[2022.12.09-12.22.52:679][  0]LightingResults: New page: Lighting Build
[2022.12.09-12.22.52:685][  0]LogAudio: Display: Audio Device unregistered from world 'None'.
[2022.12.09-12.22.52:690][  0]LogUObjectHash: Compacting FUObjectHashTables data took   0.82ms
[2022.12.09-12.22.52:955][  0]LogAudio: Display: Audio Device (ID: 1) registered with world 'Minimal_Default'.
[2022.12.09-12.22.52:957][  0]LogAIModule: Creating AISystem for world Minimal_Default
[2022.12.09-12.22.52:962][  0]LogEditorServer: Finished looking for orphan Actors (0.000 secs)
[2022.12.09-12.22.52:980][  0]LogUObjectHash: Compacting FUObjectHashTables data took   0.84ms
[2022.12.09-12.22.52:982][  0]Cmd: MAP CHECKDEP NOCLEARLOG
[2022.12.09-12.22.52:982][  0]MapCheck: Map check complete: 0 Error(s), 0 Warning(s), took 0.107ms to complete.
[2022.12.09-12.22.52:982][  0]LogFileHelpers: Loading map 'Minimal_Default' took 0.307
[2022.12.09-12.22.52:984][  0]LogUnrealEdMisc: Total Editor Startup Time, took 8.981
[2022.12.09-12.22.53:120][  0]LogSlate: Updating window title bar state: overlay mode, drag disabled, window buttons hidden, title bar hidden
[2022.12.09-12.22.53:126][  0]LogSlate: Updating window title bar state: overlay mode, drag disabled, window buttons hidden, title bar hidden
[2022.12.09-12.22.53:132][  0]LogSlate: Updating window title bar state: overlay mode, drag disabled, window buttons hidden, title bar hidden
[2022.12.09-12.22.53:137][  0]LogSlate: Updating window title bar state: overlay mode, drag disabled, window buttons hidden, title bar hidden
[2022.12.09-12.22.53:150][  0]LogNativeClassHierarchy: Verbose: Native class hierarchy populated in 0.0096 seconds. Added 3816 classes and 923 folders.
[2022.12.09-12.22.53:153][  0]LogNativeClassHierarchy: Verbose: Native class hierarchy updated for 'WidgetCarousel' in 0.0003 seconds. Added 0 classes and 0 folders.
[2022.12.09-12.22.53:154][  0]LogPakFile: PakFile PrimaryIndexSize=187
[2022.12.09-12.22.53:154][  0]LogPakFile: PakFile PathHashIndexSize=101
[2022.12.09-12.22.53:154][  0]LogPakFile: PakFile FullDirectoryIndexSize=148
[2022.12.09-12.22.53:154][  0]LogShaderLibrary: Display: ShaderCodeLibraryPakFileMountedCallback: PakFile 'D:/EPIC/UE_4.27/FeaturePacks/FP_FirstPerson.upack' (chunk index -1, root 'root:/') mounted
[2022.12.09-12.22.53:154][  0]LogShaderLibrary: Display: ShaderCodeLibraryPakFileMountedCallback: pending pak file info (ChunkID:-1 Root:root:/ File:D:/EPIC/UE_4.27/FeaturePacks/FP_FirstPerson.upack)
[2022.12.09-12.22.53:155][  0]LogPakFile: OnPakFileMounted2Time == 0.000280
[2022.12.09-12.22.53:155][  0]LogPakFile: PakFile PrimaryIndexSize=189
[2022.12.09-12.22.53:155][  0]LogPakFile: PakFile PathHashIndexSize=101
[2022.12.09-12.22.53:155][  0]LogPakFile: PakFile FullDirectoryIndexSize=152
[2022.12.09-12.22.53:155][  0]LogShaderLibrary: Display: ShaderCodeLibraryPakFileMountedCallback: PakFile 'D:/EPIC/UE_4.27/FeaturePacks/FP_FirstPersonBP.upack' (chunk index -1, root 'root:/') mounted
[2022.12.09-12.22.53:156][  0]LogShaderLibrary: Display: ShaderCodeLibraryPakFileMountedCallback: pending pak file info (ChunkID:-1 Root:root:/ File:D:/EPIC/UE_4.27/FeaturePacks/FP_FirstPersonBP.upack)
[2022.12.09-12.22.53:156][  0]LogPakFile: OnPakFileMounted2Time == 0.000323
[2022.12.09-12.22.53:156][  0]LogPakFile: PakFile PrimaryIndexSize=191
[2022.12.09-12.22.53:156][  0]LogPakFile: PakFile PathHashIndexSize=101
[2022.12.09-12.22.53:156][  0]LogPakFile: PakFile FullDirectoryIndexSize=160
[2022.12.09-12.22.53:157][  0]LogShaderLibrary: Display: ShaderCodeLibraryPakFileMountedCallback: PakFile 'D:/EPIC/UE_4.27/FeaturePacks/MobileStarterContent.upack' (chunk index -1, root 'root:/') mounted
[2022.12.09-12.22.53:157][  0]LogShaderLibrary: Display: ShaderCodeLibraryPakFileMountedCallback: pending pak file info (ChunkID:-1 Root:root:/ File:D:/EPIC/UE_4.27/FeaturePacks/MobileStarterContent.upack)
[2022.12.09-12.22.53:157][  0]LogPakFile: OnPakFileMounted2Time == 0.000205
[2022.12.09-12.22.53:157][  0]LogPakFile: PakFile PrimaryIndexSize=185
[2022.12.09-12.22.53:157][  0]LogPakFile: PakFile PathHashIndexSize=101
[2022.12.09-12.22.53:157][  0]LogPakFile: PakFile FullDirectoryIndexSize=148
[2022.12.09-12.22.53:158][  0]LogShaderLibrary: Display: ShaderCodeLibraryPakFileMountedCallback: PakFile 'D:/EPIC/UE_4.27/FeaturePacks/StarterContent.upack' (chunk index -1, root 'root:/') mounted
[2022.12.09-12.22.53:158][  0]LogShaderLibrary: Display: ShaderCodeLibraryPakFileMountedCallback: pending pak file info (ChunkID:-1 Root:root:/ File:D:/EPIC/UE_4.27/FeaturePacks/StarterContent.upack)
[2022.12.09-12.22.53:158][  0]LogPakFile: OnPakFileMounted2Time == 0.000313
[2022.12.09-12.22.53:158][  0]LogPakFile: PakFile PrimaryIndexSize=190
[2022.12.09-12.22.53:159][  0]LogPakFile: PakFile PathHashIndexSize=101
[2022.12.09-12.22.53:159][  0]LogPakFile: PakFile FullDirectoryIndexSize=154
[2022.12.09-12.22.53:159][  0]LogShaderLibrary: Display: ShaderCodeLibraryPakFileMountedCallback: PakFile 'D:/EPIC/UE_4.27/FeaturePacks/TP_2DSideScroller.upack' (chunk index -1, root 'root:/') mounted
[2022.12.09-12.22.53:159][  0]LogShaderLibrary: Display: ShaderCodeLibraryPakFileMountedCallback: pending pak file info (ChunkID:-1 Root:root:/ File:D:/EPIC/UE_4.27/FeaturePacks/TP_2DSideScroller.upack)
[2022.12.09-12.22.53:159][  0]LogPakFile: OnPakFileMounted2Time == 0.000289
[2022.12.09-12.22.53:160][  0]LogPakFile: PakFile PrimaryIndexSize=192
[2022.12.09-12.22.53:160][  0]LogPakFile: PakFile PathHashIndexSize=101
[2022.12.09-12.22.53:160][  0]LogPakFile: PakFile FullDirectoryIndexSize=158
[2022.12.09-12.22.53:160][  0]LogShaderLibrary: Display: ShaderCodeLibraryPakFileMountedCallback: PakFile 'D:/EPIC/UE_4.27/FeaturePacks/TP_2DSideScrollerBP.upack' (chunk index -1, root 'root:/') mounted
[2022.12.09-12.22.53:160][  0]LogShaderLibrary: Display: ShaderCodeLibraryPakFileMountedCallback: pending pak file info (ChunkID:-1 Root:root:/ File:D:/EPIC/UE_4.27/FeaturePacks/TP_2DSideScrollerBP.upack)
[2022.12.09-12.22.53:160][  0]LogPakFile: OnPakFileMounted2Time == 0.000405
[2022.12.09-12.22.53:161][  0]LogPakFile: PakFile PrimaryIndexSize=182
[2022.12.09-12.22.53:161][  0]LogPakFile: PakFile PathHashIndexSize=101
[2022.12.09-12.22.53:161][  0]LogPakFile: PakFile FullDirectoryIndexSize=138
[2022.12.09-12.22.53:161][  0]LogShaderLibrary: Display: ShaderCodeLibraryPakFileMountedCallback: PakFile 'D:/EPIC/UE_4.27/FeaturePacks/TP_Flying.upack' (chunk index -1, root 'root:/') mounted
[2022.12.09-12.22.53:161][  0]LogShaderLibrary: Display: ShaderCodeLibraryPakFileMountedCallback: pending pak file info (ChunkID:-1 Root:root:/ File:D:/EPIC/UE_4.27/FeaturePacks/TP_Flying.upack)
[2022.12.09-12.22.53:161][  0]LogPakFile: OnPakFileMounted2Time == 0.000220
[2022.12.09-12.22.53:162][  0]LogPakFile: PakFile PrimaryIndexSize=184
[2022.12.09-12.22.53:162][  0]LogPakFile: PakFile PathHashIndexSize=101
[2022.12.09-12.22.53:162][  0]LogPakFile: PakFile FullDirectoryIndexSize=142
[2022.12.09-12.22.53:162][  0]LogShaderLibrary: Display: ShaderCodeLibraryPakFileMountedCallback: PakFile 'D:/EPIC/UE_4.27/FeaturePacks/TP_FlyingBP.upack' (chunk index -1, root 'root:/') mounted
[2022.12.09-12.22.53:162][  0]LogShaderLibrary: Display: ShaderCodeLibraryPakFileMountedCallback: pending pak file info (ChunkID:-1 Root:root:/ File:D:/EPIC/UE_4.27/FeaturePacks/TP_FlyingBP.upack)
[2022.12.09-12.22.53:162][  0]LogPakFile: OnPakFileMounted2Time == 0.000279
[2022.12.09-12.22.53:163][  0]LogPakFile: PakFile PrimaryIndexSize=188
[2022.12.09-12.22.53:163][  0]LogPakFile: PakFile PathHashIndexSize=101
[2022.12.09-12.22.53:163][  0]LogPakFile: PakFile FullDirectoryIndexSize=150
[2022.12.09-12.22.53:163][  0]LogShaderLibrary: Display: ShaderCodeLibraryPakFileMountedCallback: PakFile 'D:/EPIC/UE_4.27/FeaturePacks/TP_HandheldARBP.upack' (chunk index -1, root 'root:/') mounted
[2022.12.09-12.22.53:163][  0]LogShaderLibrary: Display: ShaderCodeLibraryPakFileMountedCallback: pending pak file info (ChunkID:-1 Root:root:/ File:D:/EPIC/UE_4.27/FeaturePacks/TP_HandheldARBP.upack)
[2022.12.09-12.22.53:164][  0]LogPakFile: OnPakFileMounted2Time == 0.000232
[2022.12.09-12.22.53:164][  0]LogPakFile: PakFile PrimaryIndexSize=182
[2022.12.09-12.22.53:164][  0]LogPakFile: PakFile PathHashIndexSize=101
[2022.12.09-12.22.53:164][  0]LogPakFile: PakFile FullDirectoryIndexSize=138
[2022.12.09-12.22.53:165][  0]LogShaderLibrary: Display: ShaderCodeLibraryPakFileMountedCallback: PakFile 'D:/EPIC/UE_4.27/FeaturePacks/TP_Puzzle.upack' (chunk index -1, root 'root:/') mounted
[2022.12.09-12.22.53:165][  0]LogShaderLibrary: Display: ShaderCodeLibraryPakFileMountedCallback: pending pak file info (ChunkID:-1 Root:root:/ File:D:/EPIC/UE_4.27/FeaturePacks/TP_Puzzle.upack)
[2022.12.09-12.22.53:165][  0]LogPakFile: OnPakFileMounted2Time == 0.000210
[2022.12.09-12.22.53:165][  0]LogPakFile: PakFile PrimaryIndexSize=184
[2022.12.09-12.22.53:165][  0]LogPakFile: PakFile PathHashIndexSize=101
[2022.12.09-12.22.53:165][  0]LogPakFile: PakFile FullDirectoryIndexSize=142
[2022.12.09-12.22.53:165][  0]LogShaderLibrary: Display: ShaderCodeLibraryPakFileMountedCallback: PakFile 'D:/EPIC/UE_4.27/FeaturePacks/TP_PuzzleBP.upack' (chunk index -1, root 'root:/') mounted
[2022.12.09-12.22.53:166][  0]LogShaderLibrary: Display: ShaderCodeLibraryPakFileMountedCallback: pending pak file info (ChunkID:-1 Root:root:/ File:D:/EPIC/UE_4.27/FeaturePacks/TP_PuzzleBP.upack)
[2022.12.09-12.22.53:166][  0]LogPakFile: OnPakFileMounted2Time == 0.000264
[2022.12.09-12.22.53:166][  0]LogPakFile: PakFile PrimaryIndexSize=183
[2022.12.09-12.22.53:166][  0]LogPakFile: PakFile PathHashIndexSize=101
[2022.12.09-12.22.53:166][  0]LogPakFile: PakFile FullDirectoryIndexSize=140
[2022.12.09-12.22.53:166][  0]LogShaderLibrary: Display: ShaderCodeLibraryPakFileMountedCallback: PakFile 'D:/EPIC/UE_4.27/FeaturePacks/TP_Rolling.upack' (chunk index -1, root 'root:/') mounted
[2022.12.09-12.22.53:167][  0]LogShaderLibrary: Display: ShaderCodeLibraryPakFileMountedCallback: pending pak file info (ChunkID:-1 Root:root:/ File:D:/EPIC/UE_4.27/FeaturePacks/TP_Rolling.upack)
[2022.12.09-12.22.53:167][  0]LogPakFile: OnPakFileMounted2Time == 0.000306
[2022.12.09-12.22.53:167][  0]LogPakFile: PakFile PrimaryIndexSize=185
[2022.12.09-12.22.53:167][  0]LogPakFile: PakFile PathHashIndexSize=101
[2022.12.09-12.22.53:167][  0]LogPakFile: PakFile FullDirectoryIndexSize=144
[2022.12.09-12.22.53:168][  0]LogShaderLibrary: Display: ShaderCodeLibraryPakFileMountedCallback: PakFile 'D:/EPIC/UE_4.27/FeaturePacks/TP_RollingBP.upack' (chunk index -1, root 'root:/') mounted
[2022.12.09-12.22.53:168][  0]LogShaderLibrary: Display: ShaderCodeLibraryPakFileMountedCallback: pending pak file info (ChunkID:-1 Root:root:/ File:D:/EPIC/UE_4.27/FeaturePacks/TP_RollingBP.upack)
[2022.12.09-12.22.53:168][  0]LogPakFile: OnPakFileMounted2Time == 0.000217
[2022.12.09-12.22.53:168][  0]LogPakFile: PakFile PrimaryIndexSize=188
[2022.12.09-12.22.53:168][  0]LogPakFile: PakFile PathHashIndexSize=101
[2022.12.09-12.22.53:168][  0]LogPakFile: PakFile FullDirectoryIndexSize=150
[2022.12.09-12.22.53:169][  0]LogShaderLibrary: Display: ShaderCodeLibraryPakFileMountedCallback: PakFile 'D:/EPIC/UE_4.27/FeaturePacks/TP_SideScroller.upack' (chunk index -1, root 'root:/') mounted
[2022.12.09-12.22.53:169][  0]LogShaderLibrary: Display: ShaderCodeLibraryPakFileMountedCallback: pending pak file info (ChunkID:-1 Root:root:/ File:D:/EPIC/UE_4.27/FeaturePacks/TP_SideScroller.upack)
[2022.12.09-12.22.53:169][  0]LogPakFile: OnPakFileMounted2Time == 0.000314
[2022.12.09-12.22.53:169][  0]LogPakFile: PakFile PrimaryIndexSize=190
[2022.12.09-12.22.53:170][  0]LogPakFile: PakFile PathHashIndexSize=101
[2022.12.09-12.22.53:170][  0]LogPakFile: PakFile FullDirectoryIndexSize=154
[2022.12.09-12.22.53:170][  0]LogShaderLibrary: Display: ShaderCodeLibraryPakFileMountedCallback: PakFile 'D:/EPIC/UE_4.27/FeaturePacks/TP_SideScrollerBP.upack' (chunk index -1, root 'root:/') mounted
[2022.12.09-12.22.53:170][  0]LogShaderLibrary: Display: ShaderCodeLibraryPakFileMountedCallback: pending pak file info (ChunkID:-1 Root:root:/ File:D:/EPIC/UE_4.27/FeaturePacks/TP_SideScrollerBP.upack)
[2022.12.09-12.22.53:170][  0]LogPakFile: OnPakFileMounted2Time == 0.000247
[2022.12.09-12.22.53:170][  0]LogPakFile: PakFile PrimaryIndexSize=187
[2022.12.09-12.22.53:171][  0]LogPakFile: PakFile PathHashIndexSize=101
[2022.12.09-12.22.53:171][  0]LogPakFile: PakFile FullDirectoryIndexSize=148
[2022.12.09-12.22.53:171][  0]LogShaderLibrary: Display: ShaderCodeLibraryPakFileMountedCallback: PakFile 'D:/EPIC/UE_4.27/FeaturePacks/TP_ThirdPerson.upack' (chunk index -1, root 'root:/') mounted
[2022.12.09-12.22.53:171][  0]LogShaderLibrary: Display: ShaderCodeLibraryPakFileMountedCallback: pending pak file info (ChunkID:-1 Root:root:/ File:D:/EPIC/UE_4.27/FeaturePacks/TP_ThirdPerson.upack)
[2022.12.09-12.22.53:171][  0]LogPakFile: OnPakFileMounted2Time == 0.000205
[2022.12.09-12.22.53:171][  0]LogPakFile: PakFile PrimaryIndexSize=189
[2022.12.09-12.22.53:171][  0]LogPakFile: PakFile PathHashIndexSize=101
[2022.12.09-12.22.53:172][  0]LogPakFile: PakFile FullDirectoryIndexSize=152
[2022.12.09-12.22.53:172][  0]LogShaderLibrary: Display: ShaderCodeLibraryPakFileMountedCallback: PakFile 'D:/EPIC/UE_4.27/FeaturePacks/TP_ThirdPersonBP.upack' (chunk index -1, root 'root:/') mounted
[2022.12.09-12.22.53:172][  0]LogShaderLibrary: Display: ShaderCodeLibraryPakFileMountedCallback: pending pak file info (ChunkID:-1 Root:root:/ File:D:/EPIC/UE_4.27/FeaturePacks/TP_ThirdPersonBP.upack)
[2022.12.09-12.22.53:172][  0]LogPakFile: OnPakFileMounted2Time == 0.000279
[2022.12.09-12.22.53:172][  0]LogPakFile: PakFile PrimaryIndexSize=183
[2022.12.09-12.22.53:173][  0]LogPakFile: PakFile PathHashIndexSize=101
[2022.12.09-12.22.53:173][  0]LogPakFile: PakFile FullDirectoryIndexSize=140
[2022.12.09-12.22.53:173][  0]LogShaderLibrary: Display: ShaderCodeLibraryPakFileMountedCallback: PakFile 'D:/EPIC/UE_4.27/FeaturePacks/TP_TopDown.upack' (chunk index -1, root 'root:/') mounted
[2022.12.09-12.22.53:173][  0]LogShaderLibrary: Display: ShaderCodeLibraryPakFileMountedCallback: pending pak file info (ChunkID:-1 Root:root:/ File:D:/EPIC/UE_4.27/FeaturePacks/TP_TopDown.upack)
[2022.12.09-12.22.53:173][  0]LogPakFile: OnPakFileMounted2Time == 0.000201
[2022.12.09-12.22.53:173][  0]LogPakFile: PakFile PrimaryIndexSize=185
[2022.12.09-12.22.53:173][  0]LogPakFile: PakFile PathHashIndexSize=101
[2022.12.09-12.22.53:173][  0]LogPakFile: PakFile FullDirectoryIndexSize=144
[2022.12.09-12.22.53:174][  0]LogShaderLibrary: Display: ShaderCodeLibraryPakFileMountedCallback: PakFile 'D:/EPIC/UE_4.27/FeaturePacks/TP_TopDownBP.upack' (chunk index -1, root 'root:/') mounted
[2022.12.09-12.22.53:174][  0]LogShaderLibrary: Display: ShaderCodeLibraryPakFileMountedCallback: pending pak file info (ChunkID:-1 Root:root:/ File:D:/EPIC/UE_4.27/FeaturePacks/TP_TopDownBP.upack)
[2022.12.09-12.22.53:174][  0]LogPakFile: OnPakFileMounted2Time == 0.000230
[2022.12.09-12.22.53:174][  0]LogPakFile: PakFile PrimaryIndexSize=185
[2022.12.09-12.22.53:174][  0]LogPakFile: PakFile PathHashIndexSize=101
[2022.12.09-12.22.53:174][  0]LogPakFile: PakFile FullDirectoryIndexSize=144
[2022.12.09-12.22.53:174][  0]LogShaderLibrary: Display: ShaderCodeLibraryPakFileMountedCallback: PakFile 'D:/EPIC/UE_4.27/FeaturePacks/TP_TwinStick.upack' (chunk index -1, root 'root:/') mounted
[2022.12.09-12.22.53:175][  0]LogShaderLibrary: Display: ShaderCodeLibraryPakFileMountedCallback: pending pak file info (ChunkID:-1 Root:root:/ File:D:/EPIC/UE_4.27/FeaturePacks/TP_TwinStick.upack)
[2022.12.09-12.22.53:175][  0]LogPakFile: OnPakFileMounted2Time == 0.000186
[2022.12.09-12.22.53:175][  0]LogPakFile: PakFile PrimaryIndexSize=187
[2022.12.09-12.22.53:175][  0]LogPakFile: PakFile PathHashIndexSize=101
[2022.12.09-12.22.53:175][  0]LogPakFile: PakFile FullDirectoryIndexSize=148
[2022.12.09-12.22.53:175][  0]LogShaderLibrary: Display: ShaderCodeLibraryPakFileMountedCallback: PakFile 'D:/EPIC/UE_4.27/FeaturePacks/TP_TwinStickBP.upack' (chunk index -1, root 'root:/') mounted
[2022.12.09-12.22.53:175][  0]LogShaderLibrary: Display: ShaderCodeLibraryPakFileMountedCallback: pending pak file info (ChunkID:-1 Root:root:/ File:D:/EPIC/UE_4.27/FeaturePacks/TP_TwinStickBP.upack)
[2022.12.09-12.22.53:176][  0]LogPakFile: OnPakFileMounted2Time == 0.000279
[2022.12.09-12.22.53:176][  0]LogPakFile: PakFile PrimaryIndexSize=183
[2022.12.09-12.22.53:176][  0]LogPakFile: PakFile PathHashIndexSize=101
[2022.12.09-12.22.53:176][  0]LogPakFile: PakFile FullDirectoryIndexSize=140
[2022.12.09-12.22.53:176][  0]LogShaderLibrary: Display: ShaderCodeLibraryPakFileMountedCallback: PakFile 'D:/EPIC/UE_4.27/FeaturePacks/TP_Vehicle.upack' (chunk index -1, root 'root:/') mounted
[2022.12.09-12.22.53:176][  0]LogShaderLibrary: Display: ShaderCodeLibraryPakFileMountedCallback: pending pak file info (ChunkID:-1 Root:root:/ File:D:/EPIC/UE_4.27/FeaturePacks/TP_Vehicle.upack)
[2022.12.09-12.22.53:177][  0]LogPakFile: OnPakFileMounted2Time == 0.000203
[2022.12.09-12.22.53:177][  0]LogPakFile: PakFile PrimaryIndexSize=186
[2022.12.09-12.22.53:177][  0]LogPakFile: PakFile PathHashIndexSize=101
[2022.12.09-12.22.53:177][  0]LogPakFile: PakFile FullDirectoryIndexSize=146
[2022.12.09-12.22.53:177][  0]LogShaderLibrary: Display: ShaderCodeLibraryPakFileMountedCallback: PakFile 'D:/EPIC/UE_4.27/FeaturePacks/TP_VehicleAdv.upack' (chunk index -1, root 'root:/') mounted
[2022.12.09-12.22.53:177][  0]LogShaderLibrary: Display: ShaderCodeLibraryPakFileMountedCallback: pending pak file info (ChunkID:-1 Root:root:/ File:D:/EPIC/UE_4.27/FeaturePacks/TP_VehicleAdv.upack)
[2022.12.09-12.22.53:177][  0]LogPakFile: OnPakFileMounted2Time == 0.000313
[2022.12.09-12.22.53:178][  0]LogPakFile: PakFile PrimaryIndexSize=188
[2022.12.09-12.22.53:178][  0]LogPakFile: PakFile PathHashIndexSize=101
[2022.12.09-12.22.53:178][  0]LogPakFile: PakFile FullDirectoryIndexSize=150
[2022.12.09-12.22.53:178][  0]LogShaderLibrary: Display: ShaderCodeLibraryPakFileMountedCallback: PakFile 'D:/EPIC/UE_4.27/FeaturePacks/TP_VehicleAdvBP.upack' (chunk index -1, root 'root:/') mounted
[2022.12.09-12.22.53:178][  0]LogShaderLibrary: Display: ShaderCodeLibraryPakFileMountedCallback: pending pak file info (ChunkID:-1 Root:root:/ File:D:/EPIC/UE_4.27/FeaturePacks/TP_VehicleAdvBP.upack)
[2022.12.09-12.22.53:179][  0]LogPakFile: OnPakFileMounted2Time == 0.000271
[2022.12.09-12.22.53:179][  0]LogPakFile: PakFile PrimaryIndexSize=185
[2022.12.09-12.22.53:179][  0]LogPakFile: PakFile PathHashIndexSize=101
[2022.12.09-12.22.53:179][  0]LogPakFile: PakFile FullDirectoryIndexSize=144
[2022.12.09-12.22.53:179][  0]LogShaderLibrary: Display: ShaderCodeLibraryPakFileMountedCallback: PakFile 'D:/EPIC/UE_4.27/FeaturePacks/TP_VehicleBP.upack' (chunk index -1, root 'root:/') mounted
[2022.12.09-12.22.53:179][  0]LogShaderLibrary: Display: ShaderCodeLibraryPakFileMountedCallback: pending pak file info (ChunkID:-1 Root:root:/ File:D:/EPIC/UE_4.27/FeaturePacks/TP_VehicleBP.upack)
[2022.12.09-12.22.53:180][  0]LogPakFile: OnPakFileMounted2Time == 0.000260
[2022.12.09-12.22.53:180][  0]LogPakFile: PakFile PrimaryIndexSize=192
[2022.12.09-12.22.53:180][  0]LogPakFile: PakFile PathHashIndexSize=101
[2022.12.09-12.22.53:180][  0]LogPakFile: PakFile FullDirectoryIndexSize=158
[2022.12.09-12.22.53:180][  0]LogShaderLibrary: Display: ShaderCodeLibraryPakFileMountedCallback: PakFile 'D:/EPIC/UE_4.27/FeaturePacks/TP_VirtualRealityBP.upack' (chunk index -1, root 'root:/') mounted
[2022.12.09-12.22.53:180][  0]LogShaderLibrary: Display: ShaderCodeLibraryPakFileMountedCallback: pending pak file info (ChunkID:-1 Root:root:/ File:D:/EPIC/UE_4.27/FeaturePacks/TP_VirtualRealityBP.upack)
[2022.12.09-12.22.53:181][  0]LogPakFile: OnPakFileMounted2Time == 0.000237
[2022.12.09-12.22.53:206][  0]LogNativeClassHierarchy: Verbose: Native class hierarchy updated for 'AddContentDialog' in 0.0003 seconds. Added 0 classes and 0 folders.
[2022.12.09-12.22.53:207][  0]LogNativeClassHierarchy: Verbose: Native class hierarchy updated for 'SceneOutliner' in 0.0001 seconds. Added 2 classes and 0 folders.
[2022.12.09-12.22.53:237][  0]LogNativeClassHierarchy: Verbose: Native class hierarchy updated for 'HierarchicalLODOutliner' in 0.0003 seconds. Added 0 classes and 0 folders.
[2022.12.09-12.22.53:237][  0]LogLoad: (Engine Initialization) Total time: 9.23 seconds
[2022.12.09-12.22.53:238][  0]LogLoad: (Engine Initialization) Total Blueprint compile time: 0.00 seconds
[2022.12.09-12.22.53:287][  0]LogAssetRegistry: Asset discovery search completed in 3.9837 seconds
[2022.12.09-12.22.53:291][  0]LogCollectionManager: Fixed up redirectors for 0 collections in 0.000003 seconds (updated 0 objects)
[2022.12.09-12.22.53:294][  0]LogContentStreaming: Texture pool size now 1000 MB
[2022.12.09-12.22.53:300][  0]LogSlate: Took 0.000135 seconds to synchronously load lazily loaded font '../../../Engine/Content/Slate/Fonts/Roboto-Regular.ttf' (155K)
[2022.12.09-12.22.53:301][  0]LogSlate: Took 0.000089 seconds to synchronously load lazily loaded font '../../../Engine/Content/Editor/Slate/Fonts/FontAwesome.ttf' (139K)
[2022.12.09-12.22.53:303][  0]LogSlate: Took 0.000089 seconds to synchronously load lazily loaded font '../../../Engine/Content/Slate/Fonts/Roboto-Bold.ttf' (160K)
[2022.12.09-12.22.53:369][  1]LogRenderer: Reallocating scene render targets to support 1016x360 Format 10 NumSamples 1 (Frame:1).
[2022.12.09-12.22.53:599][  6]LogRenderer: Reallocating scene render targets to support 1016x512 Format 10 NumSamples 1 (Frame:3).
[2022.12.09-12.22.55:004][115]LogRenderer: Reallocating scene render targets to support 1520x1292 Format 10 NumSamples 1 (Frame:117).
[2022.12.09-12.22.56:363][120]LogTemp: Repeating last play command: Selected Viewport
[2022.12.09-12.22.56:368][120]LogPlayLevel: PlayLevel: No blueprints needed recompiling
[2022.12.09-12.22.56:368][120]PIE: New page: PIE session: Minimal_Default (9 Dec 2022, 14:22:56)
[2022.12.09-12.22.56:371][120]LogOnline: OSS: Creating online subsystem instance for: NULL
[2022.12.09-12.22.56:373][120]LogOnline: OSS: TryLoadSubsystemAndSetDefault: Loaded subsystem for module [NULL]
[2022.12.09-12.22.56:373][120]LogPlayLevel: Creating play world package: /Game/StarterContent/Maps/UEDPIE_0_Minimal_Default
[2022.12.09-12.22.56:377][120]LogPlayLevel: PIE: StaticDuplicateObject took: (0.003160s)
[2022.12.09-12.22.56:378][120]LogAIModule: Creating AISystem for world Minimal_Default
[2022.12.09-12.22.56:378][120]LogPlayLevel: PIE: World Init took: (0.001223s)
[2022.12.09-12.22.56:378][120]LogPlayLevel: PIE: Created PIE world by copying editor world from /Game/StarterContent/Maps/Minimal_Default.Minimal_Default to /Game/StarterContent/Maps/UEDPIE_0_Minimal_Default.Minimal_Default (0.004830s)
[2022.12.09-12.22.56:383][120]LogUObjectHash: Compacting FUObjectHashTables data took   0.64ms
[2022.12.09-12.22.56:384][120]LogAudio: Display: Creating Audio Device:                 Id: 2, Scope: Unique, Realtime: True
[2022.12.09-12.22.56:384][120]LogAudioMixer: Display: Audio Mixer Platform Settings:
[2022.12.09-12.22.56:384][120]LogAudioMixer: Display: 	Sample Rate:						  48000
[2022.12.09-12.22.56:385][120]LogAudioMixer: Display: 	Callback Buffer Frame Size Requested: 1024
[2022.12.09-12.22.56:385][120]LogAudioMixer: Display: 	Callback Buffer Frame Size To Use:	  1024
[2022.12.09-12.22.56:385][120]LogAudioMixer: Display: 	Number of buffers to queue:			  2
[2022.12.09-12.22.56:385][120]LogAudioMixer: Display: 	Max Channels (voices):				  32
[2022.12.09-12.22.56:385][120]LogAudioMixer: Display: 	Number of Async Source Workers:		  0
[2022.12.09-12.22.56:385][120]LogAudio: Display: AudioDevice MaxSources: 32
[2022.12.09-12.22.56:386][120]LogAudio: Display: Audio Spatialization Plugin: None (built-in).
[2022.12.09-12.22.56:386][120]LogAudio: Display: Audio Reverb Plugin: None (built-in).
[2022.12.09-12.22.56:386][120]LogAudio: Display: Audio Occlusion Plugin: None (built-in).
[2022.12.09-12.22.56:386][120]LogAudioMixer: Display: Initializing audio mixer.
[2022.12.09-12.22.56:390][120]LogAudioMixer: Display: 0: FrontLeft
[2022.12.09-12.22.56:390][120]LogAudioMixer: Display: 1: FrontRight
[2022.12.09-12.22.56:398][120]LogAudioMixer: Display: Using Audio Device Speakers (Razer Nommo Pro)
[2022.12.09-12.22.56:399][120]LogAudioMixer: Display: Initializing Sound Submixes...
[2022.12.09-12.22.56:399][120]LogAudioMixer: Display: Creating Master Submix 'MasterSubmixDefault'
[2022.12.09-12.22.56:399][120]LogAudioMixer: Display: Creating Master Submix 'MasterReverbSubmixDefault'
[2022.12.09-12.22.56:400][120]LogAudioMixer: Display: Creating Master Submix 'MasterEQSubmixDefault'
[2022.12.09-12.22.56:400][120]LogAudioMixer: FMixerPlatformXAudio2::StartAudioStream() called
[2022.12.09-12.22.56:400][120]LogAudioMixer: Display: Output buffers initialized: Frames=1024, Channels=2, Samples=2048
[2022.12.09-12.22.56:402][120]LogAudioMixer: Display: Starting AudioMixerPlatformInterface::RunInternal()
[2022.12.09-12.22.56:402][120]LogAudioMixer: Display: FMixerPlatformXAudio2::SubmitBuffer() called for the first time
[2022.12.09-12.22.56:403][120]LogInit: FAudioDevice initialized.
[2022.12.09-12.22.56:403][120]LogAudio: Display: Audio Device (ID: 2) registered with world 'Minimal_Default'.
[2022.12.09-12.22.56:415][120]LogLoad: Game class is 'GameModeBase'
[2022.12.09-12.22.56:418][120]LogWorld: Bringing World /Game/StarterContent/Maps/UEDPIE_0_Minimal_Default.Minimal_Default up for play (max tick rate 0) at 2022.12.09-13.22.56
[2022.12.09-12.22.56:418][120]LogWorld: Bringing up level for play took: 0.001416
[2022.12.09-12.22.56:418][120]LogOnline: OSS: Creating online subsystem instance for: :Context_3
[2022.12.09-12.22.56:423][120]LogNativeClassHierarchy: Verbose: Native class hierarchy updated for 'MovieSceneCapture' in 0.0003 seconds. Added 20 classes and 0 folders.
[2022.12.09-12.22.56:424][120]PIE: Server logged in
[2022.12.09-12.22.56:425][120]PIE: Play in editor total start time 0.058 seconds.
[2022.12.09-12.23.01:329][696]LogSlate: Updating window title bar state: overlay mode, drag disabled, window buttons hidden, title bar hidden
[2022.12.09-12.23.01:330][696]LogWorld: BeginTearingDown for /Game/StarterContent/Maps/UEDPIE_0_Minimal_Default
[2022.12.09-12.23.01:330][696]LogWorld: UWorld::CleanupWorld for Minimal_Default, bSessionEnded=true, bCleanupResources=true
[2022.12.09-12.23.01:331][696]LogSlate: InvalidateAllWidgets triggered.  All widgets were invalidated
[2022.12.09-12.23.01:343][696]LogPlayLevel: Display: Shutting down PIE online subsystems
[2022.12.09-12.23.01:345][696]LogSlate: InvalidateAllWidgets triggered.  All widgets were invalidated
[2022.12.09-12.23.01:348][696]LogAudio: Display: Audio Device unregistered from world 'None'.
[2022.12.09-12.23.01:349][696]LogAudioMixer: FMixerPlatformXAudio2::StopAudioStream() called
[2022.12.09-12.23.01:351][696]LogAudioMixer: FMixerPlatformXAudio2::StopAudioStream() called
[2022.12.09-12.23.01:353][696]LogSlate: Updating window title bar state: overlay mode, drag disabled, window buttons hidden, title bar hidden
[2022.12.09-12.23.01:355][696]LogUObjectHash: Compacting FUObjectHashTables data took   0.72ms
[2022.12.09-12.23.01:405][698]LogPlayLevel: Display: Destroying online subsystem :Context_3
[2022.12.09-12.23.02:380][813]LogTemp: Repeating last play command: Selected Viewport
[2022.12.09-12.23.02:386][813]LogPlayLevel: PlayLevel: No blueprints needed recompiling
[2022.12.09-12.23.02:386][813]PIE: New page: PIE session: Minimal_Default (9 Dec 2022, 14:23:02)
[2022.12.09-12.23.02:408][813]LogPlayLevel: Creating play world package: /Game/StarterContent/Maps/UEDPIE_0_Minimal_Default
[2022.12.09-12.23.02:412][813]LogPlayLevel: PIE: StaticDuplicateObject took: (0.003311s)
[2022.12.09-12.23.02:413][813]LogAIModule: Creating AISystem for world Minimal_Default
[2022.12.09-12.23.02:414][813]LogPlayLevel: PIE: World Init took: (0.001433s)
[2022.12.09-12.23.02:414][813]LogPlayLevel: PIE: Created PIE world by copying editor world from /Game/StarterContent/Maps/Minimal_Default.Minimal_Default to /Game/StarterContent/Maps/UEDPIE_0_Minimal_Default.Minimal_Default (0.005431s)
[2022.12.09-12.23.02:418][813]LogUObjectHash: Compacting FUObjectHashTables data took   0.65ms
[2022.12.09-12.23.02:418][813]LogAudio: Display: Creating Audio Device:                 Id: 3, Scope: Unique, Realtime: True
[2022.12.09-12.23.02:418][813]LogAudioMixer: Display: Audio Mixer Platform Settings:
[2022.12.09-12.23.02:419][813]LogAudioMixer: Display: 	Sample Rate:						  48000
[2022.12.09-12.23.02:419][813]LogAudioMixer: Display: 	Callback Buffer Frame Size Requested: 1024
[2022.12.09-12.23.02:419][813]LogAudioMixer: Display: 	Callback Buffer Frame Size To Use:	  1024
[2022.12.09-12.23.02:419][813]LogAudioMixer: Display: 	Number of buffers to queue:			  2
[2022.12.09-12.23.02:419][813]LogAudioMixer: Display: 	Max Channels (voices):				  32
[2022.12.09-12.23.02:419][813]LogAudioMixer: Display: 	Number of Async Source Workers:		  0
[2022.12.09-12.23.02:419][813]LogAudio: Display: AudioDevice MaxSources: 32
[2022.12.09-12.23.02:420][813]LogAudio: Display: Audio Spatialization Plugin: None (built-in).
[2022.12.09-12.23.02:420][813]LogAudio: Display: Audio Reverb Plugin: None (built-in).
[2022.12.09-12.23.02:420][813]LogAudio: Display: Audio Occlusion Plugin: None (built-in).
[2022.12.09-12.23.02:420][813]LogAudioMixer: Display: Initializing audio mixer.
[2022.12.09-12.23.02:424][813]LogAudioMixer: Display: 0: FrontLeft
[2022.12.09-12.23.02:424][813]LogAudioMixer: Display: 1: FrontRight
[2022.12.09-12.23.02:432][813]LogAudioMixer: Display: Using Audio Device Speakers (Razer Nommo Pro)
[2022.12.09-12.23.02:432][813]LogAudioMixer: Display: Initializing Sound Submixes...
[2022.12.09-12.23.02:433][813]LogAudioMixer: Display: Creating Master Submix 'MasterSubmixDefault'
[2022.12.09-12.23.02:433][813]LogAudioMixer: Display: Creating Master Submix 'MasterReverbSubmixDefault'
[2022.12.09-12.23.02:433][813]LogAudioMixer: Display: Creating Master Submix 'MasterEQSubmixDefault'
[2022.12.09-12.23.02:434][813]LogAudioMixer: FMixerPlatformXAudio2::StartAudioStream() called
[2022.12.09-12.23.02:434][813]LogAudioMixer: Display: Output buffers initialized: Frames=1024, Channels=2, Samples=2048
[2022.12.09-12.23.02:436][813]LogAudioMixer: Display: Starting AudioMixerPlatformInterface::RunInternal()
[2022.12.09-12.23.02:436][813]LogAudioMixer: Display: FMixerPlatformXAudio2::SubmitBuffer() called for the first time
[2022.12.09-12.23.02:436][813]LogInit: FAudioDevice initialized.
[2022.12.09-12.23.02:436][813]LogAudio: Display: Audio Device (ID: 3) registered with world 'Minimal_Default'.
[2022.12.09-12.23.02:450][813]LogLoad: Game class is 'GameModeBase'
[2022.12.09-12.23.02:452][813]LogWorld: Bringing World /Game/StarterContent/Maps/UEDPIE_0_Minimal_Default.Minimal_Default up for play (max tick rate 0) at 2022.12.09-13.23.02
[2022.12.09-12.23.02:453][813]LogWorld: Bringing up level for play took: 0.001451
[2022.12.09-12.23.02:453][813]LogOnline: OSS: Creating online subsystem instance for: :Context_4
[2022.12.09-12.23.02:456][813]PIE: Server logged in
[2022.12.09-12.23.02:458][813]PIE: Play in editor total start time 0.073 seconds.
[2022.12.09-12.23.06:589][300]LogSlate: Updating window title bar state: overlay mode, drag disabled, window buttons hidden, title bar hidden
[2022.12.09-12.23.06:590][300]LogWorld: BeginTearingDown for /Game/StarterContent/Maps/UEDPIE_0_Minimal_Default
[2022.12.09-12.23.06:590][300]LogWorld: UWorld::CleanupWorld for Minimal_Default, bSessionEnded=true, bCleanupResources=true
[2022.12.09-12.23.06:590][300]LogSlate: InvalidateAllWidgets triggered.  All widgets were invalidated
[2022.12.09-12.23.06:603][300]LogPlayLevel: Display: Shutting down PIE online subsystems
[2022.12.09-12.23.06:605][300]LogSlate: InvalidateAllWidgets triggered.  All widgets were invalidated
[2022.12.09-12.23.06:608][300]LogSlate: Updating window title bar state: overlay mode, drag disabled, window buttons hidden, title bar hidden
[2022.12.09-12.23.06:609][300]LogAudioMixer: FMixerPlatformXAudio2::StopAudioStream() called
[2022.12.09-12.23.06:610][300]LogAudioMixer: FMixerPlatformXAudio2::StopAudioStream() called
[2022.12.09-12.23.06:614][300]LogUObjectHash: Compacting FUObjectHashTables data took   0.67ms
[2022.12.09-12.23.06:662][302]LogPlayLevel: Display: Destroying online subsystem :Context_4
