Log file open, 12/09/22 13:24:25
LogWindows: Failed to load 'aqProf.dll' (GetLastError=126)
LogWindows: File 'aqProf.dll' does not exist
LogWindows: Failed to load 'VtuneApi.dll' (GetLastError=126)
LogWindows: File 'VtuneApi.dll' does not exist
LogWindows: Failed to load 'VtuneApi32e.dll' (GetLastError=126)
LogWindows: File 'VtuneApi32e.dll' does not exist
LogConsoleResponse: Display: Failed to find resolution value strings in scalability ini. Falling back to default.
LogConsoleResponse: Display: Failed to find resolution value strings in scalability ini. Falling back to default.
LogInit: Display: Running engine for game: EscapeKart
LogPlatformFile: Not using cached read wrapper
LogTaskGraph: Started task graph with 5 named threads and 71 total threads with 3 sets of task threads.
LogStats: Stats thread started at 0.350485
LogICUInternationalization: ICU TimeZone Detection - Raw Offset: +1:00, Platform Override: ''
LogInit: Display: Loading text-based GConfig....
LogPluginManager: Mounting plugin MeshPainting
LogPluginManager: Mounting plugin XGEController
LogPluginManager: Mounting plugin Paper2D
LogPluginManager: Mounting plugin AISupport
LogPluginManager: Mounting plugin EnvironmentQueryEditor
LogPluginManager: Mounting plugin LiveLink
LogPluginManager: Mounting plugin LightPropagationVolume
LogPluginManager: Mounting plugin GameplayCameras
LogPluginManager: Mounting plugin CameraShakePreviewer
LogPluginManager: Mounting plugin AnimationSharing
LogPluginManager: Mounting plugin OodleNetwork
LogPluginManager: Mounting plugin CLionSourceCodeAccess
LogPluginManager: Mounting plugin OodleData
LogPluginManager: Mounting plugin CodeLiteSourceCodeAccess
LogPluginManager: Mounting plugin NullSourceCodeAccess
LogPluginManager: Mounting plugin KDevelopSourceCodeAccess
LogPluginManager: Mounting plugin PixWinPlugin
LogPluginManager: Mounting plugin PerforceSourceControl
LogPluginManager: Mounting plugin PlasticSourceControl
LogPluginManager: Mounting plugin RiderSourceCodeAccess
LogPluginManager: Mounting plugin PluginUtils
LogPluginManager: Mounting plugin SubversionSourceControl
LogPluginManager: Mounting plugin GitSourceControl
LogPluginManager: Mounting plugin VisualStudioSourceCodeAccess
LogPluginManager: Mounting plugin VisualStudioCodeSourceCodeAccess
LogPluginManager: Mounting plugin TextureFormatOodle
LogPluginManager: Mounting plugin PropertyAccessNode
LogPluginManager: Mounting plugin UObjectPlugin
LogPluginManager: Mounting plugin XCodeSourceCodeAccess
LogPluginManager: Mounting plugin DatasmithContent
LogPluginManager: Mounting plugin VariantManagerContent
LogPluginManager: Mounting plugin AlembicImporter
LogPluginManager: Mounting plugin AssetManagerEditor
LogPluginManager: Mounting plugin Niagara
LogPluginManager: Mounting plugin AutomationUtils
LogPluginManager: Mounting plugin BackChannel
LogPluginManager: Mounting plugin ChaosCloth
LogPluginManager: Mounting plugin ChaosEditor
LogPluginManager: Mounting plugin ChaosSolverPlugin
LogPluginManager: Mounting plugin ChaosClothEditor
LogPluginManager: Mounting plugin ChaosNiagara
LogPluginManager: Mounting plugin CryptoKeys
LogPluginManager: Mounting plugin CurveEditorTools
LogPluginManager: Mounting plugin CharacterAI
LogPluginManager: Mounting plugin DataValidation
LogPluginManager: Mounting plugin FacialAnimation
LogPluginManager: Mounting plugin SpeedTreeImporter
LogPluginManager: Mounting plugin GeometryCollectionPlugin
LogPluginManager: Mounting plugin PluginBrowser
LogPluginManager: Mounting plugin MaterialAnalyzer
LogPluginManager: Mounting plugin GeometryProcessing
LogPluginManager: Mounting plugin MotoSynth
LogPluginManager: Mounting plugin GameplayTagsEditor
LogPluginManager: Mounting plugin LuminPlatformFeatures
LogPluginManager: Mounting plugin OpenImageDenoise
LogPluginManager: Mounting plugin GeometryMode
LogPluginManager: Mounting plugin MacGraphicsSwitching
LogPluginManager: Mounting plugin MagicLeapLightEstimation
LogPluginManager: Mounting plugin MagicLeapPassableWorld
LogPluginManager: Mounting plugin AndroidMedia
LogPluginManager: Mounting plugin MagicLeapMedia
LogPluginManager: Mounting plugin MagicLeap
LogPluginManager: Mounting plugin MLSDK
LogPluginManager: Mounting plugin AvfMedia
LogPluginManager: Mounting plugin ImgMedia
LogPluginManager: Mounting plugin MediaCompositing
LogPluginManager: Mounting plugin MediaPlayerEditor
LogPluginManager: Mounting plugin PlatformCrypto
LogPluginManager: Mounting plugin PythonScriptPlugin
LogPluginManager: Mounting plugin WmfMedia
LogPluginManager: Mounting plugin PlanarCut
LogPluginManager: Mounting plugin ProxyLODPlugin
LogPluginManager: Mounting plugin SkeletalReduction
LogPluginManager: Mounting plugin MobileLauncherProfileWizard
LogPluginManager: Mounting plugin ActorSequence
LogPluginManager: Mounting plugin GeometryCache
LogPluginManager: Mounting plugin TcpMessaging
LogPluginManager: Mounting plugin WebMMedia
LogPluginManager: Mounting plugin MatineeToLevelSequence
LogPluginManager: Mounting plugin LevelSequenceEditor
LogPluginManager: Mounting plugin UdpMessaging
LogPluginManager: Mounting plugin TemplateSequence
LogPluginManager: Mounting plugin ActorLayerUtilities
LogPluginManager: Mounting plugin LauncherChunkInstaller
LogPluginManager: Mounting plugin AndroidDeviceProfileSelector
LogPluginManager: Mounting plugin AndroidMoviePlayer
LogPluginManager: Mounting plugin AndroidPermission
LogPluginManager: Mounting plugin AppleImageUtils
LogPluginManager: Mounting plugin AppleMoviePlayer
LogPluginManager: Mounting plugin OnlineSubsystem
LogPluginManager: Mounting plugin ArchVisCharacter
LogPluginManager: Mounting plugin AssetTags
LogPluginManager: Mounting plugin AudioCapture
LogPluginManager: Mounting plugin AudioSynesthesia
LogPluginManager: Mounting plugin CableComponent
LogPluginManager: Mounting plugin ChunkDownloader
LogPluginManager: Mounting plugin OnlineSubsystemNull
LogPluginManager: Mounting plugin CustomMeshComponent
LogPluginManager: Mounting plugin EditableMesh
LogPluginManager: Mounting plugin ExampleDeviceProfileSelector
LogPluginManager: Mounting plugin GoogleCloudMessaging
LogPluginManager: Mounting plugin GooglePAD
LogPluginManager: Mounting plugin IOSDeviceProfileSelector
LogPluginManager: Mounting plugin LinuxDeviceProfileSelector
LogPluginManager: Mounting plugin LocationServicesBPLibrary
LogPluginManager: Mounting plugin MobilePatchingUtils
LogPluginManager: Mounting plugin OpenXREyeTracker
LogPluginManager: Mounting plugin OpenXR
LogPluginManager: Mounting plugin OpenXRHandTracking
LogPluginManager: Mounting plugin PostSplashScreen
LogPluginManager: Mounting plugin PhysXVehicles
LogPluginManager: Mounting plugin ProceduralMeshComponent
LogPluginManager: Mounting plugin RuntimePhysXCooking
LogPluginManager: Mounting plugin SignificanceManager
LogPluginManager: Mounting plugin PropertyAccessEditor
LogPluginManager: Mounting plugin SoundFields
LogPluginManager: Mounting plugin WebMMoviePlayer
LogPluginManager: Mounting plugin Synthesis
LogPluginManager: Mounting plugin WindowsMoviePlayer
LogPluginManager: Mounting plugin OnlineSubsystemUtils
LogPluginManager: Mounting plugin Takes
LogPluginManager: Mounting plugin ScreenshotTools
LogPluginManager: Mounting plugin ContentBrowserClassDataSource
LogPluginManager: Mounting plugin ContentBrowserFileDataSource
LogPluginManager: Mounting plugin ContentBrowserAssetDataSource
LogPluginManager: Mounting plugin OnlineSubsystemGooglePlay
LogPluginManager: Mounting plugin OnlineSubsystemIOS
LogPluginManager: Mounting plugin OculusVR
PixWinPlugin: PIX capture plugin failed to initialize! Check that the process is launched from PIX.
LogInit: Using libcurl 7.55.1-DEV
LogInit:  - built for x86_64-pc-win32
LogInit:  - supports SSL with OpenSSL/1.1.1
LogInit:  - supports HTTP deflate (compression) using libz 1.2.8
LogInit:  - other features:
LogInit:      CURL_VERSION_SSL
LogInit:      CURL_VERSION_LIBZ
LogInit:      CURL_VERSION_IPV6
LogInit:      CURL_VERSION_ASYNCHDNS
LogInit:      CURL_VERSION_LARGEFILE
LogInit:      CURL_VERSION_IDN
LogInit:  CurlRequestOptions (configurable via config and command line):
LogInit:  - bVerifyPeer = true  - Libcurl will verify peer certificate
LogInit:  - bUseHttpProxy = false  - Libcurl will NOT use HTTP proxy
LogInit:  - bDontReuseConnections = false  - Libcurl will reuse connections
LogInit:  - MaxHostConnections = 16  - Libcurl will limit the number of connections to a host
LogInit:  - LocalHostAddr = Default
LogInit:  - BufferSize = 65536
LogOnline: OSS: Creating online subsystem instance for: NULL
LogInit: WinSock: version 1.1 (2.2), MaxSocks=32767, MaxUdp=65467
LogOnline: OSS: TryLoadSubsystemAndSetDefault: Loaded subsystem for module [NULL]
LogOculusPluginWrapper: OculusPlugin initialized successfully
LogHMD: Failed initializing OVRPlugin 1.59.0
LogInit: Build: ++UE4+Release-4.27-CL-18319896
LogInit: Engine Version: 4.27.2-18319896+++UE4+Release-4.27
LogInit: Compatible Engine Version: 4.27.0-17155196+++UE4+Release-4.27
LogInit: Net CL: 17155196
LogInit: OS: Windows 10 (Release 2009) (), CPU: AMD Ryzen 9 3900X 12-Core Processor            , GPU: NVIDIA GeForce RTX 3090
LogInit: Compiled (64-bit): Nov 30 2021 07:12:08
LogInit: Compiled with Visual C++: 19.24.28315.00
LogInit: Build Configuration: Development
LogInit: Branch Name: ++UE4+Release-4.27
LogInit: Command Line:  -skipcompile
LogInit: Base Directory: D:/EPIC/UE_4.27/Engine/Binaries/Win64/
LogInit: Allocator: TBB
LogInit: Installed Engine Build: 1
LogDevObjectVersion: Number of dev versions registered: 29
LogDevObjectVersion:   Dev-Blueprints (B0D832E4-1F89-4F0D-ACCF-7EB736FD4AA2): 10
LogDevObjectVersion:   Dev-Build (E1C64328-A22C-4D53-A36C-8E866417BD8C): 0
LogDevObjectVersion:   Dev-Core (375EC13C-06E4-48FB-B500-84F0262A717E): 4
LogDevObjectVersion:   Dev-Editor (E4B068ED-F494-42E9-A231-DA0B2E46BB41): 40
LogDevObjectVersion:   Dev-Framework (CFFC743F-43B0-4480-9391-14DF171D2073): 37
LogDevObjectVersion:   Dev-Mobile (B02B49B5-BB20-44E9-A304-32B752E40360): 3
LogDevObjectVersion:   Dev-Networking (A4E4105C-59A1-49B5-A7C5-40C4547EDFEE): 0
LogDevObjectVersion:   Dev-Online (39C831C9-5AE6-47DC-9A44-9C173E1C8E7C): 0
LogDevObjectVersion:   Dev-Physics (78F01B33-EBEA-4F98-B9B4-84EACCB95AA2): 14
LogDevObjectVersion:   Dev-Platform (6631380F-2D4D-43E0-8009-CF276956A95A): 0
LogDevObjectVersion:   Dev-Rendering (12F88B9F-8875-4AFC-A67C-D90C383ABD29): 45
LogDevObjectVersion:   Dev-Sequencer (7B5AE74C-D270-4C10-A958-57980B212A5A): 13
LogDevObjectVersion:   Dev-VR (D7296918-1DD6-4BDD-9DE2-64A83CC13884): 3
LogDevObjectVersion:   Dev-LoadTimes (C2A15278-BFE7-4AFE-6C17-90FF531DF755): 1
LogDevObjectVersion:   Private-Geometry (6EACA3D4-40EC-4CC1-B786-8BED09428FC5): 3
LogDevObjectVersion:   Dev-AnimPhys (29E575DD-E0A3-4627-9D10-D276232CDCEA): 17
LogDevObjectVersion:   Dev-Anim (AF43A65D-7FD3-4947-9873-3E8ED9C1BB05): 15
LogDevObjectVersion:   Dev-ReflectionCapture (6B266CEC-1EC7-4B8F-A30B-E4D90942FC07): 1
LogDevObjectVersion:   Dev-Automation (0DF73D61-A23F-47EA-B727-89E90C41499A): 1
LogDevObjectVersion:   FortniteMain (601D1886-AC64-4F84-AA16-D3DE0DEAC7D6): 47
LogDevObjectVersion:   FortniteRelease (E7086368-6B23-4C58-8439-1B7016265E91): 1
LogDevObjectVersion:   Dev-Enterprise (9DFFBCD6-494F-0158-E221-12823C92A888): 10
LogDevObjectVersion:   Dev-Niagara (F2AED0AC-9AFE-416F-8664-AA7FFA26D6FC): 1
LogDevObjectVersion:   Dev-Destruction (174F1F0B-B4C6-45A5-B13F-2EE8D0FB917D): 10
LogDevObjectVersion:   Dev-Physics-Ext (35F94A83-E258-406C-A318-09F59610247C): 41
LogDevObjectVersion:   Dev-PhysicsMaterial-Chaos (B68FC16E-8B1B-42E2-B453-215C058844FE): 1
LogDevObjectVersion:   Dev-CineCamera (B2E18506-4273-CFC2-A54E-F4BB758BBA07): 1
LogDevObjectVersion:   Dev-VirtualProduction (64F58936-FD1B-42BA-BA96-7289D5D0FA4E): 1
LogDevObjectVersion:   Dev-MediaFramework (6F0ED827-A609-4895-9C91-998D90180EA4): 2
LogInit: Presizing for max 25165824 objects, including 0 objects not considered by GC, pre-allocating 0 bytes for permanent pool.
LogConfig: Applying CVar settings from Section [/Script/Engine.StreamingSettings] File [D:/Unreal Projects/EscapeKart/Saved/Config/Windows/Engine.ini]
LogConfig: Setting CVar [[s.MinBulkDataSizeForAsyncLoading:131072]]
LogConfig: Setting CVar [[s.AsyncLoadingThreadEnabled:0]]
LogConfig: Setting CVar [[s.EventDrivenLoaderEnabled:1]]
LogConfig: Setting CVar [[s.WarnIfTimeLimitExceeded:0]]
LogConfig: Setting CVar [[s.TimeLimitExceededMultiplier:1.5]]
LogConfig: Setting CVar [[s.TimeLimitExceededMinTime:0.005]]
LogConfig: Setting CVar [[s.UseBackgroundLevelStreaming:1]]
LogConfig: Setting CVar [[s.PriorityAsyncLoadingExtraTime:15.0]]
LogConfig: Setting CVar [[s.LevelStreamingActorsUpdateTimeLimit:5.0]]
LogConfig: Setting CVar [[s.PriorityLevelStreamingActorsUpdateExtraTime:5.0]]
LogConfig: Setting CVar [[s.LevelStreamingComponentsRegistrationGranularity:10]]
LogConfig: Setting CVar [[s.UnregisterComponentsTimeLimit:1.0]]
LogConfig: Setting CVar [[s.LevelStreamingComponentsUnregistrationGranularity:5]]
LogConfig: Setting CVar [[s.FlushStreamingOnExit:1]]
LogInit: Object subsystem initialized
LogConfig: Setting CVar [[con.DebugEarlyDefault:1]]
LogConfig: Setting CVar [[r.setres:1280x720]]
[2022.12.09-12.24.26:143][  0]LogConfig: Setting CVar [[r.VSync:0]]
[2022.12.09-12.24.26:143][  0]LogConfig: Setting CVar [[r.RHICmdBypass:0]]
[2022.12.09-12.24.26:143][  0]LogConfig: Applying CVar settings from Section [/Script/Engine.RendererSettings] File [D:/Unreal Projects/EscapeKart/Saved/Config/Windows/Engine.ini]
[2022.12.09-12.24.26:143][  0]LogConfig: Setting CVar [[r.GPUCrashDebugging:0]]
[2022.12.09-12.24.26:143][  0]LogConfig: Applying CVar settings from Section [/Script/Engine.RendererOverrideSettings] File [D:/Unreal Projects/EscapeKart/Saved/Config/Windows/Engine.ini]
[2022.12.09-12.24.26:144][  0]LogConfig: Applying CVar settings from Section [/Script/Engine.StreamingSettings] File [D:/Unreal Projects/EscapeKart/Saved/Config/Windows/Engine.ini]
[2022.12.09-12.24.26:144][  0]LogConfig: Setting CVar [[s.MinBulkDataSizeForAsyncLoading:131072]]
[2022.12.09-12.24.26:144][  0]LogConfig: Setting CVar [[s.AsyncLoadingThreadEnabled:0]]
[2022.12.09-12.24.26:144][  0]LogConfig: Setting CVar [[s.EventDrivenLoaderEnabled:1]]
[2022.12.09-12.24.26:144][  0]LogConfig: Setting CVar [[s.WarnIfTimeLimitExceeded:0]]
[2022.12.09-12.24.26:144][  0]LogConfig: Setting CVar [[s.TimeLimitExceededMultiplier:1.5]]
[2022.12.09-12.24.26:144][  0]LogConfig: Setting CVar [[s.TimeLimitExceededMinTime:0.005]]
[2022.12.09-12.24.26:144][  0]LogConfig: Setting CVar [[s.UseBackgroundLevelStreaming:1]]
[2022.12.09-12.24.26:144][  0]LogConfig: Setting CVar [[s.PriorityAsyncLoadingExtraTime:15.0]]
[2022.12.09-12.24.26:144][  0]LogConfig: Setting CVar [[s.LevelStreamingActorsUpdateTimeLimit:5.0]]
[2022.12.09-12.24.26:144][  0]LogConfig: Setting CVar [[s.PriorityLevelStreamingActorsUpdateExtraTime:5.0]]
[2022.12.09-12.24.26:144][  0]LogConfig: Setting CVar [[s.LevelStreamingComponentsRegistrationGranularity:10]]
[2022.12.09-12.24.26:145][  0]LogConfig: Setting CVar [[s.UnregisterComponentsTimeLimit:1.0]]
[2022.12.09-12.24.26:145][  0]LogConfig: Setting CVar [[s.LevelStreamingComponentsUnregistrationGranularity:5]]
[2022.12.09-12.24.26:145][  0]LogConfig: Setting CVar [[s.FlushStreamingOnExit:1]]
[2022.12.09-12.24.26:145][  0]LogConfig: Applying CVar settings from Section [/Script/Engine.GarbageCollectionSettings] File [D:/Unreal Projects/EscapeKart/Saved/Config/Windows/Engine.ini]
[2022.12.09-12.24.26:145][  0]LogConfig: Setting CVar [[gc.MaxObjectsNotConsideredByGC:1]]
[2022.12.09-12.24.26:145][  0]LogConfig: Setting CVar [[gc.SizeOfPermanentObjectPool:0]]
[2022.12.09-12.24.26:145][  0]LogConfig: Setting CVar [[gc.FlushStreamingOnGC:0]]
[2022.12.09-12.24.26:145][  0]LogConfig: Setting CVar [[gc.NumRetriesBeforeForcingGC:10]]
[2022.12.09-12.24.26:145][  0]LogConfig: Setting CVar [[gc.AllowParallelGC:1]]
[2022.12.09-12.24.26:145][  0]LogConfig: Setting CVar [[gc.TimeBetweenPurgingPendingKillObjects:61.1]]
[2022.12.09-12.24.26:145][  0]LogConfig: Setting CVar [[gc.MaxObjectsInEditor:25165824]]
[2022.12.09-12.24.26:146][  0]LogConfig: Setting CVar [[gc.IncrementalBeginDestroyEnabled:1]]
[2022.12.09-12.24.26:146][  0]LogConfig: Setting CVar [[gc.CreateGCClusters:1]]
[2022.12.09-12.24.26:146][  0]LogConfig: Setting CVar [[gc.MinGCClusterSize:5]]
[2022.12.09-12.24.26:146][  0]LogConfig: Setting CVar [[gc.ActorClusteringEnabled:0]]
[2022.12.09-12.24.26:146][  0]LogConfig: Setting CVar [[gc.BlueprintClusteringEnabled:0]]
[2022.12.09-12.24.26:146][  0]LogConfig: Setting CVar [[gc.UseDisregardForGCOnDedicatedServers:0]]
[2022.12.09-12.24.26:146][  0]LogConfig: Setting CVar [[gc.MultithreadedDestructionEnabled:1]]
[2022.12.09-12.24.26:146][  0]LogConfig: Applying CVar settings from Section [/Script/Engine.NetworkSettings] File [D:/Unreal Projects/EscapeKart/Saved/Config/Windows/Engine.ini]
[2022.12.09-12.24.26:146][  0]LogConfig: Applying CVar settings from Section [/Script/UnrealEd.CookerSettings] File [D:/Unreal Projects/EscapeKart/Saved/Config/Windows/Engine.ini]
[2022.12.09-12.24.26:216][  0]LogConfig: Applying CVar settings from Section [ViewDistanceQuality@3] File [D:/Unreal Projects/EscapeKart/Saved/Config/Windows/Scalability.ini]
[2022.12.09-12.24.26:216][  0]LogConfig: Setting CVar [[r.SkeletalMeshLODBias:0]]
[2022.12.09-12.24.26:216][  0]LogConfig: Setting CVar [[r.ViewDistanceScale:1.0]]
[2022.12.09-12.24.26:216][  0]LogConfig: Applying CVar settings from Section [AntiAliasingQuality@3] File [D:/Unreal Projects/EscapeKart/Saved/Config/Windows/Scalability.ini]
[2022.12.09-12.24.26:216][  0]LogConfig: Setting CVar [[r.PostProcessAAQuality:4]]
[2022.12.09-12.24.26:217][  0]LogConfig: Applying CVar settings from Section [ShadowQuality@3] File [D:/Unreal Projects/EscapeKart/Saved/Config/Windows/Scalability.ini]
[2022.12.09-12.24.26:217][  0]LogConfig: Setting CVar [[r.LightFunctionQuality:1]]
[2022.12.09-12.24.26:217][  0]LogConfig: Setting CVar [[r.ShadowQuality:5]]
[2022.12.09-12.24.26:217][  0]LogConfig: Setting CVar [[r.Shadow.CSM.MaxCascades:10]]
[2022.12.09-12.24.26:217][  0]LogConfig: Setting CVar [[r.Shadow.MaxResolution:2048]]
[2022.12.09-12.24.26:217][  0]LogConfig: Setting CVar [[r.Shadow.MaxCSMResolution:2048]]
[2022.12.09-12.24.26:217][  0]LogConfig: Setting CVar [[r.Shadow.RadiusThreshold:0.01]]
[2022.12.09-12.24.26:217][  0]LogConfig: Setting CVar [[r.Shadow.DistanceScale:1.0]]
[2022.12.09-12.24.26:217][  0]LogConfig: Setting CVar [[r.Shadow.CSM.TransitionScale:1.0]]
[2022.12.09-12.24.26:217][  0]LogConfig: Setting CVar [[r.Shadow.PreShadowResolutionFactor:1.0]]
[2022.12.09-12.24.26:218][  0]LogConfig: Setting CVar [[r.DistanceFieldShadowing:1]]
[2022.12.09-12.24.26:218][  0]LogConfig: Setting CVar [[r.DistanceFieldAO:1]]
[2022.12.09-12.24.26:218][  0]LogConfig: Setting CVar [[r.AOQuality:2]]
[2022.12.09-12.24.26:218][  0]LogConfig: Setting CVar [[r.VolumetricFog:1]]
[2022.12.09-12.24.26:218][  0]LogConfig: Setting CVar [[r.VolumetricFog.GridPixelSize:8]]
[2022.12.09-12.24.26:218][  0]LogConfig: Setting CVar [[r.VolumetricFog.GridSizeZ:128]]
[2022.12.09-12.24.26:218][  0]LogConfig: Setting CVar [[r.VolumetricFog.HistoryMissSupersampleCount:4]]
[2022.12.09-12.24.26:218][  0]LogConfig: Setting CVar [[r.LightMaxDrawDistanceScale:1]]
[2022.12.09-12.24.26:218][  0]LogConfig: Setting CVar [[r.CapsuleShadows:1]]
[2022.12.09-12.24.26:218][  0]LogConfig: Applying CVar settings from Section [PostProcessQuality@3] File [D:/Unreal Projects/EscapeKart/Saved/Config/Windows/Scalability.ini]
[2022.12.09-12.24.26:218][  0]LogConfig: Setting CVar [[r.MotionBlurQuality:4]]
[2022.12.09-12.24.26:219][  0]LogConfig: Setting CVar [[r.AmbientOcclusionMipLevelFactor:0.4]]
[2022.12.09-12.24.26:219][  0]LogConfig: Setting CVar [[r.AmbientOcclusionMaxQuality:100]]
[2022.12.09-12.24.26:219][  0]LogConfig: Setting CVar [[r.AmbientOcclusionLevels:-1]]
[2022.12.09-12.24.26:219][  0]LogConfig: Setting CVar [[r.AmbientOcclusionRadiusScale:1.0]]
[2022.12.09-12.24.26:219][  0]LogConfig: Setting CVar [[r.DepthOfFieldQuality:2]]
[2022.12.09-12.24.26:219][  0]LogConfig: Setting CVar [[r.RenderTargetPoolMin:400]]
[2022.12.09-12.24.26:219][  0]LogConfig: Setting CVar [[r.LensFlareQuality:2]]
[2022.12.09-12.24.26:219][  0]LogConfig: Setting CVar [[r.SceneColorFringeQuality:1]]
[2022.12.09-12.24.26:219][  0]LogConfig: Setting CVar [[r.EyeAdaptationQuality:2]]
[2022.12.09-12.24.26:219][  0]LogConfig: Setting CVar [[r.BloomQuality:5]]
[2022.12.09-12.24.26:219][  0]LogConfig: Setting CVar [[r.FastBlurThreshold:100]]
[2022.12.09-12.24.26:220][  0]LogConfig: Setting CVar [[r.Upscale.Quality:3]]
[2022.12.09-12.24.26:220][  0]LogConfig: Setting CVar [[r.Tonemapper.GrainQuantization:1]]
[2022.12.09-12.24.26:220][  0]LogConfig: Setting CVar [[r.LightShaftQuality:1]]
[2022.12.09-12.24.26:220][  0]LogConfig: Setting CVar [[r.Filter.SizeScale:1]]
[2022.12.09-12.24.26:220][  0]LogConfig: Setting CVar [[r.Tonemapper.Quality:5]]
[2022.12.09-12.24.26:220][  0]LogConfig: Setting CVar [[r.DOF.Gather.AccumulatorQuality:1        ; higher gathering accumulator quality]]
[2022.12.09-12.24.26:220][  0]LogConfig: Setting CVar [[r.DOF.Gather.PostfilterMethod:1          ; Median3x3 postfilering method]]
[2022.12.09-12.24.26:220][  0]LogConfig: Setting CVar [[r.DOF.Gather.EnableBokehSettings:0       ; no bokeh simulation when gathering]]
[2022.12.09-12.24.26:220][  0]LogConfig: Setting CVar [[r.DOF.Gather.RingCount:4                 ; medium number of samples when gathering]]
[2022.12.09-12.24.26:220][  0]LogConfig: Setting CVar [[r.DOF.Scatter.ForegroundCompositing:1    ; additive foreground scattering]]
[2022.12.09-12.24.26:220][  0]LogConfig: Setting CVar [[r.DOF.Scatter.BackgroundCompositing:2    ; additive background scattering]]
[2022.12.09-12.24.26:221][  0]LogConfig: Setting CVar [[r.DOF.Scatter.EnableBokehSettings:1      ; bokeh simulation when scattering]]
[2022.12.09-12.24.26:221][  0]LogConfig: Setting CVar [[r.DOF.Scatter.MaxSpriteRatio:0.1         ; only a maximum of 10% of scattered bokeh]]
[2022.12.09-12.24.26:221][  0]LogConfig: Setting CVar [[r.DOF.Recombine.Quality:1                ; cheap slight out of focus]]
[2022.12.09-12.24.26:221][  0]LogConfig: Setting CVar [[r.DOF.Recombine.EnableBokehSettings:0    ; no bokeh simulation on slight out of focus]]
[2022.12.09-12.24.26:221][  0]LogConfig: Setting CVar [[r.DOF.TemporalAAQuality:1                ; more stable temporal accumulation]]
[2022.12.09-12.24.26:221][  0]LogConfig: Setting CVar [[r.DOF.Kernel.MaxForegroundRadius:0.025]]
[2022.12.09-12.24.26:221][  0]LogConfig: Setting CVar [[r.DOF.Kernel.MaxBackgroundRadius:0.025]]
[2022.12.09-12.24.26:221][  0]LogConfig: Applying CVar settings from Section [TextureQuality@3] File [D:/Unreal Projects/EscapeKart/Saved/Config/Windows/Scalability.ini]
[2022.12.09-12.24.26:221][  0]LogConfig: Setting CVar [[r.Streaming.MipBias:0]]
[2022.12.09-12.24.26:221][  0]LogConfig: Setting CVar [[r.Streaming.AmortizeCPUToGPUCopy:0]]
[2022.12.09-12.24.26:222][  0]LogConfig: Setting CVar [[r.Streaming.MaxNumTexturesToStreamPerFrame:0]]
[2022.12.09-12.24.26:222][  0]LogConfig: Setting CVar [[r.Streaming.Boost:1]]
[2022.12.09-12.24.26:222][  0]LogConfig: Setting CVar [[r.MaxAnisotropy:8]]
[2022.12.09-12.24.26:222][  0]LogConfig: Setting CVar [[r.VT.MaxAnisotropy:8]]
[2022.12.09-12.24.26:222][  0]LogConfig: Setting CVar [[r.Streaming.LimitPoolSizeToVRAM:0]]
[2022.12.09-12.24.26:222][  0]LogConfig: Setting CVar [[r.Streaming.PoolSize:1000]]
[2022.12.09-12.24.26:222][  0]LogConfig: Setting CVar [[r.Streaming.MaxEffectiveScreenSize:0]]
[2022.12.09-12.24.26:222][  0]LogConfig: Applying CVar settings from Section [EffectsQuality@3] File [D:/Unreal Projects/EscapeKart/Saved/Config/Windows/Scalability.ini]
[2022.12.09-12.24.26:222][  0]LogConfig: Setting CVar [[r.TranslucencyLightingVolumeDim:64]]
[2022.12.09-12.24.26:222][  0]LogConfig: Setting CVar [[r.RefractionQuality:2]]
[2022.12.09-12.24.26:222][  0]LogConfig: Setting CVar [[r.SSR.Quality:3]]
[2022.12.09-12.24.26:223][  0]LogConfig: Setting CVar [[r.SSR.HalfResSceneColor:0]]
[2022.12.09-12.24.26:223][  0]LogConfig: Setting CVar [[r.SceneColorFormat:4]]
[2022.12.09-12.24.26:223][  0]LogConfig: Setting CVar [[r.DetailMode:2]]
[2022.12.09-12.24.26:223][  0]LogConfig: Setting CVar [[r.TranslucencyVolumeBlur:1]]
[2022.12.09-12.24.26:223][  0]LogConfig: Setting CVar [[r.MaterialQualityLevel:1 ; High quality]]
[2022.12.09-12.24.26:223][  0]LogConfig: Setting CVar [[r.AnisotropicMaterials:1]]
[2022.12.09-12.24.26:223][  0]LogConfig: Setting CVar [[r.SSS.Scale:1]]
[2022.12.09-12.24.26:223][  0]LogConfig: Setting CVar [[r.SSS.SampleSet:2]]
[2022.12.09-12.24.26:223][  0]LogConfig: Setting CVar [[r.SSS.Quality:1]]
[2022.12.09-12.24.26:223][  0]LogConfig: Setting CVar [[r.SSS.HalfRes:0]]
[2022.12.09-12.24.26:224][  0]LogConfig: Setting CVar [[r.SSGI.Quality:3]]
[2022.12.09-12.24.26:224][  0]LogConfig: Setting CVar [[r.EmitterSpawnRateScale:1.0]]
[2022.12.09-12.24.26:224][  0]LogConfig: Setting CVar [[r.ParticleLightQuality:2]]
[2022.12.09-12.24.26:224][  0]LogConfig: Setting CVar [[r.SkyAtmosphere.AerialPerspectiveLUT.FastApplyOnOpaque:1 ; Always have FastSkyLUT 1 in this case to avoid wrong sky]]
[2022.12.09-12.24.26:224][  0]LogConfig: Setting CVar [[r.SkyAtmosphere.AerialPerspectiveLUT.SampleCountMaxPerSlice:4]]
[2022.12.09-12.24.26:224][  0]LogConfig: Setting CVar [[r.SkyAtmosphere.AerialPerspectiveLUT.DepthResolution:16.0]]
[2022.12.09-12.24.26:224][  0]LogConfig: Setting CVar [[r.SkyAtmosphere.FastSkyLUT:1]]
[2022.12.09-12.24.26:224][  0]LogConfig: Setting CVar [[r.SkyAtmosphere.FastSkyLUT.SampleCountMin:4.0]]
[2022.12.09-12.24.26:224][  0]LogConfig: Setting CVar [[r.SkyAtmosphere.FastSkyLUT.SampleCountMax:128.0]]
[2022.12.09-12.24.26:224][  0]LogConfig: Setting CVar [[r.SkyAtmosphere.SampleCountMin:4.0]]
[2022.12.09-12.24.26:224][  0]LogConfig: Setting CVar [[r.SkyAtmosphere.SampleCountMax:128.0]]
[2022.12.09-12.24.26:225][  0]LogConfig: Setting CVar [[r.SkyAtmosphere.TransmittanceLUT.UseSmallFormat:0]]
[2022.12.09-12.24.26:225][  0]LogConfig: Setting CVar [[r.SkyAtmosphere.TransmittanceLUT.SampleCount:10.0]]
[2022.12.09-12.24.26:225][  0]LogConfig: Setting CVar [[r.SkyAtmosphere.MultiScatteringLUT.SampleCount:15.0]]
[2022.12.09-12.24.26:225][  0]LogConfig: Setting CVar [[r.SkyLight.RealTimeReflectionCapture:1]]
[2022.12.09-12.24.26:225][  0]LogConfig: Applying CVar settings from Section [FoliageQuality@3] File [D:/Unreal Projects/EscapeKart/Saved/Config/Windows/Scalability.ini]
[2022.12.09-12.24.26:225][  0]LogConfig: Setting CVar [[foliage.DensityScale:1.0]]
[2022.12.09-12.24.26:225][  0]LogConfig: Setting CVar [[grass.DensityScale:1.0]]
[2022.12.09-12.24.26:225][  0]LogConfig: Applying CVar settings from Section [ShadingQuality@3] File [D:/Unreal Projects/EscapeKart/Saved/Config/Windows/Scalability.ini]
[2022.12.09-12.24.26:225][  0]LogConfig: Setting CVar [[r.HairStrands.SkyLighting.IntegrationType:2]]
[2022.12.09-12.24.26:225][  0]LogConfig: Setting CVar [[r.HairStrands.SkyAO.SampleCount:4]]
[2022.12.09-12.24.26:225][  0]LogConfig: Setting CVar [[r.HairStrands.Visibility.MSAA.SamplePerPixel:4]]
[2022.12.09-12.24.26:226][  0]LogInit: Selected Device Profile: [Windows]
[2022.12.09-12.24.26:226][  0]LogInit: Applying CVar settings loaded from the selected device profile: [Windows]
[2022.12.09-12.24.26:226][  0]LogHAL: Display: Platform has ~ 16 GB [17085210624 / 17179869184 / 16], which maps to Larger [LargestMinGB=32, LargerMinGB=12, DefaultMinGB=8, SmallerMinGB=6, SmallestMinGB=0)
[2022.12.09-12.24.26:226][  0]LogInit: Going up to parent DeviceProfile []
[2022.12.09-12.24.26:226][  0]LogConfig: Applying CVar settings from Section [ViewDistanceQuality@3] File [D:/Unreal Projects/EscapeKart/Saved/Config/Windows/Scalability.ini]
[2022.12.09-12.24.26:226][  0]LogConfig: Setting CVar [[r.SkeletalMeshLODBias:0]]
[2022.12.09-12.24.26:226][  0]LogConfig: Setting CVar [[r.ViewDistanceScale:1.0]]
[2022.12.09-12.24.26:226][  0]LogConfig: Applying CVar settings from Section [AntiAliasingQuality@3] File [D:/Unreal Projects/EscapeKart/Saved/Config/Windows/Scalability.ini]
[2022.12.09-12.24.26:227][  0]LogConfig: Setting CVar [[r.PostProcessAAQuality:4]]
[2022.12.09-12.24.26:227][  0]LogConfig: Applying CVar settings from Section [ShadowQuality@3] File [D:/Unreal Projects/EscapeKart/Saved/Config/Windows/Scalability.ini]
[2022.12.09-12.24.26:227][  0]LogConfig: Setting CVar [[r.LightFunctionQuality:1]]
[2022.12.09-12.24.26:227][  0]LogConfig: Setting CVar [[r.ShadowQuality:5]]
[2022.12.09-12.24.26:227][  0]LogConfig: Setting CVar [[r.Shadow.CSM.MaxCascades:10]]
[2022.12.09-12.24.26:227][  0]LogConfig: Setting CVar [[r.Shadow.MaxResolution:2048]]
[2022.12.09-12.24.26:227][  0]LogConfig: Setting CVar [[r.Shadow.MaxCSMResolution:2048]]
[2022.12.09-12.24.26:227][  0]LogConfig: Setting CVar [[r.Shadow.RadiusThreshold:0.01]]
[2022.12.09-12.24.26:227][  0]LogConfig: Setting CVar [[r.Shadow.DistanceScale:1.0]]
[2022.12.09-12.24.26:227][  0]LogConfig: Setting CVar [[r.Shadow.CSM.TransitionScale:1.0]]
[2022.12.09-12.24.26:228][  0]LogConfig: Setting CVar [[r.Shadow.PreShadowResolutionFactor:1.0]]
[2022.12.09-12.24.26:228][  0]LogConfig: Setting CVar [[r.DistanceFieldShadowing:1]]
[2022.12.09-12.24.26:228][  0]LogConfig: Setting CVar [[r.DistanceFieldAO:1]]
[2022.12.09-12.24.26:228][  0]LogConfig: Setting CVar [[r.AOQuality:2]]
[2022.12.09-12.24.26:228][  0]LogConfig: Setting CVar [[r.VolumetricFog:1]]
[2022.12.09-12.24.26:228][  0]LogConfig: Setting CVar [[r.VolumetricFog.GridPixelSize:8]]
[2022.12.09-12.24.26:228][  0]LogConfig: Setting CVar [[r.VolumetricFog.GridSizeZ:128]]
[2022.12.09-12.24.26:228][  0]LogConfig: Setting CVar [[r.VolumetricFog.HistoryMissSupersampleCount:4]]
[2022.12.09-12.24.26:228][  0]LogConfig: Setting CVar [[r.LightMaxDrawDistanceScale:1]]
[2022.12.09-12.24.26:228][  0]LogConfig: Setting CVar [[r.CapsuleShadows:1]]
[2022.12.09-12.24.26:229][  0]LogConfig: Applying CVar settings from Section [PostProcessQuality@3] File [D:/Unreal Projects/EscapeKart/Saved/Config/Windows/Scalability.ini]
[2022.12.09-12.24.26:229][  0]LogConfig: Setting CVar [[r.MotionBlurQuality:4]]
[2022.12.09-12.24.26:229][  0]LogConfig: Setting CVar [[r.AmbientOcclusionMipLevelFactor:0.4]]
[2022.12.09-12.24.26:229][  0]LogConfig: Setting CVar [[r.AmbientOcclusionMaxQuality:100]]
[2022.12.09-12.24.26:229][  0]LogConfig: Setting CVar [[r.AmbientOcclusionLevels:-1]]
[2022.12.09-12.24.26:229][  0]LogConfig: Setting CVar [[r.AmbientOcclusionRadiusScale:1.0]]
[2022.12.09-12.24.26:229][  0]LogConfig: Setting CVar [[r.DepthOfFieldQuality:2]]
[2022.12.09-12.24.26:229][  0]LogConfig: Setting CVar [[r.RenderTargetPoolMin:400]]
[2022.12.09-12.24.26:229][  0]LogConfig: Setting CVar [[r.LensFlareQuality:2]]
[2022.12.09-12.24.26:229][  0]LogConfig: Setting CVar [[r.SceneColorFringeQuality:1]]
[2022.12.09-12.24.26:230][  0]LogConfig: Setting CVar [[r.EyeAdaptationQuality:2]]
[2022.12.09-12.24.26:230][  0]LogConfig: Setting CVar [[r.BloomQuality:5]]
[2022.12.09-12.24.26:230][  0]LogConfig: Setting CVar [[r.FastBlurThreshold:100]]
[2022.12.09-12.24.26:230][  0]LogConfig: Setting CVar [[r.Upscale.Quality:3]]
[2022.12.09-12.24.26:230][  0]LogConfig: Setting CVar [[r.Tonemapper.GrainQuantization:1]]
[2022.12.09-12.24.26:230][  0]LogConfig: Setting CVar [[r.LightShaftQuality:1]]
[2022.12.09-12.24.26:230][  0]LogConfig: Setting CVar [[r.Filter.SizeScale:1]]
[2022.12.09-12.24.26:230][  0]LogConfig: Setting CVar [[r.Tonemapper.Quality:5]]
[2022.12.09-12.24.26:230][  0]LogConfig: Setting CVar [[r.DOF.Gather.AccumulatorQuality:1        ; higher gathering accumulator quality]]
[2022.12.09-12.24.26:230][  0]LogConfig: Setting CVar [[r.DOF.Gather.PostfilterMethod:1          ; Median3x3 postfilering method]]
[2022.12.09-12.24.26:231][  0]LogConfig: Setting CVar [[r.DOF.Gather.EnableBokehSettings:0       ; no bokeh simulation when gathering]]
[2022.12.09-12.24.26:231][  0]LogConfig: Setting CVar [[r.DOF.Gather.RingCount:4                 ; medium number of samples when gathering]]
[2022.12.09-12.24.26:231][  0]LogConfig: Setting CVar [[r.DOF.Scatter.ForegroundCompositing:1    ; additive foreground scattering]]
[2022.12.09-12.24.26:231][  0]LogConfig: Setting CVar [[r.DOF.Scatter.BackgroundCompositing:2    ; additive background scattering]]
[2022.12.09-12.24.26:231][  0]LogConfig: Setting CVar [[r.DOF.Scatter.EnableBokehSettings:1      ; bokeh simulation when scattering]]
[2022.12.09-12.24.26:231][  0]LogConfig: Setting CVar [[r.DOF.Scatter.MaxSpriteRatio:0.1         ; only a maximum of 10% of scattered bokeh]]
[2022.12.09-12.24.26:231][  0]LogConfig: Setting CVar [[r.DOF.Recombine.Quality:1                ; cheap slight out of focus]]
[2022.12.09-12.24.26:231][  0]LogConfig: Setting CVar [[r.DOF.Recombine.EnableBokehSettings:0    ; no bokeh simulation on slight out of focus]]
[2022.12.09-12.24.26:231][  0]LogConfig: Setting CVar [[r.DOF.TemporalAAQuality:1                ; more stable temporal accumulation]]
[2022.12.09-12.24.26:231][  0]LogConfig: Setting CVar [[r.DOF.Kernel.MaxForegroundRadius:0.025]]
[2022.12.09-12.24.26:231][  0]LogConfig: Setting CVar [[r.DOF.Kernel.MaxBackgroundRadius:0.025]]
[2022.12.09-12.24.26:232][  0]LogConfig: Applying CVar settings from Section [TextureQuality@3] File [D:/Unreal Projects/EscapeKart/Saved/Config/Windows/Scalability.ini]
[2022.12.09-12.24.26:232][  0]LogConfig: Setting CVar [[r.Streaming.MipBias:0]]
[2022.12.09-12.24.26:232][  0]LogConfig: Setting CVar [[r.Streaming.AmortizeCPUToGPUCopy:0]]
[2022.12.09-12.24.26:232][  0]LogConfig: Setting CVar [[r.Streaming.MaxNumTexturesToStreamPerFrame:0]]
[2022.12.09-12.24.26:232][  0]LogConfig: Setting CVar [[r.Streaming.Boost:1]]
[2022.12.09-12.24.26:232][  0]LogConfig: Setting CVar [[r.MaxAnisotropy:8]]
[2022.12.09-12.24.26:232][  0]LogConfig: Setting CVar [[r.VT.MaxAnisotropy:8]]
[2022.12.09-12.24.26:232][  0]LogConfig: Setting CVar [[r.Streaming.LimitPoolSizeToVRAM:0]]
[2022.12.09-12.24.26:232][  0]LogConfig: Setting CVar [[r.Streaming.PoolSize:1000]]
[2022.12.09-12.24.26:232][  0]LogConfig: Setting CVar [[r.Streaming.MaxEffectiveScreenSize:0]]
[2022.12.09-12.24.26:232][  0]LogConfig: Applying CVar settings from Section [EffectsQuality@3] File [D:/Unreal Projects/EscapeKart/Saved/Config/Windows/Scalability.ini]
[2022.12.09-12.24.26:232][  0]LogConfig: Setting CVar [[r.TranslucencyLightingVolumeDim:64]]
[2022.12.09-12.24.26:233][  0]LogConfig: Setting CVar [[r.RefractionQuality:2]]
[2022.12.09-12.24.26:233][  0]LogConfig: Setting CVar [[r.SSR.Quality:3]]
[2022.12.09-12.24.26:233][  0]LogConfig: Setting CVar [[r.SSR.HalfResSceneColor:0]]
[2022.12.09-12.24.26:233][  0]LogConfig: Setting CVar [[r.SceneColorFormat:4]]
[2022.12.09-12.24.26:233][  0]LogConfig: Setting CVar [[r.DetailMode:2]]
[2022.12.09-12.24.26:233][  0]LogConfig: Setting CVar [[r.TranslucencyVolumeBlur:1]]
[2022.12.09-12.24.26:233][  0]LogConfig: Setting CVar [[r.MaterialQualityLevel:1 ; High quality]]
[2022.12.09-12.24.26:233][  0]LogConfig: Setting CVar [[r.AnisotropicMaterials:1]]
[2022.12.09-12.24.26:233][  0]LogConfig: Setting CVar [[r.SSS.Scale:1]]
[2022.12.09-12.24.26:233][  0]LogConfig: Setting CVar [[r.SSS.SampleSet:2]]
[2022.12.09-12.24.26:234][  0]LogConfig: Setting CVar [[r.SSS.Quality:1]]
[2022.12.09-12.24.26:234][  0]LogConfig: Setting CVar [[r.SSS.HalfRes:0]]
[2022.12.09-12.24.26:234][  0]LogConfig: Setting CVar [[r.SSGI.Quality:3]]
[2022.12.09-12.24.26:234][  0]LogConfig: Setting CVar [[r.EmitterSpawnRateScale:1.0]]
[2022.12.09-12.24.26:234][  0]LogConfig: Setting CVar [[r.ParticleLightQuality:2]]
[2022.12.09-12.24.26:234][  0]LogConfig: Setting CVar [[r.SkyAtmosphere.AerialPerspectiveLUT.FastApplyOnOpaque:1 ; Always have FastSkyLUT 1 in this case to avoid wrong sky]]
[2022.12.09-12.24.26:234][  0]LogConfig: Setting CVar [[r.SkyAtmosphere.AerialPerspectiveLUT.SampleCountMaxPerSlice:4]]
[2022.12.09-12.24.26:234][  0]LogConfig: Setting CVar [[r.SkyAtmosphere.AerialPerspectiveLUT.DepthResolution:16.0]]
[2022.12.09-12.24.26:234][  0]LogConfig: Setting CVar [[r.SkyAtmosphere.FastSkyLUT:1]]
[2022.12.09-12.24.26:234][  0]LogConfig: Setting CVar [[r.SkyAtmosphere.FastSkyLUT.SampleCountMin:4.0]]
[2022.12.09-12.24.26:234][  0]LogConfig: Setting CVar [[r.SkyAtmosphere.FastSkyLUT.SampleCountMax:128.0]]
[2022.12.09-12.24.26:234][  0]LogConfig: Setting CVar [[r.SkyAtmosphere.SampleCountMin:4.0]]
[2022.12.09-12.24.26:235][  0]LogConfig: Setting CVar [[r.SkyAtmosphere.SampleCountMax:128.0]]
[2022.12.09-12.24.26:235][  0]LogConfig: Setting CVar [[r.SkyAtmosphere.TransmittanceLUT.UseSmallFormat:0]]
[2022.12.09-12.24.26:235][  0]LogConfig: Setting CVar [[r.SkyAtmosphere.TransmittanceLUT.SampleCount:10.0]]
[2022.12.09-12.24.26:235][  0]LogConfig: Setting CVar [[r.SkyAtmosphere.MultiScatteringLUT.SampleCount:15.0]]
[2022.12.09-12.24.26:235][  0]LogConfig: Setting CVar [[r.SkyLight.RealTimeReflectionCapture:1]]
[2022.12.09-12.24.26:235][  0]LogConfig: Applying CVar settings from Section [FoliageQuality@3] File [D:/Unreal Projects/EscapeKart/Saved/Config/Windows/Scalability.ini]
[2022.12.09-12.24.26:235][  0]LogConfig: Setting CVar [[foliage.DensityScale:1.0]]
[2022.12.09-12.24.26:235][  0]LogConfig: Setting CVar [[grass.DensityScale:1.0]]
[2022.12.09-12.24.26:235][  0]LogConfig: Applying CVar settings from Section [ShadingQuality@3] File [D:/Unreal Projects/EscapeKart/Saved/Config/Windows/Scalability.ini]
[2022.12.09-12.24.26:236][  0]LogConfig: Setting CVar [[r.HairStrands.SkyLighting.IntegrationType:2]]
[2022.12.09-12.24.26:236][  0]LogConfig: Setting CVar [[r.HairStrands.SkyAO.SampleCount:4]]
[2022.12.09-12.24.26:236][  0]LogConfig: Setting CVar [[r.HairStrands.Visibility.MSAA.SamplePerPixel:4]]
[2022.12.09-12.24.26:236][  0]LogConfig: Applying CVar settings from Section [Startup] File [../../../Engine/Config/ConsoleVariables.ini]
[2022.12.09-12.24.26:236][  0]LogConfig: Setting CVar [[net.UseAdaptiveNetUpdateFrequency:0]]
[2022.12.09-12.24.26:236][  0]LogConfig: Setting CVar [[p.chaos.AllowCreatePhysxBodies:1]]
[2022.12.09-12.24.26:236][  0]LogConfig: Setting CVar [[fx.SkipVectorVMBackendOptimizations:1]]
[2022.12.09-12.24.26:236][  0]LogConfig: Applying CVar settings from Section [ConsoleVariables] File [D:/Unreal Projects/EscapeKart/Saved/Config/Windows/Engine.ini]
[2022.12.09-12.24.26:236][  0]LogConfig: Applying CVar settings from Section [ConsoleVariables] File [D:/Unreal Projects/EscapeKart/Saved/Config/Windows/Editor.ini]
[2022.12.09-12.24.26:237][  0]LogInit: Computer: R9-3090
[2022.12.09-12.24.26:237][  0]LogInit: User: mathi
[2022.12.09-12.24.26:237][  0]LogInit: CPU Page size=4096, Cores=12
[2022.12.09-12.24.26:237][  0]LogInit: High frequency timer resolution =10.000000 MHz
[2022.12.09-12.24.26:237][  0]LogMemory: Memory total: Physical=15.9GB (16GB approx)
[2022.12.09-12.24.26:237][  0]LogMemory: Platform Memory Stats for Windows
[2022.12.09-12.24.26:237][  0]LogMemory: Process Physical Memory: 150.17 MB used, 150.17 MB peak
[2022.12.09-12.24.26:237][  0]LogMemory: Process Virtual Memory: 132.19 MB used, 132.19 MB peak
[2022.12.09-12.24.26:237][  0]LogMemory: Physical Memory: 11674.28 MB used,  4619.45 MB free, 16293.73 MB total
[2022.12.09-12.24.26:237][  0]LogMemory: Virtual Memory: 134197440.00 MB used,  20288.33 MB free, 134217728.00 MB total
[2022.12.09-12.24.26:252][  0]LogWindows: WindowsPlatformFeatures enabled
[2022.12.09-12.24.26:350][  0]LogInit: Physics initialised using underlying interface: PhysX
[2022.12.09-12.24.26:351][  0]LogInit: Using OS detected language (en-US).
[2022.12.09-12.24.26:351][  0]LogInit: Using OS detected locale (en-150).
[2022.12.09-12.24.26:352][  0]LogTextLocalizationManager: No specific localization for 'en-US' exists, so the 'en' localization will be used.
[2022.12.09-12.24.26:564][  0]LogInit: Setting process to per monitor DPI aware
[2022.12.09-12.24.26:622][  0]LogWindowsTextInputMethodSystem: Display: IME system deactivated.
[2022.12.09-12.24.26:638][  0]LogSlate: New Slate User Created.  User Index 0, Is Virtual User: 0
[2022.12.09-12.24.26:638][  0]LogSlate: Slate User Registered.  User Index 0, Is Virtual User: 0
[2022.12.09-12.24.26:741][  0]LogD3D11RHI: Loaded GFSDK_Aftermath_Lib.x64.dll
[2022.12.09-12.24.26:797][  0]LogHMD: Optional extension XR_VARJO_quad_views is not available
[2022.12.09-12.24.26:797][  0]LogHMD: Warning: Required extension XR_EXT_eye_gaze_interaction is not available
[2022.12.09-12.24.26:798][  0]LogHMD: Could not enable all required OpenXR extensions for OpenXREyeTracker on current system. This plugin will be loaded but ignored, but will be enabled on a target platform that supports the required extension.
[2022.12.09-12.24.28:422][  0]LogD3D11RHI: D3D11 min allowed feature level: 11_0
[2022.12.09-12.24.28:422][  0]LogD3D11RHI: D3D11 max allowed feature level: 11_0
[2022.12.09-12.24.28:422][  0]LogD3D11RHI: D3D11 adapters:
[2022.12.09-12.24.28:547][  0]LogD3D11RHI:    0. 'NVIDIA GeForce RTX 3090' (Feature Level 11_0)
[2022.12.09-12.24.28:548][  0]LogD3D11RHI:       24340/0/8146 MB DedicatedVideo/DedicatedSystem/SharedSystem, Outputs:1, VendorId:0x10de
[2022.12.09-12.24.28:552][  0]LogD3D11RHI:    1. 'Microsoft Basic Render Driver' (Feature Level 11_0)
[2022.12.09-12.24.28:552][  0]LogD3D11RHI:       0/0/8146 MB DedicatedVideo/DedicatedSystem/SharedSystem, Outputs:0, VendorId:0x1414
[2022.12.09-12.24.28:552][  0]LogD3D11RHI: Chosen D3D11 Adapter:
[2022.12.09-12.24.28:552][  0]LogD3D11RHI:     Description : NVIDIA GeForce RTX 3090
[2022.12.09-12.24.28:553][  0]LogD3D11RHI:     VendorId    : 10de
[2022.12.09-12.24.28:553][  0]LogD3D11RHI:     DeviceId    : 2204
[2022.12.09-12.24.28:553][  0]LogD3D11RHI:     SubSysId    : 87af1043
[2022.12.09-12.24.28:553][  0]LogD3D11RHI:     Revision    : 00a1
[2022.12.09-12.24.28:553][  0]LogD3D11RHI:     DedicatedVideoMemory : 25522339840 bytes
[2022.12.09-12.24.28:553][  0]LogD3D11RHI:     DedicatedSystemMemory : 0 bytes
[2022.12.09-12.24.28:553][  0]LogD3D11RHI:     SharedSystemMemory : 8542605312 bytes
[2022.12.09-12.24.28:553][  0]LogD3D11RHI:     AdapterLuid : 0 80948
[2022.12.09-12.24.28:566][  0]LogD3D11RHI: Creating new Direct3DDevice
[2022.12.09-12.24.28:566][  0]LogD3D11RHI:     GPU DeviceId: 0x2204 (for the marketing name, search the web for "GPU Device Id")
[2022.12.09-12.24.28:566][  0]LogWindows: EnumDisplayDevices:
[2022.12.09-12.24.28:566][  0]LogWindows:    0. 'NVIDIA GeForce RTX 3090' (P:1 D:1)
[2022.12.09-12.24.28:567][  0]LogWindows:    1. 'NVIDIA GeForce RTX 3090' (P:0 D:0)
[2022.12.09-12.24.28:567][  0]LogWindows:    2. 'NVIDIA GeForce RTX 3090' (P:0 D:0)
[2022.12.09-12.24.28:568][  0]LogWindows:    3. 'NVIDIA GeForce RTX 3090' (P:0 D:0)
[2022.12.09-12.24.28:568][  0]LogWindows: DebugString: FoundDriverCount:4 
[2022.12.09-12.24.28:568][  0]LogD3D11RHI:     Adapter Name: NVIDIA GeForce RTX 3090
[2022.12.09-12.24.28:568][  0]LogD3D11RHI:   Driver Version: 526.98 (internal:31.0.15.2698, unified:526.98)
[2022.12.09-12.24.28:568][  0]LogD3D11RHI:      Driver Date: 11-13-2022
[2022.12.09-12.24.28:568][  0]LogRHI: Texture pool is 17038 MB (70% of 24340 MB)
[2022.12.09-12.24.28:568][  0]LogD3D11RHI: Creating D3DDevice using adapter:
[2022.12.09-12.24.28:568][  0]LogD3D11RHI:     Description : NVIDIA GeForce RTX 3090
[2022.12.09-12.24.28:568][  0]LogD3D11RHI:     VendorId    : 10de
[2022.12.09-12.24.28:569][  0]LogD3D11RHI:     DeviceId    : 2204
[2022.12.09-12.24.28:569][  0]LogD3D11RHI:     SubSysId    : 87af1043
[2022.12.09-12.24.28:569][  0]LogD3D11RHI:     Revision    : 00a1
[2022.12.09-12.24.28:569][  0]LogD3D11RHI:     DedicatedVideoMemory : 25522339840 bytes
[2022.12.09-12.24.28:569][  0]LogD3D11RHI:     DedicatedSystemMemory : 0 bytes
[2022.12.09-12.24.28:569][  0]LogD3D11RHI:     SharedSystemMemory : 8542605312 bytes
[2022.12.09-12.24.28:569][  0]LogD3D11RHI:     AdapterLuid : 0 80948
[2022.12.09-12.24.28:629][  0]LogD3D11RHI: RHI has support for 64 bit atomics
[2022.12.09-12.24.28:630][  0]LogD3D11RHI: Async texture creation enabled
[2022.12.09-12.24.28:630][  0]LogD3D11RHI: Array index from any shader is supported
[2022.12.09-12.24.28:631][  0]LogD3D11RHI: HDR output is supported on display 0 (NvId: 0x80061081).
[2022.12.09-12.24.28:654][  0]LogD3D11RHI: GPU Timing Frequency: 1000.000000 (Debug: 2 1)
[2022.12.09-12.24.28:680][  0]LogRHI: GeForceNow SDK initialized: 1
[2022.12.09-12.24.28:904][  0]LogTargetPlatformManager: Display: Loaded TargetPlatform 'AllDesktop'
[2022.12.09-12.24.28:923][  0]LogTargetPlatformManager: Display: Loaded TargetPlatform 'Android'
[2022.12.09-12.24.28:923][  0]LogTargetPlatformManager: Display: Loaded TargetPlatform 'Android_ASTC'
[2022.12.09-12.24.28:923][  0]LogTargetPlatformManager: Display: Loaded TargetPlatform 'Android_DXT'
[2022.12.09-12.24.28:924][  0]LogTargetPlatformManager: Display: Loaded TargetPlatform 'Android_ETC2'
[2022.12.09-12.24.28:924][  0]LogTargetPlatformManager: Display: Loaded TargetPlatform 'AndroidClient'
[2022.12.09-12.24.28:924][  0]LogTargetPlatformManager: Display: Loaded TargetPlatform 'Android_ASTCClient'
[2022.12.09-12.24.28:924][  0]LogTargetPlatformManager: Display: Loaded TargetPlatform 'Android_DXTClient'
[2022.12.09-12.24.28:924][  0]LogTargetPlatformManager: Display: Loaded TargetPlatform 'Android_ETC2Client'
[2022.12.09-12.24.28:924][  0]LogTargetPlatformManager: Display: Loaded TargetPlatform 'Android_Multi'
[2022.12.09-12.24.28:924][  0]LogTargetPlatformManager: Display: Loaded TargetPlatform 'Android_MultiClient'
[2022.12.09-12.24.28:947][  0]LogTargetPlatformManager: Display: Loaded TargetPlatform 'IOSClient'
[2022.12.09-12.24.28:947][  0]LogTargetPlatformManager: Display: Loaded TargetPlatform 'IOS'
[2022.12.09-12.24.28:955][  0]LogTargetPlatformManager: Display: Loaded TargetPlatform 'Linux'
[2022.12.09-12.24.28:960][  0]LogTargetPlatformManager: Display: Loaded TargetPlatform 'LinuxNoEditor'
[2022.12.09-12.24.28:966][  0]LogTargetPlatformManager: Display: Loaded TargetPlatform 'LinuxClient'
[2022.12.09-12.24.28:970][  0]LogTargetPlatformManager: Display: Loaded TargetPlatform 'LinuxServer'
[2022.12.09-12.24.28:979][  0]LogTargetPlatformManager: Display: Loaded TargetPlatform 'LinuxAArch64NoEditor'
[2022.12.09-12.24.28:984][  0]LogTargetPlatformManager: Display: Loaded TargetPlatform 'LinuxAArch64Client'
[2022.12.09-12.24.28:989][  0]LogTargetPlatformManager: Display: Loaded TargetPlatform 'LinuxAArch64Server'
[2022.12.09-12.24.29:008][  0]LogTargetPlatformManager: Display: Loaded TargetPlatform 'Lumin'
[2022.12.09-12.24.29:008][  0]LogTargetPlatformManager: Display: Loaded TargetPlatform 'LuminClient'
[2022.12.09-12.24.29:017][  0]LogTargetPlatformManager: Display: Loaded TargetPlatform 'MacNoEditor'
[2022.12.09-12.24.29:022][  0]LogTargetPlatformManager: Display: Loaded TargetPlatform 'Mac'
[2022.12.09-12.24.29:027][  0]LogTargetPlatformManager: Display: Loaded TargetPlatform 'MacClient'
[2022.12.09-12.24.29:033][  0]LogTargetPlatformManager: Display: Loaded TargetPlatform 'MacServer'
[2022.12.09-12.24.29:041][  0]LogTargetPlatformManager: Display: Loaded TargetPlatform 'TVOSClient'
[2022.12.09-12.24.29:042][  0]LogTargetPlatformManager: Display: Loaded TargetPlatform 'TVOS'
[2022.12.09-12.24.29:050][  0]LogTargetPlatformManager: Display: Loaded TargetPlatform 'WindowsNoEditor'
[2022.12.09-12.24.29:055][  0]LogTargetPlatformManager: Display: Loaded TargetPlatform 'Windows'
[2022.12.09-12.24.29:061][  0]LogTargetPlatformManager: Display: Loaded TargetPlatform 'WindowsClient'
[2022.12.09-12.24.29:066][  0]LogTargetPlatformManager: Display: Loaded TargetPlatform 'WindowsServer'
[2022.12.09-12.24.29:067][  0]LogTargetPlatformManager: Display: Building Assets For Windows
[2022.12.09-12.24.29:079][  0]LogAudioDebug: Display: Lib vorbis DLL was dynamically loaded.
[2022.12.09-12.24.29:115][  0]LogTextureFormatOodle: Display: Oodle Texture 2.9.0 init RDO Off
[2022.12.09-12.24.29:163][  0]LogRendererCore: Ray tracing is disabled. Reason: r.RayTracing=0.
[2022.12.09-12.24.29:163][  0]LogShaderCompilers: Guid format shader working directory is 4 characters bigger than the processId version (../../../../../Unreal Projects/EscapeKart/Intermediate/Shaders/WorkingDirectory/23528/).
[2022.12.09-12.24.29:163][  0]LogShaderCompilers: Cleaned the shader compiler working directory 'C:/Users/mathi/AppData/Local/Temp/UnrealShaderWorkingDir/667B590E453A77797F0D19840AC26B30/'.
[2022.12.09-12.24.29:164][  0]LogXGEController: Cannot use XGE Controller as Incredibuild is not installed on this machine.
[2022.12.09-12.24.29:164][  0]LogShaderCompilers: Cannot use XGE Shader Compiler as Incredibuild is not installed on this machine.
[2022.12.09-12.24.29:164][  0]LogShaderCompilers: Display: Using Local Shader Compiler.
[2022.12.09-12.24.29:771][  0]LogDerivedDataCache: Display: Max Cache Size: 512 MB
[2022.12.09-12.24.29:823][  0]LogDerivedDataCache: Loaded boot cache 0.05s 94MB C:/Users/mathi/AppData/Local/UnrealEngine/4.27/DerivedDataCache/Boot.ddc.
[2022.12.09-12.24.29:823][  0]LogDerivedDataCache: Display: Loaded Boot cache: C:/Users/mathi/AppData/Local/UnrealEngine/4.27/DerivedDataCache/Boot.ddc
[2022.12.09-12.24.29:823][  0]LogDerivedDataCache: FDerivedDataBackendGraph:  Pak pak cache file ../../../../../Unreal Projects/EscapeKart/DerivedDataCache/DDC.ddp not found, will not use a pak cache.
[2022.12.09-12.24.29:823][  0]LogDerivedDataCache: Unable to find inner node Pak for hierarchical cache Hierarchy.
[2022.12.09-12.24.29:823][  0]LogDerivedDataCache: FDerivedDataBackendGraph:  CompressedPak pak cache file ../../../../../Unreal Projects/EscapeKart/DerivedDataCache/Compressed.ddp not found, will not use a pak cache.
[2022.12.09-12.24.29:823][  0]LogDerivedDataCache: Unable to find inner node CompressedPak for hierarchical cache Hierarchy.
[2022.12.09-12.24.29:840][  0]LogDerivedDataCache: Display: Pak cache opened for reading ../../../Engine/DerivedDataCache/Compressed.ddp.
[2022.12.09-12.24.29:840][  0]LogDerivedDataCache: FDerivedDataBackendGraph:  EnterprisePak pak cache file ../../../Enterprise/DerivedDataCache/Compressed.ddp not found, will not use a pak cache.
[2022.12.09-12.24.29:840][  0]LogDerivedDataCache: Unable to find inner node EnterprisePak for hierarchical cache Hierarchy.
[2022.12.09-12.24.29:845][  0]LogDerivedDataCache: Speed tests for C:/Users/mathi/AppData/Local/UnrealEngine/Common/DerivedDataCache took 0.01 seconds
[2022.12.09-12.24.29:845][  0]LogDerivedDataCache: Display: Performance to C:/Users/mathi/AppData/Local/UnrealEngine/Common/DerivedDataCache: Latency=0.03ms. RandomReadSpeed=1439.81MBs, RandomWriteSpeed=216.40MBs. Assigned SpeedClass 'Local'
[2022.12.09-12.24.29:849][  0]LogDerivedDataCache: Using Local data cache path C:/Users/mathi/AppData/Local/UnrealEngine/Common/DerivedDataCache: Writable
[2022.12.09-12.24.29:849][  0]LogDerivedDataCache: Shared data cache path not found in *engine.ini, will not use an Shared cache.
[2022.12.09-12.24.29:849][  0]LogDerivedDataCache: Unable to find inner node Shared for hierarchical cache Hierarchy.
[2022.12.09-12.24.29:889][  0]LogSlate: Using FreeType 2.10.0
[2022.12.09-12.24.29:890][  0]LogSlate: SlateFontServices - WITH_FREETYPE: 1, WITH_HARFBUZZ: 1
[2022.12.09-12.24.29:916][  0]LogAssetRegistry: FAssetRegistry took 0.0052 seconds to start up
[2022.12.09-12.24.30:113][  0]LogInit: Selected Device Profile: [Windows]
[2022.12.09-12.24.30:114][  0]LogInit: Active device profile: [000001C4808DCE00][000001C4FE5B5C00 49] Windows
[2022.12.09-12.24.30:114][  0]LogInit: Profiles: [000001C4808DCE00][000001C4FE5B5C00 49] Windows, [000001C4808BE900][000001C4FE5BC200 49] WindowsNoEditor, [000001C4808DDD00][000001C4FE5B8340 49] WindowsServer, [000001C4808BF700][000001C480FFA480 49] WindowsClient, [000001C4808DEA00][000001C480C6A5C0 49] IOS, [000001C4808BFD00][000001C4FC7D6700 49] iPadAir, [000001C4808DD500][000001C4F84C8880 49] iPadAir2, [000001C480845200][000001C4F84D0B40 49] IPadPro, [000001C480845300][000001C4F84CCB80 49] iPadAir3, [000001C4808BCC00][000001C480D86D00 49] iPadAir4, [000001C480845F00][000001C480D8EE80 49] iPadMini2, [000001C4808BF500][000001C480D97000 49] iPadMini3, [000001C480846900][000001C480D9B180 49] iPadMini4, [000001C4808BCF00][000001C480D9F300 49] iPadMini5, [000001C480858C00][000001C4F8A935C0 49] iPhone6, [000001C480858D00][000001C4F8A87600 49] iPodTouch6, [000001C4808DE700][000001C4F8A9F8C0 49] iPhone7, [000001C4808DE900][000001C4F8A9B900 49] iPodTouch7, [000001C480845100][000001C4FCEFFA80 49] iPhone5S, [000001C4808DEC00][000001C4FCF0FC00 49] iPhone6Plus, [000001C480847F00][000001C480F7E200 49] iPhone6S, [000001C480844100][000001C480F8C380 49] iPhone6SPlus, [000001C480858B00][000001C480F90500 49] iPhone7Plus, [000001C480846100][000001C4FC7DA640 49] iPhoneSE, [000001C48085A900][000001C480F94780 49] iPhone8, [000001C480846200][000001C480F988C0 49] iPhone8Plus, [000001C48085BB00][000001C480FA0A40 49] iPhoneX, [000001C480846300][000001C480FA4BC0 49] iPhoneXS, [000001C480858F00][000001C480FA8D40 49] iPhoneXSMax, [000001C4808DEF00][000001C480FACEC0 49] iPhoneXR, [000001C480859700][000001C480FB1040 49] iPhone11, [000001C4808DEE00][000001C480FB51C0 49] iPhone11Pro, [000001C480859900][000001C48180F340 49] iPhone11ProMax, [000001C4808DD200][000001C4818134C0 49] iPhoneSE2, [000001C48085BD00][000001C481817640 49] iPhone12Mini, [000001C4808DCB00][000001C48181B7C0 49] iPhone12, [000001C480859D00][000001C480FBF940 49] iPhone12Pro, [000001C4808DD400][000001C480FC3AC0 49] iPhone12ProMax, [000001C48085B700][000001C480D280C0 49] iPadPro105, [000001C4808DDB00][000001C480D6C240 49] iPadPro129, [000001C480858700][000001C480D703C0 49] iPadPro97, [000001C4808DD300][000001C480D74540 49] iPadPro2_129, [000001C480859200][000001C480D786C0 49] iPad5, [000001C4808DFF00][000001C480F9C800 49] iPad6, [000001C48085BA00][000001C481870940 49] iPad7, [000001C4808DD900][000001C4818A2A80 49] iPad8, [000001C480859400][000001C4818B0BC0 49] iPadPro11, [000001C4808DF500][000001C4818B8D40 49] iPadPro2_11, [000001C48085A300][000001C4818BCEC0 49] iPadPro3_129, [000001C4808DCF00][000001C480D7D040 49] iPadPro4_129, [000001C480859100][000001C4818C11C0 49] AppleTV, [000001C4808DF600][000001C4818C5340 49] AppleTV4K, [000001C480858600][000001C4818A74C0 49] TVOS, [000001C4808DF900][000001C4FC7B3640 49] Mac, [000001C48085B200][000001C4FC7B77C0 49] MacClient, [000001C4808DFB00][000001C4FC7BB940 49] MacNoEditor, [000001C480859300][000001C4FC7BFAC0 49] MacServer, [000001C4808DE400][000001C4FC7C20C0 49] Linux, [000001C48085A000][000001C4FC7C6240 49] LinuxAArch64, [000001C4808DFE00][000001C4FC7CA3C0 49] LinuxNoEditor, [000001C48085B100][000001C4FC7CE540 49] LinuxAArch64NoEditor, [000001C4808DF200][000001C4F8A826C0 49] LinuxClient, [000001C48085A800][000001C4F8A7E840 49] LinuxAArch64Client, [000001C4808DC400][000001C4818B4980 49] LinuxServer, [000001C480858400][000001C4F8A7AAC0 49] LinuxAArch64Server, [000001C4808DD100][000001C480D92C00 49] Android, [000001C48085A700][000001C480D8AD40 49] Android_Low, [000001C4808DC800][000001C480D82EC0 49] Android_Mid, [000001C480858300][000001C4FC7D3040 49] Android_High, [000001C4808DDC00][000001C4FE5731C0 49] Android_Default, [000001C48085B600][000001C4FE577340 49] Android_Adreno4xx, [000001C4808DE100][000001C4FE57B4C0 49] Android_Adreno5xx_Low, [000001C480858900][000001C4FE57F640 49] Android_Adreno5xx, [000001C4808DDF00][000001C4FE5837C0 49] Android_Adreno6xx, [000001C480859B00][000001C4FE587940 49] Android_Adreno6xx_Vulkan, [000001C4808DEB00][000001C4FE58BAC0 49] Android_Mali_T6xx, [000001C480845900][000001C4FE58E0C0 49] Android_Mali_T7xx, [000001C4808BF600][000001C4FE592240 49] Android_Mali_T8xx, [000001C480847C00][000001C4FE5963C0 49] Android_Mali_G71, [000001C4808BD700][000001C4818D4540 49] Android_Mali_G72, [000001C480847900][000001C4818D86C0 49] Android_Mali_G72_Vulkan, [000001C4808BE700][000001C4818DC840 49] Android_Mali_G76, [000001C480845A00][000001C4818E09C0 49] Android_Mali_G76_Vulkan, [000001C4808BC400][000001C4818E4B40 49] Android_Mali_G77, [000001C480847500][000001C480FF6C80 49] Android_Mali_G77_Vulkan, [000001C4808BE500][000001C4818E8DC0 49] Android_Mali_G78, [000001C480845000][000001C4818ECF00 49] Android_Mali_G78_Vulkan, [000001C4808BE800][000001C4818F5080 49] Android_Mali_G710, [000001C480845500][000001C4818F9200 49] Android_Mali_G710_Vulkan, [000001C4808BFA00][000001C4818FD380 49] Android_Vulkan_SM5, [000001C480845800][000001C4FCE9F500 49] Android_PowerVR_G6xxx, [000001C4808BF400][000001C4FCEA3680 49] Android_PowerVR_GT7xxx, [000001C480845B00][000001C4FCEA7800 49] Android_PowerVR_GE8xxx, [000001C4808BFF00][000001C4FCEAB980 49] Android_PowerVR_GM9xxx, [000001C480845E00][000001C4FCEAFB00 49] Android_PowerVR_GM9xxx_Vulkan, [000001C4808BDB00][000001C4FCEB2100 49] Android_TegraK1, [000001C480847B00][000001C4FCEB6280 49] Android_Unknown_Vulkan, [000001C4808BD100][000001C4FCEBA400 49] Lumin, [000001C480844600][000001C4FCEBE580 49] Lumin_Desktop, [000001C48085A200][000001C4FCEC2700 49] HoloLens, 
[2022.12.09-12.24.30:246][  0]LogMeshReduction: Using QuadricMeshReduction for automatic static mesh reduction
[2022.12.09-12.24.30:246][  0]LogMeshReduction: Using SimplygonMeshReduction for automatic skeletal mesh reduction
[2022.12.09-12.24.30:246][  0]LogMeshReduction: Using ProxyLODMeshReduction for automatic mesh merging
[2022.12.09-12.24.30:246][  0]LogMeshReduction: No distributed automatic mesh merging module available
[2022.12.09-12.24.30:247][  0]LogMeshMerging: No distributed automatic mesh merging module available
[2022.12.09-12.24.30:263][  0]LogNetVersion: EscapeKart 1.0.0, NetCL: 17155196, EngineNetVer: 17, GameNetVer: 0 (Checksum: 3997712291)
[2022.12.09-12.24.30:591][  0]LogTexture: Default maximum texture size for cubemaps generated from long-lat sources has been changed from 512 to unlimited. In order to preserve old behaiour for '/Engine/MapTemplates/Sky/DaylightAmbientCubemap.DaylightAmbientCubemap', its maximum texture size has been explicitly set to 512.
[2022.12.09-12.24.30:646][  0]LogHMD: PokeAHoleMaterial loaded successfully
[2022.12.09-12.24.30:652][  0]LogUObjectArray: 17075 objects as part of root set at end of initial load.
[2022.12.09-12.24.30:652][  0]LogUObjectAllocator: 4275792 out of 0 bytes used by permanent object pool.
[2022.12.09-12.24.30:652][  0]LogUObjectArray: CloseDisregardForGC: 0/0 objects in disregard for GC pool
[2022.12.09-12.24.30:941][  0]LogNiagaraDebuggerClient: Niagara Debugger Client Initialized | Session: A305471D4F2486A56FA8D4A72CC465E6 | Instance: 192DDA664D4D9516F5759CA263608550 (R9-3090-23528).
[2022.12.09-12.24.31:097][  0]LogPython: Using Python 3.7.7
[2022.12.09-12.24.31:559][  0]LogTcpMessaging: Initializing TcpMessaging bridge
[2022.12.09-12.24.31:566][  0]LogUdpMessaging: Initializing bridge on interface 0.0.0.0:0 to multicast group 230.0.0.1:6666.
[2022.12.09-12.24.31:778][  0]SourceControl: Source control is disabled
[2022.12.09-12.24.31:778][  0]SourceControl: Source control is disabled
[2022.12.09-12.24.31:782][  0]SourceControl: Source control is disabled
[2022.12.09-12.24.31:795][  0]SourceControl: Source control is disabled
[2022.12.09-12.24.31:799][  0]SourceControl: Source control is disabled
[2022.12.09-12.24.31:803][  0]LogUProjectInfo: Found projects:
[2022.12.09-12.24.32:033][  0]LogOpenImageDenoise: OIDN starting up
[2022.12.09-12.24.32:105][  0]LogAndroidPermission: UAndroidPermissionCallbackProxy::GetInstance
[2022.12.09-12.24.32:134][  0]LogAudioCaptureCore: Display: No Audio Capture implementations found. Audio input will be silent.
[2022.12.09-12.24.32:134][  0]LogAudioCaptureCore: Display: No Audio Capture implementations found. Audio input will be silent.
[2022.12.09-12.24.32:265][  0]LogCollectionManager: Loaded 0 collections in 0.000605 seconds
[2022.12.09-12.24.32:294][  0]LogFileCache: Scanning file cache for directory 'D:/Unreal Projects/EscapeKart/Saved/Collections/' took 0.00s
[2022.12.09-12.24.32:294][  0]LogFileCache: Scanning file cache for directory 'D:/Unreal Projects/EscapeKart/Content/Developers/mathi/Collections/' took 0.00s
[2022.12.09-12.24.32:294][  0]LogFileCache: Scanning file cache for directory 'D:/Unreal Projects/EscapeKart/Content/Collections/' took 0.00s
[2022.12.09-12.24.32:294][  0]LogOcInput: OculusInput pre-init called
[2022.12.09-12.24.32:518][  0]LogEngine: Initializing Engine...
[2022.12.09-12.24.32:521][  0]LogStats: UGameplayTagsManager::InitializeManager -  0.000 s
[2022.12.09-12.24.32:621][  0]LogInit: Initializing FReadOnlyCVARCache
[2022.12.09-12.24.32:635][  0]LogAIModule: Creating AISystem for world Untitled
[2022.12.09-12.24.32:635][  0]LogAudio: Display: Initializing Audio Device Manager...
[2022.12.09-12.24.32:640][  0]LogAudio: Display: Loading Default Audio Settings Objects...
[2022.12.09-12.24.32:640][  0]LogAudio: Display: No default SoundConcurrencyObject specified (or failed to load).
[2022.12.09-12.24.32:641][  0]LogAudio: Display: Audio Device Manager Initialized
[2022.12.09-12.24.32:641][  0]LogAudio: Display: Creating Audio Device:                 Id: 1, Scope: Shared, Realtime: True
[2022.12.09-12.24.32:641][  0]LogAudioMixer: Display: Audio Mixer Platform Settings:
[2022.12.09-12.24.32:641][  0]LogAudioMixer: Display: 	Sample Rate:						  48000
[2022.12.09-12.24.32:641][  0]LogAudioMixer: Display: 	Callback Buffer Frame Size Requested: 1024
[2022.12.09-12.24.32:641][  0]LogAudioMixer: Display: 	Callback Buffer Frame Size To Use:	  1024
[2022.12.09-12.24.32:641][  0]LogAudioMixer: Display: 	Number of buffers to queue:			  2
[2022.12.09-12.24.32:641][  0]LogAudioMixer: Display: 	Max Channels (voices):				  32
[2022.12.09-12.24.32:642][  0]LogAudioMixer: Display: 	Number of Async Source Workers:		  0
[2022.12.09-12.24.32:642][  0]LogAudio: Display: AudioDevice MaxSources: 32
[2022.12.09-12.24.32:642][  0]LogAudio: Display: Audio Spatialization Plugin: None (built-in).
[2022.12.09-12.24.32:642][  0]LogAudio: Display: Audio Reverb Plugin: None (built-in).
[2022.12.09-12.24.32:642][  0]LogAudio: Display: Audio Occlusion Plugin: None (built-in).
[2022.12.09-12.24.32:642][  0]LogAudioMixer: Display: Initializing audio mixer.
[2022.12.09-12.24.32:659][  0]LogAudioMixer: Display: 0: FrontLeft
[2022.12.09-12.24.32:659][  0]LogAudioMixer: Display: 1: FrontRight
[2022.12.09-12.24.32:716][  0]LogAudioMixer: Display: Using Audio Device Speakers (Razer Nommo Pro)
[2022.12.09-12.24.32:716][  0]LogAudioMixer: Display: Initializing Sound Submixes...
[2022.12.09-12.24.32:718][  0]LogAudioMixer: Display: Creating Master Submix 'MasterSubmixDefault'
[2022.12.09-12.24.32:718][  0]LogAudioMixer: Display: Creating Master Submix 'MasterReverbSubmixDefault'
[2022.12.09-12.24.32:719][  0]LogAudioMixer: Display: Creating Master Submix 'MasterEQSubmixDefault'
[2022.12.09-12.24.32:719][  0]LogAudioMixer: FMixerPlatformXAudio2::StartAudioStream() called
[2022.12.09-12.24.32:719][  0]LogAudioMixer: Display: Output buffers initialized: Frames=1024, Channels=2, Samples=2048
[2022.12.09-12.24.32:721][  0]LogAudioMixer: Display: Starting AudioMixerPlatformInterface::RunInternal()
[2022.12.09-12.24.32:721][  0]LogAudioMixer: Display: FMixerPlatformXAudio2::SubmitBuffer() called for the first time
[2022.12.09-12.24.32:721][  0]LogInit: FAudioDevice initialized.
[2022.12.09-12.24.32:722][  0]LogAudio: Display: Audio Device (ID: 1) registered with world 'Untitled'.
[2022.12.09-12.24.32:722][  0]LogNetVersion: Set ProjectVersion to 1.0.0.0. Version Checksum will be recalculated on next use.
[2022.12.09-12.24.32:780][  0]LogDerivedDataCache: Saved boot cache 0.06s 94MB C:/Users/mathi/AppData/Local/UnrealEngine/4.27/DerivedDataCache/Boot.ddc.
[2022.12.09-12.24.32:782][  0]LogInit: Texture streaming: Enabled
[2022.12.09-12.24.32:799][  0]LogAnalytics: Display: [UEEditor.Rocket.Release] APIServer = https://datarouter.ol.epicgames.com/. AppVersion = 4.27.2-18319896+++UE4+Release-4.27
[2022.12.09-12.24.32:803][  0]LogEngineSessionManager: EngineSessionManager initialized
[2022.12.09-12.24.32:803][  0]LogEditorSessionSummary: Verbose: Initializing EditorSessionSummaryWriter for editor session tracking
[2022.12.09-12.24.32:805][  0]LogEditorSessionSummary: EditorSessionSummaryWriter initialized
[2022.12.09-12.24.32:824][  0]LogInit: Transaction tracking system initialized
[2022.12.09-12.24.32:853][  0]BlueprintLog: New page: Editor Load
[2022.12.09-12.24.32:929][  0]LocalizationService: Localization service is disabled
[2022.12.09-12.24.32:957][  0]TimingProfiler: Initialize
[2022.12.09-12.24.32:958][  0]TimingProfiler: OnSessionChanged
[2022.12.09-12.24.32:958][  0]LoadingProfiler: Initialize
[2022.12.09-12.24.32:958][  0]LoadingProfiler: OnSessionChanged
[2022.12.09-12.24.32:959][  0]NetworkingProfiler: Initialize
[2022.12.09-12.24.32:959][  0]NetworkingProfiler: OnSessionChanged
[2022.12.09-12.24.32:959][  0]MemoryProfiler: Initialize
[2022.12.09-12.24.32:959][  0]MemoryProfiler: OnSessionChanged
[2022.12.09-12.24.33:099][  0]LogCook: Display: CookSettings for Memory: MemoryMaxUsedVirtual 0MiB, MemoryMaxUsedPhysical 16384MiB, MemoryMinFreeVirtual 0MiB, MemoryMinFreePhysical 1024MiB
[2022.12.09-12.24.33:100][  0]LogCook: Display: Mobile HDR setting 1
[2022.12.09-12.24.33:333][  0]LogFileCache: Scanning file cache for directory 'D:/Unreal Projects/EscapeKart/Content/' took 0.01s
[2022.12.09-12.24.33:333][  0]LogInit: Display: Engine is initialized. Leaving FEngineLoop::Init()
[2022.12.09-12.24.33:335][  0]SourceControl: Source control is disabled
[2022.12.09-12.24.33:336][  0]LogUnrealEdMisc: Loading editor; pre map load, took 8.483
[2022.12.09-12.24.33:336][  0]Cmd: MAP LOAD FILE="../../../../../Unreal Projects/EscapeKart/Content/StarterContent/Maps/Minimal_Default.umap" TEMPLATE=0 SHOWPROGRESS=1 FEATURELEVEL=3
[2022.12.09-12.24.33:336][  0]LightingResults: New page: Lighting Build
[2022.12.09-12.24.33:338][  0]LogWorld: UWorld::CleanupWorld for Untitled, bSessionEnded=true, bCleanupResources=true
[2022.12.09-12.24.33:338][  0]LogSlate: InvalidateAllWidgets triggered.  All widgets were invalidated
[2022.12.09-12.24.33:338][  0]MapCheck: New page: Map Check
[2022.12.09-12.24.33:338][  0]LightingResults: New page: Lighting Build
[2022.12.09-12.24.33:364][  0]LogAudio: Display: Audio Device unregistered from world 'None'.
[2022.12.09-12.24.33:368][  0]LogUObjectHash: Compacting FUObjectHashTables data took   0.96ms
[2022.12.09-12.24.33:643][  0]LogAudio: Display: Audio Device (ID: 1) registered with world 'Minimal_Default'.
[2022.12.09-12.24.33:645][  0]LogAIModule: Creating AISystem for world Minimal_Default
[2022.12.09-12.24.33:651][  0]LogEditorServer: Finished looking for orphan Actors (0.000 secs)
[2022.12.09-12.24.33:670][  0]LogUObjectHash: Compacting FUObjectHashTables data took   0.84ms
[2022.12.09-12.24.33:672][  0]Cmd: MAP CHECKDEP NOCLEARLOG
[2022.12.09-12.24.33:672][  0]MapCheck: Map check complete: 0 Error(s), 0 Warning(s), took 0.111ms to complete.
[2022.12.09-12.24.33:672][  0]LogFileHelpers: Loading map 'Minimal_Default' took 0.336
[2022.12.09-12.24.33:674][  0]LogUnrealEdMisc: Total Editor Startup Time, took 8.821
[2022.12.09-12.24.33:809][  0]LogSlate: Updating window title bar state: overlay mode, drag disabled, window buttons hidden, title bar hidden
[2022.12.09-12.24.33:816][  0]LogSlate: Updating window title bar state: overlay mode, drag disabled, window buttons hidden, title bar hidden
[2022.12.09-12.24.33:821][  0]LogSlate: Updating window title bar state: overlay mode, drag disabled, window buttons hidden, title bar hidden
[2022.12.09-12.24.33:827][  0]LogSlate: Updating window title bar state: overlay mode, drag disabled, window buttons hidden, title bar hidden
[2022.12.09-12.24.33:840][  0]LogNativeClassHierarchy: Verbose: Native class hierarchy populated in 0.0096 seconds. Added 3816 classes and 923 folders.
[2022.12.09-12.24.33:842][  0]LogNativeClassHierarchy: Verbose: Native class hierarchy updated for 'WidgetCarousel' in 0.0003 seconds. Added 0 classes and 0 folders.
[2022.12.09-12.24.33:844][  0]LogPakFile: PakFile PrimaryIndexSize=187
[2022.12.09-12.24.33:844][  0]LogPakFile: PakFile PathHashIndexSize=101
[2022.12.09-12.24.33:844][  0]LogPakFile: PakFile FullDirectoryIndexSize=148
[2022.12.09-12.24.33:844][  0]LogShaderLibrary: Display: ShaderCodeLibraryPakFileMountedCallback: PakFile 'D:/EPIC/UE_4.27/FeaturePacks/FP_FirstPerson.upack' (chunk index -1, root 'root:/') mounted
[2022.12.09-12.24.33:844][  0]LogShaderLibrary: Display: ShaderCodeLibraryPakFileMountedCallback: pending pak file info (ChunkID:-1 Root:root:/ File:D:/EPIC/UE_4.27/FeaturePacks/FP_FirstPerson.upack)
[2022.12.09-12.24.33:844][  0]LogPakFile: OnPakFileMounted2Time == 0.000288
[2022.12.09-12.24.33:845][  0]LogPakFile: PakFile PrimaryIndexSize=189
[2022.12.09-12.24.33:845][  0]LogPakFile: PakFile PathHashIndexSize=101
[2022.12.09-12.24.33:845][  0]LogPakFile: PakFile FullDirectoryIndexSize=152
[2022.12.09-12.24.33:845][  0]LogShaderLibrary: Display: ShaderCodeLibraryPakFileMountedCallback: PakFile 'D:/EPIC/UE_4.27/FeaturePacks/FP_FirstPersonBP.upack' (chunk index -1, root 'root:/') mounted
[2022.12.09-12.24.33:845][  0]LogShaderLibrary: Display: ShaderCodeLibraryPakFileMountedCallback: pending pak file info (ChunkID:-1 Root:root:/ File:D:/EPIC/UE_4.27/FeaturePacks/FP_FirstPersonBP.upack)
[2022.12.09-12.24.33:845][  0]LogPakFile: OnPakFileMounted2Time == 0.000255
[2022.12.09-12.24.33:846][  0]LogPakFile: PakFile PrimaryIndexSize=191
[2022.12.09-12.24.33:846][  0]LogPakFile: PakFile PathHashIndexSize=101
[2022.12.09-12.24.33:846][  0]LogPakFile: PakFile FullDirectoryIndexSize=160
[2022.12.09-12.24.33:846][  0]LogShaderLibrary: Display: ShaderCodeLibraryPakFileMountedCallback: PakFile 'D:/EPIC/UE_4.27/FeaturePacks/MobileStarterContent.upack' (chunk index -1, root 'root:/') mounted
[2022.12.09-12.24.33:846][  0]LogShaderLibrary: Display: ShaderCodeLibraryPakFileMountedCallback: pending pak file info (ChunkID:-1 Root:root:/ File:D:/EPIC/UE_4.27/FeaturePacks/MobileStarterContent.upack)
[2022.12.09-12.24.33:847][  0]LogPakFile: OnPakFileMounted2Time == 0.000280
[2022.12.09-12.24.33:847][  0]LogPakFile: PakFile PrimaryIndexSize=185
[2022.12.09-12.24.33:847][  0]LogPakFile: PakFile PathHashIndexSize=101
[2022.12.09-12.24.33:847][  0]LogPakFile: PakFile FullDirectoryIndexSize=148
[2022.12.09-12.24.33:847][  0]LogShaderLibrary: Display: ShaderCodeLibraryPakFileMountedCallback: PakFile 'D:/EPIC/UE_4.27/FeaturePacks/StarterContent.upack' (chunk index -1, root 'root:/') mounted
[2022.12.09-12.24.33:847][  0]LogShaderLibrary: Display: ShaderCodeLibraryPakFileMountedCallback: pending pak file info (ChunkID:-1 Root:root:/ File:D:/EPIC/UE_4.27/FeaturePacks/StarterContent.upack)
[2022.12.09-12.24.33:848][  0]LogPakFile: OnPakFileMounted2Time == 0.000208
[2022.12.09-12.24.33:848][  0]LogPakFile: PakFile PrimaryIndexSize=190
[2022.12.09-12.24.33:848][  0]LogPakFile: PakFile PathHashIndexSize=101
[2022.12.09-12.24.33:848][  0]LogPakFile: PakFile FullDirectoryIndexSize=154
[2022.12.09-12.24.33:848][  0]LogShaderLibrary: Display: ShaderCodeLibraryPakFileMountedCallback: PakFile 'D:/EPIC/UE_4.27/FeaturePacks/TP_2DSideScroller.upack' (chunk index -1, root 'root:/') mounted
[2022.12.09-12.24.33:848][  0]LogShaderLibrary: Display: ShaderCodeLibraryPakFileMountedCallback: pending pak file info (ChunkID:-1 Root:root:/ File:D:/EPIC/UE_4.27/FeaturePacks/TP_2DSideScroller.upack)
[2022.12.09-12.24.33:849][  0]LogPakFile: OnPakFileMounted2Time == 0.000255
[2022.12.09-12.24.33:849][  0]LogPakFile: PakFile PrimaryIndexSize=192
[2022.12.09-12.24.33:849][  0]LogPakFile: PakFile PathHashIndexSize=101
[2022.12.09-12.24.33:849][  0]LogPakFile: PakFile FullDirectoryIndexSize=158
[2022.12.09-12.24.33:849][  0]LogShaderLibrary: Display: ShaderCodeLibraryPakFileMountedCallback: PakFile 'D:/EPIC/UE_4.27/FeaturePacks/TP_2DSideScrollerBP.upack' (chunk index -1, root 'root:/') mounted
[2022.12.09-12.24.33:849][  0]LogShaderLibrary: Display: ShaderCodeLibraryPakFileMountedCallback: pending pak file info (ChunkID:-1 Root:root:/ File:D:/EPIC/UE_4.27/FeaturePacks/TP_2DSideScrollerBP.upack)
[2022.12.09-12.24.33:850][  0]LogPakFile: OnPakFileMounted2Time == 0.000217
[2022.12.09-12.24.33:850][  0]LogPakFile: PakFile PrimaryIndexSize=182
[2022.12.09-12.24.33:850][  0]LogPakFile: PakFile PathHashIndexSize=101
[2022.12.09-12.24.33:850][  0]LogPakFile: PakFile FullDirectoryIndexSize=138
[2022.12.09-12.24.33:850][  0]LogShaderLibrary: Display: ShaderCodeLibraryPakFileMountedCallback: PakFile 'D:/EPIC/UE_4.27/FeaturePacks/TP_Flying.upack' (chunk index -1, root 'root:/') mounted
[2022.12.09-12.24.33:850][  0]LogShaderLibrary: Display: ShaderCodeLibraryPakFileMountedCallback: pending pak file info (ChunkID:-1 Root:root:/ File:D:/EPIC/UE_4.27/FeaturePacks/TP_Flying.upack)
[2022.12.09-12.24.33:850][  0]LogPakFile: OnPakFileMounted2Time == 0.000191
[2022.12.09-12.24.33:851][  0]LogPakFile: PakFile PrimaryIndexSize=184
[2022.12.09-12.24.33:851][  0]LogPakFile: PakFile PathHashIndexSize=101
[2022.12.09-12.24.33:851][  0]LogPakFile: PakFile FullDirectoryIndexSize=142
[2022.12.09-12.24.33:851][  0]LogShaderLibrary: Display: ShaderCodeLibraryPakFileMountedCallback: PakFile 'D:/EPIC/UE_4.27/FeaturePacks/TP_FlyingBP.upack' (chunk index -1, root 'root:/') mounted
[2022.12.09-12.24.33:851][  0]LogShaderLibrary: Display: ShaderCodeLibraryPakFileMountedCallback: pending pak file info (ChunkID:-1 Root:root:/ File:D:/EPIC/UE_4.27/FeaturePacks/TP_FlyingBP.upack)
[2022.12.09-12.24.33:851][  0]LogPakFile: OnPakFileMounted2Time == 0.000222
[2022.12.09-12.24.33:852][  0]LogPakFile: PakFile PrimaryIndexSize=188
[2022.12.09-12.24.33:852][  0]LogPakFile: PakFile PathHashIndexSize=101
[2022.12.09-12.24.33:852][  0]LogPakFile: PakFile FullDirectoryIndexSize=150
[2022.12.09-12.24.33:852][  0]LogShaderLibrary: Display: ShaderCodeLibraryPakFileMountedCallback: PakFile 'D:/EPIC/UE_4.27/FeaturePacks/TP_HandheldARBP.upack' (chunk index -1, root 'root:/') mounted
[2022.12.09-12.24.33:852][  0]LogShaderLibrary: Display: ShaderCodeLibraryPakFileMountedCallback: pending pak file info (ChunkID:-1 Root:root:/ File:D:/EPIC/UE_4.27/FeaturePacks/TP_HandheldARBP.upack)
[2022.12.09-12.24.33:852][  0]LogPakFile: OnPakFileMounted2Time == 0.000252
[2022.12.09-12.24.33:853][  0]LogPakFile: PakFile PrimaryIndexSize=182
[2022.12.09-12.24.33:853][  0]LogPakFile: PakFile PathHashIndexSize=101
[2022.12.09-12.24.33:853][  0]LogPakFile: PakFile FullDirectoryIndexSize=138
[2022.12.09-12.24.33:853][  0]LogShaderLibrary: Display: ShaderCodeLibraryPakFileMountedCallback: PakFile 'D:/EPIC/UE_4.27/FeaturePacks/TP_Puzzle.upack' (chunk index -1, root 'root:/') mounted
[2022.12.09-12.24.33:853][  0]LogShaderLibrary: Display: ShaderCodeLibraryPakFileMountedCallback: pending pak file info (ChunkID:-1 Root:root:/ File:D:/EPIC/UE_4.27/FeaturePacks/TP_Puzzle.upack)
[2022.12.09-12.24.33:853][  0]LogPakFile: OnPakFileMounted2Time == 0.000207
[2022.12.09-12.24.33:854][  0]LogPakFile: PakFile PrimaryIndexSize=184
[2022.12.09-12.24.33:854][  0]LogPakFile: PakFile PathHashIndexSize=101
[2022.12.09-12.24.33:854][  0]LogPakFile: PakFile FullDirectoryIndexSize=142
[2022.12.09-12.24.33:854][  0]LogShaderLibrary: Display: ShaderCodeLibraryPakFileMountedCallback: PakFile 'D:/EPIC/UE_4.27/FeaturePacks/TP_PuzzleBP.upack' (chunk index -1, root 'root:/') mounted
[2022.12.09-12.24.33:854][  0]LogShaderLibrary: Display: ShaderCodeLibraryPakFileMountedCallback: pending pak file info (ChunkID:-1 Root:root:/ File:D:/EPIC/UE_4.27/FeaturePacks/TP_PuzzleBP.upack)
[2022.12.09-12.24.33:854][  0]LogPakFile: OnPakFileMounted2Time == 0.000238
[2022.12.09-12.24.33:855][  0]LogPakFile: PakFile PrimaryIndexSize=183
[2022.12.09-12.24.33:855][  0]LogPakFile: PakFile PathHashIndexSize=101
[2022.12.09-12.24.33:855][  0]LogPakFile: PakFile FullDirectoryIndexSize=140
[2022.12.09-12.24.33:855][  0]LogShaderLibrary: Display: ShaderCodeLibraryPakFileMountedCallback: PakFile 'D:/EPIC/UE_4.27/FeaturePacks/TP_Rolling.upack' (chunk index -1, root 'root:/') mounted
[2022.12.09-12.24.33:855][  0]LogShaderLibrary: Display: ShaderCodeLibraryPakFileMountedCallback: pending pak file info (ChunkID:-1 Root:root:/ File:D:/EPIC/UE_4.27/FeaturePacks/TP_Rolling.upack)
[2022.12.09-12.24.33:855][  0]LogPakFile: OnPakFileMounted2Time == 0.000197
[2022.12.09-12.24.33:856][  0]LogPakFile: PakFile PrimaryIndexSize=185
[2022.12.09-12.24.33:856][  0]LogPakFile: PakFile PathHashIndexSize=101
[2022.12.09-12.24.33:856][  0]LogPakFile: PakFile FullDirectoryIndexSize=144
[2022.12.09-12.24.33:856][  0]LogShaderLibrary: Display: ShaderCodeLibraryPakFileMountedCallback: PakFile 'D:/EPIC/UE_4.27/FeaturePacks/TP_RollingBP.upack' (chunk index -1, root 'root:/') mounted
[2022.12.09-12.24.33:856][  0]LogShaderLibrary: Display: ShaderCodeLibraryPakFileMountedCallback: pending pak file info (ChunkID:-1 Root:root:/ File:D:/EPIC/UE_4.27/FeaturePacks/TP_RollingBP.upack)
[2022.12.09-12.24.33:856][  0]LogPakFile: OnPakFileMounted2Time == 0.000179
[2022.12.09-12.24.33:857][  0]LogPakFile: PakFile PrimaryIndexSize=188
[2022.12.09-12.24.33:857][  0]LogPakFile: PakFile PathHashIndexSize=101
[2022.12.09-12.24.33:857][  0]LogPakFile: PakFile FullDirectoryIndexSize=150
[2022.12.09-12.24.33:857][  0]LogShaderLibrary: Display: ShaderCodeLibraryPakFileMountedCallback: PakFile 'D:/EPIC/UE_4.27/FeaturePacks/TP_SideScroller.upack' (chunk index -1, root 'root:/') mounted
[2022.12.09-12.24.33:857][  0]LogShaderLibrary: Display: ShaderCodeLibraryPakFileMountedCallback: pending pak file info (ChunkID:-1 Root:root:/ File:D:/EPIC/UE_4.27/FeaturePacks/TP_SideScroller.upack)
[2022.12.09-12.24.33:857][  0]LogPakFile: OnPakFileMounted2Time == 0.000157
[2022.12.09-12.24.33:858][  0]LogPakFile: PakFile PrimaryIndexSize=190
[2022.12.09-12.24.33:858][  0]LogPakFile: PakFile PathHashIndexSize=101
[2022.12.09-12.24.33:858][  0]LogPakFile: PakFile FullDirectoryIndexSize=154
[2022.12.09-12.24.33:858][  0]LogShaderLibrary: Display: ShaderCodeLibraryPakFileMountedCallback: PakFile 'D:/EPIC/UE_4.27/FeaturePacks/TP_SideScrollerBP.upack' (chunk index -1, root 'root:/') mounted
[2022.12.09-12.24.33:858][  0]LogShaderLibrary: Display: ShaderCodeLibraryPakFileMountedCallback: pending pak file info (ChunkID:-1 Root:root:/ File:D:/EPIC/UE_4.27/FeaturePacks/TP_SideScrollerBP.upack)
[2022.12.09-12.24.33:858][  0]LogPakFile: OnPakFileMounted2Time == 0.000168
[2022.12.09-12.24.33:859][  0]LogPakFile: PakFile PrimaryIndexSize=187
[2022.12.09-12.24.33:859][  0]LogPakFile: PakFile PathHashIndexSize=101
[2022.12.09-12.24.33:859][  0]LogPakFile: PakFile FullDirectoryIndexSize=148
[2022.12.09-12.24.33:859][  0]LogShaderLibrary: Display: ShaderCodeLibraryPakFileMountedCallback: PakFile 'D:/EPIC/UE_4.27/FeaturePacks/TP_ThirdPerson.upack' (chunk index -1, root 'root:/') mounted
[2022.12.09-12.24.33:859][  0]LogShaderLibrary: Display: ShaderCodeLibraryPakFileMountedCallback: pending pak file info (ChunkID:-1 Root:root:/ File:D:/EPIC/UE_4.27/FeaturePacks/TP_ThirdPerson.upack)
[2022.12.09-12.24.33:859][  0]LogPakFile: OnPakFileMounted2Time == 0.000280
[2022.12.09-12.24.33:860][  0]LogPakFile: PakFile PrimaryIndexSize=189
[2022.12.09-12.24.33:860][  0]LogPakFile: PakFile PathHashIndexSize=101
[2022.12.09-12.24.33:860][  0]LogPakFile: PakFile FullDirectoryIndexSize=152
[2022.12.09-12.24.33:860][  0]LogShaderLibrary: Display: ShaderCodeLibraryPakFileMountedCallback: PakFile 'D:/EPIC/UE_4.27/FeaturePacks/TP_ThirdPersonBP.upack' (chunk index -1, root 'root:/') mounted
[2022.12.09-12.24.33:860][  0]LogShaderLibrary: Display: ShaderCodeLibraryPakFileMountedCallback: pending pak file info (ChunkID:-1 Root:root:/ File:D:/EPIC/UE_4.27/FeaturePacks/TP_ThirdPersonBP.upack)
[2022.12.09-12.24.33:860][  0]LogPakFile: OnPakFileMounted2Time == 0.000225
[2022.12.09-12.24.33:861][  0]LogPakFile: PakFile PrimaryIndexSize=183
[2022.12.09-12.24.33:861][  0]LogPakFile: PakFile PathHashIndexSize=101
[2022.12.09-12.24.33:861][  0]LogPakFile: PakFile FullDirectoryIndexSize=140
[2022.12.09-12.24.33:861][  0]LogShaderLibrary: Display: ShaderCodeLibraryPakFileMountedCallback: PakFile 'D:/EPIC/UE_4.27/FeaturePacks/TP_TopDown.upack' (chunk index -1, root 'root:/') mounted
[2022.12.09-12.24.33:861][  0]LogShaderLibrary: Display: ShaderCodeLibraryPakFileMountedCallback: pending pak file info (ChunkID:-1 Root:root:/ File:D:/EPIC/UE_4.27/FeaturePacks/TP_TopDown.upack)
[2022.12.09-12.24.33:861][  0]LogPakFile: OnPakFileMounted2Time == 0.000209
[2022.12.09-12.24.33:862][  0]LogPakFile: PakFile PrimaryIndexSize=185
[2022.12.09-12.24.33:862][  0]LogPakFile: PakFile PathHashIndexSize=101
[2022.12.09-12.24.33:862][  0]LogPakFile: PakFile FullDirectoryIndexSize=144
[2022.12.09-12.24.33:862][  0]LogShaderLibrary: Display: ShaderCodeLibraryPakFileMountedCallback: PakFile 'D:/EPIC/UE_4.27/FeaturePacks/TP_TopDownBP.upack' (chunk index -1, root 'root:/') mounted
[2022.12.09-12.24.33:863][  0]LogShaderLibrary: Display: ShaderCodeLibraryPakFileMountedCallback: pending pak file info (ChunkID:-1 Root:root:/ File:D:/EPIC/UE_4.27/FeaturePacks/TP_TopDownBP.upack)
[2022.12.09-12.24.33:863][  0]LogPakFile: OnPakFileMounted2Time == 0.000237
[2022.12.09-12.24.33:863][  0]LogPakFile: PakFile PrimaryIndexSize=185
[2022.12.09-12.24.33:863][  0]LogPakFile: PakFile PathHashIndexSize=101
[2022.12.09-12.24.33:863][  0]LogPakFile: PakFile FullDirectoryIndexSize=144
[2022.12.09-12.24.33:863][  0]LogShaderLibrary: Display: ShaderCodeLibraryPakFileMountedCallback: PakFile 'D:/EPIC/UE_4.27/FeaturePacks/TP_TwinStick.upack' (chunk index -1, root 'root:/') mounted
[2022.12.09-12.24.33:863][  0]LogShaderLibrary: Display: ShaderCodeLibraryPakFileMountedCallback: pending pak file info (ChunkID:-1 Root:root:/ File:D:/EPIC/UE_4.27/FeaturePacks/TP_TwinStick.upack)
[2022.12.09-12.24.33:864][  0]LogPakFile: OnPakFileMounted2Time == 0.000184
[2022.12.09-12.24.33:864][  0]LogPakFile: PakFile PrimaryIndexSize=187
[2022.12.09-12.24.33:864][  0]LogPakFile: PakFile PathHashIndexSize=101
[2022.12.09-12.24.33:864][  0]LogPakFile: PakFile FullDirectoryIndexSize=148
[2022.12.09-12.24.33:864][  0]LogShaderLibrary: Display: ShaderCodeLibraryPakFileMountedCallback: PakFile 'D:/EPIC/UE_4.27/FeaturePacks/TP_TwinStickBP.upack' (chunk index -1, root 'root:/') mounted
[2022.12.09-12.24.33:864][  0]LogShaderLibrary: Display: ShaderCodeLibraryPakFileMountedCallback: pending pak file info (ChunkID:-1 Root:root:/ File:D:/EPIC/UE_4.27/FeaturePacks/TP_TwinStickBP.upack)
[2022.12.09-12.24.33:864][  0]LogPakFile: OnPakFileMounted2Time == 0.000226
[2022.12.09-12.24.33:865][  0]LogPakFile: PakFile PrimaryIndexSize=183
[2022.12.09-12.24.33:865][  0]LogPakFile: PakFile PathHashIndexSize=101
[2022.12.09-12.24.33:865][  0]LogPakFile: PakFile FullDirectoryIndexSize=140
[2022.12.09-12.24.33:865][  0]LogShaderLibrary: Display: ShaderCodeLibraryPakFileMountedCallback: PakFile 'D:/EPIC/UE_4.27/FeaturePacks/TP_Vehicle.upack' (chunk index -1, root 'root:/') mounted
[2022.12.09-12.24.33:865][  0]LogShaderLibrary: Display: ShaderCodeLibraryPakFileMountedCallback: pending pak file info (ChunkID:-1 Root:root:/ File:D:/EPIC/UE_4.27/FeaturePacks/TP_Vehicle.upack)
[2022.12.09-12.24.33:865][  0]LogPakFile: OnPakFileMounted2Time == 0.000165
[2022.12.09-12.24.33:866][  0]LogPakFile: PakFile PrimaryIndexSize=186
[2022.12.09-12.24.33:866][  0]LogPakFile: PakFile PathHashIndexSize=101
[2022.12.09-12.24.33:866][  0]LogPakFile: PakFile FullDirectoryIndexSize=146
[2022.12.09-12.24.33:866][  0]LogShaderLibrary: Display: ShaderCodeLibraryPakFileMountedCallback: PakFile 'D:/EPIC/UE_4.27/FeaturePacks/TP_VehicleAdv.upack' (chunk index -1, root 'root:/') mounted
[2022.12.09-12.24.33:866][  0]LogShaderLibrary: Display: ShaderCodeLibraryPakFileMountedCallback: pending pak file info (ChunkID:-1 Root:root:/ File:D:/EPIC/UE_4.27/FeaturePacks/TP_VehicleAdv.upack)
[2022.12.09-12.24.33:866][  0]LogPakFile: OnPakFileMounted2Time == 0.000207
[2022.12.09-12.24.33:867][  0]LogPakFile: PakFile PrimaryIndexSize=188
[2022.12.09-12.24.33:867][  0]LogPakFile: PakFile PathHashIndexSize=101
[2022.12.09-12.24.33:867][  0]LogPakFile: PakFile FullDirectoryIndexSize=150
[2022.12.09-12.24.33:867][  0]LogShaderLibrary: Display: ShaderCodeLibraryPakFileMountedCallback: PakFile 'D:/EPIC/UE_4.27/FeaturePacks/TP_VehicleAdvBP.upack' (chunk index -1, root 'root:/') mounted
[2022.12.09-12.24.33:867][  0]LogShaderLibrary: Display: ShaderCodeLibraryPakFileMountedCallback: pending pak file info (ChunkID:-1 Root:root:/ File:D:/EPIC/UE_4.27/FeaturePacks/TP_VehicleAdvBP.upack)
[2022.12.09-12.24.33:867][  0]LogPakFile: OnPakFileMounted2Time == 0.000230
[2022.12.09-12.24.33:867][  0]LogPakFile: PakFile PrimaryIndexSize=185
[2022.12.09-12.24.33:867][  0]LogPakFile: PakFile PathHashIndexSize=101
[2022.12.09-12.24.33:867][  0]LogPakFile: PakFile FullDirectoryIndexSize=144
[2022.12.09-12.24.33:867][  0]LogShaderLibrary: Display: ShaderCodeLibraryPakFileMountedCallback: PakFile 'D:/EPIC/UE_4.27/FeaturePacks/TP_VehicleBP.upack' (chunk index -1, root 'root:/') mounted
[2022.12.09-12.24.33:867][  0]LogShaderLibrary: Display: ShaderCodeLibraryPakFileMountedCallback: pending pak file info (ChunkID:-1 Root:root:/ File:D:/EPIC/UE_4.27/FeaturePacks/TP_VehicleBP.upack)
[2022.12.09-12.24.33:868][  0]LogPakFile: OnPakFileMounted2Time == 0.000250
[2022.12.09-12.24.33:869][  0]LogPakFile: PakFile PrimaryIndexSize=192
[2022.12.09-12.24.33:869][  0]LogPakFile: PakFile PathHashIndexSize=101
[2022.12.09-12.24.33:869][  0]LogPakFile: PakFile FullDirectoryIndexSize=158
[2022.12.09-12.24.33:869][  0]LogShaderLibrary: Display: ShaderCodeLibraryPakFileMountedCallback: PakFile 'D:/EPIC/UE_4.27/FeaturePacks/TP_VirtualRealityBP.upack' (chunk index -1, root 'root:/') mounted
[2022.12.09-12.24.33:869][  0]LogShaderLibrary: Display: ShaderCodeLibraryPakFileMountedCallback: pending pak file info (ChunkID:-1 Root:root:/ File:D:/EPIC/UE_4.27/FeaturePacks/TP_VirtualRealityBP.upack)
[2022.12.09-12.24.33:869][  0]LogPakFile: OnPakFileMounted2Time == 0.000193
[2022.12.09-12.24.33:899][  0]LogNativeClassHierarchy: Verbose: Native class hierarchy updated for 'AddContentDialog' in 0.0003 seconds. Added 0 classes and 0 folders.
[2022.12.09-12.24.33:901][  0]LogNativeClassHierarchy: Verbose: Native class hierarchy updated for 'SceneOutliner' in 0.0003 seconds. Added 2 classes and 0 folders.
[2022.12.09-12.24.33:943][  0]LogSlate: Took 0.000194 seconds to synchronously load lazily loaded font '../../../Engine/Content/Slate/Fonts/Roboto-Regular.ttf' (155K)
[2022.12.09-12.24.33:945][  0]LogSlate: Took 0.000154 seconds to synchronously load lazily loaded font '../../../Engine/Content/Editor/Slate/Fonts/FontAwesome.ttf' (139K)
[2022.12.09-12.24.33:947][  0]LogSlate: Took 0.000091 seconds to synchronously load lazily loaded font '../../../Engine/Content/Slate/Fonts/Roboto-Bold.ttf' (160K)
[2022.12.09-12.24.34:016][  0]LogRenderer: Reallocating scene render targets to support 3064x1304 Format 10 NumSamples 1 (Frame:1).
[2022.12.09-12.24.34:241][  0]LogNativeClassHierarchy: Verbose: Native class hierarchy updated for 'HierarchicalLODOutliner' in 0.0003 seconds. Added 0 classes and 0 folders.
[2022.12.09-12.24.34:241][  0]LogLoad: (Engine Initialization) Total time: 9.39 seconds
[2022.12.09-12.24.34:241][  0]LogLoad: (Engine Initialization) Total Blueprint compile time: 0.00 seconds
[2022.12.09-12.24.34:310][  0]LogAssetRegistry: Asset discovery search completed in 4.3972 seconds
[2022.12.09-12.24.34:315][  0]LogCollectionManager: Fixed up redirectors for 0 collections in 0.000003 seconds (updated 0 objects)
[2022.12.09-12.24.34:316][  0]LogContentStreaming: Texture pool size now 1000 MB
[2022.12.09-12.25.04:283][180]LogTemp: Repeating last play command: Selected Viewport
[2022.12.09-12.25.04:288][180]LogPlayLevel: PlayLevel: No blueprints needed recompiling
[2022.12.09-12.25.04:288][180]PIE: New page: PIE session: Minimal_Default (9 Dec 2022, 14:25:04)
[2022.12.09-12.25.04:290][180]LogOnline: OSS: Creating online subsystem instance for: NULL
[2022.12.09-12.25.04:293][180]LogOnline: OSS: TryLoadSubsystemAndSetDefault: Loaded subsystem for module [NULL]
[2022.12.09-12.25.04:293][180]LogPlayLevel: Creating play world package: /Game/StarterContent/Maps/UEDPIE_0_Minimal_Default
[2022.12.09-12.25.04:297][180]LogPlayLevel: PIE: StaticDuplicateObject took: (0.003340s)
[2022.12.09-12.25.04:298][180]LogAIModule: Creating AISystem for world Minimal_Default
[2022.12.09-12.25.04:299][180]LogPlayLevel: PIE: World Init took: (0.001340s)
[2022.12.09-12.25.04:299][180]LogPlayLevel: PIE: Created PIE world by copying editor world from /Game/StarterContent/Maps/Minimal_Default.Minimal_Default to /Game/StarterContent/Maps/UEDPIE_0_Minimal_Default.Minimal_Default (0.005311s)
[2022.12.09-12.25.04:304][180]LogUObjectHash: Compacting FUObjectHashTables data took   0.66ms
[2022.12.09-12.25.04:305][180]LogAudio: Display: Creating Audio Device:                 Id: 2, Scope: Unique, Realtime: True
[2022.12.09-12.25.04:305][180]LogAudioMixer: Display: Audio Mixer Platform Settings:
[2022.12.09-12.25.04:305][180]LogAudioMixer: Display: 	Sample Rate:						  48000
[2022.12.09-12.25.04:306][180]LogAudioMixer: Display: 	Callback Buffer Frame Size Requested: 1024
[2022.12.09-12.25.04:306][180]LogAudioMixer: Display: 	Callback Buffer Frame Size To Use:	  1024
[2022.12.09-12.25.04:306][180]LogAudioMixer: Display: 	Number of buffers to queue:			  2
[2022.12.09-12.25.04:306][180]LogAudioMixer: Display: 	Max Channels (voices):				  32
[2022.12.09-12.25.04:306][180]LogAudioMixer: Display: 	Number of Async Source Workers:		  0
[2022.12.09-12.25.04:306][180]LogAudio: Display: AudioDevice MaxSources: 32
[2022.12.09-12.25.04:306][180]LogAudio: Display: Audio Spatialization Plugin: None (built-in).
[2022.12.09-12.25.04:306][180]LogAudio: Display: Audio Reverb Plugin: None (built-in).
[2022.12.09-12.25.04:306][180]LogAudio: Display: Audio Occlusion Plugin: None (built-in).
[2022.12.09-12.25.04:307][180]LogAudioMixer: Display: Initializing audio mixer.
[2022.12.09-12.25.04:311][180]LogAudioMixer: Display: 0: FrontLeft
[2022.12.09-12.25.04:311][180]LogAudioMixer: Display: 1: FrontRight
[2022.12.09-12.25.04:319][180]LogAudioMixer: Display: Using Audio Device Speakers (Razer Nommo Pro)
[2022.12.09-12.25.04:320][180]LogAudioMixer: Display: Initializing Sound Submixes...
[2022.12.09-12.25.04:320][180]LogAudioMixer: Display: Creating Master Submix 'MasterSubmixDefault'
[2022.12.09-12.25.04:320][180]LogAudioMixer: Display: Creating Master Submix 'MasterReverbSubmixDefault'
[2022.12.09-12.25.04:320][180]LogAudioMixer: Display: Creating Master Submix 'MasterEQSubmixDefault'
[2022.12.09-12.25.04:320][180]LogAudioMixer: FMixerPlatformXAudio2::StartAudioStream() called
[2022.12.09-12.25.04:321][180]LogAudioMixer: Display: Output buffers initialized: Frames=1024, Channels=2, Samples=2048
[2022.12.09-12.25.04:323][180]LogAudioMixer: Display: Starting AudioMixerPlatformInterface::RunInternal()
[2022.12.09-12.25.04:323][180]LogAudioMixer: Display: FMixerPlatformXAudio2::SubmitBuffer() called for the first time
[2022.12.09-12.25.04:323][180]LogInit: FAudioDevice initialized.
[2022.12.09-12.25.04:323][180]LogAudio: Display: Audio Device (ID: 2) registered with world 'Minimal_Default'.
[2022.12.09-12.25.04:338][180]LogLoad: Game class is 'GameModeBase'
[2022.12.09-12.25.04:340][180]LogWorld: Bringing World /Game/StarterContent/Maps/UEDPIE_0_Minimal_Default.Minimal_Default up for play (max tick rate 0) at 2022.12.09-13.25.04
[2022.12.09-12.25.04:341][180]LogWorld: Bringing up level for play took: 0.001436
[2022.12.09-12.25.04:341][180]LogOnline: OSS: Creating online subsystem instance for: :Context_3
[2022.12.09-12.25.04:346][180]LogNativeClassHierarchy: Verbose: Native class hierarchy updated for 'MovieSceneCapture' in 0.0003 seconds. Added 20 classes and 0 folders.
[2022.12.09-12.25.04:347][180]PIE: Server logged in
[2022.12.09-12.25.04:349][180]PIE: Play in editor total start time 0.061 seconds.
[2022.12.09-12.25.29:479][183]LogSlate: Updating window title bar state: overlay mode, drag disabled, window buttons hidden, title bar hidden
[2022.12.09-12.25.29:480][183]LogWorld: BeginTearingDown for /Game/StarterContent/Maps/UEDPIE_0_Minimal_Default
[2022.12.09-12.25.29:480][183]LogWorld: UWorld::CleanupWorld for Minimal_Default, bSessionEnded=true, bCleanupResources=true
[2022.12.09-12.25.29:480][183]LogSlate: InvalidateAllWidgets triggered.  All widgets were invalidated
[2022.12.09-12.25.29:493][183]LogPlayLevel: Display: Shutting down PIE online subsystems
[2022.12.09-12.25.29:495][183]LogSlate: InvalidateAllWidgets triggered.  All widgets were invalidated
[2022.12.09-12.25.29:498][183]LogAudio: Display: Audio Device unregistered from world 'None'.
[2022.12.09-12.25.29:499][183]LogAudioMixer: FMixerPlatformXAudio2::StopAudioStream() called
[2022.12.09-12.25.29:501][183]LogAudioMixer: FMixerPlatformXAudio2::StopAudioStream() called
[2022.12.09-12.25.29:503][183]LogSlate: Updating window title bar state: overlay mode, drag disabled, window buttons hidden, title bar hidden
[2022.12.09-12.25.29:506][183]LogUObjectHash: Compacting FUObjectHashTables data took   0.71ms
[2022.12.09-12.25.29:584][185]LogPlayLevel: Display: Destroying online subsystem :Context_3
