Log file open, 12/09/22 13:17:19
LogWindows: Failed to load 'aqProf.dll' (GetLastError=126)
LogWindows: File 'aqProf.dll' does not exist
LogWindows: Failed to load 'VtuneApi.dll' (GetLastError=126)
LogWindows: File 'VtuneApi.dll' does not exist
LogWindows: Failed to load 'VtuneApi32e.dll' (GetLastError=126)
LogWindows: File 'VtuneApi32e.dll' does not exist
LogConsoleResponse: Display: Failed to find resolution value strings in scalability ini. Falling back to default.
LogConsoleResponse: Display: Failed to find resolution value strings in scalability ini. Falling back to default.
LogInit: Display: Running engine for game: EscapeKart
LogPlatformFile: Not using cached read wrapper
LogTaskGraph: Started task graph with 5 named threads and 71 total threads with 3 sets of task threads.
LogStats: Stats thread started at 0.326471
LogICUInternationalization: ICU TimeZone Detection - Raw Offset: +1:00, Platform Override: ''
LogInit: Display: Loading text-based GConfig....
LogPluginManager: Mounting plugin MeshPainting
LogPluginManager: Mounting plugin XGEController
LogPluginManager: Mounting plugin EnvironmentQueryEditor
LogPluginManager: Mounting plugin AISupport
LogPluginManager: Mounting plugin Paper2D
LogPluginManager: Mounting plugin LiveLink
LogPluginManager: Mounting plugin GameplayCameras
LogPluginManager: Mounting plugin LightPropagationVolume
LogPluginManager: Mounting plugin OodleNetwork
LogPluginManager: Mounting plugin CameraShakePreviewer
LogPluginManager: Mounting plugin AnimationSharing
LogPluginManager: Mounting plugin AssetManagerEditor
LogPluginManager: Mounting plugin OodleData
LogPluginManager: Mounting plugin CryptoKeys
LogPluginManager: Mounting plugin DatasmithContent
LogPluginManager: Mounting plugin CurveEditorTools
LogPluginManager: Mounting plugin Niagara
LogPluginManager: Mounting plugin FacialAnimation
LogPluginManager: Mounting plugin DataValidation
LogPluginManager: Mounting plugin GeometryMode
LogPluginManager: Mounting plugin GameplayTagsEditor
LogPluginManager: Mounting plugin MaterialAnalyzer
LogPluginManager: Mounting plugin MobileLauncherProfileWizard
LogPluginManager: Mounting plugin PluginBrowser
LogPluginManager: Mounting plugin AlembicImporter
LogPluginManager: Mounting plugin MacGraphicsSwitching
LogPluginManager: Mounting plugin BackChannel
LogPluginManager: Mounting plugin AutomationUtils
LogPluginManager: Mounting plugin SpeedTreeImporter
LogPluginManager: Mounting plugin ChaosClothEditor
LogPluginManager: Mounting plugin CharacterAI
LogPluginManager: Mounting plugin ChaosEditor
LogPluginManager: Mounting plugin ChaosNiagara
LogPluginManager: Mounting plugin VariantManagerContent
LogPluginManager: Mounting plugin ChaosSolverPlugin
LogPluginManager: Mounting plugin ChaosCloth
LogPluginManager: Mounting plugin LuminPlatformFeatures
LogPluginManager: Mounting plugin GeometryCache
LogPluginManager: Mounting plugin GeometryCollectionPlugin
LogPluginManager: Mounting plugin GeometryProcessing
LogPluginManager: Mounting plugin MagicLeap
LogPluginManager: Mounting plugin MagicLeapLightEstimation
LogPluginManager: Mounting plugin MagicLeapMedia
LogPluginManager: Mounting plugin OpenImageDenoise
LogPluginManager: Mounting plugin MotoSynth
LogPluginManager: Mounting plugin MagicLeapPassableWorld
LogPluginManager: Mounting plugin ProxyLODPlugin
LogPluginManager: Mounting plugin PlatformCrypto
LogPluginManager: Mounting plugin MLSDK
LogPluginManager: Mounting plugin PlanarCut
LogPluginManager: Mounting plugin SkeletalReduction
LogPluginManager: Mounting plugin AndroidMedia
LogPluginManager: Mounting plugin AvfMedia
LogPluginManager: Mounting plugin PythonScriptPlugin
LogPluginManager: Mounting plugin ImgMedia
LogPluginManager: Mounting plugin MediaCompositing
LogPluginManager: Mounting plugin MediaPlayerEditor
LogPluginManager: Mounting plugin WmfMedia
LogPluginManager: Mounting plugin WebMMedia
LogPluginManager: Mounting plugin TcpMessaging
LogPluginManager: Mounting plugin UdpMessaging
LogPluginManager: Mounting plugin ActorSequence
LogPluginManager: Mounting plugin MatineeToLevelSequence
LogPluginManager: Mounting plugin TemplateSequence
LogPluginManager: Mounting plugin OnlineSubsystem
LogPluginManager: Mounting plugin LevelSequenceEditor
LogPluginManager: Mounting plugin OnlineSubsystemNull
LogPluginManager: Mounting plugin OnlineSubsystemUtils
LogPluginManager: Mounting plugin LauncherChunkInstaller
LogPluginManager: Mounting plugin AndroidDeviceProfileSelector
LogPluginManager: Mounting plugin AndroidMoviePlayer
LogPluginManager: Mounting plugin AndroidPermission
LogPluginManager: Mounting plugin ActorLayerUtilities
LogPluginManager: Mounting plugin AppleMoviePlayer
LogPluginManager: Mounting plugin ArchVisCharacter
LogPluginManager: Mounting plugin AudioCapture
LogPluginManager: Mounting plugin AssetTags
LogPluginManager: Mounting plugin AudioSynesthesia
LogPluginManager: Mounting plugin CableComponent
LogPluginManager: Mounting plugin CustomMeshComponent
LogPluginManager: Mounting plugin AppleImageUtils
LogPluginManager: Mounting plugin ChunkDownloader
LogPluginManager: Mounting plugin ExampleDeviceProfileSelector
LogPluginManager: Mounting plugin GoogleCloudMessaging
LogPluginManager: Mounting plugin EditableMesh
LogPluginManager: Mounting plugin LinuxDeviceProfileSelector
LogPluginManager: Mounting plugin IOSDeviceProfileSelector
LogPluginManager: Mounting plugin GooglePAD
LogPluginManager: Mounting plugin LocationServicesBPLibrary
LogPluginManager: Mounting plugin MobilePatchingUtils
LogPluginManager: Mounting plugin OpenXR
LogPluginManager: Mounting plugin OpenXRHandTracking
LogPluginManager: Mounting plugin OpenXREyeTracker
LogPluginManager: Mounting plugin PostSplashScreen
LogPluginManager: Mounting plugin PhysXVehicles
LogPluginManager: Mounting plugin PropertyAccessEditor
LogPluginManager: Mounting plugin ProceduralMeshComponent
LogPluginManager: Mounting plugin RuntimePhysXCooking
LogPluginManager: Mounting plugin SoundFields
LogPluginManager: Mounting plugin SignificanceManager
LogPluginManager: Mounting plugin Synthesis
LogPluginManager: Mounting plugin ScreenshotTools
LogPluginManager: Mounting plugin WebMMoviePlayer
LogPluginManager: Mounting plugin Takes
LogPluginManager: Mounting plugin WindowsMoviePlayer
LogPluginManager: Mounting plugin CodeLiteSourceCodeAccess
LogPluginManager: Mounting plugin KDevelopSourceCodeAccess
LogPluginManager: Mounting plugin CLionSourceCodeAccess
LogPluginManager: Mounting plugin GitSourceControl
LogPluginManager: Mounting plugin NullSourceCodeAccess
LogPluginManager: Mounting plugin PerforceSourceControl
LogPluginManager: Mounting plugin PluginUtils
LogPluginManager: Mounting plugin PlasticSourceControl
LogPluginManager: Mounting plugin PropertyAccessNode
LogPluginManager: Mounting plugin PixWinPlugin
LogPluginManager: Mounting plugin RiderSourceCodeAccess
LogPluginManager: Mounting plugin SubversionSourceControl
LogPluginManager: Mounting plugin TextureFormatOodle
LogPluginManager: Mounting plugin UObjectPlugin
LogPluginManager: Mounting plugin VisualStudioCodeSourceCodeAccess
LogPluginManager: Mounting plugin VisualStudioSourceCodeAccess
LogPluginManager: Mounting plugin XCodeSourceCodeAccess
LogPluginManager: Mounting plugin ContentBrowserAssetDataSource
LogPluginManager: Mounting plugin ContentBrowserFileDataSource
LogPluginManager: Mounting plugin ContentBrowserClassDataSource
LogPluginManager: Mounting plugin OnlineSubsystemIOS
LogPluginManager: Mounting plugin OnlineSubsystemGooglePlay
LogPluginManager: Mounting plugin OculusVR
LogInit: Using libcurl 7.55.1-DEV
LogInit:  - built for x86_64-pc-win32
LogInit:  - supports SSL with OpenSSL/1.1.1
LogInit:  - supports HTTP deflate (compression) using libz 1.2.8
LogInit:  - other features:
LogInit:      CURL_VERSION_SSL
LogInit:      CURL_VERSION_LIBZ
LogInit:      CURL_VERSION_IPV6
LogInit:      CURL_VERSION_ASYNCHDNS
LogInit:      CURL_VERSION_LARGEFILE
LogInit:      CURL_VERSION_IDN
LogInit:  CurlRequestOptions (configurable via config and command line):
LogInit:  - bVerifyPeer = true  - Libcurl will verify peer certificate
LogInit:  - bUseHttpProxy = false  - Libcurl will NOT use HTTP proxy
LogInit:  - bDontReuseConnections = false  - Libcurl will reuse connections
LogInit:  - MaxHostConnections = 16  - Libcurl will limit the number of connections to a host
LogInit:  - LocalHostAddr = Default
LogInit:  - BufferSize = 65536
LogOnline: OSS: Creating online subsystem instance for: NULL
LogInit: WinSock: version 1.1 (2.2), MaxSocks=32767, MaxUdp=65467
LogOnline: OSS: TryLoadSubsystemAndSetDefault: Loaded subsystem for module [NULL]
PixWinPlugin: PIX capture plugin failed to initialize! Check that the process is launched from PIX.
LogOculusPluginWrapper: OculusPlugin initialized successfully
LogHMD: Failed initializing OVRPlugin 1.59.0
LogInit: Build: ++UE4+Release-4.27-CL-18319896
LogInit: Engine Version: 4.27.2-18319896+++UE4+Release-4.27
LogInit: Compatible Engine Version: 4.27.0-17155196+++UE4+Release-4.27
LogInit: Net CL: 17155196
LogInit: OS: Windows 10 (Release 2009) (), CPU: AMD Ryzen 9 3900X 12-Core Processor            , GPU: NVIDIA GeForce RTX 3090
LogInit: Compiled (64-bit): Nov 30 2021 07:12:08
LogInit: Compiled with Visual C++: 19.24.28315.00
LogInit: Build Configuration: Development
LogInit: Branch Name: ++UE4+Release-4.27
LogInit: Command Line:  -skipcompile
LogInit: Base Directory: D:/EPIC/UE_4.27/Engine/Binaries/Win64/
LogInit: Allocator: TBB
LogInit: Installed Engine Build: 1
LogDevObjectVersion: Number of dev versions registered: 29
LogDevObjectVersion:   Dev-Blueprints (B0D832E4-1F89-4F0D-ACCF-7EB736FD4AA2): 10
LogDevObjectVersion:   Dev-Build (E1C64328-A22C-4D53-A36C-8E866417BD8C): 0
LogDevObjectVersion:   Dev-Core (375EC13C-06E4-48FB-B500-84F0262A717E): 4
LogDevObjectVersion:   Dev-Editor (E4B068ED-F494-42E9-A231-DA0B2E46BB41): 40
LogDevObjectVersion:   Dev-Framework (CFFC743F-43B0-4480-9391-14DF171D2073): 37
LogDevObjectVersion:   Dev-Mobile (B02B49B5-BB20-44E9-A304-32B752E40360): 3
LogDevObjectVersion:   Dev-Networking (A4E4105C-59A1-49B5-A7C5-40C4547EDFEE): 0
LogDevObjectVersion:   Dev-Online (39C831C9-5AE6-47DC-9A44-9C173E1C8E7C): 0
LogDevObjectVersion:   Dev-Physics (78F01B33-EBEA-4F98-B9B4-84EACCB95AA2): 14
LogDevObjectVersion:   Dev-Platform (6631380F-2D4D-43E0-8009-CF276956A95A): 0
LogDevObjectVersion:   Dev-Rendering (12F88B9F-8875-4AFC-A67C-D90C383ABD29): 45
LogDevObjectVersion:   Dev-Sequencer (7B5AE74C-D270-4C10-A958-57980B212A5A): 13
LogDevObjectVersion:   Dev-VR (D7296918-1DD6-4BDD-9DE2-64A83CC13884): 3
LogDevObjectVersion:   Dev-LoadTimes (C2A15278-BFE7-4AFE-6C17-90FF531DF755): 1
LogDevObjectVersion:   Private-Geometry (6EACA3D4-40EC-4CC1-B786-8BED09428FC5): 3
LogDevObjectVersion:   Dev-AnimPhys (29E575DD-E0A3-4627-9D10-D276232CDCEA): 17
LogDevObjectVersion:   Dev-Anim (AF43A65D-7FD3-4947-9873-3E8ED9C1BB05): 15
LogDevObjectVersion:   Dev-ReflectionCapture (6B266CEC-1EC7-4B8F-A30B-E4D90942FC07): 1
LogDevObjectVersion:   Dev-Automation (0DF73D61-A23F-47EA-B727-89E90C41499A): 1
LogDevObjectVersion:   FortniteMain (601D1886-AC64-4F84-AA16-D3DE0DEAC7D6): 47
LogDevObjectVersion:   FortniteRelease (E7086368-6B23-4C58-8439-1B7016265E91): 1
LogDevObjectVersion:   Dev-Enterprise (9DFFBCD6-494F-0158-E221-12823C92A888): 10
LogDevObjectVersion:   Dev-Niagara (F2AED0AC-9AFE-416F-8664-AA7FFA26D6FC): 1
LogDevObjectVersion:   Dev-Destruction (174F1F0B-B4C6-45A5-B13F-2EE8D0FB917D): 10
LogDevObjectVersion:   Dev-Physics-Ext (35F94A83-E258-406C-A318-09F59610247C): 41
LogDevObjectVersion:   Dev-PhysicsMaterial-Chaos (B68FC16E-8B1B-42E2-B453-215C058844FE): 1
LogDevObjectVersion:   Dev-CineCamera (B2E18506-4273-CFC2-A54E-F4BB758BBA07): 1
LogDevObjectVersion:   Dev-VirtualProduction (64F58936-FD1B-42BA-BA96-7289D5D0FA4E): 1
LogDevObjectVersion:   Dev-MediaFramework (6F0ED827-A609-4895-9C91-998D90180EA4): 2
LogInit: Presizing for max 25165824 objects, including 0 objects not considered by GC, pre-allocating 0 bytes for permanent pool.
LogConfig: Applying CVar settings from Section [/Script/Engine.StreamingSettings] File [D:/Unreal Projects/EscapeKart/Saved/Config/Windows/Engine.ini]
LogConfig: Setting CVar [[s.MinBulkDataSizeForAsyncLoading:131072]]
LogConfig: Setting CVar [[s.AsyncLoadingThreadEnabled:0]]
LogConfig: Setting CVar [[s.EventDrivenLoaderEnabled:1]]
LogConfig: Setting CVar [[s.WarnIfTimeLimitExceeded:0]]
LogConfig: Setting CVar [[s.TimeLimitExceededMultiplier:1.5]]
LogConfig: Setting CVar [[s.TimeLimitExceededMinTime:0.005]]
LogConfig: Setting CVar [[s.UseBackgroundLevelStreaming:1]]
LogConfig: Setting CVar [[s.PriorityAsyncLoadingExtraTime:15.0]]
LogConfig: Setting CVar [[s.LevelStreamingActorsUpdateTimeLimit:5.0]]
LogConfig: Setting CVar [[s.PriorityLevelStreamingActorsUpdateExtraTime:5.0]]
LogConfig: Setting CVar [[s.LevelStreamingComponentsRegistrationGranularity:10]]
LogConfig: Setting CVar [[s.UnregisterComponentsTimeLimit:1.0]]
LogConfig: Setting CVar [[s.LevelStreamingComponentsUnregistrationGranularity:5]]
LogConfig: Setting CVar [[s.FlushStreamingOnExit:1]]
LogInit: Object subsystem initialized
LogConfig: Setting CVar [[con.DebugEarlyDefault:1]]
LogConfig: Setting CVar [[r.setres:1280x720]]
[2022.12.09-12.17.19:868][  0]LogConfig: Setting CVar [[r.VSync:0]]
[2022.12.09-12.17.19:868][  0]LogConfig: Setting CVar [[r.RHICmdBypass:0]]
[2022.12.09-12.17.19:868][  0]LogConfig: Applying CVar settings from Section [/Script/Engine.RendererSettings] File [D:/Unreal Projects/EscapeKart/Saved/Config/Windows/Engine.ini]
[2022.12.09-12.17.19:869][  0]LogConfig: Setting CVar [[r.GPUCrashDebugging:0]]
[2022.12.09-12.17.19:869][  0]LogConfig: Applying CVar settings from Section [/Script/Engine.RendererOverrideSettings] File [D:/Unreal Projects/EscapeKart/Saved/Config/Windows/Engine.ini]
[2022.12.09-12.17.19:869][  0]LogConfig: Applying CVar settings from Section [/Script/Engine.StreamingSettings] File [D:/Unreal Projects/EscapeKart/Saved/Config/Windows/Engine.ini]
[2022.12.09-12.17.19:869][  0]LogConfig: Setting CVar [[s.MinBulkDataSizeForAsyncLoading:131072]]
[2022.12.09-12.17.19:869][  0]LogConfig: Setting CVar [[s.AsyncLoadingThreadEnabled:0]]
[2022.12.09-12.17.19:869][  0]LogConfig: Setting CVar [[s.EventDrivenLoaderEnabled:1]]
[2022.12.09-12.17.19:869][  0]LogConfig: Setting CVar [[s.WarnIfTimeLimitExceeded:0]]
[2022.12.09-12.17.19:869][  0]LogConfig: Setting CVar [[s.TimeLimitExceededMultiplier:1.5]]
[2022.12.09-12.17.19:869][  0]LogConfig: Setting CVar [[s.TimeLimitExceededMinTime:0.005]]
[2022.12.09-12.17.19:869][  0]LogConfig: Setting CVar [[s.UseBackgroundLevelStreaming:1]]
[2022.12.09-12.17.19:870][  0]LogConfig: Setting CVar [[s.PriorityAsyncLoadingExtraTime:15.0]]
[2022.12.09-12.17.19:870][  0]LogConfig: Setting CVar [[s.LevelStreamingActorsUpdateTimeLimit:5.0]]
[2022.12.09-12.17.19:870][  0]LogConfig: Setting CVar [[s.PriorityLevelStreamingActorsUpdateExtraTime:5.0]]
[2022.12.09-12.17.19:870][  0]LogConfig: Setting CVar [[s.LevelStreamingComponentsRegistrationGranularity:10]]
[2022.12.09-12.17.19:870][  0]LogConfig: Setting CVar [[s.UnregisterComponentsTimeLimit:1.0]]
[2022.12.09-12.17.19:870][  0]LogConfig: Setting CVar [[s.LevelStreamingComponentsUnregistrationGranularity:5]]
[2022.12.09-12.17.19:870][  0]LogConfig: Setting CVar [[s.FlushStreamingOnExit:1]]
[2022.12.09-12.17.19:870][  0]LogConfig: Applying CVar settings from Section [/Script/Engine.GarbageCollectionSettings] File [D:/Unreal Projects/EscapeKart/Saved/Config/Windows/Engine.ini]
[2022.12.09-12.17.19:870][  0]LogConfig: Setting CVar [[gc.MaxObjectsNotConsideredByGC:1]]
[2022.12.09-12.17.19:870][  0]LogConfig: Setting CVar [[gc.SizeOfPermanentObjectPool:0]]
[2022.12.09-12.17.19:871][  0]LogConfig: Setting CVar [[gc.FlushStreamingOnGC:0]]
[2022.12.09-12.17.19:871][  0]LogConfig: Setting CVar [[gc.NumRetriesBeforeForcingGC:10]]
[2022.12.09-12.17.19:871][  0]LogConfig: Setting CVar [[gc.AllowParallelGC:1]]
[2022.12.09-12.17.19:871][  0]LogConfig: Setting CVar [[gc.TimeBetweenPurgingPendingKillObjects:61.1]]
[2022.12.09-12.17.19:871][  0]LogConfig: Setting CVar [[gc.MaxObjectsInEditor:25165824]]
[2022.12.09-12.17.19:871][  0]LogConfig: Setting CVar [[gc.IncrementalBeginDestroyEnabled:1]]
[2022.12.09-12.17.19:871][  0]LogConfig: Setting CVar [[gc.CreateGCClusters:1]]
[2022.12.09-12.17.19:871][  0]LogConfig: Setting CVar [[gc.MinGCClusterSize:5]]
[2022.12.09-12.17.19:871][  0]LogConfig: Setting CVar [[gc.ActorClusteringEnabled:0]]
[2022.12.09-12.17.19:871][  0]LogConfig: Setting CVar [[gc.BlueprintClusteringEnabled:0]]
[2022.12.09-12.17.19:871][  0]LogConfig: Setting CVar [[gc.UseDisregardForGCOnDedicatedServers:0]]
[2022.12.09-12.17.19:871][  0]LogConfig: Setting CVar [[gc.MultithreadedDestructionEnabled:1]]
[2022.12.09-12.17.19:871][  0]LogConfig: Applying CVar settings from Section [/Script/Engine.NetworkSettings] File [D:/Unreal Projects/EscapeKart/Saved/Config/Windows/Engine.ini]
[2022.12.09-12.17.19:872][  0]LogConfig: Applying CVar settings from Section [/Script/UnrealEd.CookerSettings] File [D:/Unreal Projects/EscapeKart/Saved/Config/Windows/Engine.ini]
[2022.12.09-12.17.19:902][  0]LogConfig: Applying CVar settings from Section [ViewDistanceQuality@3] File [D:/Unreal Projects/EscapeKart/Saved/Config/Windows/Scalability.ini]
[2022.12.09-12.17.19:902][  0]LogConfig: Setting CVar [[r.SkeletalMeshLODBias:0]]
[2022.12.09-12.17.19:902][  0]LogConfig: Setting CVar [[r.ViewDistanceScale:1.0]]
[2022.12.09-12.17.19:902][  0]LogConfig: Applying CVar settings from Section [AntiAliasingQuality@3] File [D:/Unreal Projects/EscapeKart/Saved/Config/Windows/Scalability.ini]
[2022.12.09-12.17.19:902][  0]LogConfig: Setting CVar [[r.PostProcessAAQuality:4]]
[2022.12.09-12.17.19:902][  0]LogConfig: Applying CVar settings from Section [ShadowQuality@3] File [D:/Unreal Projects/EscapeKart/Saved/Config/Windows/Scalability.ini]
[2022.12.09-12.17.19:903][  0]LogConfig: Setting CVar [[r.LightFunctionQuality:1]]
[2022.12.09-12.17.19:903][  0]LogConfig: Setting CVar [[r.ShadowQuality:5]]
[2022.12.09-12.17.19:903][  0]LogConfig: Setting CVar [[r.Shadow.CSM.MaxCascades:10]]
[2022.12.09-12.17.19:903][  0]LogConfig: Setting CVar [[r.Shadow.MaxResolution:2048]]
[2022.12.09-12.17.19:903][  0]LogConfig: Setting CVar [[r.Shadow.MaxCSMResolution:2048]]
[2022.12.09-12.17.19:903][  0]LogConfig: Setting CVar [[r.Shadow.RadiusThreshold:0.01]]
[2022.12.09-12.17.19:903][  0]LogConfig: Setting CVar [[r.Shadow.DistanceScale:1.0]]
[2022.12.09-12.17.19:903][  0]LogConfig: Setting CVar [[r.Shadow.CSM.TransitionScale:1.0]]
[2022.12.09-12.17.19:903][  0]LogConfig: Setting CVar [[r.Shadow.PreShadowResolutionFactor:1.0]]
[2022.12.09-12.17.19:903][  0]LogConfig: Setting CVar [[r.DistanceFieldShadowing:1]]
[2022.12.09-12.17.19:903][  0]LogConfig: Setting CVar [[r.DistanceFieldAO:1]]
[2022.12.09-12.17.19:903][  0]LogConfig: Setting CVar [[r.AOQuality:2]]
[2022.12.09-12.17.19:904][  0]LogConfig: Setting CVar [[r.VolumetricFog:1]]
[2022.12.09-12.17.19:904][  0]LogConfig: Setting CVar [[r.VolumetricFog.GridPixelSize:8]]
[2022.12.09-12.17.19:904][  0]LogConfig: Setting CVar [[r.VolumetricFog.GridSizeZ:128]]
[2022.12.09-12.17.19:904][  0]LogConfig: Setting CVar [[r.VolumetricFog.HistoryMissSupersampleCount:4]]
[2022.12.09-12.17.19:904][  0]LogConfig: Setting CVar [[r.LightMaxDrawDistanceScale:1]]
[2022.12.09-12.17.19:904][  0]LogConfig: Setting CVar [[r.CapsuleShadows:1]]
[2022.12.09-12.17.19:904][  0]LogConfig: Applying CVar settings from Section [PostProcessQuality@3] File [D:/Unreal Projects/EscapeKart/Saved/Config/Windows/Scalability.ini]
[2022.12.09-12.17.19:904][  0]LogConfig: Setting CVar [[r.MotionBlurQuality:4]]
[2022.12.09-12.17.19:904][  0]LogConfig: Setting CVar [[r.AmbientOcclusionMipLevelFactor:0.4]]
[2022.12.09-12.17.19:904][  0]LogConfig: Setting CVar [[r.AmbientOcclusionMaxQuality:100]]
[2022.12.09-12.17.19:905][  0]LogConfig: Setting CVar [[r.AmbientOcclusionLevels:-1]]
[2022.12.09-12.17.19:905][  0]LogConfig: Setting CVar [[r.AmbientOcclusionRadiusScale:1.0]]
[2022.12.09-12.17.19:905][  0]LogConfig: Setting CVar [[r.DepthOfFieldQuality:2]]
[2022.12.09-12.17.19:905][  0]LogConfig: Setting CVar [[r.RenderTargetPoolMin:400]]
[2022.12.09-12.17.19:905][  0]LogConfig: Setting CVar [[r.LensFlareQuality:2]]
[2022.12.09-12.17.19:905][  0]LogConfig: Setting CVar [[r.SceneColorFringeQuality:1]]
[2022.12.09-12.17.19:905][  0]LogConfig: Setting CVar [[r.EyeAdaptationQuality:2]]
[2022.12.09-12.17.19:905][  0]LogConfig: Setting CVar [[r.BloomQuality:5]]
[2022.12.09-12.17.19:905][  0]LogConfig: Setting CVar [[r.FastBlurThreshold:100]]
[2022.12.09-12.17.19:905][  0]LogConfig: Setting CVar [[r.Upscale.Quality:3]]
[2022.12.09-12.17.19:905][  0]LogConfig: Setting CVar [[r.Tonemapper.GrainQuantization:1]]
[2022.12.09-12.17.19:905][  0]LogConfig: Setting CVar [[r.LightShaftQuality:1]]
[2022.12.09-12.17.19:906][  0]LogConfig: Setting CVar [[r.Filter.SizeScale:1]]
[2022.12.09-12.17.19:906][  0]LogConfig: Setting CVar [[r.Tonemapper.Quality:5]]
[2022.12.09-12.17.19:906][  0]LogConfig: Setting CVar [[r.DOF.Gather.AccumulatorQuality:1        ; higher gathering accumulator quality]]
[2022.12.09-12.17.19:906][  0]LogConfig: Setting CVar [[r.DOF.Gather.PostfilterMethod:1          ; Median3x3 postfilering method]]
[2022.12.09-12.17.19:906][  0]LogConfig: Setting CVar [[r.DOF.Gather.EnableBokehSettings:0       ; no bokeh simulation when gathering]]
[2022.12.09-12.17.19:906][  0]LogConfig: Setting CVar [[r.DOF.Gather.RingCount:4                 ; medium number of samples when gathering]]
[2022.12.09-12.17.19:906][  0]LogConfig: Setting CVar [[r.DOF.Scatter.ForegroundCompositing:1    ; additive foreground scattering]]
[2022.12.09-12.17.19:906][  0]LogConfig: Setting CVar [[r.DOF.Scatter.BackgroundCompositing:2    ; additive background scattering]]
[2022.12.09-12.17.19:906][  0]LogConfig: Setting CVar [[r.DOF.Scatter.EnableBokehSettings:1      ; bokeh simulation when scattering]]
[2022.12.09-12.17.19:906][  0]LogConfig: Setting CVar [[r.DOF.Scatter.MaxSpriteRatio:0.1         ; only a maximum of 10% of scattered bokeh]]
[2022.12.09-12.17.19:906][  0]LogConfig: Setting CVar [[r.DOF.Recombine.Quality:1                ; cheap slight out of focus]]
[2022.12.09-12.17.19:906][  0]LogConfig: Setting CVar [[r.DOF.Recombine.EnableBokehSettings:0    ; no bokeh simulation on slight out of focus]]
[2022.12.09-12.17.19:907][  0]LogConfig: Setting CVar [[r.DOF.TemporalAAQuality:1                ; more stable temporal accumulation]]
[2022.12.09-12.17.19:907][  0]LogConfig: Setting CVar [[r.DOF.Kernel.MaxForegroundRadius:0.025]]
[2022.12.09-12.17.19:907][  0]LogConfig: Setting CVar [[r.DOF.Kernel.MaxBackgroundRadius:0.025]]
[2022.12.09-12.17.19:907][  0]LogConfig: Applying CVar settings from Section [TextureQuality@3] File [D:/Unreal Projects/EscapeKart/Saved/Config/Windows/Scalability.ini]
[2022.12.09-12.17.19:907][  0]LogConfig: Setting CVar [[r.Streaming.MipBias:0]]
[2022.12.09-12.17.19:907][  0]LogConfig: Setting CVar [[r.Streaming.AmortizeCPUToGPUCopy:0]]
[2022.12.09-12.17.19:907][  0]LogConfig: Setting CVar [[r.Streaming.MaxNumTexturesToStreamPerFrame:0]]
[2022.12.09-12.17.19:907][  0]LogConfig: Setting CVar [[r.Streaming.Boost:1]]
[2022.12.09-12.17.19:907][  0]LogConfig: Setting CVar [[r.MaxAnisotropy:8]]
[2022.12.09-12.17.19:907][  0]LogConfig: Setting CVar [[r.VT.MaxAnisotropy:8]]
[2022.12.09-12.17.19:908][  0]LogConfig: Setting CVar [[r.Streaming.LimitPoolSizeToVRAM:0]]
[2022.12.09-12.17.19:908][  0]LogConfig: Setting CVar [[r.Streaming.PoolSize:1000]]
[2022.12.09-12.17.19:908][  0]LogConfig: Setting CVar [[r.Streaming.MaxEffectiveScreenSize:0]]
[2022.12.09-12.17.19:908][  0]LogConfig: Applying CVar settings from Section [EffectsQuality@3] File [D:/Unreal Projects/EscapeKart/Saved/Config/Windows/Scalability.ini]
[2022.12.09-12.17.19:908][  0]LogConfig: Setting CVar [[r.TranslucencyLightingVolumeDim:64]]
[2022.12.09-12.17.19:908][  0]LogConfig: Setting CVar [[r.RefractionQuality:2]]
[2022.12.09-12.17.19:908][  0]LogConfig: Setting CVar [[r.SSR.Quality:3]]
[2022.12.09-12.17.19:908][  0]LogConfig: Setting CVar [[r.SSR.HalfResSceneColor:0]]
[2022.12.09-12.17.19:908][  0]LogConfig: Setting CVar [[r.SceneColorFormat:4]]
[2022.12.09-12.17.19:908][  0]LogConfig: Setting CVar [[r.DetailMode:2]]
[2022.12.09-12.17.19:908][  0]LogConfig: Setting CVar [[r.TranslucencyVolumeBlur:1]]
[2022.12.09-12.17.19:908][  0]LogConfig: Setting CVar [[r.MaterialQualityLevel:1 ; High quality]]
[2022.12.09-12.17.19:908][  0]LogConfig: Setting CVar [[r.AnisotropicMaterials:1]]
[2022.12.09-12.17.19:909][  0]LogConfig: Setting CVar [[r.SSS.Scale:1]]
[2022.12.09-12.17.19:909][  0]LogConfig: Setting CVar [[r.SSS.SampleSet:2]]
[2022.12.09-12.17.19:909][  0]LogConfig: Setting CVar [[r.SSS.Quality:1]]
[2022.12.09-12.17.19:909][  0]LogConfig: Setting CVar [[r.SSS.HalfRes:0]]
[2022.12.09-12.17.19:909][  0]LogConfig: Setting CVar [[r.SSGI.Quality:3]]
[2022.12.09-12.17.19:909][  0]LogConfig: Setting CVar [[r.EmitterSpawnRateScale:1.0]]
[2022.12.09-12.17.19:909][  0]LogConfig: Setting CVar [[r.ParticleLightQuality:2]]
[2022.12.09-12.17.19:909][  0]LogConfig: Setting CVar [[r.SkyAtmosphere.AerialPerspectiveLUT.FastApplyOnOpaque:1 ; Always have FastSkyLUT 1 in this case to avoid wrong sky]]
[2022.12.09-12.17.19:909][  0]LogConfig: Setting CVar [[r.SkyAtmosphere.AerialPerspectiveLUT.SampleCountMaxPerSlice:4]]
[2022.12.09-12.17.19:909][  0]LogConfig: Setting CVar [[r.SkyAtmosphere.AerialPerspectiveLUT.DepthResolution:16.0]]
[2022.12.09-12.17.19:909][  0]LogConfig: Setting CVar [[r.SkyAtmosphere.FastSkyLUT:1]]
[2022.12.09-12.17.19:910][  0]LogConfig: Setting CVar [[r.SkyAtmosphere.FastSkyLUT.SampleCountMin:4.0]]
[2022.12.09-12.17.19:910][  0]LogConfig: Setting CVar [[r.SkyAtmosphere.FastSkyLUT.SampleCountMax:128.0]]
[2022.12.09-12.17.19:910][  0]LogConfig: Setting CVar [[r.SkyAtmosphere.SampleCountMin:4.0]]
[2022.12.09-12.17.19:910][  0]LogConfig: Setting CVar [[r.SkyAtmosphere.SampleCountMax:128.0]]
[2022.12.09-12.17.19:910][  0]LogConfig: Setting CVar [[r.SkyAtmosphere.TransmittanceLUT.UseSmallFormat:0]]
[2022.12.09-12.17.19:910][  0]LogConfig: Setting CVar [[r.SkyAtmosphere.TransmittanceLUT.SampleCount:10.0]]
[2022.12.09-12.17.19:910][  0]LogConfig: Setting CVar [[r.SkyAtmosphere.MultiScatteringLUT.SampleCount:15.0]]
[2022.12.09-12.17.19:910][  0]LogConfig: Setting CVar [[r.SkyLight.RealTimeReflectionCapture:1]]
[2022.12.09-12.17.19:910][  0]LogConfig: Applying CVar settings from Section [FoliageQuality@3] File [D:/Unreal Projects/EscapeKart/Saved/Config/Windows/Scalability.ini]
[2022.12.09-12.17.19:910][  0]LogConfig: Setting CVar [[foliage.DensityScale:1.0]]
[2022.12.09-12.17.19:910][  0]LogConfig: Setting CVar [[grass.DensityScale:1.0]]
[2022.12.09-12.17.19:910][  0]LogConfig: Applying CVar settings from Section [ShadingQuality@3] File [D:/Unreal Projects/EscapeKart/Saved/Config/Windows/Scalability.ini]
[2022.12.09-12.17.19:911][  0]LogConfig: Setting CVar [[r.HairStrands.SkyLighting.IntegrationType:2]]
[2022.12.09-12.17.19:911][  0]LogConfig: Setting CVar [[r.HairStrands.SkyAO.SampleCount:4]]
[2022.12.09-12.17.19:911][  0]LogConfig: Setting CVar [[r.HairStrands.Visibility.MSAA.SamplePerPixel:4]]
[2022.12.09-12.17.19:911][  0]LogInit: Selected Device Profile: [Windows]
[2022.12.09-12.17.19:911][  0]LogInit: Applying CVar settings loaded from the selected device profile: [Windows]
[2022.12.09-12.17.19:911][  0]LogHAL: Display: Platform has ~ 16 GB [17085210624 / 17179869184 / 16], which maps to Larger [LargestMinGB=32, LargerMinGB=12, DefaultMinGB=8, SmallerMinGB=6, SmallestMinGB=0)
[2022.12.09-12.17.19:911][  0]LogInit: Going up to parent DeviceProfile []
[2022.12.09-12.17.19:911][  0]LogConfig: Applying CVar settings from Section [ViewDistanceQuality@3] File [D:/Unreal Projects/EscapeKart/Saved/Config/Windows/Scalability.ini]
[2022.12.09-12.17.19:911][  0]LogConfig: Setting CVar [[r.SkeletalMeshLODBias:0]]
[2022.12.09-12.17.19:912][  0]LogConfig: Setting CVar [[r.ViewDistanceScale:1.0]]
[2022.12.09-12.17.19:912][  0]LogConfig: Applying CVar settings from Section [AntiAliasingQuality@3] File [D:/Unreal Projects/EscapeKart/Saved/Config/Windows/Scalability.ini]
[2022.12.09-12.17.19:912][  0]LogConfig: Setting CVar [[r.PostProcessAAQuality:4]]
[2022.12.09-12.17.19:912][  0]LogConfig: Applying CVar settings from Section [ShadowQuality@3] File [D:/Unreal Projects/EscapeKart/Saved/Config/Windows/Scalability.ini]
[2022.12.09-12.17.19:912][  0]LogConfig: Setting CVar [[r.LightFunctionQuality:1]]
[2022.12.09-12.17.19:912][  0]LogConfig: Setting CVar [[r.ShadowQuality:5]]
[2022.12.09-12.17.19:912][  0]LogConfig: Setting CVar [[r.Shadow.CSM.MaxCascades:10]]
[2022.12.09-12.17.19:912][  0]LogConfig: Setting CVar [[r.Shadow.MaxResolution:2048]]
[2022.12.09-12.17.19:912][  0]LogConfig: Setting CVar [[r.Shadow.MaxCSMResolution:2048]]
[2022.12.09-12.17.19:912][  0]LogConfig: Setting CVar [[r.Shadow.RadiusThreshold:0.01]]
[2022.12.09-12.17.19:913][  0]LogConfig: Setting CVar [[r.Shadow.DistanceScale:1.0]]
[2022.12.09-12.17.19:913][  0]LogConfig: Setting CVar [[r.Shadow.CSM.TransitionScale:1.0]]
[2022.12.09-12.17.19:913][  0]LogConfig: Setting CVar [[r.Shadow.PreShadowResolutionFactor:1.0]]
[2022.12.09-12.17.19:913][  0]LogConfig: Setting CVar [[r.DistanceFieldShadowing:1]]
[2022.12.09-12.17.19:913][  0]LogConfig: Setting CVar [[r.DistanceFieldAO:1]]
[2022.12.09-12.17.19:913][  0]LogConfig: Setting CVar [[r.AOQuality:2]]
[2022.12.09-12.17.19:913][  0]LogConfig: Setting CVar [[r.VolumetricFog:1]]
[2022.12.09-12.17.19:913][  0]LogConfig: Setting CVar [[r.VolumetricFog.GridPixelSize:8]]
[2022.12.09-12.17.19:913][  0]LogConfig: Setting CVar [[r.VolumetricFog.GridSizeZ:128]]
[2022.12.09-12.17.19:913][  0]LogConfig: Setting CVar [[r.VolumetricFog.HistoryMissSupersampleCount:4]]
[2022.12.09-12.17.19:913][  0]LogConfig: Setting CVar [[r.LightMaxDrawDistanceScale:1]]
[2022.12.09-12.17.19:914][  0]LogConfig: Setting CVar [[r.CapsuleShadows:1]]
[2022.12.09-12.17.19:914][  0]LogConfig: Applying CVar settings from Section [PostProcessQuality@3] File [D:/Unreal Projects/EscapeKart/Saved/Config/Windows/Scalability.ini]
[2022.12.09-12.17.19:914][  0]LogConfig: Setting CVar [[r.MotionBlurQuality:4]]
[2022.12.09-12.17.19:914][  0]LogConfig: Setting CVar [[r.AmbientOcclusionMipLevelFactor:0.4]]
[2022.12.09-12.17.19:914][  0]LogConfig: Setting CVar [[r.AmbientOcclusionMaxQuality:100]]
[2022.12.09-12.17.19:914][  0]LogConfig: Setting CVar [[r.AmbientOcclusionLevels:-1]]
[2022.12.09-12.17.19:914][  0]LogConfig: Setting CVar [[r.AmbientOcclusionRadiusScale:1.0]]
[2022.12.09-12.17.19:914][  0]LogConfig: Setting CVar [[r.DepthOfFieldQuality:2]]
[2022.12.09-12.17.19:914][  0]LogConfig: Setting CVar [[r.RenderTargetPoolMin:400]]
[2022.12.09-12.17.19:914][  0]LogConfig: Setting CVar [[r.LensFlareQuality:2]]
[2022.12.09-12.17.19:914][  0]LogConfig: Setting CVar [[r.SceneColorFringeQuality:1]]
[2022.12.09-12.17.19:914][  0]LogConfig: Setting CVar [[r.EyeAdaptationQuality:2]]
[2022.12.09-12.17.19:915][  0]LogConfig: Setting CVar [[r.BloomQuality:5]]
[2022.12.09-12.17.19:915][  0]LogConfig: Setting CVar [[r.FastBlurThreshold:100]]
[2022.12.09-12.17.19:915][  0]LogConfig: Setting CVar [[r.Upscale.Quality:3]]
[2022.12.09-12.17.19:915][  0]LogConfig: Setting CVar [[r.Tonemapper.GrainQuantization:1]]
[2022.12.09-12.17.19:915][  0]LogConfig: Setting CVar [[r.LightShaftQuality:1]]
[2022.12.09-12.17.19:915][  0]LogConfig: Setting CVar [[r.Filter.SizeScale:1]]
[2022.12.09-12.17.19:915][  0]LogConfig: Setting CVar [[r.Tonemapper.Quality:5]]
[2022.12.09-12.17.19:915][  0]LogConfig: Setting CVar [[r.DOF.Gather.AccumulatorQuality:1        ; higher gathering accumulator quality]]
[2022.12.09-12.17.19:915][  0]LogConfig: Setting CVar [[r.DOF.Gather.PostfilterMethod:1          ; Median3x3 postfilering method]]
[2022.12.09-12.17.19:915][  0]LogConfig: Setting CVar [[r.DOF.Gather.EnableBokehSettings:0       ; no bokeh simulation when gathering]]
[2022.12.09-12.17.19:915][  0]LogConfig: Setting CVar [[r.DOF.Gather.RingCount:4                 ; medium number of samples when gathering]]
[2022.12.09-12.17.19:915][  0]LogConfig: Setting CVar [[r.DOF.Scatter.ForegroundCompositing:1    ; additive foreground scattering]]
[2022.12.09-12.17.19:916][  0]LogConfig: Setting CVar [[r.DOF.Scatter.BackgroundCompositing:2    ; additive background scattering]]
[2022.12.09-12.17.19:916][  0]LogConfig: Setting CVar [[r.DOF.Scatter.EnableBokehSettings:1      ; bokeh simulation when scattering]]
[2022.12.09-12.17.19:916][  0]LogConfig: Setting CVar [[r.DOF.Scatter.MaxSpriteRatio:0.1         ; only a maximum of 10% of scattered bokeh]]
[2022.12.09-12.17.19:916][  0]LogConfig: Setting CVar [[r.DOF.Recombine.Quality:1                ; cheap slight out of focus]]
[2022.12.09-12.17.19:916][  0]LogConfig: Setting CVar [[r.DOF.Recombine.EnableBokehSettings:0    ; no bokeh simulation on slight out of focus]]
[2022.12.09-12.17.19:916][  0]LogConfig: Setting CVar [[r.DOF.TemporalAAQuality:1                ; more stable temporal accumulation]]
[2022.12.09-12.17.19:916][  0]LogConfig: Setting CVar [[r.DOF.Kernel.MaxForegroundRadius:0.025]]
[2022.12.09-12.17.19:916][  0]LogConfig: Setting CVar [[r.DOF.Kernel.MaxBackgroundRadius:0.025]]
[2022.12.09-12.17.19:916][  0]LogConfig: Applying CVar settings from Section [TextureQuality@3] File [D:/Unreal Projects/EscapeKart/Saved/Config/Windows/Scalability.ini]
[2022.12.09-12.17.19:916][  0]LogConfig: Setting CVar [[r.Streaming.MipBias:0]]
[2022.12.09-12.17.19:917][  0]LogConfig: Setting CVar [[r.Streaming.AmortizeCPUToGPUCopy:0]]
[2022.12.09-12.17.19:917][  0]LogConfig: Setting CVar [[r.Streaming.MaxNumTexturesToStreamPerFrame:0]]
[2022.12.09-12.17.19:917][  0]LogConfig: Setting CVar [[r.Streaming.Boost:1]]
[2022.12.09-12.17.19:917][  0]LogConfig: Setting CVar [[r.MaxAnisotropy:8]]
[2022.12.09-12.17.19:917][  0]LogConfig: Setting CVar [[r.VT.MaxAnisotropy:8]]
[2022.12.09-12.17.19:917][  0]LogConfig: Setting CVar [[r.Streaming.LimitPoolSizeToVRAM:0]]
[2022.12.09-12.17.19:917][  0]LogConfig: Setting CVar [[r.Streaming.PoolSize:1000]]
[2022.12.09-12.17.19:917][  0]LogConfig: Setting CVar [[r.Streaming.MaxEffectiveScreenSize:0]]
[2022.12.09-12.17.19:917][  0]LogConfig: Applying CVar settings from Section [EffectsQuality@3] File [D:/Unreal Projects/EscapeKart/Saved/Config/Windows/Scalability.ini]
[2022.12.09-12.17.19:917][  0]LogConfig: Setting CVar [[r.TranslucencyLightingVolumeDim:64]]
[2022.12.09-12.17.19:917][  0]LogConfig: Setting CVar [[r.RefractionQuality:2]]
[2022.12.09-12.17.19:918][  0]LogConfig: Setting CVar [[r.SSR.Quality:3]]
[2022.12.09-12.17.19:918][  0]LogConfig: Setting CVar [[r.SSR.HalfResSceneColor:0]]
[2022.12.09-12.17.19:918][  0]LogConfig: Setting CVar [[r.SceneColorFormat:4]]
[2022.12.09-12.17.19:918][  0]LogConfig: Setting CVar [[r.DetailMode:2]]
[2022.12.09-12.17.19:918][  0]LogConfig: Setting CVar [[r.TranslucencyVolumeBlur:1]]
[2022.12.09-12.17.19:918][  0]LogConfig: Setting CVar [[r.MaterialQualityLevel:1 ; High quality]]
[2022.12.09-12.17.19:918][  0]LogConfig: Setting CVar [[r.AnisotropicMaterials:1]]
[2022.12.09-12.17.19:918][  0]LogConfig: Setting CVar [[r.SSS.Scale:1]]
[2022.12.09-12.17.19:918][  0]LogConfig: Setting CVar [[r.SSS.SampleSet:2]]
[2022.12.09-12.17.19:918][  0]LogConfig: Setting CVar [[r.SSS.Quality:1]]
[2022.12.09-12.17.19:918][  0]LogConfig: Setting CVar [[r.SSS.HalfRes:0]]
[2022.12.09-12.17.19:918][  0]LogConfig: Setting CVar [[r.SSGI.Quality:3]]
[2022.12.09-12.17.19:918][  0]LogConfig: Setting CVar [[r.EmitterSpawnRateScale:1.0]]
[2022.12.09-12.17.19:919][  0]LogConfig: Setting CVar [[r.ParticleLightQuality:2]]
[2022.12.09-12.17.19:919][  0]LogConfig: Setting CVar [[r.SkyAtmosphere.AerialPerspectiveLUT.FastApplyOnOpaque:1 ; Always have FastSkyLUT 1 in this case to avoid wrong sky]]
[2022.12.09-12.17.19:919][  0]LogConfig: Setting CVar [[r.SkyAtmosphere.AerialPerspectiveLUT.SampleCountMaxPerSlice:4]]
[2022.12.09-12.17.19:919][  0]LogConfig: Setting CVar [[r.SkyAtmosphere.AerialPerspectiveLUT.DepthResolution:16.0]]
[2022.12.09-12.17.19:919][  0]LogConfig: Setting CVar [[r.SkyAtmosphere.FastSkyLUT:1]]
[2022.12.09-12.17.19:919][  0]LogConfig: Setting CVar [[r.SkyAtmosphere.FastSkyLUT.SampleCountMin:4.0]]
[2022.12.09-12.17.19:919][  0]LogConfig: Setting CVar [[r.SkyAtmosphere.FastSkyLUT.SampleCountMax:128.0]]
[2022.12.09-12.17.19:919][  0]LogConfig: Setting CVar [[r.SkyAtmosphere.SampleCountMin:4.0]]
[2022.12.09-12.17.19:919][  0]LogConfig: Setting CVar [[r.SkyAtmosphere.SampleCountMax:128.0]]
[2022.12.09-12.17.19:919][  0]LogConfig: Setting CVar [[r.SkyAtmosphere.TransmittanceLUT.UseSmallFormat:0]]
[2022.12.09-12.17.19:919][  0]LogConfig: Setting CVar [[r.SkyAtmosphere.TransmittanceLUT.SampleCount:10.0]]
[2022.12.09-12.17.19:919][  0]LogConfig: Setting CVar [[r.SkyAtmosphere.MultiScatteringLUT.SampleCount:15.0]]
[2022.12.09-12.17.19:919][  0]LogConfig: Setting CVar [[r.SkyLight.RealTimeReflectionCapture:1]]
[2022.12.09-12.17.19:920][  0]LogConfig: Applying CVar settings from Section [FoliageQuality@3] File [D:/Unreal Projects/EscapeKart/Saved/Config/Windows/Scalability.ini]
[2022.12.09-12.17.19:920][  0]LogConfig: Setting CVar [[foliage.DensityScale:1.0]]
[2022.12.09-12.17.19:920][  0]LogConfig: Setting CVar [[grass.DensityScale:1.0]]
[2022.12.09-12.17.19:920][  0]LogConfig: Applying CVar settings from Section [ShadingQuality@3] File [D:/Unreal Projects/EscapeKart/Saved/Config/Windows/Scalability.ini]
[2022.12.09-12.17.19:920][  0]LogConfig: Setting CVar [[r.HairStrands.SkyLighting.IntegrationType:2]]
[2022.12.09-12.17.19:920][  0]LogConfig: Setting CVar [[r.HairStrands.SkyAO.SampleCount:4]]
[2022.12.09-12.17.19:920][  0]LogConfig: Setting CVar [[r.HairStrands.Visibility.MSAA.SamplePerPixel:4]]
[2022.12.09-12.17.19:920][  0]LogConfig: Applying CVar settings from Section [Startup] File [../../../Engine/Config/ConsoleVariables.ini]
[2022.12.09-12.17.19:920][  0]LogConfig: Setting CVar [[net.UseAdaptiveNetUpdateFrequency:0]]
[2022.12.09-12.17.19:921][  0]LogConfig: Setting CVar [[p.chaos.AllowCreatePhysxBodies:1]]
[2022.12.09-12.17.19:921][  0]LogConfig: Setting CVar [[fx.SkipVectorVMBackendOptimizations:1]]
[2022.12.09-12.17.19:921][  0]LogConfig: Applying CVar settings from Section [ConsoleVariables] File [D:/Unreal Projects/EscapeKart/Saved/Config/Windows/Engine.ini]
[2022.12.09-12.17.19:921][  0]LogConfig: Applying CVar settings from Section [ConsoleVariables] File [D:/Unreal Projects/EscapeKart/Saved/Config/Windows/Editor.ini]
[2022.12.09-12.17.19:921][  0]LogInit: Computer: R9-3090
[2022.12.09-12.17.19:921][  0]LogInit: User: mathi
[2022.12.09-12.17.19:921][  0]LogInit: CPU Page size=4096, Cores=12
[2022.12.09-12.17.19:921][  0]LogInit: High frequency timer resolution =10.000000 MHz
[2022.12.09-12.17.19:921][  0]LogMemory: Memory total: Physical=15.9GB (16GB approx)
[2022.12.09-12.17.19:922][  0]LogMemory: Platform Memory Stats for Windows
[2022.12.09-12.17.19:922][  0]LogMemory: Process Physical Memory: 150.16 MB used, 150.16 MB peak
[2022.12.09-12.17.19:922][  0]LogMemory: Process Virtual Memory: 128.18 MB used, 128.18 MB peak
[2022.12.09-12.17.19:922][  0]LogMemory: Physical Memory: 12417.59 MB used,  3876.13 MB free, 16293.73 MB total
[2022.12.09-12.17.19:922][  0]LogMemory: Virtual Memory: 134198496.00 MB used,  19235.53 MB free, 134217728.00 MB total
[2022.12.09-12.17.19:931][  0]LogWindows: WindowsPlatformFeatures enabled
[2022.12.09-12.17.20:029][  0]LogInit: Physics initialised using underlying interface: PhysX
[2022.12.09-12.17.20:030][  0]LogInit: Using OS detected language (en-US).
[2022.12.09-12.17.20:030][  0]LogInit: Using OS detected locale (en-150).
[2022.12.09-12.17.20:032][  0]LogTextLocalizationManager: No specific localization for 'en-US' exists, so the 'en' localization will be used.
[2022.12.09-12.17.20:244][  0]LogInit: Setting process to per monitor DPI aware
[2022.12.09-12.17.20:283][  0]LogWindowsTextInputMethodSystem: Display: IME system deactivated.
[2022.12.09-12.17.20:297][  0]LogSlate: New Slate User Created.  User Index 0, Is Virtual User: 0
[2022.12.09-12.17.20:297][  0]LogSlate: Slate User Registered.  User Index 0, Is Virtual User: 0
[2022.12.09-12.17.20:398][  0]LogD3D11RHI: Loaded GFSDK_Aftermath_Lib.x64.dll
[2022.12.09-12.17.20:442][  0]LogHMD: Optional extension XR_VARJO_quad_views is not available
[2022.12.09-12.17.20:442][  0]LogHMD: Warning: Required extension XR_EXT_eye_gaze_interaction is not available
[2022.12.09-12.17.20:442][  0]LogHMD: Could not enable all required OpenXR extensions for OpenXREyeTracker on current system. This plugin will be loaded but ignored, but will be enabled on a target platform that supports the required extension.
[2022.12.09-12.17.22:062][  0]LogD3D11RHI: D3D11 min allowed feature level: 11_0
[2022.12.09-12.17.22:062][  0]LogD3D11RHI: D3D11 max allowed feature level: 11_0
[2022.12.09-12.17.22:062][  0]LogD3D11RHI: D3D11 adapters:
[2022.12.09-12.17.22:187][  0]LogD3D11RHI:    0. 'NVIDIA GeForce RTX 3090' (Feature Level 11_0)
[2022.12.09-12.17.22:187][  0]LogD3D11RHI:       24340/0/8146 MB DedicatedVideo/DedicatedSystem/SharedSystem, Outputs:1, VendorId:0x10de
[2022.12.09-12.17.22:192][  0]LogD3D11RHI:    1. 'Microsoft Basic Render Driver' (Feature Level 11_0)
[2022.12.09-12.17.22:192][  0]LogD3D11RHI:       0/0/8146 MB DedicatedVideo/DedicatedSystem/SharedSystem, Outputs:0, VendorId:0x1414
[2022.12.09-12.17.22:192][  0]LogD3D11RHI: Chosen D3D11 Adapter:
[2022.12.09-12.17.22:192][  0]LogD3D11RHI:     Description : NVIDIA GeForce RTX 3090
[2022.12.09-12.17.22:192][  0]LogD3D11RHI:     VendorId    : 10de
[2022.12.09-12.17.22:192][  0]LogD3D11RHI:     DeviceId    : 2204
[2022.12.09-12.17.22:192][  0]LogD3D11RHI:     SubSysId    : 87af1043
[2022.12.09-12.17.22:192][  0]LogD3D11RHI:     Revision    : 00a1
[2022.12.09-12.17.22:193][  0]LogD3D11RHI:     DedicatedVideoMemory : 25522339840 bytes
[2022.12.09-12.17.22:193][  0]LogD3D11RHI:     DedicatedSystemMemory : 0 bytes
[2022.12.09-12.17.22:193][  0]LogD3D11RHI:     SharedSystemMemory : 8542605312 bytes
[2022.12.09-12.17.22:193][  0]LogD3D11RHI:     AdapterLuid : 0 80948
[2022.12.09-12.17.22:207][  0]LogD3D11RHI: Creating new Direct3DDevice
[2022.12.09-12.17.22:207][  0]LogD3D11RHI:     GPU DeviceId: 0x2204 (for the marketing name, search the web for "GPU Device Id")
[2022.12.09-12.17.22:208][  0]LogWindows: EnumDisplayDevices:
[2022.12.09-12.17.22:208][  0]LogWindows:    0. 'NVIDIA GeForce RTX 3090' (P:1 D:1)
[2022.12.09-12.17.22:209][  0]LogWindows:    1. 'NVIDIA GeForce RTX 3090' (P:0 D:0)
[2022.12.09-12.17.22:209][  0]LogWindows:    2. 'NVIDIA GeForce RTX 3090' (P:0 D:0)
[2022.12.09-12.17.22:210][  0]LogWindows:    3. 'NVIDIA GeForce RTX 3090' (P:0 D:0)
[2022.12.09-12.17.22:210][  0]LogWindows: DebugString: FoundDriverCount:4 
[2022.12.09-12.17.22:210][  0]LogD3D11RHI:     Adapter Name: NVIDIA GeForce RTX 3090
[2022.12.09-12.17.22:210][  0]LogD3D11RHI:   Driver Version: 526.98 (internal:31.0.15.2698, unified:526.98)
[2022.12.09-12.17.22:210][  0]LogD3D11RHI:      Driver Date: 11-13-2022
[2022.12.09-12.17.22:211][  0]LogRHI: Texture pool is 17038 MB (70% of 24340 MB)
[2022.12.09-12.17.22:211][  0]LogD3D11RHI: Creating D3DDevice using adapter:
[2022.12.09-12.17.22:211][  0]LogD3D11RHI:     Description : NVIDIA GeForce RTX 3090
[2022.12.09-12.17.22:211][  0]LogD3D11RHI:     VendorId    : 10de
[2022.12.09-12.17.22:211][  0]LogD3D11RHI:     DeviceId    : 2204
[2022.12.09-12.17.22:211][  0]LogD3D11RHI:     SubSysId    : 87af1043
[2022.12.09-12.17.22:211][  0]LogD3D11RHI:     Revision    : 00a1
[2022.12.09-12.17.22:211][  0]LogD3D11RHI:     DedicatedVideoMemory : 25522339840 bytes
[2022.12.09-12.17.22:211][  0]LogD3D11RHI:     DedicatedSystemMemory : 0 bytes
[2022.12.09-12.17.22:211][  0]LogD3D11RHI:     SharedSystemMemory : 8542605312 bytes
[2022.12.09-12.17.22:212][  0]LogD3D11RHI:     AdapterLuid : 0 80948
[2022.12.09-12.17.22:282][  0]LogD3D11RHI: RHI has support for 64 bit atomics
[2022.12.09-12.17.22:282][  0]LogD3D11RHI: Async texture creation enabled
[2022.12.09-12.17.22:282][  0]LogD3D11RHI: Array index from any shader is supported
[2022.12.09-12.17.22:283][  0]LogD3D11RHI: HDR output is supported on display 0 (NvId: 0x80061081).
[2022.12.09-12.17.22:306][  0]LogD3D11RHI: GPU Timing Frequency: 1000.000000 (Debug: 2 1)
[2022.12.09-12.17.22:331][  0]LogRHI: GeForceNow SDK initialized: 1
[2022.12.09-12.17.22:588][  0]LogTargetPlatformManager: Display: Loaded TargetPlatform 'AllDesktop'
[2022.12.09-12.17.22:610][  0]LogTargetPlatformManager: Display: Loaded TargetPlatform 'Android'
[2022.12.09-12.17.22:610][  0]LogTargetPlatformManager: Display: Loaded TargetPlatform 'Android_ASTC'
[2022.12.09-12.17.22:611][  0]LogTargetPlatformManager: Display: Loaded TargetPlatform 'Android_DXT'
[2022.12.09-12.17.22:611][  0]LogTargetPlatformManager: Display: Loaded TargetPlatform 'Android_ETC2'
[2022.12.09-12.17.22:611][  0]LogTargetPlatformManager: Display: Loaded TargetPlatform 'AndroidClient'
[2022.12.09-12.17.22:611][  0]LogTargetPlatformManager: Display: Loaded TargetPlatform 'Android_ASTCClient'
[2022.12.09-12.17.22:611][  0]LogTargetPlatformManager: Display: Loaded TargetPlatform 'Android_DXTClient'
[2022.12.09-12.17.22:611][  0]LogTargetPlatformManager: Display: Loaded TargetPlatform 'Android_ETC2Client'
[2022.12.09-12.17.22:611][  0]LogTargetPlatformManager: Display: Loaded TargetPlatform 'Android_Multi'
[2022.12.09-12.17.22:611][  0]LogTargetPlatformManager: Display: Loaded TargetPlatform 'Android_MultiClient'
[2022.12.09-12.17.22:632][  0]LogTargetPlatformManager: Display: Loaded TargetPlatform 'IOSClient'
[2022.12.09-12.17.22:632][  0]LogTargetPlatformManager: Display: Loaded TargetPlatform 'IOS'
[2022.12.09-12.17.22:641][  0]LogTargetPlatformManager: Display: Loaded TargetPlatform 'Linux'
[2022.12.09-12.17.22:646][  0]LogTargetPlatformManager: Display: Loaded TargetPlatform 'LinuxNoEditor'
[2022.12.09-12.17.22:651][  0]LogTargetPlatformManager: Display: Loaded TargetPlatform 'LinuxClient'
[2022.12.09-12.17.22:656][  0]LogTargetPlatformManager: Display: Loaded TargetPlatform 'LinuxServer'
[2022.12.09-12.17.22:664][  0]LogTargetPlatformManager: Display: Loaded TargetPlatform 'LinuxAArch64NoEditor'
[2022.12.09-12.17.22:669][  0]LogTargetPlatformManager: Display: Loaded TargetPlatform 'LinuxAArch64Client'
[2022.12.09-12.17.22:675][  0]LogTargetPlatformManager: Display: Loaded TargetPlatform 'LinuxAArch64Server'
[2022.12.09-12.17.22:694][  0]LogTargetPlatformManager: Display: Loaded TargetPlatform 'Lumin'
[2022.12.09-12.17.22:694][  0]LogTargetPlatformManager: Display: Loaded TargetPlatform 'LuminClient'
[2022.12.09-12.17.22:702][  0]LogTargetPlatformManager: Display: Loaded TargetPlatform 'MacNoEditor'
[2022.12.09-12.17.22:707][  0]LogTargetPlatformManager: Display: Loaded TargetPlatform 'Mac'
[2022.12.09-12.17.22:713][  0]LogTargetPlatformManager: Display: Loaded TargetPlatform 'MacClient'
[2022.12.09-12.17.22:717][  0]LogTargetPlatformManager: Display: Loaded TargetPlatform 'MacServer'
[2022.12.09-12.17.22:726][  0]LogTargetPlatformManager: Display: Loaded TargetPlatform 'TVOSClient'
[2022.12.09-12.17.22:727][  0]LogTargetPlatformManager: Display: Loaded TargetPlatform 'TVOS'
[2022.12.09-12.17.22:735][  0]LogTargetPlatformManager: Display: Loaded TargetPlatform 'WindowsNoEditor'
[2022.12.09-12.17.22:740][  0]LogTargetPlatformManager: Display: Loaded TargetPlatform 'Windows'
[2022.12.09-12.17.22:745][  0]LogTargetPlatformManager: Display: Loaded TargetPlatform 'WindowsClient'
[2022.12.09-12.17.22:750][  0]LogTargetPlatformManager: Display: Loaded TargetPlatform 'WindowsServer'
[2022.12.09-12.17.22:750][  0]LogTargetPlatformManager: Display: Building Assets For Windows
[2022.12.09-12.17.22:760][  0]LogAudioDebug: Display: Lib vorbis DLL was dynamically loaded.
[2022.12.09-12.17.22:797][  0]LogTextureFormatOodle: Display: Oodle Texture 2.9.0 init RDO Off
[2022.12.09-12.17.22:846][  0]LogRendererCore: Ray tracing is disabled. Reason: r.RayTracing=0.
[2022.12.09-12.17.22:846][  0]LogShaderCompilers: Guid format shader working directory is 4 characters bigger than the processId version (../../../../../Unreal Projects/EscapeKart/Intermediate/Shaders/WorkingDirectory/42028/).
[2022.12.09-12.17.22:846][  0]LogShaderCompilers: Cleaned the shader compiler working directory 'C:/Users/mathi/AppData/Local/Temp/UnrealShaderWorkingDir/BBBE44944863F4E3F157BE861FCF9D5C/'.
[2022.12.09-12.17.22:846][  0]LogXGEController: Cannot use XGE Controller as Incredibuild is not installed on this machine.
[2022.12.09-12.17.22:847][  0]LogShaderCompilers: Cannot use XGE Shader Compiler as Incredibuild is not installed on this machine.
[2022.12.09-12.17.22:847][  0]LogShaderCompilers: Display: Using Local Shader Compiler.
[2022.12.09-12.17.23:436][  0]LogDerivedDataCache: Display: Max Cache Size: 512 MB
[2022.12.09-12.17.23:484][  0]LogDerivedDataCache: Loaded boot cache 0.05s 94MB C:/Users/mathi/AppData/Local/UnrealEngine/4.27/DerivedDataCache/Boot.ddc.
[2022.12.09-12.17.23:484][  0]LogDerivedDataCache: Display: Loaded Boot cache: C:/Users/mathi/AppData/Local/UnrealEngine/4.27/DerivedDataCache/Boot.ddc
[2022.12.09-12.17.23:484][  0]LogDerivedDataCache: FDerivedDataBackendGraph:  Pak pak cache file ../../../../../Unreal Projects/EscapeKart/DerivedDataCache/DDC.ddp not found, will not use a pak cache.
[2022.12.09-12.17.23:485][  0]LogDerivedDataCache: Unable to find inner node Pak for hierarchical cache Hierarchy.
[2022.12.09-12.17.23:485][  0]LogDerivedDataCache: FDerivedDataBackendGraph:  CompressedPak pak cache file ../../../../../Unreal Projects/EscapeKart/DerivedDataCache/Compressed.ddp not found, will not use a pak cache.
[2022.12.09-12.17.23:485][  0]LogDerivedDataCache: Unable to find inner node CompressedPak for hierarchical cache Hierarchy.
[2022.12.09-12.17.23:504][  0]LogDerivedDataCache: Display: Pak cache opened for reading ../../../Engine/DerivedDataCache/Compressed.ddp.
[2022.12.09-12.17.23:504][  0]LogDerivedDataCache: FDerivedDataBackendGraph:  EnterprisePak pak cache file ../../../Enterprise/DerivedDataCache/Compressed.ddp not found, will not use a pak cache.
[2022.12.09-12.17.23:504][  0]LogDerivedDataCache: Unable to find inner node EnterprisePak for hierarchical cache Hierarchy.
[2022.12.09-12.17.23:512][  0]LogDerivedDataCache: Speed tests for C:/Users/mathi/AppData/Local/UnrealEngine/Common/DerivedDataCache took 0.01 seconds
[2022.12.09-12.17.23:512][  0]LogDerivedDataCache: Display: Performance to C:/Users/mathi/AppData/Local/UnrealEngine/Common/DerivedDataCache: Latency=0.02ms. RandomReadSpeed=1288.19MBs, RandomWriteSpeed=141.14MBs. Assigned SpeedClass 'Local'
[2022.12.09-12.17.23:514][  0]LogDerivedDataCache: Using Local data cache path C:/Users/mathi/AppData/Local/UnrealEngine/Common/DerivedDataCache: Writable
[2022.12.09-12.17.23:515][  0]LogDerivedDataCache: Shared data cache path not found in *engine.ini, will not use an Shared cache.
[2022.12.09-12.17.23:515][  0]LogDerivedDataCache: Unable to find inner node Shared for hierarchical cache Hierarchy.
[2022.12.09-12.17.23:557][  0]LogSlate: Using FreeType 2.10.0
[2022.12.09-12.17.23:558][  0]LogSlate: SlateFontServices - WITH_FREETYPE: 1, WITH_HARFBUZZ: 1
[2022.12.09-12.17.23:584][  0]LogAssetRegistry: FAssetRegistry took 0.0057 seconds to start up
[2022.12.09-12.17.23:791][  0]LogInit: Selected Device Profile: [Windows]
[2022.12.09-12.17.23:791][  0]LogInit: Active device profile: [0000020CDBCCCE00][0000020CD7FFE200 49] Windows
[2022.12.09-12.17.23:791][  0]LogInit: Profiles: [0000020CDBCCCE00][0000020CD7FFE200 49] Windows, [0000020CDBCBE900][0000020CDA16A340 49] WindowsNoEditor, [0000020CDBCCDD00][0000020CD3E00480 49] WindowsServer, [0000020CDBCBF700][0000020CD3E085C0 49] WindowsClient, [0000020CDBCCEA00][0000020CD4280700 49] IOS, [0000020CDBCBFD00][0000020CD4294880 49] iPadAir, [0000020CDBCCD500][0000020CD4298A00 49] iPadAir2, [0000020CDBC35200][0000020CDCC5ECC0 49] IPadPro, [0000020CDBC35300][0000020CDCC5AD00 49] iPadAir3, [0000020CDBCBCC00][0000020CDCC68E80 49] iPadAir4, [0000020CDBC35F00][0000020CDCC6D000 49] iPadMini2, [0000020CDBCBF500][0000020CD8AB1180 49] iPadMini3, [0000020CDBC36900][0000020CD8AB5300 49] iPadMini4, [0000020CDBCBCF00][0000020CD8AB9480 49] iPadMini5, [0000020CDBC80C00][0000020CD8AC1740 49] iPhone6, [0000020CDBC80D00][0000020CD8ABD780 49] iPodTouch6, [0000020CDBCCE700][0000020CD5565A40 49] iPhone7, [0000020CDBCCE900][0000020CD8AC5A80 49] iPodTouch7, [0000020CDBC35100][0000020CD5569C00 49] iPhone5S, [0000020CDBCCEC00][0000020CD8AC8200 49] iPhone6Plus, [0000020CDBC37F00][0000020CD8ACC380 49] iPhone6S, [0000020CDBC34100][0000020CD7FA0500 49] iPhone6SPlus, [0000020CDBC80B00][0000020CD4290640 49] iPhone7Plus, [0000020CDBC36100][0000020CD7FAC780 49] iPhoneSE, [0000020CDBC82900][0000020CD7FB08C0 49] iPhone8, [0000020CDBC36200][0000020CD7FB8A40 49] iPhone8Plus, [0000020CDBC83B00][0000020CD7FBCBC0 49] iPhoneX, [0000020CDBC36300][0000020CD7FC0D40 49] iPhoneXS, [0000020CDBC80F00][0000020CD7FC8EC0 49] iPhoneXSMax, [0000020CDBCCEF00][0000020CD7FCD040 49] iPhoneXR, [0000020CDBC81700][0000020CDC73F1C0 49] iPhone11, [0000020CDBCCEE00][0000020CD7FD5340 49] iPhone11Pro, [0000020CDBC81900][0000020CD7FD94C0 49] iPhone11ProMax, [0000020CDBCCD200][0000020CD7FC5640 49] iPhoneSE2, [0000020CDBC83D00][0000020CD7FDD7C0 49] iPhone12Mini, [0000020CDBCCCB00][0000020CD7FE1940 49] iPhone12, [0000020CDBC81D00][0000020CD7FD1AC0 49] iPhone12Pro, [0000020CDBCCD400][0000020CD7FF00C0 49] iPhone12ProMax, [0000020CDBC83700][0000020CDC7DE240 49] iPadPro105, [0000020CDBCCDB00][0000020CDC7E23C0 49] iPadPro129, [0000020CDBC80700][0000020CDC7E6540 49] iPadPro97, [0000020CDBCCD300][0000020CDC7EA6C0 49] iPadPro2_129, [0000020CDBC81200][0000020CD7FB4800 49] iPad5, [0000020CDBCCFF00][0000020CDC7EE940 49] iPad6, [0000020CDBC83A00][0000020CDCC2CA80 49] iPad7, [0000020CDBCCD900][0000020CDA176BC0 49] iPad8, [0000020CDBC81400][0000020CDA16ED40 49] iPadPro11, [0000020CDBCCF500][0000020CD7FFAEC0 49] iPadPro2_11, [0000020CDBC82300][0000020CD7FF7040 49] iPadPro3_129, [0000020CDBCCCF00][0000020CD87751C0 49] iPadPro4_129, [0000020CDBC81100][0000020CD8779340 49] AppleTV, [0000020CDBCCF600][0000020CDCC314C0 49] AppleTV4K, [0000020CDBC80600][0000020CDCC35640 49] TVOS, [0000020CDBCCF900][0000020CDCC397C0 49] Mac, [0000020CDBC83200][0000020CDCC3D940 49] MacClient, [0000020CDBCCFB00][0000020CDCC41AC0 49] MacNoEditor, [0000020CDBC81300][0000020CDCC440C0 49] MacServer, [0000020CDBCCE400][0000020CDCC48240 49] Linux, [0000020CDBC82000][0000020CDCC4C3C0 49] LinuxAArch64, [0000020CDBCCFE00][0000020CDC81A540 49] LinuxNoEditor, [0000020CDBC83100][0000020CDC81E6C0 49] LinuxAArch64NoEditor, [0000020CDBCCF200][0000020CDC822840 49] LinuxClient, [0000020CDBC82800][0000020CDA172980 49] LinuxAArch64Client, [0000020CDBCCC400][0000020CDC826AC0 49] LinuxServer, [0000020CDBC80400][0000020CDC82AC00 49] LinuxAArch64Server, [0000020CDBCCD100][0000020CDC82ED40 49] Android, [0000020CDBC82700][0000020CDC836EC0 49] Android_Low, [0000020CDBCCC800][0000020CDC83B040 49] Android_Mid, [0000020CDBC80300][0000020CDC83F1C0 49] Android_High, [0000020CDBCCDC00][0000020CDA131340 49] Android_Default, [0000020CDBC83600][0000020CDA1354C0 49] Android_Adreno4xx, [0000020CDBCCE100][0000020CDA139640 49] Android_Adreno5xx_Low, [0000020CDBC80900][0000020CDA13D7C0 49] Android_Adreno5xx, [0000020CDBCCDF00][0000020CDA141940 49] Android_Adreno6xx, [0000020CDBC81B00][0000020CDA145AC0 49] Android_Adreno6xx_Vulkan, [0000020CDBCCEB00][0000020CDA1480C0 49] Android_Mali_T6xx, [0000020CDBC35900][0000020CDA14C240 49] Android_Mali_T7xx, [0000020CDBCBF600][0000020CDA1503C0 49] Android_Mali_T8xx, [0000020CDBC37C00][0000020CDA154540 49] Android_Mali_G71, [0000020CDBCBD700][0000020CDA1586C0 49] Android_Mali_G72, [0000020CDBC37900][0000020CDA15C840 49] Android_Mali_G72_Vulkan, [0000020CDBCBE700][0000020CDA1609C0 49] Android_Mali_G76, [0000020CDBC35A00][0000020CDA164B40 49] Android_Mali_G76_Vulkan, [0000020CDBCBC400][0000020CDC832C80 49] Android_Mali_G77, [0000020CDBC37500][0000020CD54F4DC0 49] Android_Mali_G77_Vulkan, [0000020CDBCBE500][0000020CD54F8F00 49] Android_Mali_G78, [0000020CDBC35000][0000020CD5501080 49] Android_Mali_G78_Vulkan, [0000020CDBCBE800][0000020CD5505200 49] Android_Mali_G710, [0000020CDBC35500][0000020CD5509380 49] Android_Mali_G710_Vulkan, [0000020CDBCBFA00][0000020CD550D500 49] Android_Vulkan_SM5, [0000020CDBC35800][0000020CD5511680 49] Android_PowerVR_G6xxx, [0000020CDBCBF400][0000020CD5515800 49] Android_PowerVR_GT7xxx, [0000020CDBC35B00][0000020CD5519980 49] Android_PowerVR_GE8xxx, [0000020CDBCBFF00][0000020CD551DB00 49] Android_PowerVR_GM9xxx, [0000020CDBC35E00][0000020CD5520100 49] Android_PowerVR_GM9xxx_Vulkan, [0000020CDBCBDB00][0000020CD5524280 49] Android_TegraK1, [0000020CDBC37B00][0000020CD5528400 49] Android_Unknown_Vulkan, [0000020CDBCBD100][0000020CD552C580 49] Lumin, [0000020CDBC34600][0000020CD5530700 49] Lumin_Desktop, [0000020CDBC82200][0000020CD5534880 49] HoloLens, 
[2022.12.09-12.17.23:909][  0]LogMeshReduction: Using QuadricMeshReduction for automatic static mesh reduction
[2022.12.09-12.17.23:909][  0]LogMeshReduction: Using SimplygonMeshReduction for automatic skeletal mesh reduction
[2022.12.09-12.17.23:910][  0]LogMeshReduction: Using ProxyLODMeshReduction for automatic mesh merging
[2022.12.09-12.17.23:910][  0]LogMeshReduction: No distributed automatic mesh merging module available
[2022.12.09-12.17.23:910][  0]LogMeshMerging: No distributed automatic mesh merging module available
[2022.12.09-12.17.23:924][  0]LogNetVersion: EscapeKart 1.0.0, NetCL: 17155196, EngineNetVer: 17, GameNetVer: 0 (Checksum: 3997712291)
[2022.12.09-12.17.24:252][  0]LogTexture: Default maximum texture size for cubemaps generated from long-lat sources has been changed from 512 to unlimited. In order to preserve old behaiour for '/Engine/MapTemplates/Sky/DaylightAmbientCubemap.DaylightAmbientCubemap', its maximum texture size has been explicitly set to 512.
[2022.12.09-12.17.24:312][  0]LogHMD: PokeAHoleMaterial loaded successfully
[2022.12.09-12.17.24:319][  0]LogUObjectArray: 17075 objects as part of root set at end of initial load.
[2022.12.09-12.17.24:319][  0]LogUObjectAllocator: 4275792 out of 0 bytes used by permanent object pool.
[2022.12.09-12.17.24:319][  0]LogUObjectArray: CloseDisregardForGC: 0/0 objects in disregard for GC pool
[2022.12.09-12.17.24:617][  0]LogNiagaraDebuggerClient: Niagara Debugger Client Initialized | Session: 6843B4064B8A2A6CEACF109E663639DC | Instance: 1DB1BDEF44695ECEF57DAC96E3914E9D (R9-3090-42028).
[2022.12.09-12.17.24:779][  0]LogPython: Using Python 3.7.7
[2022.12.09-12.17.25:242][  0]LogTcpMessaging: Initializing TcpMessaging bridge
[2022.12.09-12.17.25:250][  0]LogUdpMessaging: Initializing bridge on interface 0.0.0.0:0 to multicast group 230.0.0.1:6666.
[2022.12.09-12.17.25:692][  0]LogOpenImageDenoise: OIDN starting up
[2022.12.09-12.17.25:735][  0]LogAndroidPermission: UAndroidPermissionCallbackProxy::GetInstance
[2022.12.09-12.17.25:766][  0]LogAudioCaptureCore: Display: No Audio Capture implementations found. Audio input will be silent.
[2022.12.09-12.17.25:766][  0]LogAudioCaptureCore: Display: No Audio Capture implementations found. Audio input will be silent.
[2022.12.09-12.17.25:910][  0]SourceControl: Source control is disabled
[2022.12.09-12.17.25:910][  0]SourceControl: Source control is disabled
[2022.12.09-12.17.25:915][  0]SourceControl: Source control is disabled
[2022.12.09-12.17.25:920][  0]SourceControl: Source control is disabled
[2022.12.09-12.17.25:929][  0]SourceControl: Source control is disabled
[2022.12.09-12.17.25:937][  0]LogUProjectInfo: Found projects:
[2022.12.09-12.17.25:954][  0]LogCollectionManager: Loaded 0 collections in 0.000596 seconds
[2022.12.09-12.17.25:984][  0]LogFileCache: Scanning file cache for directory 'D:/Unreal Projects/EscapeKart/Saved/Collections/' took 0.00s
[2022.12.09-12.17.25:984][  0]LogFileCache: Scanning file cache for directory 'D:/Unreal Projects/EscapeKart/Content/Developers/mathi/Collections/' took 0.00s
[2022.12.09-12.17.25:984][  0]LogFileCache: Scanning file cache for directory 'D:/Unreal Projects/EscapeKart/Content/Collections/' took 0.00s
[2022.12.09-12.17.25:984][  0]LogOcInput: OculusInput pre-init called
[2022.12.09-12.17.26:211][  0]LogEngine: Initializing Engine...
[2022.12.09-12.17.26:214][  0]LogStats: UGameplayTagsManager::InitializeManager -  0.000 s
[2022.12.09-12.17.26:309][  0]LogInit: Initializing FReadOnlyCVARCache
[2022.12.09-12.17.26:321][  0]LogAIModule: Creating AISystem for world Untitled
[2022.12.09-12.17.26:328][  0]LogAudio: Display: Initializing Audio Device Manager...
[2022.12.09-12.17.26:332][  0]LogAudio: Display: Loading Default Audio Settings Objects...
[2022.12.09-12.17.26:332][  0]LogAudio: Display: No default SoundConcurrencyObject specified (or failed to load).
[2022.12.09-12.17.26:334][  0]LogAudio: Display: Audio Device Manager Initialized
[2022.12.09-12.17.26:334][  0]LogAudio: Display: Creating Audio Device:                 Id: 1, Scope: Shared, Realtime: True
[2022.12.09-12.17.26:334][  0]LogAudioMixer: Display: Audio Mixer Platform Settings:
[2022.12.09-12.17.26:334][  0]LogAudioMixer: Display: 	Sample Rate:						  48000
[2022.12.09-12.17.26:334][  0]LogAudioMixer: Display: 	Callback Buffer Frame Size Requested: 1024
[2022.12.09-12.17.26:335][  0]LogAudioMixer: Display: 	Callback Buffer Frame Size To Use:	  1024
[2022.12.09-12.17.26:335][  0]LogAudioMixer: Display: 	Number of buffers to queue:			  2
[2022.12.09-12.17.26:335][  0]LogAudioMixer: Display: 	Max Channels (voices):				  32
[2022.12.09-12.17.26:335][  0]LogAudioMixer: Display: 	Number of Async Source Workers:		  0
[2022.12.09-12.17.26:335][  0]LogAudio: Display: AudioDevice MaxSources: 32
[2022.12.09-12.17.26:336][  0]LogAudio: Display: Audio Spatialization Plugin: None (built-in).
[2022.12.09-12.17.26:336][  0]LogAudio: Display: Audio Reverb Plugin: None (built-in).
[2022.12.09-12.17.26:336][  0]LogAudio: Display: Audio Occlusion Plugin: None (built-in).
[2022.12.09-12.17.26:336][  0]LogAudioMixer: Display: Initializing audio mixer.
[2022.12.09-12.17.26:352][  0]LogAudioMixer: Display: 0: FrontLeft
[2022.12.09-12.17.26:352][  0]LogAudioMixer: Display: 1: FrontRight
[2022.12.09-12.17.26:370][  0]LogAudioMixer: Display: Using Audio Device Speakers (Razer Nommo Pro)
[2022.12.09-12.17.26:373][  0]LogAudioMixer: Display: Initializing Sound Submixes...
[2022.12.09-12.17.26:374][  0]LogAudioMixer: Display: Creating Master Submix 'MasterSubmixDefault'
[2022.12.09-12.17.26:375][  0]LogAudioMixer: Display: Creating Master Submix 'MasterReverbSubmixDefault'
[2022.12.09-12.17.26:376][  0]LogAudioMixer: Display: Creating Master Submix 'MasterEQSubmixDefault'
[2022.12.09-12.17.26:376][  0]LogAudioMixer: FMixerPlatformXAudio2::StartAudioStream() called
[2022.12.09-12.17.26:376][  0]LogAudioMixer: Display: Output buffers initialized: Frames=1024, Channels=2, Samples=2048
[2022.12.09-12.17.26:378][  0]LogAudioMixer: Display: Starting AudioMixerPlatformInterface::RunInternal()
[2022.12.09-12.17.26:378][  0]LogAudioMixer: Display: FMixerPlatformXAudio2::SubmitBuffer() called for the first time
[2022.12.09-12.17.26:379][  0]LogInit: FAudioDevice initialized.
[2022.12.09-12.17.26:379][  0]LogAudio: Display: Audio Device (ID: 1) registered with world 'Untitled'.
[2022.12.09-12.17.26:379][  0]LogNetVersion: Set ProjectVersion to 1.0.0.0. Version Checksum will be recalculated on next use.
[2022.12.09-12.17.26:438][  0]LogDerivedDataCache: Saved boot cache 0.06s 94MB C:/Users/mathi/AppData/Local/UnrealEngine/4.27/DerivedDataCache/Boot.ddc.
[2022.12.09-12.17.26:438][  0]LogInit: Texture streaming: Enabled
[2022.12.09-12.17.26:455][  0]LogAnalytics: Display: [UEEditor.Rocket.Release] APIServer = https://datarouter.ol.epicgames.com/. AppVersion = 4.27.2-18319896+++UE4+Release-4.27
[2022.12.09-12.17.26:460][  0]LogEngineSessionManager: EngineSessionManager initialized
[2022.12.09-12.17.26:460][  0]LogEditorSessionSummary: Verbose: Initializing EditorSessionSummaryWriter for editor session tracking
[2022.12.09-12.17.26:461][  0]LogEditorSessionSummary: EditorSessionSummaryWriter initialized
[2022.12.09-12.17.26:480][  0]LogInit: Transaction tracking system initialized
[2022.12.09-12.17.26:506][  0]BlueprintLog: New page: Editor Load
[2022.12.09-12.17.26:581][  0]LocalizationService: Localization service is disabled
[2022.12.09-12.17.26:609][  0]TimingProfiler: Initialize
[2022.12.09-12.17.26:609][  0]TimingProfiler: OnSessionChanged
[2022.12.09-12.17.26:609][  0]LoadingProfiler: Initialize
[2022.12.09-12.17.26:609][  0]LoadingProfiler: OnSessionChanged
[2022.12.09-12.17.26:609][  0]NetworkingProfiler: Initialize
[2022.12.09-12.17.26:610][  0]NetworkingProfiler: OnSessionChanged
[2022.12.09-12.17.26:610][  0]MemoryProfiler: Initialize
[2022.12.09-12.17.26:610][  0]MemoryProfiler: OnSessionChanged
[2022.12.09-12.17.26:742][  0]LogCook: Display: CookSettings for Memory: MemoryMaxUsedVirtual 0MiB, MemoryMaxUsedPhysical 16384MiB, MemoryMinFreeVirtual 0MiB, MemoryMinFreePhysical 1024MiB
[2022.12.09-12.17.26:743][  0]LogCook: Display: Mobile HDR setting 1
[2022.12.09-12.17.26:974][  0]LogFileCache: Scanning file cache for directory 'D:/Unreal Projects/EscapeKart/Content/' took 0.00s
[2022.12.09-12.17.26:974][  0]LogInit: Display: Engine is initialized. Leaving FEngineLoop::Init()
[2022.12.09-12.17.26:978][  0]SourceControl: Source control is disabled
[2022.12.09-12.17.26:978][  0]LogUnrealEdMisc: Loading editor; pre map load, took 8.439
[2022.12.09-12.17.26:979][  0]Cmd: MAP LOAD FILE="../../../../../Unreal Projects/EscapeKart/Content/StarterContent/Maps/Minimal_Default.umap" TEMPLATE=0 SHOWPROGRESS=1 FEATURELEVEL=3
[2022.12.09-12.17.26:979][  0]LightingResults: New page: Lighting Build
[2022.12.09-12.17.26:981][  0]LogWorld: UWorld::CleanupWorld for Untitled, bSessionEnded=true, bCleanupResources=true
[2022.12.09-12.17.26:981][  0]LogSlate: InvalidateAllWidgets triggered.  All widgets were invalidated
[2022.12.09-12.17.26:981][  0]MapCheck: New page: Map Check
[2022.12.09-12.17.26:981][  0]LightingResults: New page: Lighting Build
[2022.12.09-12.17.26:985][  0]LogAudio: Display: Audio Device unregistered from world 'None'.
[2022.12.09-12.17.26:990][  0]LogUObjectHash: Compacting FUObjectHashTables data took   0.82ms
[2022.12.09-12.17.27:254][  0]LogAudio: Display: Audio Device (ID: 1) registered with world 'Minimal_Default'.
[2022.12.09-12.17.27:255][  0]LogAIModule: Creating AISystem for world Minimal_Default
[2022.12.09-12.17.27:261][  0]LogEditorServer: Finished looking for orphan Actors (0.000 secs)
[2022.12.09-12.17.27:285][  0]LogUObjectHash: Compacting FUObjectHashTables data took   0.84ms
[2022.12.09-12.17.27:285][  0]Cmd: MAP CHECKDEP NOCLEARLOG
[2022.12.09-12.17.27:285][  0]MapCheck: Map check complete: 0 Error(s), 0 Warning(s), took 0.103ms to complete.
[2022.12.09-12.17.27:286][  0]LogFileHelpers: Loading map 'Minimal_Default' took 0.307
[2022.12.09-12.17.27:287][  0]LogUnrealEdMisc: Total Editor Startup Time, took 8.749
[2022.12.09-12.17.27:438][  0]LogSlate: Updating window title bar state: overlay mode, drag disabled, window buttons hidden, title bar hidden
[2022.12.09-12.17.27:444][  0]LogSlate: Updating window title bar state: overlay mode, drag disabled, window buttons hidden, title bar hidden
[2022.12.09-12.17.27:450][  0]LogSlate: Updating window title bar state: overlay mode, drag disabled, window buttons hidden, title bar hidden
[2022.12.09-12.17.27:456][  0]LogSlate: Updating window title bar state: overlay mode, drag disabled, window buttons hidden, title bar hidden
[2022.12.09-12.17.27:469][  0]LogNativeClassHierarchy: Verbose: Native class hierarchy populated in 0.0098 seconds. Added 3816 classes and 923 folders.
[2022.12.09-12.17.27:471][  0]LogNativeClassHierarchy: Verbose: Native class hierarchy updated for 'WidgetCarousel' in 0.0003 seconds. Added 0 classes and 0 folders.
[2022.12.09-12.17.27:472][  0]LogPakFile: PakFile PrimaryIndexSize=187
[2022.12.09-12.17.27:472][  0]LogPakFile: PakFile PathHashIndexSize=101
[2022.12.09-12.17.27:472][  0]LogPakFile: PakFile FullDirectoryIndexSize=148
[2022.12.09-12.17.27:473][  0]LogShaderLibrary: Display: ShaderCodeLibraryPakFileMountedCallback: PakFile 'D:/EPIC/UE_4.27/FeaturePacks/FP_FirstPerson.upack' (chunk index -1, root 'root:/') mounted
[2022.12.09-12.17.27:473][  0]LogShaderLibrary: Display: ShaderCodeLibraryPakFileMountedCallback: pending pak file info (ChunkID:-1 Root:root:/ File:D:/EPIC/UE_4.27/FeaturePacks/FP_FirstPerson.upack)
[2022.12.09-12.17.27:473][  0]LogPakFile: OnPakFileMounted2Time == 0.000374
[2022.12.09-12.17.27:474][  0]LogPakFile: PakFile PrimaryIndexSize=189
[2022.12.09-12.17.27:474][  0]LogPakFile: PakFile PathHashIndexSize=101
[2022.12.09-12.17.27:474][  0]LogPakFile: PakFile FullDirectoryIndexSize=152
[2022.12.09-12.17.27:474][  0]LogShaderLibrary: Display: ShaderCodeLibraryPakFileMountedCallback: PakFile 'D:/EPIC/UE_4.27/FeaturePacks/FP_FirstPersonBP.upack' (chunk index -1, root 'root:/') mounted
[2022.12.09-12.17.27:474][  0]LogShaderLibrary: Display: ShaderCodeLibraryPakFileMountedCallback: pending pak file info (ChunkID:-1 Root:root:/ File:D:/EPIC/UE_4.27/FeaturePacks/FP_FirstPersonBP.upack)
[2022.12.09-12.17.27:474][  0]LogPakFile: OnPakFileMounted2Time == 0.000214
[2022.12.09-12.17.27:475][  0]LogPakFile: PakFile PrimaryIndexSize=191
[2022.12.09-12.17.27:475][  0]LogPakFile: PakFile PathHashIndexSize=101
[2022.12.09-12.17.27:475][  0]LogPakFile: PakFile FullDirectoryIndexSize=160
[2022.12.09-12.17.27:475][  0]LogShaderLibrary: Display: ShaderCodeLibraryPakFileMountedCallback: PakFile 'D:/EPIC/UE_4.27/FeaturePacks/MobileStarterContent.upack' (chunk index -1, root 'root:/') mounted
[2022.12.09-12.17.27:475][  0]LogShaderLibrary: Display: ShaderCodeLibraryPakFileMountedCallback: pending pak file info (ChunkID:-1 Root:root:/ File:D:/EPIC/UE_4.27/FeaturePacks/MobileStarterContent.upack)
[2022.12.09-12.17.27:476][  0]LogPakFile: OnPakFileMounted2Time == 0.000185
[2022.12.09-12.17.27:476][  0]LogPakFile: PakFile PrimaryIndexSize=185
[2022.12.09-12.17.27:476][  0]LogPakFile: PakFile PathHashIndexSize=101
[2022.12.09-12.17.27:476][  0]LogPakFile: PakFile FullDirectoryIndexSize=148
[2022.12.09-12.17.27:476][  0]LogShaderLibrary: Display: ShaderCodeLibraryPakFileMountedCallback: PakFile 'D:/EPIC/UE_4.27/FeaturePacks/StarterContent.upack' (chunk index -1, root 'root:/') mounted
[2022.12.09-12.17.27:476][  0]LogShaderLibrary: Display: ShaderCodeLibraryPakFileMountedCallback: pending pak file info (ChunkID:-1 Root:root:/ File:D:/EPIC/UE_4.27/FeaturePacks/StarterContent.upack)
[2022.12.09-12.17.27:476][  0]LogPakFile: OnPakFileMounted2Time == 0.000265
[2022.12.09-12.17.27:477][  0]LogPakFile: PakFile PrimaryIndexSize=190
[2022.12.09-12.17.27:477][  0]LogPakFile: PakFile PathHashIndexSize=101
[2022.12.09-12.17.27:477][  0]LogPakFile: PakFile FullDirectoryIndexSize=154
[2022.12.09-12.17.27:477][  0]LogShaderLibrary: Display: ShaderCodeLibraryPakFileMountedCallback: PakFile 'D:/EPIC/UE_4.27/FeaturePacks/TP_2DSideScroller.upack' (chunk index -1, root 'root:/') mounted
[2022.12.09-12.17.27:477][  0]LogShaderLibrary: Display: ShaderCodeLibraryPakFileMountedCallback: pending pak file info (ChunkID:-1 Root:root:/ File:D:/EPIC/UE_4.27/FeaturePacks/TP_2DSideScroller.upack)
[2022.12.09-12.17.27:477][  0]LogPakFile: OnPakFileMounted2Time == 0.000247
[2022.12.09-12.17.27:478][  0]LogPakFile: PakFile PrimaryIndexSize=192
[2022.12.09-12.17.27:478][  0]LogPakFile: PakFile PathHashIndexSize=101
[2022.12.09-12.17.27:478][  0]LogPakFile: PakFile FullDirectoryIndexSize=158
[2022.12.09-12.17.27:478][  0]LogShaderLibrary: Display: ShaderCodeLibraryPakFileMountedCallback: PakFile 'D:/EPIC/UE_4.27/FeaturePacks/TP_2DSideScrollerBP.upack' (chunk index -1, root 'root:/') mounted
[2022.12.09-12.17.27:478][  0]LogShaderLibrary: Display: ShaderCodeLibraryPakFileMountedCallback: pending pak file info (ChunkID:-1 Root:root:/ File:D:/EPIC/UE_4.27/FeaturePacks/TP_2DSideScrollerBP.upack)
[2022.12.09-12.17.27:478][  0]LogPakFile: OnPakFileMounted2Time == 0.000183
[2022.12.09-12.17.27:479][  0]LogPakFile: PakFile PrimaryIndexSize=182
[2022.12.09-12.17.27:479][  0]LogPakFile: PakFile PathHashIndexSize=101
[2022.12.09-12.17.27:479][  0]LogPakFile: PakFile FullDirectoryIndexSize=138
[2022.12.09-12.17.27:479][  0]LogShaderLibrary: Display: ShaderCodeLibraryPakFileMountedCallback: PakFile 'D:/EPIC/UE_4.27/FeaturePacks/TP_Flying.upack' (chunk index -1, root 'root:/') mounted
[2022.12.09-12.17.27:479][  0]LogShaderLibrary: Display: ShaderCodeLibraryPakFileMountedCallback: pending pak file info (ChunkID:-1 Root:root:/ File:D:/EPIC/UE_4.27/FeaturePacks/TP_Flying.upack)
[2022.12.09-12.17.27:479][  0]LogPakFile: OnPakFileMounted2Time == 0.000294
[2022.12.09-12.17.27:480][  0]LogPakFile: PakFile PrimaryIndexSize=184
[2022.12.09-12.17.27:480][  0]LogPakFile: PakFile PathHashIndexSize=101
[2022.12.09-12.17.27:480][  0]LogPakFile: PakFile FullDirectoryIndexSize=142
[2022.12.09-12.17.27:480][  0]LogShaderLibrary: Display: ShaderCodeLibraryPakFileMountedCallback: PakFile 'D:/EPIC/UE_4.27/FeaturePacks/TP_FlyingBP.upack' (chunk index -1, root 'root:/') mounted
[2022.12.09-12.17.27:480][  0]LogShaderLibrary: Display: ShaderCodeLibraryPakFileMountedCallback: pending pak file info (ChunkID:-1 Root:root:/ File:D:/EPIC/UE_4.27/FeaturePacks/TP_FlyingBP.upack)
[2022.12.09-12.17.27:480][  0]LogPakFile: OnPakFileMounted2Time == 0.000163
[2022.12.09-12.17.27:480][  0]LogPakFile: PakFile PrimaryIndexSize=188
[2022.12.09-12.17.27:481][  0]LogPakFile: PakFile PathHashIndexSize=101
[2022.12.09-12.17.27:481][  0]LogPakFile: PakFile FullDirectoryIndexSize=150
[2022.12.09-12.17.27:481][  0]LogShaderLibrary: Display: ShaderCodeLibraryPakFileMountedCallback: PakFile 'D:/EPIC/UE_4.27/FeaturePacks/TP_HandheldARBP.upack' (chunk index -1, root 'root:/') mounted
[2022.12.09-12.17.27:481][  0]LogShaderLibrary: Display: ShaderCodeLibraryPakFileMountedCallback: pending pak file info (ChunkID:-1 Root:root:/ File:D:/EPIC/UE_4.27/FeaturePacks/TP_HandheldARBP.upack)
[2022.12.09-12.17.27:481][  0]LogPakFile: OnPakFileMounted2Time == 0.000169
[2022.12.09-12.17.27:482][  0]LogPakFile: PakFile PrimaryIndexSize=182
[2022.12.09-12.17.27:482][  0]LogPakFile: PakFile PathHashIndexSize=101
[2022.12.09-12.17.27:482][  0]LogPakFile: PakFile FullDirectoryIndexSize=138
[2022.12.09-12.17.27:482][  0]LogShaderLibrary: Display: ShaderCodeLibraryPakFileMountedCallback: PakFile 'D:/EPIC/UE_4.27/FeaturePacks/TP_Puzzle.upack' (chunk index -1, root 'root:/') mounted
[2022.12.09-12.17.27:482][  0]LogShaderLibrary: Display: ShaderCodeLibraryPakFileMountedCallback: pending pak file info (ChunkID:-1 Root:root:/ File:D:/EPIC/UE_4.27/FeaturePacks/TP_Puzzle.upack)
[2022.12.09-12.17.27:482][  0]LogPakFile: OnPakFileMounted2Time == 0.000277
[2022.12.09-12.17.27:482][  0]LogPakFile: PakFile PrimaryIndexSize=184
[2022.12.09-12.17.27:482][  0]LogPakFile: PakFile PathHashIndexSize=101
[2022.12.09-12.17.27:482][  0]LogPakFile: PakFile FullDirectoryIndexSize=142
[2022.12.09-12.17.27:482][  0]LogShaderLibrary: Display: ShaderCodeLibraryPakFileMountedCallback: PakFile 'D:/EPIC/UE_4.27/FeaturePacks/TP_PuzzleBP.upack' (chunk index -1, root 'root:/') mounted
[2022.12.09-12.17.27:482][  0]LogShaderLibrary: Display: ShaderCodeLibraryPakFileMountedCallback: pending pak file info (ChunkID:-1 Root:root:/ File:D:/EPIC/UE_4.27/FeaturePacks/TP_PuzzleBP.upack)
[2022.12.09-12.17.27:482][  0]LogPakFile: OnPakFileMounted2Time == 0.000194
[2022.12.09-12.17.27:483][  0]LogPakFile: PakFile PrimaryIndexSize=183
[2022.12.09-12.17.27:483][  0]LogPakFile: PakFile PathHashIndexSize=101
[2022.12.09-12.17.27:484][  0]LogPakFile: PakFile FullDirectoryIndexSize=140
[2022.12.09-12.17.27:484][  0]LogShaderLibrary: Display: ShaderCodeLibraryPakFileMountedCallback: PakFile 'D:/EPIC/UE_4.27/FeaturePacks/TP_Rolling.upack' (chunk index -1, root 'root:/') mounted
[2022.12.09-12.17.27:484][  0]LogShaderLibrary: Display: ShaderCodeLibraryPakFileMountedCallback: pending pak file info (ChunkID:-1 Root:root:/ File:D:/EPIC/UE_4.27/FeaturePacks/TP_Rolling.upack)
[2022.12.09-12.17.27:484][  0]LogPakFile: OnPakFileMounted2Time == 0.000202
[2022.12.09-12.17.27:485][  0]LogPakFile: PakFile PrimaryIndexSize=185
[2022.12.09-12.17.27:485][  0]LogPakFile: PakFile PathHashIndexSize=101
[2022.12.09-12.17.27:485][  0]LogPakFile: PakFile FullDirectoryIndexSize=144
[2022.12.09-12.17.27:485][  0]LogShaderLibrary: Display: ShaderCodeLibraryPakFileMountedCallback: PakFile 'D:/EPIC/UE_4.27/FeaturePacks/TP_RollingBP.upack' (chunk index -1, root 'root:/') mounted
[2022.12.09-12.17.27:485][  0]LogShaderLibrary: Display: ShaderCodeLibraryPakFileMountedCallback: pending pak file info (ChunkID:-1 Root:root:/ File:D:/EPIC/UE_4.27/FeaturePacks/TP_RollingBP.upack)
[2022.12.09-12.17.27:486][  0]LogPakFile: OnPakFileMounted2Time == 0.000238
[2022.12.09-12.17.27:486][  0]LogPakFile: PakFile PrimaryIndexSize=188
[2022.12.09-12.17.27:486][  0]LogPakFile: PakFile PathHashIndexSize=101
[2022.12.09-12.17.27:486][  0]LogPakFile: PakFile FullDirectoryIndexSize=150
[2022.12.09-12.17.27:486][  0]LogShaderLibrary: Display: ShaderCodeLibraryPakFileMountedCallback: PakFile 'D:/EPIC/UE_4.27/FeaturePacks/TP_SideScroller.upack' (chunk index -1, root 'root:/') mounted
[2022.12.09-12.17.27:486][  0]LogShaderLibrary: Display: ShaderCodeLibraryPakFileMountedCallback: pending pak file info (ChunkID:-1 Root:root:/ File:D:/EPIC/UE_4.27/FeaturePacks/TP_SideScroller.upack)
[2022.12.09-12.17.27:486][  0]LogPakFile: OnPakFileMounted2Time == 0.000186
[2022.12.09-12.17.27:487][  0]LogPakFile: PakFile PrimaryIndexSize=190
[2022.12.09-12.17.27:487][  0]LogPakFile: PakFile PathHashIndexSize=101
[2022.12.09-12.17.27:487][  0]LogPakFile: PakFile FullDirectoryIndexSize=154
[2022.12.09-12.17.27:487][  0]LogShaderLibrary: Display: ShaderCodeLibraryPakFileMountedCallback: PakFile 'D:/EPIC/UE_4.27/FeaturePacks/TP_SideScrollerBP.upack' (chunk index -1, root 'root:/') mounted
[2022.12.09-12.17.27:487][  0]LogShaderLibrary: Display: ShaderCodeLibraryPakFileMountedCallback: pending pak file info (ChunkID:-1 Root:root:/ File:D:/EPIC/UE_4.27/FeaturePacks/TP_SideScrollerBP.upack)
[2022.12.09-12.17.27:487][  0]LogPakFile: OnPakFileMounted2Time == 0.000207
[2022.12.09-12.17.27:488][  0]LogPakFile: PakFile PrimaryIndexSize=187
[2022.12.09-12.17.27:488][  0]LogPakFile: PakFile PathHashIndexSize=101
[2022.12.09-12.17.27:488][  0]LogPakFile: PakFile FullDirectoryIndexSize=148
[2022.12.09-12.17.27:488][  0]LogShaderLibrary: Display: ShaderCodeLibraryPakFileMountedCallback: PakFile 'D:/EPIC/UE_4.27/FeaturePacks/TP_ThirdPerson.upack' (chunk index -1, root 'root:/') mounted
[2022.12.09-12.17.27:488][  0]LogShaderLibrary: Display: ShaderCodeLibraryPakFileMountedCallback: pending pak file info (ChunkID:-1 Root:root:/ File:D:/EPIC/UE_4.27/FeaturePacks/TP_ThirdPerson.upack)
[2022.12.09-12.17.27:488][  0]LogPakFile: OnPakFileMounted2Time == 0.000201
[2022.12.09-12.17.27:489][  0]LogPakFile: PakFile PrimaryIndexSize=189
[2022.12.09-12.17.27:489][  0]LogPakFile: PakFile PathHashIndexSize=101
[2022.12.09-12.17.27:489][  0]LogPakFile: PakFile FullDirectoryIndexSize=152
[2022.12.09-12.17.27:489][  0]LogShaderLibrary: Display: ShaderCodeLibraryPakFileMountedCallback: PakFile 'D:/EPIC/UE_4.27/FeaturePacks/TP_ThirdPersonBP.upack' (chunk index -1, root 'root:/') mounted
[2022.12.09-12.17.27:489][  0]LogShaderLibrary: Display: ShaderCodeLibraryPakFileMountedCallback: pending pak file info (ChunkID:-1 Root:root:/ File:D:/EPIC/UE_4.27/FeaturePacks/TP_ThirdPersonBP.upack)
[2022.12.09-12.17.27:489][  0]LogPakFile: OnPakFileMounted2Time == 0.000202
[2022.12.09-12.17.27:490][  0]LogPakFile: PakFile PrimaryIndexSize=183
[2022.12.09-12.17.27:490][  0]LogPakFile: PakFile PathHashIndexSize=101
[2022.12.09-12.17.27:490][  0]LogPakFile: PakFile FullDirectoryIndexSize=140
[2022.12.09-12.17.27:490][  0]LogShaderLibrary: Display: ShaderCodeLibraryPakFileMountedCallback: PakFile 'D:/EPIC/UE_4.27/FeaturePacks/TP_TopDown.upack' (chunk index -1, root 'root:/') mounted
[2022.12.09-12.17.27:490][  0]LogShaderLibrary: Display: ShaderCodeLibraryPakFileMountedCallback: pending pak file info (ChunkID:-1 Root:root:/ File:D:/EPIC/UE_4.27/FeaturePacks/TP_TopDown.upack)
[2022.12.09-12.17.27:491][  0]LogPakFile: OnPakFileMounted2Time == 0.000284
[2022.12.09-12.17.27:491][  0]LogPakFile: PakFile PrimaryIndexSize=185
[2022.12.09-12.17.27:491][  0]LogPakFile: PakFile PathHashIndexSize=101
[2022.12.09-12.17.27:491][  0]LogPakFile: PakFile FullDirectoryIndexSize=144
[2022.12.09-12.17.27:491][  0]LogShaderLibrary: Display: ShaderCodeLibraryPakFileMountedCallback: PakFile 'D:/EPIC/UE_4.27/FeaturePacks/TP_TopDownBP.upack' (chunk index -1, root 'root:/') mounted
[2022.12.09-12.17.27:491][  0]LogShaderLibrary: Display: ShaderCodeLibraryPakFileMountedCallback: pending pak file info (ChunkID:-1 Root:root:/ File:D:/EPIC/UE_4.27/FeaturePacks/TP_TopDownBP.upack)
[2022.12.09-12.17.27:492][  0]LogPakFile: OnPakFileMounted2Time == 0.000282
[2022.12.09-12.17.27:492][  0]LogPakFile: PakFile PrimaryIndexSize=185
[2022.12.09-12.17.27:492][  0]LogPakFile: PakFile PathHashIndexSize=101
[2022.12.09-12.17.27:492][  0]LogPakFile: PakFile FullDirectoryIndexSize=144
[2022.12.09-12.17.27:492][  0]LogShaderLibrary: Display: ShaderCodeLibraryPakFileMountedCallback: PakFile 'D:/EPIC/UE_4.27/FeaturePacks/TP_TwinStick.upack' (chunk index -1, root 'root:/') mounted
[2022.12.09-12.17.27:493][  0]LogShaderLibrary: Display: ShaderCodeLibraryPakFileMountedCallback: pending pak file info (ChunkID:-1 Root:root:/ File:D:/EPIC/UE_4.27/FeaturePacks/TP_TwinStick.upack)
[2022.12.09-12.17.27:493][  0]LogPakFile: OnPakFileMounted2Time == 0.000277
[2022.12.09-12.17.27:493][  0]LogPakFile: PakFile PrimaryIndexSize=187
[2022.12.09-12.17.27:493][  0]LogPakFile: PakFile PathHashIndexSize=101
[2022.12.09-12.17.27:493][  0]LogPakFile: PakFile FullDirectoryIndexSize=148
[2022.12.09-12.17.27:493][  0]LogShaderLibrary: Display: ShaderCodeLibraryPakFileMountedCallback: PakFile 'D:/EPIC/UE_4.27/FeaturePacks/TP_TwinStickBP.upack' (chunk index -1, root 'root:/') mounted
[2022.12.09-12.17.27:494][  0]LogShaderLibrary: Display: ShaderCodeLibraryPakFileMountedCallback: pending pak file info (ChunkID:-1 Root:root:/ File:D:/EPIC/UE_4.27/FeaturePacks/TP_TwinStickBP.upack)
[2022.12.09-12.17.27:494][  0]LogPakFile: OnPakFileMounted2Time == 0.000216
[2022.12.09-12.17.27:494][  0]LogPakFile: PakFile PrimaryIndexSize=183
[2022.12.09-12.17.27:494][  0]LogPakFile: PakFile PathHashIndexSize=101
[2022.12.09-12.17.27:494][  0]LogPakFile: PakFile FullDirectoryIndexSize=140
[2022.12.09-12.17.27:494][  0]LogShaderLibrary: Display: ShaderCodeLibraryPakFileMountedCallback: PakFile 'D:/EPIC/UE_4.27/FeaturePacks/TP_Vehicle.upack' (chunk index -1, root 'root:/') mounted
[2022.12.09-12.17.27:495][  0]LogShaderLibrary: Display: ShaderCodeLibraryPakFileMountedCallback: pending pak file info (ChunkID:-1 Root:root:/ File:D:/EPIC/UE_4.27/FeaturePacks/TP_Vehicle.upack)
[2022.12.09-12.17.27:495][  0]LogPakFile: OnPakFileMounted2Time == 0.000254
[2022.12.09-12.17.27:495][  0]LogPakFile: PakFile PrimaryIndexSize=186
[2022.12.09-12.17.27:495][  0]LogPakFile: PakFile PathHashIndexSize=101
[2022.12.09-12.17.27:495][  0]LogPakFile: PakFile FullDirectoryIndexSize=146
[2022.12.09-12.17.27:495][  0]LogShaderLibrary: Display: ShaderCodeLibraryPakFileMountedCallback: PakFile 'D:/EPIC/UE_4.27/FeaturePacks/TP_VehicleAdv.upack' (chunk index -1, root 'root:/') mounted
[2022.12.09-12.17.27:496][  0]LogShaderLibrary: Display: ShaderCodeLibraryPakFileMountedCallback: pending pak file info (ChunkID:-1 Root:root:/ File:D:/EPIC/UE_4.27/FeaturePacks/TP_VehicleAdv.upack)
[2022.12.09-12.17.27:496][  0]LogPakFile: OnPakFileMounted2Time == 0.000250
[2022.12.09-12.17.27:496][  0]LogPakFile: PakFile PrimaryIndexSize=188
[2022.12.09-12.17.27:496][  0]LogPakFile: PakFile PathHashIndexSize=101
[2022.12.09-12.17.27:496][  0]LogPakFile: PakFile FullDirectoryIndexSize=150
[2022.12.09-12.17.27:496][  0]LogShaderLibrary: Display: ShaderCodeLibraryPakFileMountedCallback: PakFile 'D:/EPIC/UE_4.27/FeaturePacks/TP_VehicleAdvBP.upack' (chunk index -1, root 'root:/') mounted
[2022.12.09-12.17.27:496][  0]LogShaderLibrary: Display: ShaderCodeLibraryPakFileMountedCallback: pending pak file info (ChunkID:-1 Root:root:/ File:D:/EPIC/UE_4.27/FeaturePacks/TP_VehicleAdvBP.upack)
[2022.12.09-12.17.27:497][  0]LogPakFile: OnPakFileMounted2Time == 0.000178
[2022.12.09-12.17.27:497][  0]LogPakFile: PakFile PrimaryIndexSize=185
[2022.12.09-12.17.27:497][  0]LogPakFile: PakFile PathHashIndexSize=101
[2022.12.09-12.17.27:497][  0]LogPakFile: PakFile FullDirectoryIndexSize=144
[2022.12.09-12.17.27:497][  0]LogShaderLibrary: Display: ShaderCodeLibraryPakFileMountedCallback: PakFile 'D:/EPIC/UE_4.27/FeaturePacks/TP_VehicleBP.upack' (chunk index -1, root 'root:/') mounted
[2022.12.09-12.17.27:497][  0]LogShaderLibrary: Display: ShaderCodeLibraryPakFileMountedCallback: pending pak file info (ChunkID:-1 Root:root:/ File:D:/EPIC/UE_4.27/FeaturePacks/TP_VehicleBP.upack)
[2022.12.09-12.17.27:497][  0]LogPakFile: OnPakFileMounted2Time == 0.000165
[2022.12.09-12.17.27:498][  0]LogPakFile: PakFile PrimaryIndexSize=192
[2022.12.09-12.17.27:498][  0]LogPakFile: PakFile PathHashIndexSize=101
[2022.12.09-12.17.27:498][  0]LogPakFile: PakFile FullDirectoryIndexSize=158
[2022.12.09-12.17.27:498][  0]LogShaderLibrary: Display: ShaderCodeLibraryPakFileMountedCallback: PakFile 'D:/EPIC/UE_4.27/FeaturePacks/TP_VirtualRealityBP.upack' (chunk index -1, root 'root:/') mounted
[2022.12.09-12.17.27:498][  0]LogShaderLibrary: Display: ShaderCodeLibraryPakFileMountedCallback: pending pak file info (ChunkID:-1 Root:root:/ File:D:/EPIC/UE_4.27/FeaturePacks/TP_VirtualRealityBP.upack)
[2022.12.09-12.17.27:499][  0]LogPakFile: OnPakFileMounted2Time == 0.000251
[2022.12.09-12.17.27:526][  0]LogNativeClassHierarchy: Verbose: Native class hierarchy updated for 'AddContentDialog' in 0.0003 seconds. Added 0 classes and 0 folders.
[2022.12.09-12.17.27:527][  0]LogNativeClassHierarchy: Verbose: Native class hierarchy updated for 'SceneOutliner' in 0.0002 seconds. Added 2 classes and 0 folders.
[2022.12.09-12.17.27:557][  0]LogNativeClassHierarchy: Verbose: Native class hierarchy updated for 'HierarchicalLODOutliner' in 0.0003 seconds. Added 0 classes and 0 folders.
[2022.12.09-12.17.27:557][  0]LogLoad: (Engine Initialization) Total time: 9.02 seconds
[2022.12.09-12.17.27:557][  0]LogLoad: (Engine Initialization) Total Blueprint compile time: 0.00 seconds
[2022.12.09-12.17.27:608][  0]LogAssetRegistry: Asset discovery search completed in 4.0280 seconds
[2022.12.09-12.17.27:612][  0]LogCollectionManager: Fixed up redirectors for 0 collections in 0.000004 seconds (updated 0 objects)
[2022.12.09-12.17.27:615][  0]LogContentStreaming: Texture pool size now 1000 MB
[2022.12.09-12.17.27:621][  0]LogSlate: Took 0.000118 seconds to synchronously load lazily loaded font '../../../Engine/Content/Slate/Fonts/Roboto-Regular.ttf' (155K)
[2022.12.09-12.17.27:622][  0]LogSlate: Took 0.000084 seconds to synchronously load lazily loaded font '../../../Engine/Content/Editor/Slate/Fonts/FontAwesome.ttf' (139K)
[2022.12.09-12.17.27:625][  0]LogSlate: Took 0.000167 seconds to synchronously load lazily loaded font '../../../Engine/Content/Slate/Fonts/Roboto-Bold.ttf' (160K)
[2022.12.09-12.17.27:909][  1]LogRenderer: Reallocating scene render targets to support 1016x360 Format 10 NumSamples 1 (Frame:1).
[2022.12.09-12.17.29:470][  4]LogRenderer: Reallocating scene render targets to support 1520x1292 Format 10 NumSamples 1 (Frame:3).
[2022.12.09-12.17.31:229][ 85]LogTemp: Repeating last play command: Selected Viewport
[2022.12.09-12.17.31:234][ 85]LogPlayLevel: PlayLevel: No blueprints needed recompiling
[2022.12.09-12.17.31:235][ 85]PIE: New page: PIE session: Minimal_Default (9 Dec 2022, 14:17:31)
[2022.12.09-12.17.31:237][ 85]LogOnline: OSS: Creating online subsystem instance for: NULL
[2022.12.09-12.17.31:240][ 85]LogOnline: OSS: TryLoadSubsystemAndSetDefault: Loaded subsystem for module [NULL]
[2022.12.09-12.17.31:240][ 85]LogPlayLevel: Creating play world package: /Game/StarterContent/Maps/UEDPIE_0_Minimal_Default
[2022.12.09-12.17.31:244][ 85]LogPlayLevel: PIE: StaticDuplicateObject took: (0.003549s)
[2022.12.09-12.17.31:245][ 85]LogAIModule: Creating AISystem for world Minimal_Default
[2022.12.09-12.17.31:245][ 85]LogPlayLevel: PIE: World Init took: (0.001737s)
[2022.12.09-12.17.31:246][ 85]LogPlayLevel: PIE: Created PIE world by copying editor world from /Game/StarterContent/Maps/Minimal_Default.Minimal_Default to /Game/StarterContent/Maps/UEDPIE_0_Minimal_Default.Minimal_Default (0.005869s)
[2022.12.09-12.17.31:254][ 85]LogUObjectHash: Compacting FUObjectHashTables data took   0.67ms
[2022.12.09-12.17.31:256][ 85]LogAudio: Display: Creating Audio Device:                 Id: 2, Scope: Unique, Realtime: True
[2022.12.09-12.17.31:256][ 85]LogAudioMixer: Display: Audio Mixer Platform Settings:
[2022.12.09-12.17.31:257][ 85]LogAudioMixer: Display: 	Sample Rate:						  48000
[2022.12.09-12.17.31:257][ 85]LogAudioMixer: Display: 	Callback Buffer Frame Size Requested: 1024
[2022.12.09-12.17.31:257][ 85]LogAudioMixer: Display: 	Callback Buffer Frame Size To Use:	  1024
[2022.12.09-12.17.31:257][ 85]LogAudioMixer: Display: 	Number of buffers to queue:			  2
[2022.12.09-12.17.31:257][ 85]LogAudioMixer: Display: 	Max Channels (voices):				  32
[2022.12.09-12.17.31:257][ 85]LogAudioMixer: Display: 	Number of Async Source Workers:		  0
[2022.12.09-12.17.31:257][ 85]LogAudio: Display: AudioDevice MaxSources: 32
[2022.12.09-12.17.31:258][ 85]LogAudio: Display: Audio Spatialization Plugin: None (built-in).
[2022.12.09-12.17.31:258][ 85]LogAudio: Display: Audio Reverb Plugin: None (built-in).
[2022.12.09-12.17.31:258][ 85]LogAudio: Display: Audio Occlusion Plugin: None (built-in).
[2022.12.09-12.17.31:258][ 85]LogAudioMixer: Display: Initializing audio mixer.
[2022.12.09-12.17.31:261][ 85]LogAudioMixer: Display: 0: FrontLeft
[2022.12.09-12.17.31:262][ 85]LogAudioMixer: Display: 1: FrontRight
[2022.12.09-12.17.31:270][ 85]LogAudioMixer: Display: Using Audio Device Speakers (Razer Nommo Pro)
[2022.12.09-12.17.31:270][ 85]LogAudioMixer: Display: Initializing Sound Submixes...
[2022.12.09-12.17.31:270][ 85]LogAudioMixer: Display: Creating Master Submix 'MasterSubmixDefault'
[2022.12.09-12.17.31:270][ 85]LogAudioMixer: Display: Creating Master Submix 'MasterReverbSubmixDefault'
[2022.12.09-12.17.31:271][ 85]LogAudioMixer: Display: Creating Master Submix 'MasterEQSubmixDefault'
[2022.12.09-12.17.31:271][ 85]LogAudioMixer: FMixerPlatformXAudio2::StartAudioStream() called
[2022.12.09-12.17.31:271][ 85]LogAudioMixer: Display: Output buffers initialized: Frames=1024, Channels=2, Samples=2048
[2022.12.09-12.17.31:274][ 85]LogAudioMixer: Display: Starting AudioMixerPlatformInterface::RunInternal()
[2022.12.09-12.17.31:274][ 85]LogAudioMixer: Display: FMixerPlatformXAudio2::SubmitBuffer() called for the first time
[2022.12.09-12.17.31:274][ 85]LogInit: FAudioDevice initialized.
[2022.12.09-12.17.31:274][ 85]LogAudio: Display: Audio Device (ID: 2) registered with world 'Minimal_Default'.
[2022.12.09-12.17.31:286][ 85]LogLoad: Game class is 'GameModeBase'
[2022.12.09-12.17.31:288][ 85]LogWorld: Bringing World /Game/StarterContent/Maps/UEDPIE_0_Minimal_Default.Minimal_Default up for play (max tick rate 0) at 2022.12.09-13.17.31
[2022.12.09-12.17.31:288][ 85]LogWorld: Bringing up level for play took: 0.001377
[2022.12.09-12.17.31:289][ 85]LogOnline: OSS: Creating online subsystem instance for: :Context_3
[2022.12.09-12.17.31:293][ 85]LogNativeClassHierarchy: Verbose: Native class hierarchy updated for 'MovieSceneCapture' in 0.0003 seconds. Added 20 classes and 0 folders.
[2022.12.09-12.17.31:294][ 85]PIE: Server logged in
[2022.12.09-12.17.31:295][ 85]PIE: Play in editor total start time 0.062 seconds.
[2022.12.09-12.18.02:436][809]LogSlate: Updating window title bar state: overlay mode, drag disabled, window buttons hidden, title bar hidden
[2022.12.09-12.18.02:436][809]LogWorld: BeginTearingDown for /Game/StarterContent/Maps/UEDPIE_0_Minimal_Default
[2022.12.09-12.18.02:437][809]LogWorld: UWorld::CleanupWorld for Minimal_Default, bSessionEnded=true, bCleanupResources=true
[2022.12.09-12.18.02:437][809]LogSlate: InvalidateAllWidgets triggered.  All widgets were invalidated
[2022.12.09-12.18.02:452][809]LogPlayLevel: Display: Shutting down PIE online subsystems
[2022.12.09-12.18.02:454][809]LogSlate: InvalidateAllWidgets triggered.  All widgets were invalidated
[2022.12.09-12.18.02:458][809]LogAudio: Display: Audio Device unregistered from world 'None'.
[2022.12.09-12.18.02:458][809]LogAudioMixer: FMixerPlatformXAudio2::StopAudioStream() called
[2022.12.09-12.18.02:460][809]LogAudioMixer: FMixerPlatformXAudio2::StopAudioStream() called
[2022.12.09-12.18.02:463][809]LogSlate: Updating window title bar state: overlay mode, drag disabled, window buttons hidden, title bar hidden
[2022.12.09-12.18.02:465][809]LogUObjectHash: Compacting FUObjectHashTables data took   0.76ms
[2022.12.09-12.18.02:531][811]LogPlayLevel: Display: Destroying online subsystem :Context_3
[2022.12.09-12.18.40:312][314]LogTemp: Repeating last play command: Selected Viewport
[2022.12.09-12.18.40:319][314]LogPlayLevel: PlayLevel: No blueprints needed recompiling
[2022.12.09-12.18.40:319][314]PIE: New page: PIE session: Minimal_Default (9 Dec 2022, 14:18:40)
[2022.12.09-12.18.40:319][314]LogPlayLevel: Creating play world package: /Game/StarterContent/Maps/UEDPIE_0_Minimal_Default
[2022.12.09-12.18.40:322][314]LogPlayLevel: PIE: StaticDuplicateObject took: (0.002887s)
[2022.12.09-12.18.40:323][314]LogAIModule: Creating AISystem for world Minimal_Default
[2022.12.09-12.18.40:324][314]LogPlayLevel: PIE: World Init took: (0.001096s)
[2022.12.09-12.18.40:324][314]LogPlayLevel: PIE: Created PIE world by copying editor world from /Game/StarterContent/Maps/Minimal_Default.Minimal_Default to /Game/StarterContent/Maps/UEDPIE_0_Minimal_Default.Minimal_Default (0.004512s)
[2022.12.09-12.18.40:328][314]LogUObjectHash: Compacting FUObjectHashTables data took   0.65ms
[2022.12.09-12.18.40:328][314]LogAudio: Display: Creating Audio Device:                 Id: 3, Scope: Unique, Realtime: True
[2022.12.09-12.18.40:329][314]LogAudioMixer: Display: Audio Mixer Platform Settings:
[2022.12.09-12.18.40:329][314]LogAudioMixer: Display: 	Sample Rate:						  48000
[2022.12.09-12.18.40:329][314]LogAudioMixer: Display: 	Callback Buffer Frame Size Requested: 1024
[2022.12.09-12.18.40:329][314]LogAudioMixer: Display: 	Callback Buffer Frame Size To Use:	  1024
[2022.12.09-12.18.40:329][314]LogAudioMixer: Display: 	Number of buffers to queue:			  2
[2022.12.09-12.18.40:329][314]LogAudioMixer: Display: 	Max Channels (voices):				  32
[2022.12.09-12.18.40:329][314]LogAudioMixer: Display: 	Number of Async Source Workers:		  0
[2022.12.09-12.18.40:329][314]LogAudio: Display: AudioDevice MaxSources: 32
[2022.12.09-12.18.40:330][314]LogAudio: Display: Audio Spatialization Plugin: None (built-in).
[2022.12.09-12.18.40:330][314]LogAudio: Display: Audio Reverb Plugin: None (built-in).
[2022.12.09-12.18.40:330][314]LogAudio: Display: Audio Occlusion Plugin: None (built-in).
[2022.12.09-12.18.40:330][314]LogAudioMixer: Display: Initializing audio mixer.
[2022.12.09-12.18.40:334][314]LogAudioMixer: Display: 0: FrontLeft
[2022.12.09-12.18.40:334][314]LogAudioMixer: Display: 1: FrontRight
[2022.12.09-12.18.40:343][314]LogAudioMixer: Display: Using Audio Device Speakers (Razer Nommo Pro)
[2022.12.09-12.18.40:343][314]LogAudioMixer: Display: Initializing Sound Submixes...
[2022.12.09-12.18.40:343][314]LogAudioMixer: Display: Creating Master Submix 'MasterSubmixDefault'
[2022.12.09-12.18.40:344][314]LogAudioMixer: Display: Creating Master Submix 'MasterReverbSubmixDefault'
[2022.12.09-12.18.40:344][314]LogAudioMixer: Display: Creating Master Submix 'MasterEQSubmixDefault'
[2022.12.09-12.18.40:344][314]LogAudioMixer: FMixerPlatformXAudio2::StartAudioStream() called
[2022.12.09-12.18.40:344][314]LogAudioMixer: Display: Output buffers initialized: Frames=1024, Channels=2, Samples=2048
[2022.12.09-12.18.40:347][314]LogAudioMixer: Display: Starting AudioMixerPlatformInterface::RunInternal()
[2022.12.09-12.18.40:347][314]LogAudioMixer: Display: FMixerPlatformXAudio2::SubmitBuffer() called for the first time
[2022.12.09-12.18.40:347][314]LogInit: FAudioDevice initialized.
[2022.12.09-12.18.40:348][314]LogAudio: Display: Audio Device (ID: 3) registered with world 'Minimal_Default'.
[2022.12.09-12.18.40:358][314]LogLoad: Game class is 'GameModeBase'
[2022.12.09-12.18.40:360][314]LogWorld: Bringing World /Game/StarterContent/Maps/UEDPIE_0_Minimal_Default.Minimal_Default up for play (max tick rate 0) at 2022.12.09-13.18.40
[2022.12.09-12.18.40:360][314]LogWorld: Bringing up level for play took: 0.001291
[2022.12.09-12.18.40:361][314]LogOnline: OSS: Creating online subsystem instance for: :Context_4
[2022.12.09-12.18.40:364][314]PIE: Server logged in
[2022.12.09-12.18.40:365][314]PIE: Play in editor total start time 0.047 seconds.
[2022.12.09-12.18.44:065][731]LogSlate: Updating window title bar state: overlay mode, drag disabled, window buttons hidden, title bar hidden
[2022.12.09-12.18.44:065][731]LogWorld: BeginTearingDown for /Game/StarterContent/Maps/UEDPIE_0_Minimal_Default
[2022.12.09-12.18.44:065][731]LogWorld: UWorld::CleanupWorld for Minimal_Default, bSessionEnded=true, bCleanupResources=true
[2022.12.09-12.18.44:065][731]LogSlate: InvalidateAllWidgets triggered.  All widgets were invalidated
[2022.12.09-12.18.44:078][731]LogPlayLevel: Display: Shutting down PIE online subsystems
[2022.12.09-12.18.44:080][731]LogSlate: InvalidateAllWidgets triggered.  All widgets were invalidated
[2022.12.09-12.18.44:084][731]LogSlate: Updating window title bar state: overlay mode, drag disabled, window buttons hidden, title bar hidden
[2022.12.09-12.18.44:084][731]LogAudioMixer: FMixerPlatformXAudio2::StopAudioStream() called
[2022.12.09-12.18.44:086][731]LogAudioMixer: FMixerPlatformXAudio2::StopAudioStream() called
[2022.12.09-12.18.44:091][731]LogUObjectHash: Compacting FUObjectHashTables data took   0.78ms
[2022.12.09-12.18.44:143][733]LogPlayLevel: Display: Destroying online subsystem :Context_4
