  Using 'git status' to determine working set for adaptive non-unity build (D:\Unreal Projects).
  Building EscapeKartEditor...
  Using Visual Studio 2022 14.34.31933 toolchain (C:\Program Files (x86)\Microsoft Visual Studio\2022\BuildTools\VC\Tools\MSVC\14.34.31933) and Windows 10.0.22000.0 SDK (C:\Program Files (x86)\Windows Kits\10).
  Building 4 actions with 24 processes...
    [1/4] VehiclePawn.cpp
D:\Unreal Projects\EscapeKart\Source\EscapeKart\VehiclePawn.h(13): warning C4996: 'AWheeledVehicle': PhysX is deprecated. Use the AWheeledVehiclePawn from the ChaosVehiclePhysics Plugin. Please update your code to the new API before upgrading to the next release, otherwise your project will no longer compile.
D:\Unreal Projects\EscapeKart\Source\EscapeKart\VehiclePawn.cpp(15): warning C4996: 'UWheeledVehicleMovementComponent4W': PhysX is deprecated. Use the UChaosWheeledVehicleMovementComponent from the ChaosVehiclePhysics Plugin. Please update your code to the new API before upgrading to the next release, otherwise your project will no longer compile.
D:\Unreal Projects\EscapeKart\Source\EscapeKart\VehiclePawn.cpp(15): warning C4996: 'UWheeledVehicleMovementComponent4W': PhysX is deprecated. Use the UChaosWheeledVehicleMovementComponent from the ChaosVehiclePhysics Plugin. Please update your code to the new API before upgrading to the next release, otherwise your project will no longer compile.
D:\Unreal Projects\EscapeKart\Source\EscapeKart\VehiclePawn.cpp(18): warning C4996: 'UWheeledVehicleMovementComponent::MinNormalizedTireLoad': PhysX is deprecated. Use the UChaosWheeledVehicleMovementComponent fron the ChaosVehiclePhysics Plugin. Please update your code to the new API before upgrading to the next release, otherwise your project will no longer compile.
D:\Unreal Projects\EscapeKart\Source\EscapeKart\VehiclePawn.cpp(19): warning C4996: 'UWheeledVehicleMovementComponent::MinNormalizedTireLoadFiltered': PhysX is deprecated. Use the UChaosWheeledVehicleMovementComponent fron the ChaosVehiclePhysics Plugin. Please update your code to the new API before upgrading to the next release, otherwise your project will no longer compile.
D:\Unreal Projects\EscapeKart\Source\EscapeKart\VehiclePawn.cpp(20): warning C4996: 'UWheeledVehicleMovementComponent::MaxNormalizedTireLoad': PhysX is deprecated. Use the UChaosWheeledVehicleMovementComponent fron the ChaosVehiclePhysics Plugin. Please update your code to the new API before upgrading to the next release, otherwise your project will no longer compile.
D:\Unreal Projects\EscapeKart\Source\EscapeKart\VehiclePawn.cpp(21): warning C4996: 'UWheeledVehicleMovementComponent::MaxNormalizedTireLoadFiltered': PhysX is deprecated. Use the UChaosWheeledVehicleMovementComponent fron the ChaosVehiclePhysics Plugin. Please update your code to the new API before upgrading to the next release, otherwise your project will no longer compile.
D:\Unreal Projects\EscapeKart\Source\EscapeKart\VehiclePawn.cpp(24): warning C4996: 'UWheeledVehicleMovementComponent::MaxEngineRPM': PhysX is deprecated. Use the UChaosWheeledVehicleMovementComponent fron the ChaosVehiclePhysics Plugin. Please update your code to the new API before upgrading to the next release, otherwise your project will no longer compile.
D:\Unreal Projects\EscapeKart\Source\EscapeKart\VehiclePawn.cpp(25): warning C4996: 'UWheeledVehicleMovementComponent4W::EngineSetup': PhysX is deprecated. Use the UChaosWheeledVehicleMovementComponent from the ChaosVehiclePhysics Plugin. Please update your code to the new API before upgrading to the next release, otherwise your project will no longer compile.
D:\Unreal Projects\EscapeKart\Source\EscapeKart\VehiclePawn.cpp(26): warning C4996: 'UWheeledVehicleMovementComponent4W::EngineSetup': PhysX is deprecated. Use the UChaosWheeledVehicleMovementComponent from the ChaosVehiclePhysics Plugin. Please update your code to the new API before upgrading to the next release, otherwise your project will no longer compile.
D:\Unreal Projects\EscapeKart\Source\EscapeKart\VehiclePawn.cpp(27): warning C4996: 'UWheeledVehicleMovementComponent4W::EngineSetup': PhysX is deprecated. Use the UChaosWheeledVehicleMovementComponent from the ChaosVehiclePhysics Plugin. Please update your code to the new API before upgrading to the next release, otherwise your project will no longer compile.
D:\Unreal Projects\EscapeKart\Source\EscapeKart\VehiclePawn.cpp(28): warning C4996: 'UWheeledVehicleMovementComponent4W::EngineSetup': PhysX is deprecated. Use the UChaosWheeledVehicleMovementComponent from the ChaosVehiclePhysics Plugin. Please update your code to the new API before upgrading to the next release, otherwise your project will no longer compile.
D:\Unreal Projects\EscapeKart\Source\EscapeKart\VehiclePawn.cpp(31): warning C4996: 'UWheeledVehicleMovementComponent4W::SteeringCurve': PhysX is deprecated. Use the UChaosWheeledVehicleMovementComponent from the ChaosVehiclePhysics Plugin. Please update your code to the new API before upgrading to the next release, otherwise your project will no longer compile.
D:\Unreal Projects\EscapeKart\Source\EscapeKart\VehiclePawn.cpp(32): warning C4996: 'UWheeledVehicleMovementComponent4W::SteeringCurve': PhysX is deprecated. Use the UChaosWheeledVehicleMovementComponent from the ChaosVehiclePhysics Plugin. Please update your code to the new API before upgrading to the next release, otherwise your project will no longer compile.
D:\Unreal Projects\EscapeKart\Source\EscapeKart\VehiclePawn.cpp(33): warning C4996: 'UWheeledVehicleMovementComponent4W::SteeringCurve': PhysX is deprecated. Use the UChaosWheeledVehicleMovementComponent from the ChaosVehiclePhysics Plugin. Please update your code to the new API before upgrading to the next release, otherwise your project will no longer compile.
D:\Unreal Projects\EscapeKart\Source\EscapeKart\VehiclePawn.cpp(34): warning C4996: 'UWheeledVehicleMovementComponent4W::SteeringCurve': PhysX is deprecated. Use the UChaosWheeledVehicleMovementComponent from the ChaosVehiclePhysics Plugin. Please update your code to the new API before upgrading to the next release, otherwise your project will no longer compile.
D:\Unreal Projects\EscapeKart\Source\EscapeKart\VehiclePawn.cpp(36): warning C4996: 'UWheeledVehicleMovementComponent4W::DifferentialSetup': PhysX is deprecated. Use the UChaosWheeledVehicleMovementComponent from the ChaosVehiclePhysics Plugin. Please update your code to the new API before upgrading to the next release, otherwise your project will no longer compile.
D:\Unreal Projects\EscapeKart\Source\EscapeKart\VehiclePawn.cpp(37): warning C4996: 'UWheeledVehicleMovementComponent4W::DifferentialSetup': PhysX is deprecated. Use the UChaosWheeledVehicleMovementComponent from the ChaosVehiclePhysics Plugin. Please update your code to the new API before upgrading to the next release, otherwise your project will no longer compile.
D:\Unreal Projects\EscapeKart\Source\EscapeKart\VehiclePawn.cpp(40): warning C4996: 'UWheeledVehicleMovementComponent4W::TransmissionSetup': PhysX is deprecated. Use the UChaosWheeledVehicleMovementComponent from the ChaosVehiclePhysics Plugin. Please update your code to the new API before upgrading to the next release, otherwise your project will no longer compile.
D:\Unreal Projects\EscapeKart\Source\EscapeKart\VehiclePawn.cpp(41): warning C4996: 'UWheeledVehicleMovementComponent4W::TransmissionSetup': PhysX is deprecated. Use the UChaosWheeledVehicleMovementComponent from the ChaosVehiclePhysics Plugin. Please update your code to the new API before upgrading to the next release, otherwise your project will no longer compile.
D:\Unreal Projects\EscapeKart\Source\EscapeKart\VehiclePawn.cpp(42): warning C4996: 'UWheeledVehicleMovementComponent4W::TransmissionSetup': PhysX is deprecated. Use the UChaosWheeledVehicleMovementComponent from the ChaosVehiclePhysics Plugin. Please update your code to the new API before upgrading to the next release, otherwise your project will no longer compile.
D:\Unreal Projects\EscapeKart\Source\EscapeKart\VehiclePawn.cpp(14): warning C4996: 'AWheeledVehicle::AWheeledVehicle': PhysX is deprecated. Use the AWheeledVehiclePawn from the ChaosVehiclePhysics Plugin. Please update your code to the new API before upgrading to the next release, otherwise your project will no longer compile.
D:\Unreal Projects\EscapeKart\Source\EscapeKart\VehiclePawn.cpp(15): warning C4996: 'AWheeledVehicle::GetVehicleMovement': PhysX is deprecated. Use the AWheeledVehiclePawn from the ChaosVehiclePhysics Plugin. Please update your code to the new API before upgrading to the next release, otherwise your project will no longer compile.
D:\Unreal Projects\EscapeKart\Source\EscapeKart\VehiclePawn.cpp(76): warning C4996: 'UWheeledVehicleMovementComponent::SetThrottleInput': PhysX is deprecated. Use the UChaosWheeledVehicleMovementComponent fron the ChaosVehiclePhysics Plugin. Please update your code to the new API before upgrading to the next release, otherwise your project will no longer compile.
D:\Unreal Projects\EscapeKart\Source\EscapeKart\VehiclePawn.cpp(80): warning C4996: 'UWheeledVehicleMovementComponent::SetSteeringInput': PhysX is deprecated. Use the UChaosWheeledVehicleMovementComponent fron the ChaosVehiclePhysics Plugin. Please update your code to the new API before upgrading to the next release, otherwise your project will no longer compile.
D:\Unreal Projects\EscapeKart\Source\EscapeKart\VehiclePawn.cpp(96): warning C4996: 'UWheeledVehicleMovementComponent::SetHandbrakeInput': PhysX is deprecated. Use the UChaosWheeledVehicleMovementComponent fron the ChaosVehiclePhysics Plugin. Please update your code to the new API before upgrading to the next release, otherwise your project will no longer compile.
D:\Unreal Projects\EscapeKart\Source\EscapeKart\VehiclePawn.cpp(100): warning C4996: 'UWheeledVehicleMovementComponent::SetHandbrakeInput': PhysX is deprecated. Use the UChaosWheeledVehicleMovementComponent fron the ChaosVehiclePhysics Plugin. Please update your code to the new API before upgrading to the next release, otherwise your project will no longer compile.
D:\Unreal Projects\EscapeKart\Source\EscapeKart\VehiclePawn.cpp(104): warning C4996: 'UWheeledVehicleMovementComponent4W': PhysX is deprecated. Use the UChaosWheeledVehicleMovementComponent from the ChaosVehiclePhysics Plugin. Please update your code to the new API before upgrading to the next release, otherwise your project will no longer compile.
D:\Unreal Projects\EscapeKart\Source\EscapeKart\VehiclePawn.cpp(104): warning C4996: 'UWheeledVehicleMovementComponent4W': PhysX is deprecated. Use the UChaosWheeledVehicleMovementComponent from the ChaosVehiclePhysics Plugin. Please update your code to the new API before upgrading to the next release, otherwise your project will no longer compile.
D:\Unreal Projects\EscapeKart\Source\EscapeKart\VehiclePawn.cpp(104): warning C4996: 'AWheeledVehicle::GetVehicleMovement': PhysX is deprecated. Use the AWheeledVehiclePawn from the ChaosVehiclePhysics Plugin. Please update your code to the new API before upgrading to the next release, otherwise your project will no longer compile.
D:\Unreal Projects\EscapeKart\Source\EscapeKart\VehiclePawn.cpp(130): warning C4996: 'UPrimitiveComponent::SetPhysicsAngularVelocity': Use SetPhysicsAngularVelocityInDegrees instead. Please update your code to the new API before upgrading to the next release, otherwise your project will no longer compile.
D:\EPIC\UE_4.27\Engine\Source\Runtime\CoreUObject\Public\Templates/Casts.h(75): warning C4996: 'UWheeledVehicleMovementComponent4W': PhysX is deprecated. Use the UChaosWheeledVehicleMovementComponent from the ChaosVehiclePhysics Plugin. Please update your code to the new API before upgrading to the next release, otherwise your project will no longer compile.
    D:\EPIC\UE_4.27\Engine\Source\Runtime\CoreUObject\Public\Templates/Casts.h(256): note: see reference to function template instantiation 'FString GetTypeName<To>(void)' being compiled
            with
            [
                To=UWheeledVehicleMovementComponent4W
            ]
    D:\Unreal Projects\EscapeKart\Source\EscapeKart\VehiclePawn.cpp(15): note: see reference to function template instantiation 'To *CastChecked<UWheeledVehicleMovementComponent4W,UWheeledVehicleMovementComponent>(From *)' being compiled
            with
            [
                To=UWheeledVehicleMovementComponent4W,
                From=UWheeledVehicleMovementComponent
            ]
D:\EPIC\UE_4.27\Engine\Source\Runtime\CoreUObject\Public\Templates/Casts.h(75): warning C4996: 'UWheeledVehicleMovementComponent4W::StaticClass': PhysX is deprecated. Use the UChaosWheeledVehicleMovementComponent from the ChaosVehiclePhysics Plugin. Please update your code to the new API before upgrading to the next release, otherwise your project will no longer compile.
D:\EPIC\UE_4.27\Engine\Source\Runtime\CoreUObject\Public\UObject/UObjectBaseUtility.h(546): warning C4996: 'UWheeledVehicleMovementComponent4W': PhysX is deprecated. Use the UChaosWheeledVehicleMovementComponent from the ChaosVehiclePhysics Plugin. Please update your code to the new API before upgrading to the next release, otherwise your project will no longer compile.
    D:\EPIC\UE_4.27\Engine\Source\Runtime\CoreUObject\Public\Templates/Casts.h(143): note: see reference to function template instantiation 'bool UObjectBaseUtility::IsA<To>(void) const' being compiled
            with
            [
                To=UWheeledVehicleMovementComponent4W
            ]
    D:\EPIC\UE_4.27\Engine\Source\Runtime\CoreUObject\Public\Templates/Casts.h(142): note: while compiling class template member function 'To *TCastImpl<From,To,ECastType::UObjectToUObject>::DoCast(UObject *)'
            with
            [
                To=UWheeledVehicleMovementComponent4W,
                From=UWheeledVehicleMovementComponent
            ]
    D:\EPIC\UE_4.27\Engine\Source\Runtime\CoreUObject\Public\Templates/Casts.h(219): note: see reference to function template instantiation 'To *TCastImpl<From,To,ECastType::UObjectToUObject>::DoCast(UObject *)' being compiled
            with
            [
                To=UWheeledVehicleMovementComponent4W,
                From=UWheeledVehicleMovementComponent
            ]
    D:\EPIC\UE_4.27\Engine\Source\Runtime\CoreUObject\Public\Templates/Casts.h(219): note: see reference to class template instantiation 'TCastImpl<From,To,ECastType::UObjectToUObject>' being compiled
            with
            [
                From=UWheeledVehicleMovementComponent,
                To=UWheeledVehicleMovementComponent4W
            ]
    D:\EPIC\UE_4.27\Engine\Source\Runtime\CoreUObject\Public\Templates/Casts.h(259): note: see reference to function template instantiation 'To *Cast<To,From>(From *)' being compiled
            with
            [
                To=UWheeledVehicleMovementComponent4W,
                From=UWheeledVehicleMovementComponent
            ]
D:\EPIC\UE_4.27\Engine\Source\Runtime\CoreUObject\Public\UObject/UObjectBaseUtility.h(546): warning C4996: 'UWheeledVehicleMovementComponent4W::StaticClass': PhysX is deprecated. Use the UChaosWheeledVehicleMovementComponent from the ChaosVehiclePhysics Plugin. Please update your code to the new API before upgrading to the next release, otherwise your project will no longer compile.
    [2/4] UE4Editor-EscapeKart.lib
       Creating library D:\Unreal Projects\EscapeKart\Intermediate\Build\Win64\UE4Editor\Development\EscapeKart\UE4Editor-EscapeKart.lib and object D:\Unreal Projects\EscapeKart\Intermediate\Build\Win64\UE4Editor\Development\EscapeKart\UE4Editor-EscapeKart.exp
    [3/4] UE4Editor-EscapeKart.dll
       Creating library D:\Unreal Projects\EscapeKart\Intermediate\Build\Win64\UE4Editor\Development\EscapeKart\UE4Editor-EscapeKart.suppressed.lib and object D:\Unreal Projects\EscapeKart\Intermediate\Build\Win64\UE4Editor\Development\EscapeKart\UE4Editor-EscapeKart.suppressed.exp
    [4/4] EscapeKartEditor.target
  Total time in Parallel executor: 1.72 seconds
  Total execution time: 2.11 seconds
